#
# There is insufficient memory for the Java Runtime Environment to continue.
# Native memory allocation (malloc) failed to allocate 1116912 bytes. Error detail: Chunk::new
# Possible reasons:
#   The system is out of physical RAM or swap space
#   This process is running with CompressedOops enabled, and the Java Heap may be blocking the growth of the native heap
# Possible solutions:
#   Reduce memory load on the system
#   Increase physical memory or swap space
#   Check if swap backing store is full
#   Decrease Java heap size (-Xmx/-Xms)
#   Decrease number of Java threads
#   Decrease Java thread stack sizes (-Xss)
#   Set larger code cache with -XX:ReservedCodeCacheSize=
#   JVM is running with Unscaled Compressed Oops mode in which the Java heap is
#     placed in the first 4GB address space. The Java Heap base address is the
#     maximum limit for the native heap growth. Please use -XX:HeapBaseMinAddress
#     to set the Java Heap base and to place the Java Heap above 4GB virtual address.
# This output file may be truncated or incomplete.
#
#  Out of Memory Error (arena.cpp:191), pid=14972, tid=404
#
# JRE version: OpenJDK Runtime Environment Temurin-17.0.13+11 (17.0.13+11) (build 17.0.13+11)
# Java VM: OpenJDK 64-Bit Server VM Temurin-17.0.13+11 (17.0.13+11, mixed mode, tiered, compressed oops, compressed class ptrs, parallel gc, windows-amd64)
# No core dump will be written. Minidumps are not enabled by default on client versions of Windows
#

---------------  S U M M A R Y ------------

Command Line: --add-modules=ALL-SYSTEM --add-opens=java.base/java.util=ALL-UNNAMED --add-opens=java.base/java.lang=ALL-UNNAMED --add-opens=java.base/sun.nio.fs=ALL-UNNAMED -Declipse.application=org.eclipse.jdt.ls.core.id1 -Dosgi.bundles.defaultStartLevel=4 -Declipse.product=org.eclipse.jdt.ls.core.product -Djava.import.generatesMetadataFilesAtProjectRoot=false -DDetectVMInstallationsJob.disabled=true -Dfile.encoding=utf8 -XX:+UseParallelGC -XX:GCTimeRatio=4 -XX:AdaptiveSizePolicyWeight=90 -Dsun.zip.disableMemoryMapping=true -Xmx1G -Xms100m -Xlog:disable -javaagent:c:\Users\Nicolas Gabriel\.vscode\extensions\redhat.java-1.36.0-win32-x64\lombok\lombok-1.18.35.jar -XX:+HeapDumpOnOutOfMemoryError -XX:HeapDumpPath=c:\Users\Nicolas Gabriel\AppData\Roaming\Code\User\workspaceStorage\babc0cfae74287de09fc582489b34a10\redhat.java -Daether.dependencyCollector.impl=bf c:\Users\Nicolas Gabriel\.vscode\extensions\redhat.java-1.36.0-win32-x64\server\plugins\org.eclipse.equinox.launcher_1.6.900.v20240613-2009.jar -configuration c:\Users\Nicolas Gabriel\AppData\Roaming\Code\User\globalStorage\redhat.java\1.36.0\config_win -data c:\Users\Nicolas Gabriel\AppData\Roaming\Code\User\workspaceStorage\babc0cfae74287de09fc582489b34a10\redhat.java\jdt_ws --pipe=\\.\pipe\lsp-9b9a3d8ba40267bc813495d0b9705e33-sock

Host: 12th Gen Intel(R) Core(TM) i5-1235U, 12 cores, 7G,  Windows 11 , 64 bit Build 26100 (10.0.26100.2161)
Time: Mon Nov 11 21:17:27 2024 Hora est. Pacífico, Sudamérica elapsed time: 11.635557 seconds (0d 0h 0m 11s)

---------------  T H R E A D  ---------------

Current thread (0x000002681d13e500):  JavaThread "C2 CompilerThread2" daemon [_thread_in_native, id=404, stack(0x0000008efd200000,0x0000008efd300000)]


Current CompileTask:
C2:  11635 8702 %     4       org.lombokweb.asm.SymbolTable::<init> @ 98 (536 bytes)

Stack: [0x0000008efd200000,0x0000008efd300000]
Native frames: (J=compiled Java code, j=interpreted, Vv=VM code, C=native code)
V  [jvm.dll+0x682a19]
V  [jvm.dll+0x839538]
V  [jvm.dll+0x83afe3]
V  [jvm.dll+0x83b653]
V  [jvm.dll+0x24704f]
V  [jvm.dll+0xace34]
V  [jvm.dll+0xad4cc]
V  [jvm.dll+0x36597e]
V  [jvm.dll+0x1ba60a]
V  [jvm.dll+0x2181a7]
V  [jvm.dll+0x21748f]
V  [jvm.dll+0x1a3070]
V  [jvm.dll+0x22788c]
V  [jvm.dll+0x2259eb]
V  [jvm.dll+0x7eec98]
V  [jvm.dll+0x7e8ffc]
V  [jvm.dll+0x6818f7]
C  [ucrtbase.dll+0x14ea0]
C  [KERNEL32.DLL+0x2dbe7]
C  [ntdll.dll+0xdfbec]


---------------  P R O C E S S  ---------------

Threads class SMR info:
_java_thread_list=0x0000026827cfc960, length=84, elements={
0x0000026801470e60, 0x000002687ffd0ea0, 0x000002687ffd2ea0, 0x000002687ffde300,
0x000002681a1ddfe0, 0x000002681a1e4130, 0x000002681a1e5570, 0x000002681a1ecd10,
0x000002681a1ee3a0, 0x000002681a1f18b0, 0x000002681a388820, 0x000002681b978090,
0x000002681c300b80, 0x000002681c7ae170, 0x000002681c43a440, 0x000002681c3a1730,
0x000002681a343bc0, 0x000002681c415cf0, 0x000002681bc123d0, 0x000002681bc10a80,
0x000002681bc114a0, 0x000002681bc10f90, 0x000002681bc11ec0, 0x000002681bc119b0,
0x000002681bc128e0, 0x000002681d13e500, 0x000002681bc0f130, 0x000002681bc0f640,
0x000002681bc10060, 0x000002681f2a4640, 0x000002681f2a3710, 0x000002681f2a3200,
0x000002681f2a4130, 0x000002681f2a2cf0, 0x000002681f2a0e90, 0x000002681f2a27e0,
0x000002681f2a22d0, 0x000002681f2a18b0, 0x000002681f2a4b50, 0x000002681f2a13a0,
0x000002681f2a5060, 0x000002681f2a3c20, 0x000002681f2a1dc0, 0x000002681f2a5a80,
0x000002681f2a6ec0, 0x000002681f2a73d0, 0x000002681f2a5f90, 0x000002681f2a78e0,
0x000002681f2a8300, 0x000002681f2a8810, 0x000002681f2a64a0, 0x000002681f2a69b0,
0x000002681f2a7df0, 0x000002681f1f4ed0, 0x000002681f1f8170, 0x000002681f1f6310,
0x000002681f1f7c60, 0x000002681f1f58f0, 0x000002681f1f8680, 0x000002681f1f8b90,
0x000002681f1f53e0, 0x000002681f1f95b0, 0x000002681f1f5e00, 0x000002681f1f90a0,
0x000002681f1f7240, 0x000002681f1f9fd0, 0x000002681f1f6820, 0x000002681f1fa4e0,
0x000002681f1f6d30, 0x000002681f1f7750, 0x000002681f1faf00, 0x000002681f1fb410,
0x000002681f1fb920, 0x000002681f1fc850, 0x000002681f506700, 0x000002681f505ce0,
0x000002681f506c10, 0x000002681f504390, 0x000002681f507630, 0x000002681f507120,
0x000002681f5052c0, 0x000002681f508050, 0x000002681f5061f0, 0x000002681f5048a0
}

Java Threads: ( => current thread )
  0x0000026801470e60 JavaThread "main" [_thread_blocked, id=13984, stack(0x0000008efad00000,0x0000008efae00000)]
  0x000002687ffd0ea0 JavaThread "Reference Handler" daemon [_thread_blocked, id=8672, stack(0x0000008efb000000,0x0000008efb100000)]
  0x000002687ffd2ea0 JavaThread "Finalizer" daemon [_thread_blocked, id=21012, stack(0x0000008efb100000,0x0000008efb200000)]
  0x000002687ffde300 JavaThread "Signal Dispatcher" daemon [_thread_blocked, id=18000, stack(0x0000008efb200000,0x0000008efb300000)]
  0x000002681a1ddfe0 JavaThread "Attach Listener" daemon [_thread_blocked, id=11572, stack(0x0000008efb300000,0x0000008efb400000)]
  0x000002681a1e4130 JavaThread "Service Thread" daemon [_thread_blocked, id=17560, stack(0x0000008efb400000,0x0000008efb500000)]
  0x000002681a1e5570 JavaThread "Monitor Deflation Thread" daemon [_thread_blocked, id=19176, stack(0x0000008efb500000,0x0000008efb600000)]
  0x000002681a1ecd10 JavaThread "C2 CompilerThread0" daemon [_thread_in_native, id=15252, stack(0x0000008efb600000,0x0000008efb700000)]
  0x000002681a1ee3a0 JavaThread "C1 CompilerThread0" daemon [_thread_blocked, id=17328, stack(0x0000008efb700000,0x0000008efb800000)]
  0x000002681a1f18b0 JavaThread "Sweeper thread" daemon [_thread_blocked, id=14484, stack(0x0000008efb800000,0x0000008efb900000)]
  0x000002681a388820 JavaThread "Common-Cleaner" daemon [_thread_blocked, id=16088, stack(0x0000008efb900000,0x0000008efba00000)]
  0x000002681b978090 JavaThread "Notification Thread" daemon [_thread_blocked, id=6164, stack(0x0000008efbb00000,0x0000008efbc00000)]
  0x000002681c300b80 JavaThread "Active Thread: Equinox Container: 2632d4f0-2e94-4d51-8ad8-8d1920856ecd" [_thread_blocked, id=19216, stack(0x0000008efc300000,0x0000008efc400000)]
  0x000002681c7ae170 JavaThread "Refresh Thread: Equinox Container: 2632d4f0-2e94-4d51-8ad8-8d1920856ecd" daemon [_thread_blocked, id=21664, stack(0x0000008efc400000,0x0000008efc500000)]
  0x000002681c43a440 JavaThread "Framework Event Dispatcher: Equinox Container: 2632d4f0-2e94-4d51-8ad8-8d1920856ecd" daemon [_thread_blocked, id=13512, stack(0x0000008efc500000,0x0000008efc600000)]
  0x000002681c3a1730 JavaThread "Start Level: Equinox Container: 2632d4f0-2e94-4d51-8ad8-8d1920856ecd" daemon [_thread_blocked, id=9936, stack(0x0000008efc600000,0x0000008efc700000)]
  0x000002681a343bc0 JavaThread "C2 CompilerThread1" daemon [_thread_in_native, id=12040, stack(0x0000008efc700000,0x0000008efc800000)]
  0x000002681c415cf0 JavaThread "Bundle File Closer" daemon [_thread_blocked, id=9272, stack(0x0000008efc800000,0x0000008efc900000)]
  0x000002681bc123d0 JavaThread "SCR Component Actor" daemon [_thread_blocked, id=13104, stack(0x0000008efcb00000,0x0000008efcc00000)]
  0x000002681bc10a80 JavaThread "SCR Component Registry" daemon [_thread_blocked, id=2196, stack(0x0000008efcc00000,0x0000008efcd00000)]
  0x000002681bc114a0 JavaThread "Worker-JM" [_thread_blocked, id=8188, stack(0x0000008efcd00000,0x0000008efce00000)]
  0x000002681bc10f90 JavaThread "JNA Cleaner" daemon [_thread_blocked, id=5912, stack(0x0000008efce00000,0x0000008efcf00000)]
  0x000002681bc11ec0 JavaThread "Worker-0" [_thread_blocked, id=22480, stack(0x0000008efcf00000,0x0000008efd000000)]
  0x000002681bc119b0 JavaThread "Worker-1: Initialize workspace" [_thread_in_native, id=17080, stack(0x0000008efd000000,0x0000008efd100000)]
  0x000002681bc128e0 JavaThread "Worker-2" [_thread_blocked, id=964, stack(0x0000008efd100000,0x0000008efd200000)]
=>0x000002681d13e500 JavaThread "C2 CompilerThread2" daemon [_thread_in_native, id=404, stack(0x0000008efd200000,0x0000008efd300000)]
  0x000002681bc0f130 JavaThread "Java indexing" daemon [_thread_in_Java, id=6368, stack(0x0000008efd300000,0x0000008efd400000)]
  0x000002681bc0f640 JavaThread "Worker-3" [_thread_blocked, id=12684, stack(0x0000008efd400000,0x0000008efd500000)]
  0x000002681bc10060 JavaThread "Thread-2" daemon [_thread_in_native, id=22160, stack(0x0000008efd700000,0x0000008efd800000)]
  0x000002681f2a4640 JavaThread "Thread-3" daemon [_thread_in_native, id=3936, stack(0x0000008efd800000,0x0000008efd900000)]
  0x000002681f2a3710 JavaThread "Thread-4" daemon [_thread_in_native, id=2592, stack(0x0000008efd900000,0x0000008efda00000)]
  0x000002681f2a3200 JavaThread "Thread-5" daemon [_thread_in_native, id=11400, stack(0x0000008efda00000,0x0000008efdb00000)]
  0x000002681f2a4130 JavaThread "Thread-6" daemon [_thread_in_native, id=21324, stack(0x0000008efdb00000,0x0000008efdc00000)]
  0x000002681f2a2cf0 JavaThread "Thread-7" daemon [_thread_in_native, id=8988, stack(0x0000008efdc00000,0x0000008efdd00000)]
  0x000002681f2a0e90 JavaThread "Thread-8" daemon [_thread_in_native, id=7836, stack(0x0000008efdd00000,0x0000008efde00000)]
  0x000002681f2a27e0 JavaThread "Thread-9" daemon [_thread_in_native, id=11600, stack(0x0000008efde00000,0x0000008efdf00000)]
  0x000002681f2a22d0 JavaThread "Thread-10" daemon [_thread_in_native, id=10940, stack(0x0000008efdf00000,0x0000008efe000000)]
  0x000002681f2a18b0 JavaThread "Thread-11" daemon [_thread_in_native, id=7788, stack(0x0000008efe000000,0x0000008efe100000)]
  0x000002681f2a4b50 JavaThread "Thread-12" daemon [_thread_in_native, id=15124, stack(0x0000008efe100000,0x0000008efe200000)]
  0x000002681f2a13a0 JavaThread "Thread-13" daemon [_thread_in_native, id=6924, stack(0x0000008efe200000,0x0000008efe300000)]
  0x000002681f2a5060 JavaThread "Thread-14" daemon [_thread_in_native, id=11436, stack(0x0000008efe300000,0x0000008efe400000)]
  0x000002681f2a3c20 JavaThread "pool-2-thread-1" [_thread_blocked, id=5300, stack(0x0000008efe400000,0x0000008efe500000)]
  0x000002681f2a1dc0 JavaThread "WorkspaceEventsHandler" [_thread_blocked, id=9876, stack(0x0000008efe500000,0x0000008efe600000)]
  0x000002681f2a5a80 JavaThread "pool-1-thread-1" [_thread_blocked, id=16424, stack(0x0000008efe600000,0x0000008efe700000)]
  0x000002681f2a6ec0 JavaThread "Worker-4: Java indexing... " [_thread_blocked, id=21816, stack(0x0000008efe700000,0x0000008efe800000)]
  0x000002681f2a73d0 JavaThread "Worker-5" [_thread_blocked, id=7916, stack(0x0000008efe800000,0x0000008efe900000)]
  0x000002681f2a5f90 JavaThread "LocalFile Deleter" daemon [_thread_blocked, id=10576, stack(0x0000008efea00000,0x0000008efeb00000)]
  0x000002681f2a78e0 JavaThread "LocalFile Deleter" daemon [_thread_blocked, id=12236, stack(0x0000008efeb00000,0x0000008efec00000)]
  0x000002681f2a8300 JavaThread "LocalFile Deleter" daemon [_thread_blocked, id=8336, stack(0x0000008efec00000,0x0000008efed00000)]
  0x000002681f2a8810 JavaThread "LocalFile Deleter" daemon [_thread_blocked, id=12428, stack(0x0000008efed00000,0x0000008efee00000)]
  0x000002681f2a64a0 JavaThread "LocalFile Deleter" daemon [_thread_blocked, id=21240, stack(0x0000008efee00000,0x0000008efef00000)]
  0x000002681f2a69b0 JavaThread "LocalFile Deleter" daemon [_thread_blocked, id=11544, stack(0x0000008efef00000,0x0000008eff000000)]
  0x000002681f2a7df0 JavaThread "LocalFile Deleter" daemon [_thread_blocked, id=11820, stack(0x0000008eff000000,0x0000008eff100000)]
  0x000002681f1f4ed0 JavaThread "LocalFile Deleter" daemon [_thread_blocked, id=5272, stack(0x0000008eff100000,0x0000008eff200000)]
  0x000002681f1f8170 JavaThread "LocalFile Deleter" daemon [_thread_blocked, id=6872, stack(0x0000008eff200000,0x0000008eff300000)]
  0x000002681f1f6310 JavaThread "LocalFile Deleter" daemon [_thread_blocked, id=16352, stack(0x0000008eff300000,0x0000008eff400000)]
  0x000002681f1f7c60 JavaThread "LocalFile Deleter" daemon [_thread_blocked, id=17532, stack(0x0000008eff400000,0x0000008eff500000)]
  0x000002681f1f58f0 JavaThread "LocalFile Deleter" daemon [_thread_blocked, id=5204, stack(0x0000008eff500000,0x0000008eff600000)]
  0x000002681f1f8680 JavaThread "Compiler Source File Reader" daemon [_thread_blocked, id=4388, stack(0x0000008eff600000,0x0000008eff700000)]
  0x000002681f1f8b90 JavaThread "Compiler Source File Reader" daemon [_thread_blocked, id=14600, stack(0x0000008eff700000,0x0000008eff800000)]
  0x000002681f1f53e0 JavaThread "Compiler Source File Reader" daemon [_thread_blocked, id=10924, stack(0x0000008eff800000,0x0000008eff900000)]
  0x000002681f1f95b0 JavaThread "Compiler Source File Reader" daemon [_thread_blocked, id=17876, stack(0x0000008eff900000,0x0000008effa00000)]
  0x000002681f1f5e00 JavaThread "Compiler Source File Reader" daemon [_thread_blocked, id=14816, stack(0x0000008effa00000,0x0000008effb00000)]
  0x000002681f1f90a0 JavaThread "Compiler Source File Reader" daemon [_thread_blocked, id=16628, stack(0x0000008effb00000,0x0000008effc00000)]
  0x000002681f1f7240 JavaThread "Compiler Source File Reader" daemon [_thread_blocked, id=12532, stack(0x0000008effc00000,0x0000008effd00000)]
  0x000002681f1f9fd0 JavaThread "Compiler Source File Reader" daemon [_thread_blocked, id=1536, stack(0x0000008effd00000,0x0000008effe00000)]
  0x000002681f1f6820 JavaThread "Compiler Processing Task" daemon [_thread_blocked, id=16896, stack(0x0000008effe00000,0x0000008efff00000)]
  0x000002681f1fa4e0 JavaThread "Keep-Alive-Timer" daemon [_thread_blocked, id=14684, stack(0x0000008efff00000,0x0000008f00000000)]
  0x000002681f1f6d30 JavaThread "Compiler Class File Writer" daemon [_thread_blocked, id=20656, stack(0x0000008e80000000,0x0000008e80100000)]
  0x000002681f1f7750 JavaThread "Compiler Class File Writer" daemon [_thread_blocked, id=18448, stack(0x0000008e80100000,0x0000008e80200000)]
  0x000002681f1faf00 JavaThread "Compiler Class File Writer" daemon [_thread_blocked, id=10680, stack(0x0000008e80200000,0x0000008e80300000)]
  0x000002681f1fb410 JavaThread "Compiler Class File Writer" daemon [_thread_blocked, id=13688, stack(0x0000008e80300000,0x0000008e80400000)]
  0x000002681f1fb920 JavaThread "Compiler Class File Writer" daemon [_thread_blocked, id=14532, stack(0x0000008e80400000,0x0000008e80500000)]
  0x000002681f1fc850 JavaThread "Compiler Class File Writer" daemon [_thread_blocked, id=20992, stack(0x0000008e80500000,0x0000008e80600000)]
  0x000002681f506700 JavaThread "Compiler Class File Writer" daemon [_thread_blocked, id=11244, stack(0x0000008e80600000,0x0000008e80700000)]
  0x000002681f505ce0 JavaThread "Compiler Class File Writer" daemon [_thread_blocked, id=21932, stack(0x0000008e80700000,0x0000008e80800000)]
  0x000002681f506c10 JavaThread "Compiler Source File Reader" daemon [_thread_blocked, id=16348, stack(0x0000008e80800000,0x0000008e80900000)]
  0x000002681f504390 JavaThread "Compiler Class File Writer" daemon [_thread_blocked, id=21328, stack(0x0000008e80900000,0x0000008e80a00000)]
  0x000002681f507630 JavaThread "ForkJoinPool.commonPool-worker-1" daemon [_thread_blocked, id=15800, stack(0x0000008e80a00000,0x0000008e80b00000)]
  0x000002681f507120 JavaThread "ForkJoinPool.commonPool-worker-2" daemon [_thread_blocked, id=21872, stack(0x0000008e80b00000,0x0000008e80c00000)]
  0x000002681f5052c0 JavaThread "ForkJoinPool.commonPool-worker-3" daemon [_thread_blocked, id=15956, stack(0x0000008e80c00000,0x0000008e80d00000)]
  0x000002681f508050 JavaThread "ForkJoinPool.commonPool-worker-4" daemon [_thread_blocked, id=7744, stack(0x0000008e80d00000,0x0000008e80e00000)]
  0x000002681f5061f0 JavaThread "ForkJoinPool.commonPool-worker-5" daemon [_thread_blocked, id=13252, stack(0x0000008e80e00000,0x0000008e80f00000)]
  0x000002681f5048a0 JavaThread "ForkJoinPool.commonPool-worker-6" daemon [_thread_blocked, id=1868, stack(0x0000008e80f00000,0x0000008e81000000)]

Other Threads:
  0x000002681a194870 VMThread "VM Thread" [stack: 0x0000008efaf00000,0x0000008efb000000] [id=16920]
  0x000002681b978570 WatcherThread [stack: 0x0000008efbc00000,0x0000008efbd00000] [id=11132]
  0x00000268014866c0 GCTaskThread "GC Thread#0" [stack: 0x0000008efae00000,0x0000008efaf00000] [id=13748]
  0x000002681be0eb10 GCTaskThread "GC Thread#1" [stack: 0x0000008efbd00000,0x0000008efbe00000] [id=22496]
  0x000002681bd3daa0 GCTaskThread "GC Thread#2" [stack: 0x0000008efbe00000,0x0000008efbf00000] [id=20516]
  0x000002681bd3dd60 GCTaskThread "GC Thread#3" [stack: 0x0000008efbf00000,0x0000008efc000000] [id=18348]
  0x000002681bd3e020 GCTaskThread "GC Thread#4" [stack: 0x0000008efc000000,0x0000008efc100000] [id=8968]
  0x000002681bd3e2e0 GCTaskThread "GC Thread#5" [stack: 0x0000008efc100000,0x0000008efc200000] [id=1200]
  0x000002681bd3e9b0 GCTaskThread "GC Thread#6" [stack: 0x0000008efc200000,0x0000008efc300000] [id=22188]
  0x000002681c376790 GCTaskThread "GC Thread#7" [stack: 0x0000008efba00000,0x0000008efbb00000] [id=11552]
  0x000002681c377810 GCTaskThread "GC Thread#8" [stack: 0x0000008efc900000,0x0000008efca00000] [id=7092]
  0x000002681c376a50 GCTaskThread "GC Thread#9" [stack: 0x0000008efca00000,0x0000008efcb00000] [id=20576]

Threads with active compile tasks:
C2 CompilerThread0    11677 8762       4       org.eclipse.jdt.internal.core.search.matching.ConstructorPattern::createDeclarationIndexKey (583 bytes)
C2 CompilerThread1    11677 8750       4       org.eclipse.jdt.internal.compiler.parser.Scanner::internalScanIdentifierOrKeyword (4945 bytes)
C2 CompilerThread2    11677 8702 %     4       org.lombokweb.asm.SymbolTable::<init> @ 98 (536 bytes)

VM state: at safepoint (normal execution)

VM Mutex/Monitor currently owned by a thread:  ([mutex/lock_event])
[0x000002687f10ed40] Threads_lock - owner thread: 0x000002681a194870
[0x000002687f10f520] Heap_lock - owner thread: 0x000002681bc119b0

Heap address: 0x00000000c0000000, size: 1024 MB, Compressed Oops mode: 32-bit

CDS archive(s) not mapped
Compressed class space mapped at: 0x0000000100000000-0x0000000140000000, reserved size: 1073741824
Narrow klass base: 0x0000000000000000, Narrow klass shift: 3, Narrow klass range: 0x140000000

GC Precious Log:
 CPUs: 12 total, 12 available
 Memory: 7860M
 Large Page Support: Disabled
 NUMA Support: Disabled
 Compressed Oops: Enabled (32-bit)
 Alignments: Space 512K, Generation 512K, Heap 2M
 Heap Min Capacity: 100M
 Heap Initial Capacity: 100M
 Heap Max Capacity: 1G
 Pre-touch: Disabled
 Parallel Workers: 10

Heap:
 PSYoungGen      total 9728K, used 2546K [0x00000000eab00000, 0x00000000eb700000, 0x0000000100000000)
  eden space 7168K, 0% used [0x00000000eab00000,0x00000000eab00000,0x00000000eb200000)
  from space 2560K, 99% used [0x00000000eb480000,0x00000000eb6fc8e8,0x00000000eb700000)
  to   space 2048K, 0% used [0x00000000eb200000,0x00000000eb200000,0x00000000eb400000)
 ParOldGen       total 207360K, used 180381K [0x00000000c0000000, 0x00000000cca80000, 0x00000000eab00000)
  object space 207360K, 86% used [0x00000000c0000000,0x00000000cb027590,0x00000000cca80000)
 Metaspace       used 71878K, committed 73216K, reserved 1179648K
  class space    used 7800K, committed 8384K, reserved 1048576K

Card table byte_map: [0x000002687f870000,0x000002687fa80000] _byte_map_base: 0x000002687f270000

Marking Bits: (ParMarkBitMap*) 0x00007ffa4f136940
 Begin Bits: [0x00000268130f0000, 0x00000268140f0000)
 End Bits:   [0x00000268140f0000, 0x00000268150f0000)

Polling page: 0x000002687f290000

Metaspace:

Usage:
  Non-class:     62.58 MB used.
      Class:      7.62 MB used.
       Both:     70.19 MB used.

Virtual space:
  Non-class space:      128.00 MB reserved,      63.31 MB ( 49%) committed,  2 nodes.
      Class space:        1.00 GB reserved,       8.19 MB ( <1%) committed,  1 nodes.
             Both:        1.12 GB reserved,      71.50 MB (  6%) committed. 

Chunk freelists:
   Non-Class:  15.86 MB
       Class:  7.86 MB
        Both:  23.72 MB

MaxMetaspaceSize: unlimited
CompressedClassSpaceSize: 1.00 GB
Initial GC threshold: 21.00 MB
Current GC threshold: 118.12 MB
CDS: off
MetaspaceReclaimPolicy: balanced
 - commit_granule_bytes: 65536.
 - commit_granule_words: 8192.
 - virtual_space_node_default_size: 8388608.
 - enlarge_chunks_in_place: 1.
 - new_chunks_are_fully_committed: 0.
 - uncommit_free_chunks: 1.
 - use_allocation_guard: 0.
 - handle_deallocations: 1.


Internal statistics:

num_allocs_failed_limit: 6.
num_arena_births: 876.
num_arena_deaths: 14.
num_vsnodes_births: 3.
num_vsnodes_deaths: 0.
num_space_committed: 1144.
num_space_uncommitted: 0.
num_chunks_returned_to_freelist: 20.
num_chunks_taken_from_freelist: 3837.
num_chunk_merges: 10.
num_chunk_splits: 2270.
num_chunks_enlarged: 1166.
num_inconsistent_stats: 0.

CodeHeap 'non-profiled nmethods': size=120000Kb used=3983Kb max_used=3983Kb free=116016Kb
 bounds [0x000002680bbc0000, 0x000002680bfb0000, 0x00000268130f0000]
CodeHeap 'profiled nmethods': size=120000Kb used=13574Kb max_used=15181Kb free=106425Kb
 bounds [0x00000268040f0000, 0x0000026805010000, 0x000002680b620000]
CodeHeap 'non-nmethods': size=5760Kb used=1398Kb max_used=1463Kb free=4361Kb
 bounds [0x000002680b620000, 0x000002680b890000, 0x000002680bbc0000]
 total_blobs=7905 nmethods=7158 adapters=661
 compilation: enabled
              stopped_count=0, restarted_count=0
 full_count=0

Compilation events (20 events):
Event: 11.524 Thread 0x000002681a1ecd10 8785       4       java.lang.CharacterDataLatin1::digit (32 bytes)
Event: 11.524 Thread 0x000002681a1ee3a0 nmethod 8836 0x00000268046a1810 code [0x00000268046a19c0, 0x00000268046a1bc8]
Event: 11.525 Thread 0x000002681a343bc0 nmethod 8734 0x000002680bf4e310 code [0x000002680bf4e560, 0x000002680bf4ff70]
Event: 11.525 Thread 0x000002681a343bc0 8800       4       com.google.gson.stream.JsonReader::nextNonWhitespace (354 bytes)
Event: 11.525 Thread 0x000002681a1ecd10 nmethod 8785 0x000002680bd7dd10 code [0x000002680bd7de80, 0x000002680bd7df78]
Event: 11.525 Thread 0x000002681a1ee3a0 8838       2       com.google.gson.internal.$Gson$Types::resolve (14 bytes)
Event: 11.525 Thread 0x000002681a1ecd10 8766  s    4       java.util.Hashtable::put (104 bytes)
Event: 11.525 Thread 0x000002681a1ee3a0 nmethod 8838 0x00000268046cd490 code [0x00000268046cd620, 0x00000268046cd788]
Event: 11.529 Thread 0x000002681a343bc0 nmethod 8800 0x000002680bc60790 code [0x000002680bc60920, 0x000002680bc60d78]
Event: 11.530 Thread 0x000002681a343bc0 8788       4       java.io.InputStream::<init> (5 bytes)
Event: 11.530 Thread 0x000002681a343bc0 nmethod 8788 0x000002680bdd9010 code [0x000002680bdd9180, 0x000002680bdd9238]
Event: 11.530 Thread 0x000002681a343bc0 8747       4       org.eclipse.jdt.internal.compiler.classfmt.InnerClassInfo::getSourceName (60 bytes)
Event: 11.555 Thread 0x000002681a1ecd10 nmethod 8766 0x000002680bc5e890 code [0x000002680bc5eac0, 0x000002680bc5fde8]
Event: 11.555 Thread 0x000002681a343bc0 nmethod 8747 0x000002680bf67290 code [0x000002680bf67480, 0x000002680bf680d8]
Event: 11.560 Thread 0x000002681a343bc0 8840       4       org.eclipse.jdt.internal.compiler.util.CharDeduplication::intern (11 bytes)
Event: 11.560 Thread 0x000002681a1ecd10 8832       4       java.lang.reflect.Modifier::isStatic (13 bytes)
Event: 11.560 Thread 0x000002681a1ecd10 nmethod 8832 0x000002680bdd8b90 code [0x000002680bdd8d00, 0x000002680bdd8d58]
Event: 11.560 Thread 0x000002681a1ecd10 8765       4       java.util.Hashtable::addEntry (87 bytes)
Event: 11.571 Thread 0x000002681a1ecd10 nmethod 8765 0x000002680bf66510 code [0x000002680bf666e0, 0x000002680bf66e08]
Event: 11.571 Thread 0x000002681a1ecd10 8842 % !   4       java.util.concurrent.ConcurrentHashMap::transfer @ 96 (850 bytes)

GC Heap History (20 events):
Event: 11.312 GC heap before
{Heap before GC invocations=139 (full 7):
 PSYoungGen      total 5632K, used 5215K [0x00000000eab00000, 0x00000000eb200000, 0x0000000100000000)
  eden space 4096K, 100% used [0x00000000eab00000,0x00000000eaf00000,0x00000000eaf00000)
  from space 1536K, 72% used [0x00000000eb080000,0x00000000eb197d90,0x00000000eb200000)
  to   space 1536K, 0% used [0x00000000eaf00000,0x00000000eaf00000,0x00000000eb080000)
 ParOldGen       total 181248K, used 172740K [0x00000000c0000000, 0x00000000cb100000, 0x00000000eab00000)
  object space 181248K, 95% used [0x00000000c0000000,0x00000000ca8b11a0,0x00000000cb100000)
 Metaspace       used 70700K, committed 72000K, reserved 1114112K
  class space    used 7680K, committed 8256K, reserved 1048576K
}
Event: 11.315 GC heap after
{Heap after GC invocations=139 (full 7):
 PSYoungGen      total 5632K, used 1146K [0x00000000eab00000, 0x00000000eb300000, 0x0000000100000000)
  eden space 4096K, 0% used [0x00000000eab00000,0x00000000eab00000,0x00000000eaf00000)
  from space 1536K, 74% used [0x00000000eaf00000,0x00000000eb01e910,0x00000000eb080000)
  to   space 1536K, 0% used [0x00000000eb180000,0x00000000eb180000,0x00000000eb300000)
 ParOldGen       total 181248K, used 173718K [0x00000000c0000000, 0x00000000cb100000, 0x00000000eab00000)
  object space 181248K, 95% used [0x00000000c0000000,0x00000000ca9a5aa8,0x00000000cb100000)
 Metaspace       used 70700K, committed 72000K, reserved 1114112K
  class space    used 7680K, committed 8256K, reserved 1048576K
}
Event: 11.323 GC heap before
{Heap before GC invocations=140 (full 7):
 PSYoungGen      total 5632K, used 5242K [0x00000000eab00000, 0x00000000eb300000, 0x0000000100000000)
  eden space 4096K, 100% used [0x00000000eab00000,0x00000000eaf00000,0x00000000eaf00000)
  from space 1536K, 74% used [0x00000000eaf00000,0x00000000eb01e910,0x00000000eb080000)
  to   space 1536K, 0% used [0x00000000eb180000,0x00000000eb180000,0x00000000eb300000)
 ParOldGen       total 181248K, used 173718K [0x00000000c0000000, 0x00000000cb100000, 0x00000000eab00000)
  object space 181248K, 95% used [0x00000000c0000000,0x00000000ca9a5aa8,0x00000000cb100000)
 Metaspace       used 70719K, committed 72000K, reserved 1114112K
  class space    used 7681K, committed 8256K, reserved 1048576K
}
Event: 11.324 GC heap after
{Heap after GC invocations=140 (full 7):
 PSYoungGen      total 6656K, used 1069K [0x00000000eab00000, 0x00000000eb300000, 0x0000000100000000)
  eden space 5120K, 0% used [0x00000000eab00000,0x00000000eab00000,0x00000000eb000000)
  from space 1536K, 69% used [0x00000000eb180000,0x00000000eb28b408,0x00000000eb300000)
  to   space 1536K, 0% used [0x00000000eb000000,0x00000000eb000000,0x00000000eb180000)
 ParOldGen       total 181248K, used 174595K [0x00000000c0000000, 0x00000000cb100000, 0x00000000eab00000)
  object space 181248K, 96% used [0x00000000c0000000,0x00000000caa80d48,0x00000000cb100000)
 Metaspace       used 70719K, committed 72000K, reserved 1114112K
  class space    used 7681K, committed 8256K, reserved 1048576K
}
Event: 11.335 GC heap before
{Heap before GC invocations=141 (full 7):
 PSYoungGen      total 6656K, used 6189K [0x00000000eab00000, 0x00000000eb300000, 0x0000000100000000)
  eden space 5120K, 100% used [0x00000000eab00000,0x00000000eb000000,0x00000000eb000000)
  from space 1536K, 69% used [0x00000000eb180000,0x00000000eb28b408,0x00000000eb300000)
  to   space 1536K, 0% used [0x00000000eb000000,0x00000000eb000000,0x00000000eb180000)
 ParOldGen       total 181248K, used 174595K [0x00000000c0000000, 0x00000000cb100000, 0x00000000eab00000)
  object space 181248K, 96% used [0x00000000c0000000,0x00000000caa80d48,0x00000000cb100000)
 Metaspace       used 70773K, committed 72064K, reserved 1114112K
  class space    used 7685K, committed 8256K, reserved 1048576K
}
Event: 11.337 GC heap after
{Heap after GC invocations=141 (full 7):
 PSYoungGen      total 6656K, used 1385K [0x00000000eab00000, 0x00000000eb400000, 0x0000000100000000)
  eden space 5120K, 0% used [0x00000000eab00000,0x00000000eab00000,0x00000000eb000000)
  from space 1536K, 90% used [0x00000000eb000000,0x00000000eb15a5c8,0x00000000eb180000)
  to   space 1536K, 0% used [0x00000000eb280000,0x00000000eb280000,0x00000000eb400000)
 ParOldGen       total 181248K, used 175592K [0x00000000c0000000, 0x00000000cb100000, 0x00000000eab00000)
  object space 181248K, 96% used [0x00000000c0000000,0x00000000cab7a060,0x00000000cb100000)
 Metaspace       used 70773K, committed 72064K, reserved 1114112K
  class space    used 7685K, committed 8256K, reserved 1048576K
}
Event: 11.347 GC heap before
{Heap before GC invocations=142 (full 7):
 PSYoungGen      total 6656K, used 6505K [0x00000000eab00000, 0x00000000eb400000, 0x0000000100000000)
  eden space 5120K, 100% used [0x00000000eab00000,0x00000000eb000000,0x00000000eb000000)
  from space 1536K, 90% used [0x00000000eb000000,0x00000000eb15a5c8,0x00000000eb180000)
  to   space 1536K, 0% used [0x00000000eb280000,0x00000000eb280000,0x00000000eb400000)
 ParOldGen       total 181248K, used 175592K [0x00000000c0000000, 0x00000000cb100000, 0x00000000eab00000)
  object space 181248K, 96% used [0x00000000c0000000,0x00000000cab7a060,0x00000000cb100000)
 Metaspace       used 70830K, committed 72128K, reserved 1114112K
  class space    used 7691K, committed 8256K, reserved 1048576K
}
Event: 11.348 GC heap after
{Heap after GC invocations=142 (full 7):
 PSYoungGen      total 7680K, used 1251K [0x00000000eab00000, 0x00000000eb400000, 0x0000000100000000)
  eden space 6144K, 0% used [0x00000000eab00000,0x00000000eab00000,0x00000000eb100000)
  from space 1536K, 81% used [0x00000000eb280000,0x00000000eb3b8f00,0x00000000eb400000)
  to   space 1536K, 0% used [0x00000000eb100000,0x00000000eb100000,0x00000000eb280000)
 ParOldGen       total 181248K, used 176794K [0x00000000c0000000, 0x00000000cb100000, 0x00000000eab00000)
  object space 181248K, 97% used [0x00000000c0000000,0x00000000caca6830,0x00000000cb100000)
 Metaspace       used 70830K, committed 72128K, reserved 1114112K
  class space    used 7691K, committed 8256K, reserved 1048576K
}
Event: 11.358 GC heap before
{Heap before GC invocations=143 (full 7):
 PSYoungGen      total 7680K, used 7395K [0x00000000eab00000, 0x00000000eb400000, 0x0000000100000000)
  eden space 6144K, 100% used [0x00000000eab00000,0x00000000eb100000,0x00000000eb100000)
  from space 1536K, 81% used [0x00000000eb280000,0x00000000eb3b8f00,0x00000000eb400000)
  to   space 1536K, 0% used [0x00000000eb100000,0x00000000eb100000,0x00000000eb280000)
 ParOldGen       total 181248K, used 176794K [0x00000000c0000000, 0x00000000cb100000, 0x00000000eab00000)
  object space 181248K, 97% used [0x00000000c0000000,0x00000000caca6830,0x00000000cb100000)
 Metaspace       used 70947K, committed 72256K, reserved 1114112K
  class space    used 7707K, committed 8256K, reserved 1048576K
}
Event: 11.360 GC heap after
{Heap after GC invocations=143 (full 7):
 PSYoungGen      total 7680K, used 1327K [0x00000000eab00000, 0x00000000eb500000, 0x0000000100000000)
  eden space 6144K, 0% used [0x00000000eab00000,0x00000000eab00000,0x00000000eb100000)
  from space 1536K, 86% used [0x00000000eb100000,0x00000000eb24bd90,0x00000000eb280000)
  to   space 1536K, 0% used [0x00000000eb380000,0x00000000eb380000,0x00000000eb500000)
 ParOldGen       total 181248K, used 177934K [0x00000000c0000000, 0x00000000cb100000, 0x00000000eab00000)
  object space 181248K, 98% used [0x00000000c0000000,0x00000000cadc3938,0x00000000cb100000)
 Metaspace       used 70947K, committed 72256K, reserved 1114112K
  class space    used 7707K, committed 8256K, reserved 1048576K
}
Event: 11.371 GC heap before
{Heap before GC invocations=144 (full 7):
 PSYoungGen      total 7680K, used 7471K [0x00000000eab00000, 0x00000000eb500000, 0x0000000100000000)
  eden space 6144K, 100% used [0x00000000eab00000,0x00000000eb100000,0x00000000eb100000)
  from space 1536K, 86% used [0x00000000eb100000,0x00000000eb24bd90,0x00000000eb280000)
  to   space 1536K, 0% used [0x00000000eb380000,0x00000000eb380000,0x00000000eb500000)
 ParOldGen       total 181248K, used 177934K [0x00000000c0000000, 0x00000000cb100000, 0x00000000eab00000)
  object space 181248K, 98% used [0x00000000c0000000,0x00000000cadc3938,0x00000000cb100000)
 Metaspace       used 71085K, committed 72384K, reserved 1114112K
  class space    used 7727K, committed 8320K, reserved 1048576K
}
Event: 11.373 GC heap after
{Heap after GC invocations=144 (full 7):
 PSYoungGen      total 8704K, used 1280K [0x00000000eab00000, 0x00000000eb500000, 0x0000000100000000)
  eden space 7168K, 0% used [0x00000000eab00000,0x00000000eab00000,0x00000000eb200000)
  from space 1536K, 83% used [0x00000000eb380000,0x00000000eb4c0000,0x00000000eb500000)
  to   space 1536K, 0% used [0x00000000eb200000,0x00000000eb200000,0x00000000eb380000)
 ParOldGen       total 181248K, used 179150K [0x00000000c0000000, 0x00000000cb100000, 0x00000000eab00000)
  object space 181248K, 98% used [0x00000000c0000000,0x00000000caef3a78,0x00000000cb100000)
 Metaspace       used 71085K, committed 72384K, reserved 1114112K
  class space    used 7727K, committed 8320K, reserved 1048576K
}
Event: 11.388 GC heap before
{Heap before GC invocations=145 (full 7):
 PSYoungGen      total 8704K, used 8448K [0x00000000eab00000, 0x00000000eb500000, 0x0000000100000000)
  eden space 7168K, 100% used [0x00000000eab00000,0x00000000eb200000,0x00000000eb200000)
  from space 1536K, 83% used [0x00000000eb380000,0x00000000eb4c0000,0x00000000eb500000)
  to   space 1536K, 0% used [0x00000000eb200000,0x00000000eb200000,0x00000000eb380000)
 ParOldGen       total 181248K, used 179150K [0x00000000c0000000, 0x00000000cb100000, 0x00000000eab00000)
  object space 181248K, 98% used [0x00000000c0000000,0x00000000caef3a78,0x00000000cb100000)
 Metaspace       used 71125K, committed 72448K, reserved 1114112K
  class space    used 7731K, committed 8320K, reserved 1048576K
}
Event: 11.390 GC heap after
{Heap after GC invocations=145 (full 7):
 PSYoungGen      total 8704K, used 1505K [0x00000000eab00000, 0x00000000eb800000, 0x0000000100000000)
  eden space 7168K, 0% used [0x00000000eab00000,0x00000000eab00000,0x00000000eb200000)
  from space 1536K, 98% used [0x00000000eb200000,0x00000000eb3786e0,0x00000000eb380000)
  to   space 3072K, 0% used [0x00000000eb500000,0x00000000eb500000,0x00000000eb800000)
 ParOldGen       total 181248K, used 180439K [0x00000000c0000000, 0x00000000cb100000, 0x00000000eab00000)
  object space 181248K, 99% used [0x00000000c0000000,0x00000000cb035d50,0x00000000cb100000)
 Metaspace       used 71125K, committed 72448K, reserved 1114112K
  class space    used 7731K, committed 8320K, reserved 1048576K
}
Event: 11.420 GC heap before
{Heap before GC invocations=146 (full 8):
 PSYoungGen      total 8704K, used 8673K [0x00000000eab00000, 0x00000000eb800000, 0x0000000100000000)
  eden space 7168K, 100% used [0x00000000eab00000,0x00000000eb200000,0x00000000eb200000)
  from space 1536K, 98% used [0x00000000eb200000,0x00000000eb3786e0,0x00000000eb380000)
  to   space 3072K, 0% used [0x00000000eb500000,0x00000000eb500000,0x00000000eb800000)
 ParOldGen       total 181248K, used 180439K [0x00000000c0000000, 0x00000000cb100000, 0x00000000eab00000)
  object space 181248K, 99% used [0x00000000c0000000,0x00000000cb035d50,0x00000000cb100000)
 Metaspace       used 71232K, committed 72576K, reserved 1114112K
  class space    used 7744K, committed 8320K, reserved 1048576K
}
Event: 11.523 GC heap after
{Heap after GC invocations=146 (full 8):
 PSYoungGen      total 10240K, used 0K [0x00000000eab00000, 0x00000000eb900000, 0x0000000100000000)
  eden space 7168K, 0% used [0x00000000eab00000,0x00000000eab00000,0x00000000eb200000)
  from space 3072K, 0% used [0x00000000eb500000,0x00000000eb500000,0x00000000eb800000)
  to   space 3072K, 0% used [0x00000000eb200000,0x00000000eb200000,0x00000000eb500000)
 ParOldGen       total 207360K, used 177456K [0x00000000c0000000, 0x00000000cca80000, 0x00000000eab00000)
  object space 207360K, 85% used [0x00000000c0000000,0x00000000cad4c170,0x00000000cca80000)
 Metaspace       used 71232K, committed 72576K, reserved 1114112K
  class space    used 7744K, committed 8320K, reserved 1048576K
}
Event: 11.539 GC heap before
{Heap before GC invocations=147 (full 8):
 PSYoungGen      total 10240K, used 7168K [0x00000000eab00000, 0x00000000eb900000, 0x0000000100000000)
  eden space 7168K, 100% used [0x00000000eab00000,0x00000000eb200000,0x00000000eb200000)
  from space 3072K, 0% used [0x00000000eb500000,0x00000000eb500000,0x00000000eb800000)
  to   space 3072K, 0% used [0x00000000eb200000,0x00000000eb200000,0x00000000eb500000)
 ParOldGen       total 207360K, used 177456K [0x00000000c0000000, 0x00000000cca80000, 0x00000000eab00000)
  object space 207360K, 85% used [0x00000000c0000000,0x00000000cad4c170,0x00000000cca80000)
 Metaspace       used 71373K, committed 72704K, reserved 1114112K
  class space    used 7755K, committed 8320K, reserved 1048576K
}
Event: 11.540 GC heap after
{Heap after GC invocations=147 (full 8):
 PSYoungGen      total 10240K, used 1556K [0x00000000eab00000, 0x00000000eb700000, 0x0000000100000000)
  eden space 7168K, 0% used [0x00000000eab00000,0x00000000eab00000,0x00000000eb200000)
  from space 3072K, 50% used [0x00000000eb200000,0x00000000eb385290,0x00000000eb500000)
  to   space 2048K, 0% used [0x00000000eb500000,0x00000000eb500000,0x00000000eb700000)
 ParOldGen       total 207360K, used 177456K [0x00000000c0000000, 0x00000000cca80000, 0x00000000eab00000)
  object space 207360K, 85% used [0x00000000c0000000,0x00000000cad4c170,0x00000000cca80000)
 Metaspace       used 71373K, committed 72704K, reserved 1114112K
  class space    used 7755K, committed 8320K, reserved 1048576K
}
Event: 11.558 GC heap before
{Heap before GC invocations=148 (full 8):
 PSYoungGen      total 10240K, used 8724K [0x00000000eab00000, 0x00000000eb700000, 0x0000000100000000)
  eden space 7168K, 100% used [0x00000000eab00000,0x00000000eb200000,0x00000000eb200000)
  from space 3072K, 50% used [0x00000000eb200000,0x00000000eb385290,0x00000000eb500000)
  to   space 2048K, 0% used [0x00000000eb500000,0x00000000eb500000,0x00000000eb700000)
 ParOldGen       total 207360K, used 177456K [0x00000000c0000000, 0x00000000cca80000, 0x00000000eab00000)
  object space 207360K, 85% used [0x00000000c0000000,0x00000000cad4c170,0x00000000cca80000)
 Metaspace       used 71511K, committed 72832K, reserved 1114112K
  class space    used 7761K, committed 8320K, reserved 1048576K
}
Event: 11.559 GC heap after
{Heap after GC invocations=148 (full 8):
 PSYoungGen      total 9216K, used 2043K [0x00000000eab00000, 0x00000000eb900000, 0x0000000100000000)
  eden space 7168K, 0% used [0x00000000eab00000,0x00000000eab00000,0x00000000eb200000)
  from space 2048K, 99% used [0x00000000eb500000,0x00000000eb6fed00,0x00000000eb700000)
  to   space 3072K, 0% used [0x00000000eb200000,0x00000000eb200000,0x00000000eb500000)
 ParOldGen       total 207360K, used 178235K [0x00000000c0000000, 0x00000000cca80000, 0x00000000eab00000)
  object space 207360K, 85% used [0x00000000c0000000,0x00000000cae0ec58,0x00000000cca80000)
 Metaspace       used 71511K, committed 72832K, reserved 1114112K
  class space    used 7761K, committed 8320K, reserved 1048576K
}

Dll operation events (12 events):
Event: 0.015 Loaded shared library c:\Users\Nicolas Gabriel\.vscode\extensions\redhat.java-1.36.0-win32-x64\jre\17.0.13-win32-x86_64\bin\java.dll
Event: 0.151 Loaded shared library c:\Users\Nicolas Gabriel\.vscode\extensions\redhat.java-1.36.0-win32-x64\jre\17.0.13-win32-x86_64\bin\zip.dll
Event: 0.154 Loaded shared library C:\Users\Nicolas Gabriel\.vscode\extensions\redhat.java-1.36.0-win32-x64\jre\17.0.13-win32-x86_64\bin\instrument.dll
Event: 0.170 Loaded shared library C:\Users\Nicolas Gabriel\.vscode\extensions\redhat.java-1.36.0-win32-x64\jre\17.0.13-win32-x86_64\bin\net.dll
Event: 0.172 Loaded shared library C:\Users\Nicolas Gabriel\.vscode\extensions\redhat.java-1.36.0-win32-x64\jre\17.0.13-win32-x86_64\bin\nio.dll
Event: 0.177 Loaded shared library C:\Users\Nicolas Gabriel\.vscode\extensions\redhat.java-1.36.0-win32-x64\jre\17.0.13-win32-x86_64\bin\zip.dll
Event: 0.193 Loaded shared library C:\Users\Nicolas Gabriel\.vscode\extensions\redhat.java-1.36.0-win32-x64\jre\17.0.13-win32-x86_64\bin\jimage.dll
Event: 0.250 Loaded shared library c:\Users\Nicolas Gabriel\.vscode\extensions\redhat.java-1.36.0-win32-x64\jre\17.0.13-win32-x86_64\bin\verify.dll
Event: 3.298 Loaded shared library C:\Users\Nicolas Gabriel\AppData\Roaming\Code\User\globalStorage\redhat.java\1.36.0\config_win\org.eclipse.equinox.launcher\org.eclipse.equinox.launcher.win32.win32.x86_64_1.2.1100.v20240722-2106\eclipse_11904.dll
Event: 6.587 Loaded shared library C:\Users\Nicolas Gabriel\AppData\Local\Temp\jna--441322147\jna12526413403858486463.dll
Event: 8.357 Loaded shared library C:\Users\Nicolas Gabriel\.vscode\extensions\redhat.java-1.36.0-win32-x64\jre\17.0.13-win32-x86_64\bin\sunmscapi.dll
Event: 8.507 Loaded shared library C:\Users\Nicolas Gabriel\.vscode\extensions\redhat.java-1.36.0-win32-x64\jre\17.0.13-win32-x86_64\bin\extnet.dll

Deoptimization events (20 events):
Event: 11.360 Thread 0x000002681bc0f130 DEOPT PACKING pc=0x00000268045d5edb sp=0x0000008efd3fe930
Event: 11.360 Thread 0x000002681bc0f130 DEOPT UNPACKING pc=0x000002680b676e43 sp=0x0000008efd3fde68 mode 0
Event: 11.365 Thread 0x000002681bc0f130 DEOPT PACKING pc=0x00000268045d5edb sp=0x0000008efd3fe930
Event: 11.365 Thread 0x000002681bc0f130 DEOPT UNPACKING pc=0x000002680b676e43 sp=0x0000008efd3fde68 mode 0
Event: 11.369 Thread 0x000002681bc0f130 DEOPT PACKING pc=0x00000268045d5edb sp=0x0000008efd3fe930
Event: 11.369 Thread 0x000002681bc0f130 DEOPT UNPACKING pc=0x000002680b676e43 sp=0x0000008efd3fde68 mode 0
Event: 11.373 Thread 0x000002681bc0f130 DEOPT PACKING pc=0x00000268045d5edb sp=0x0000008efd3fe930
Event: 11.373 Thread 0x000002681bc0f130 DEOPT UNPACKING pc=0x000002680b676e43 sp=0x0000008efd3fde68 mode 0
Event: 11.378 Thread 0x000002681bc0f130 DEOPT PACKING pc=0x00000268045d5edb sp=0x0000008efd3fe930
Event: 11.378 Thread 0x000002681bc0f130 DEOPT UNPACKING pc=0x000002680b676e43 sp=0x0000008efd3fde68 mode 0
Event: 11.384 Thread 0x000002681bc0f130 DEOPT PACKING pc=0x00000268045d5edb sp=0x0000008efd3fe930
Event: 11.384 Thread 0x000002681bc0f130 DEOPT UNPACKING pc=0x000002680b676e43 sp=0x0000008efd3fde68 mode 0
Event: 11.386 Thread 0x000002681bc0f130 DEOPT PACKING pc=0x00000268045d5edb sp=0x0000008efd3fe930
Event: 11.386 Thread 0x000002681bc0f130 DEOPT UNPACKING pc=0x000002680b676e43 sp=0x0000008efd3fde68 mode 0
Event: 11.399 Thread 0x000002681f2a5a80 DEOPT PACKING pc=0x0000026804dc9319 sp=0x0000008efe6fd800
Event: 11.399 Thread 0x000002681f2a5a80 DEOPT UNPACKING pc=0x000002680b676e43 sp=0x0000008efe6fcd58 mode 0
Event: 11.400 Thread 0x000002681f2a5a80 DEOPT PACKING pc=0x000002680497442c sp=0x0000008efe6fd5b0
Event: 11.400 Thread 0x000002681f2a5a80 DEOPT UNPACKING pc=0x000002680b676e43 sp=0x0000008efe6fcb30 mode 0
Event: 11.410 Thread 0x000002681f507630 DEOPT PACKING pc=0x0000026804c3078d sp=0x0000008e80afcab0
Event: 11.410 Thread 0x000002681f507630 DEOPT UNPACKING pc=0x000002680b676e43 sp=0x0000008e80afbfb8 mode 0

Classes loaded (20 events):
Event: 11.168 Loading class java/util/concurrent/CompletableFuture$UniCompletion done
Event: 11.168 Loading class java/util/concurrent/CompletableFuture$UniApply done
Event: 11.169 Loading class java/util/concurrent/ForkJoinPool$DefaultCommonPoolForkJoinWorkerThreadFactory$1
Event: 11.169 Loading class java/util/concurrent/ForkJoinPool$DefaultCommonPoolForkJoinWorkerThreadFactory$1 done
Event: 11.169 Loading class java/util/concurrent/CompletableFuture$UniAccept
Event: 11.169 Loading class java/util/concurrent/CompletableFuture$UniAccept done
Event: 11.169 Loading class java/util/concurrent/CompletableFuture$UniExceptionally
Event: 11.170 Loading class java/util/HashMap$ValueSpliterator
Event: 11.170 Loading class java/util/concurrent/CompletableFuture$UniExceptionally done
Event: 11.170 Loading class java/util/HashMap$ValueSpliterator done
Event: 11.207 Loading class java/util/Collections$SynchronizedRandomAccessList
Event: 11.207 Loading class java/util/Collections$SynchronizedList
Event: 11.207 Loading class java/util/Collections$SynchronizedList done
Event: 11.207 Loading class java/util/Collections$SynchronizedRandomAccessList done
Event: 11.215 Loading class java/util/concurrent/CompletableFuture$Signaller
Event: 11.216 Loading class java/util/concurrent/CompletableFuture$Signaller done
Event: 11.355 Loading class java/nio/charset/CharacterCodingException
Event: 11.355 Loading class java/nio/charset/CharacterCodingException done
Event: 11.355 Loading class java/io/SequenceInputStream
Event: 11.355 Loading class java/io/SequenceInputStream done

Classes unloaded (7 events):
Event: 7.350 Thread 0x000002681a194870 Unloading class 0x0000000100258000 'java/lang/invoke/LambdaForm$MH+0x0000000100258000'
Event: 7.350 Thread 0x000002681a194870 Unloading class 0x0000000100257c00 'java/lang/invoke/LambdaForm$MH+0x0000000100257c00'
Event: 7.350 Thread 0x000002681a194870 Unloading class 0x0000000100257800 'java/lang/invoke/LambdaForm$MH+0x0000000100257800'
Event: 7.350 Thread 0x000002681a194870 Unloading class 0x0000000100257400 'java/lang/invoke/LambdaForm$MH+0x0000000100257400'
Event: 7.350 Thread 0x000002681a194870 Unloading class 0x0000000100257000 'java/lang/invoke/LambdaForm$BMH+0x0000000100257000'
Event: 7.350 Thread 0x000002681a194870 Unloading class 0x0000000100256c00 'java/lang/invoke/LambdaForm$DMH+0x0000000100256c00'
Event: 7.350 Thread 0x000002681a194870 Unloading class 0x0000000100254400 'java/lang/invoke/LambdaForm$DMH+0x0000000100254400'

Classes redefined (0 events):
No events

Internal exceptions (20 events):
Event: 11.122 Thread 0x000002681bc11ec0 Exception <a 'sun/nio/fs/WindowsException'{0x00000000eae3e358}> (0x00000000eae3e358) 
thrown [s\src\hotspot\share\prims\jni.cpp, line 516]
Event: 11.123 Thread 0x000002681bc11ec0 Exception <a 'sun/nio/fs/WindowsException'{0x00000000eae57d18}> (0x00000000eae57d18) 
thrown [s\src\hotspot\share\prims\jni.cpp, line 516]
Event: 11.123 Thread 0x000002681bc11ec0 Exception <a 'sun/nio/fs/WindowsException'{0x00000000eae58460}> (0x00000000eae58460) 
thrown [s\src\hotspot\share\prims\jni.cpp, line 516]
Event: 11.123 Thread 0x000002681bc11ec0 Exception <a 'sun/nio/fs/WindowsException'{0x00000000eae58ba8}> (0x00000000eae58ba8) 
thrown [s\src\hotspot\share\prims\jni.cpp, line 516]
Event: 11.123 Thread 0x000002681bc11ec0 Exception <a 'sun/nio/fs/WindowsException'{0x00000000eae595f8}> (0x00000000eae595f8) 
thrown [s\src\hotspot\share\prims\jni.cpp, line 516]
Event: 11.123 Thread 0x000002681bc11ec0 Exception <a 'sun/nio/fs/WindowsException'{0x00000000eae73260}> (0x00000000eae73260) 
thrown [s\src\hotspot\share\prims\jni.cpp, line 516]
Event: 11.123 Thread 0x000002681bc11ec0 Exception <a 'sun/nio/fs/WindowsException'{0x00000000eae739b8}> (0x00000000eae739b8) 
thrown [s\src\hotspot\share\prims\jni.cpp, line 516]
Event: 11.123 Thread 0x000002681bc11ec0 Exception <a 'sun/nio/fs/WindowsException'{0x00000000eae74110}> (0x00000000eae74110) 
thrown [s\src\hotspot\share\prims\jni.cpp, line 516]
Event: 11.123 Thread 0x000002681bc11ec0 Exception <a 'sun/nio/fs/WindowsException'{0x00000000eae74888}> (0x00000000eae74888) 
thrown [s\src\hotspot\share\prims\jni.cpp, line 516]
Event: 11.190 Thread 0x000002681f2a5a80 Implicit null exception at 0x000002680bc1a6e0 to 0x000002680bc1be1b
Event: 11.374 Thread 0x000002681f2a5a80 Exception <a 'java/io/FileNotFoundException'{0x00000000eab01820}> (0x00000000eab01820) 
thrown [s\src\hotspot\share\prims\jni.cpp, line 516]
Event: 11.374 Thread 0x000002681f2a5a80 Exception <a 'java/io/FileNotFoundException'{0x00000000eab028b0}> (0x00000000eab028b0) 
thrown [s\src\hotspot\share\prims\jni.cpp, line 516]
Event: 11.407 Thread 0x000002681f2a5a80 Exception <a 'sun/nio/fs/WindowsException'{0x00000000eacf4038}> (0x00000000eacf4038) 
thrown [s\src\hotspot\share\prims\jni.cpp, line 516]
Event: 11.407 Thread 0x000002681f2a5a80 Exception <a 'sun/nio/fs/WindowsException'{0x00000000eacf4670}> (0x00000000eacf4670) 
thrown [s\src\hotspot\share\prims\jni.cpp, line 516]
Event: 11.407 Thread 0x000002681f2a5a80 Exception <a 'sun/nio/fs/WindowsException'{0x00000000eacf7ff8}> (0x00000000eacf7ff8) 
thrown [s\src\hotspot\share\prims\jni.cpp, line 516]
Event: 11.408 Thread 0x000002681f2a5a80 Exception <a 'sun/nio/fs/WindowsException'{0x00000000eacf8630}> (0x00000000eacf8630) 
thrown [s\src\hotspot\share\prims\jni.cpp, line 516]
Event: 11.408 Thread 0x000002681f2a5a80 Exception <a 'sun/nio/fs/WindowsException'{0x00000000eacf97d0}> (0x00000000eacf97d0) 
thrown [s\src\hotspot\share\prims\jni.cpp, line 516]
Event: 11.408 Thread 0x000002681f2a5a80 Exception <a 'sun/nio/fs/WindowsException'{0x00000000eacfa190}> (0x00000000eacfa190) 
thrown [s\src\hotspot\share\prims\jni.cpp, line 516]
Event: 11.408 Thread 0x000002681f2a5a80 Exception <a 'sun/nio/fs/WindowsException'{0x00000000eacfafd8}> (0x00000000eacfafd8) 
thrown [s\src\hotspot\share\prims\jni.cpp, line 516]
Event: 11.408 Thread 0x000002681f2a5a80 Exception <a 'sun/nio/fs/WindowsException'{0x00000000eacfb6f0}> (0x00000000eacfb6f0) 
thrown [s\src\hotspot\share\prims\jni.cpp, line 516]

VM Operations (20 events):
Event: 11.315 Executing VM operation: ParallelGCFailedAllocation done
Event: 11.323 Executing VM operation: ParallelGCFailedAllocation
Event: 11.324 Executing VM operation: ParallelGCFailedAllocation done
Event: 11.334 Executing VM operation: ParallelGCFailedAllocation
Event: 11.337 Executing VM operation: ParallelGCFailedAllocation done
Event: 11.347 Executing VM operation: ParallelGCFailedAllocation
Event: 11.348 Executing VM operation: ParallelGCFailedAllocation done
Event: 11.358 Executing VM operation: ParallelGCFailedAllocation
Event: 11.360 Executing VM operation: ParallelGCFailedAllocation done
Event: 11.371 Executing VM operation: ParallelGCFailedAllocation
Event: 11.373 Executing VM operation: ParallelGCFailedAllocation done
Event: 11.388 Executing VM operation: ParallelGCFailedAllocation
Event: 11.390 Executing VM operation: ParallelGCFailedAllocation done
Event: 11.420 Executing VM operation: ParallelGCFailedAllocation
Event: 11.523 Executing VM operation: ParallelGCFailedAllocation done
Event: 11.538 Executing VM operation: ParallelGCFailedAllocation
Event: 11.540 Executing VM operation: ParallelGCFailedAllocation done
Event: 11.554 Executing VM operation: ParallelGCFailedAllocation
Event: 11.559 Executing VM operation: ParallelGCFailedAllocation done
Event: 11.575 Executing VM operation: ParallelGCFailedAllocation

Memory protections (0 events):
No events

Nmethod flushes (20 events):
Event: 10.996 Thread 0x000002681a1f18b0 flushing  nmethod 0x0000026804f07a90
Event: 10.996 Thread 0x000002681a1f18b0 flushing  nmethod 0x0000026804f09790
Event: 10.996 Thread 0x000002681a1f18b0 flushing  nmethod 0x0000026804f09b90
Event: 10.996 Thread 0x000002681a1f18b0 flushing  nmethod 0x0000026804f36810
Event: 10.996 Thread 0x000002681a1f18b0 flushing  nmethod 0x0000026804f37190
Event: 10.996 Thread 0x000002681a1f18b0 flushing  nmethod 0x0000026804f38710
Event: 10.996 Thread 0x000002681a1f18b0 flushing  nmethod 0x0000026804f38a90
Event: 10.996 Thread 0x000002681a1f18b0 flushing  nmethod 0x0000026804f38e90
Event: 10.996 Thread 0x000002681a1f18b0 flushing  nmethod 0x0000026804f39290
Event: 10.996 Thread 0x000002681a1f18b0 flushing  nmethod 0x0000026804f39710
Event: 10.996 Thread 0x000002681a1f18b0 flushing  nmethod 0x0000026804f39b10
Event: 10.996 Thread 0x000002681a1f18b0 flushing  nmethod 0x0000026804f3b490
Event: 10.996 Thread 0x000002681a1f18b0 flushing  nmethod 0x0000026804f3d510
Event: 10.996 Thread 0x000002681a1f18b0 flushing  nmethod 0x0000026804f3e090
Event: 10.996 Thread 0x000002681a1f18b0 flushing  nmethod 0x0000026804f3ed90
Event: 10.996 Thread 0x000002681a1f18b0 flushing  nmethod 0x0000026804f40010
Event: 10.996 Thread 0x000002681a1f18b0 flushing  nmethod 0x0000026804f41c90
Event: 10.996 Thread 0x000002681a1f18b0 flushing  nmethod 0x0000026804f5e490
Event: 10.996 Thread 0x000002681a1f18b0 flushing  nmethod 0x0000026804f64590
Event: 10.996 Thread 0x000002681a1f18b0 flushing  nmethod 0x0000026804f64910

Events (20 events):
Event: 10.588 Thread 0x000002681f5052c0 Thread exited: 0x000002681f5052c0
Event: 10.588 Thread 0x000002681f5057d0 Thread exited: 0x000002681f5057d0
Event: 10.588 Thread 0x000002681f508050 Thread exited: 0x000002681f508050
Event: 10.588 Thread 0x000002681f507630 Thread exited: 0x000002681f507630
Event: 10.832 Thread 0x000002681f2a73d0 Thread added: 0x000002681f507630
Event: 10.833 Thread 0x000002681f2a73d0 Thread added: 0x000002681f5052c0
Event: 10.833 Thread 0x000002681f2a73d0 Thread added: 0x000002681f508050
Event: 10.833 Thread 0x000002681f2a73d0 Thread added: 0x000002681f5048a0
Event: 10.833 Thread 0x000002681f2a73d0 Thread added: 0x000002681f508560
Event: 10.867 Thread 0x000002681f5052c0 Thread exited: 0x000002681f5052c0
Event: 10.867 Thread 0x000002681f507630 Thread exited: 0x000002681f507630
Event: 10.867 Thread 0x000002681f508050 Thread exited: 0x000002681f508050
Event: 10.867 Thread 0x000002681f508560 Thread exited: 0x000002681f508560
Event: 10.867 Thread 0x000002681f5048a0 Thread exited: 0x000002681f5048a0
Event: 11.169 Thread 0x000002681f2a5a80 Thread added: 0x000002681f507630
Event: 11.171 Thread 0x000002681f2a5a80 Thread added: 0x000002681f507120
Event: 11.172 Thread 0x000002681f2a5a80 Thread added: 0x000002681f5052c0
Event: 11.172 Thread 0x000002681f2a5a80 Thread added: 0x000002681f508050
Event: 11.173 Thread 0x000002681f508050 Thread added: 0x000002681f5061f0
Event: 11.173 Thread 0x000002681f5061f0 Thread added: 0x000002681f5048a0


Dynamic libraries:
0x00007ff74d810000 - 0x00007ff74d81e000 	c:\Users\Nicolas Gabriel\.vscode\extensions\redhat.java-1.36.0-win32-x64\jre\17.0.13-win32-x86_64\bin\java.exe
0x00007ffafa260000 - 0x00007ffafa4c3000 	C:\WINDOWS\SYSTEM32\ntdll.dll
0x00007ffaf93b0000 - 0x00007ffaf9478000 	C:\WINDOWS\System32\KERNEL32.DLL
0x00007ffaf7a60000 - 0x00007ffaf7e11000 	C:\WINDOWS\System32\KERNELBASE.dll
0x00007ffaf1af0000 - 0x00007ffaf1b8c000 	C:\WINDOWS\SYSTEM32\apphelp.dll
0x00007ffaf7650000 - 0x00007ffaf779b000 	C:\WINDOWS\System32\ucrtbase.dll
0x00007ffaf44e0000 - 0x00007ffaf44f7000 	c:\Users\Nicolas Gabriel\.vscode\extensions\redhat.java-1.36.0-win32-x64\jre\17.0.13-win32-x86_64\bin\jli.dll
0x00007ffaf3710000 - 0x00007ffaf372e000 	c:\Users\Nicolas Gabriel\.vscode\extensions\redhat.java-1.36.0-win32-x64\jre\17.0.13-win32-x86_64\bin\VCRUNTIME140.dll
0x00007ffaf9fd0000 - 0x00007ffafa198000 	C:\WINDOWS\System32\USER32.dll
0x00007ffaf7a30000 - 0x00007ffaf7a57000 	C:\WINDOWS\System32\win32u.dll
0x00007ffacd4a0000 - 0x00007ffacd730000 	C:\WINDOWS\WinSxS\amd64_microsoft.windows.common-controls_6595b64144ccf1df_6.0.26100.2161_none_3e0cadb0e33078e1\COMCTL32.dll
0x00007ffaf9ce0000 - 0x00007ffaf9d0a000 	C:\WINDOWS\System32\GDI32.dll
0x00007ffaf9f20000 - 0x00007ffaf9fc9000 	C:\WINDOWS\System32\msvcrt.dll
0x00007ffaf7fa0000 - 0x00007ffaf80c5000 	C:\WINDOWS\System32\gdi32full.dll
0x00007ffaf78c0000 - 0x00007ffaf7963000 	C:\WINDOWS\System32\msvcp_win.dll
0x00007ffaf9d10000 - 0x00007ffaf9d3f000 	C:\WINDOWS\System32\IMM32.DLL
0x00007ffaf74b0000 - 0x00007ffaf74bc000 	c:\Users\Nicolas Gabriel\.vscode\extensions\redhat.java-1.36.0-win32-x64\jre\17.0.13-win32-x86_64\bin\vcruntime140_1.dll
0x00007ffad2700000 - 0x00007ffad278d000 	c:\Users\Nicolas Gabriel\.vscode\extensions\redhat.java-1.36.0-win32-x64\jre\17.0.13-win32-x86_64\bin\msvcp140.dll
0x00007ffa4e590000 - 0x00007ffa4f1fb000 	c:\Users\Nicolas Gabriel\.vscode\extensions\redhat.java-1.36.0-win32-x64\jre\17.0.13-win32-x86_64\bin\server\jvm.dll
0x00007ffaf9e60000 - 0x00007ffaf9f14000 	C:\WINDOWS\System32\ADVAPI32.dll
0x00007ffaf9820000 - 0x00007ffaf98c6000 	C:\WINDOWS\System32\sechost.dll
0x00007ffaf9480000 - 0x00007ffaf9596000 	C:\WINDOWS\System32\RPCRT4.dll
0x00007ffaf9710000 - 0x00007ffaf9784000 	C:\WINDOWS\System32\WS2_32.dll
0x00007ffaf74e0000 - 0x00007ffaf752e000 	C:\WINDOWS\SYSTEM32\POWRPROF.dll
0x00007ffaee090000 - 0x00007ffaee0c6000 	C:\WINDOWS\SYSTEM32\WINMM.dll
0x00007ffaeaf00000 - 0x00007ffaeaf0b000 	C:\WINDOWS\SYSTEM32\VERSION.dll
0x00007ffaf74c0000 - 0x00007ffaf74d4000 	C:\WINDOWS\SYSTEM32\UMPDC.dll
0x00007ffaf64a0000 - 0x00007ffaf64ba000 	C:\WINDOWS\SYSTEM32\kernel.appcore.dll
0x00007ffaf44d0000 - 0x00007ffaf44da000 	c:\Users\Nicolas Gabriel\.vscode\extensions\redhat.java-1.36.0-win32-x64\jre\17.0.13-win32-x86_64\bin\jimage.dll
0x00007ffaf4c20000 - 0x00007ffaf4e61000 	C:\WINDOWS\SYSTEM32\DBGHELP.DLL
0x00007ffaf9960000 - 0x00007ffaf9cdd000 	C:\WINDOWS\System32\combase.dll
0x00007ffaf9120000 - 0x00007ffaf91f6000 	C:\WINDOWS\System32\OLEAUT32.dll
0x00007ffa72060000 - 0x00007ffa72099000 	C:\WINDOWS\SYSTEM32\dbgcore.DLL
0x00007ffaf77a0000 - 0x00007ffaf7839000 	C:\WINDOWS\System32\bcryptPrimitives.dll
0x00007ffaf36a0000 - 0x00007ffaf36ae000 	c:\Users\Nicolas Gabriel\.vscode\extensions\redhat.java-1.36.0-win32-x64\jre\17.0.13-win32-x86_64\bin\instrument.dll
0x00007ffad24f0000 - 0x00007ffad2515000 	c:\Users\Nicolas Gabriel\.vscode\extensions\redhat.java-1.36.0-win32-x64\jre\17.0.13-win32-x86_64\bin\java.dll
0x00007ffaf36f0000 - 0x00007ffaf3708000 	c:\Users\Nicolas Gabriel\.vscode\extensions\redhat.java-1.36.0-win32-x64\jre\17.0.13-win32-x86_64\bin\zip.dll
0x00007ffaf8670000 - 0x00007ffaf8d6f000 	C:\WINDOWS\System32\SHELL32.dll
0x00007ffaf53a0000 - 0x00007ffaf5bcd000 	C:\WINDOWS\SYSTEM32\windows.storage.dll
0x00007ffaf8fa0000 - 0x00007ffaf9073000 	C:\WINDOWS\System32\SHCORE.dll
0x00007ffaf9d50000 - 0x00007ffaf9dad000 	C:\WINDOWS\System32\shlwapi.dll
0x00007ffaf7560000 - 0x00007ffaf758e000 	C:\WINDOWS\SYSTEM32\profapi.dll
0x00007ffaf36d0000 - 0x00007ffaf36e9000 	C:\Users\Nicolas Gabriel\.vscode\extensions\redhat.java-1.36.0-win32-x64\jre\17.0.13-win32-x86_64\bin\net.dll
0x00007ffaeda70000 - 0x00007ffaedb96000 	C:\WINDOWS\SYSTEM32\WINHTTP.dll
0x00007ffaf69a0000 - 0x00007ffaf6a08000 	C:\WINDOWS\system32\mswsock.dll
0x00007ffaf36b0000 - 0x00007ffaf36c6000 	C:\Users\Nicolas Gabriel\.vscode\extensions\redhat.java-1.36.0-win32-x64\jre\17.0.13-win32-x86_64\bin\nio.dll
0x00007ffaf3690000 - 0x00007ffaf36a0000 	c:\Users\Nicolas Gabriel\.vscode\extensions\redhat.java-1.36.0-win32-x64\jre\17.0.13-win32-x86_64\bin\verify.dll
0x00007ffac6130000 - 0x00007ffac6175000 	C:\Users\Nicolas Gabriel\AppData\Roaming\Code\User\globalStorage\redhat.java\1.36.0\config_win\org.eclipse.equinox.launcher\org.eclipse.equinox.launcher.win32.win32.x86_64_1.2.1100.v20240722-2106\eclipse_11904.dll
0x00007ffaf9200000 - 0x00007ffaf9399000 	C:\WINDOWS\System32\ole32.dll
0x00007ffaf6c40000 - 0x00007ffaf6c5c000 	C:\WINDOWS\SYSTEM32\CRYPTSP.dll
0x00007ffaf63e0000 - 0x00007ffaf6418000 	C:\WINDOWS\system32\rsaenh.dll
0x00007ffaf6a40000 - 0x00007ffaf6a6b000 	C:\WINDOWS\SYSTEM32\USERENV.dll
0x00007ffaf6e80000 - 0x00007ffaf6ea6000 	C:\WINDOWS\SYSTEM32\bcrypt.dll
0x00007ffaf6c60000 - 0x00007ffaf6c6c000 	C:\WINDOWS\SYSTEM32\CRYPTBASE.dll
0x00007ffaf5ee0000 - 0x00007ffaf5f11000 	C:\WINDOWS\SYSTEM32\IPHLPAPI.DLL
0x00007ffaf95a0000 - 0x00007ffaf95aa000 	C:\WINDOWS\System32\NSI.dll
0x00007ffaeead0000 - 0x00007ffaeeaee000 	C:\WINDOWS\SYSTEM32\dhcpcsvc6.DLL
0x00007ffaee880000 - 0x00007ffaee8a5000 	C:\WINDOWS\SYSTEM32\dhcpcsvc.DLL
0x00007ffaf5f80000 - 0x00007ffaf60a5000 	C:\WINDOWS\SYSTEM32\DNSAPI.dll
0x00007ffaf0dd0000 - 0x00007ffaf0e19000 	C:\Users\Nicolas Gabriel\AppData\Local\Temp\jna--441322147\jna12526413403858486463.dll
0x00007ffaf9110000 - 0x00007ffaf9118000 	C:\WINDOWS\System32\PSAPI.DLL
0x00007ffaf4030000 - 0x00007ffaf403e000 	C:\Users\Nicolas Gabriel\.vscode\extensions\redhat.java-1.36.0-win32-x64\jre\17.0.13-win32-x86_64\bin\sunmscapi.dll
0x00007ffaf7e20000 - 0x00007ffaf7f96000 	C:\WINDOWS\System32\CRYPT32.dll
0x00007ffaf6e40000 - 0x00007ffaf6e70000 	C:\WINDOWS\SYSTEM32\ncrypt.dll
0x00007ffaf6df0000 - 0x00007ffaf6e2f000 	C:\WINDOWS\SYSTEM32\NTASN1.dll
0x00007ffaed840000 - 0x00007ffaed84b000 	C:\Windows\System32\rasadhlp.dll
0x00007ffaef2e0000 - 0x00007ffaef366000 	C:\WINDOWS\System32\fwpuclnt.dll
0x00007ffaf4050000 - 0x00007ffaf4059000 	C:\Users\Nicolas Gabriel\.vscode\extensions\redhat.java-1.36.0-win32-x64\jre\17.0.13-win32-x86_64\bin\extnet.dll

dbghelp: loaded successfully - version: 4.0.5 - missing functions: none
symbol engine: initialized successfully - sym options: 0x614 - pdb path: .;c:\Users\Nicolas Gabriel\.vscode\extensions\redhat.java-1.36.0-win32-x64\jre\17.0.13-win32-x86_64\bin;C:\WINDOWS\SYSTEM32;C:\WINDOWS\WinSxS\amd64_microsoft.windows.common-controls_6595b64144ccf1df_6.0.26100.2161_none_3e0cadb0e33078e1;c:\Users\Nicolas Gabriel\.vscode\extensions\redhat.java-1.36.0-win32-x64\jre\17.0.13-win32-x86_64\bin\server;C:\Users\Nicolas Gabriel\AppData\Roaming\Code\User\globalStorage\redhat.java\1.36.0\config_win\org.eclipse.equinox.launcher\org.eclipse.equinox.launcher.win32.win32.x86_64_1.2.1100.v20240722-2106;C:\Users\Nicolas Gabriel\AppData\Local\Temp\jna--441322147

VM Arguments:
jvm_args: --add-modules=ALL-SYSTEM --add-opens=java.base/java.util=ALL-UNNAMED --add-opens=java.base/java.lang=ALL-UNNAMED --add-opens=java.base/sun.nio.fs=ALL-UNNAMED -Declipse.application=org.eclipse.jdt.ls.core.id1 -Dosgi.bundles.defaultStartLevel=4 -Declipse.product=org.eclipse.jdt.ls.core.product -Djava.import.generatesMetadataFilesAtProjectRoot=false -DDetectVMInstallationsJob.disabled=true -Dfile.encoding=utf8 -XX:+UseParallelGC -XX:GCTimeRatio=4 -XX:AdaptiveSizePolicyWeight=90 -Dsun.zip.disableMemoryMapping=true -Xmx1G -Xms100m -Xlog:disable -javaagent:c:\Users\Nicolas Gabriel\.vscode\extensions\redhat.java-1.36.0-win32-x64\lombok\lombok-1.18.35.jar -XX:+HeapDumpOnOutOfMemoryError -XX:HeapDumpPath=c:\Users\Nicolas Gabriel\AppData\Roaming\Code\User\workspaceStorage\babc0cfae74287de09fc582489b34a10\redhat.java -Daether.dependencyCollector.impl=bf 
java_command: c:\Users\Nicolas Gabriel\.vscode\extensions\redhat.java-1.36.0-win32-x64\server\plugins\org.eclipse.equinox.launcher_1.6.900.v20240613-2009.jar -configuration c:\Users\Nicolas Gabriel\AppData\Roaming\Code\User\globalStorage\redhat.java\1.36.0\config_win -data c:\Users\Nicolas Gabriel\AppData\Roaming\Code\User\workspaceStorage\babc0cfae74287de09fc582489b34a10\redhat.java\jdt_ws --pipe=\\.\pipe\lsp-9b9a3d8ba40267bc813495d0b9705e33-sock
java_class_path (initial): c:\Users\Nicolas Gabriel\.vscode\extensions\redhat.java-1.36.0-win32-x64\server\plugins\org.eclipse.equinox.launcher_1.6.900.v20240613-2009.jar
Launcher Type: SUN_STANDARD

[Global flags]
    uintx AdaptiveSizePolicyWeight                 = 90                                        {product} {command line}
     intx CICompilerCount                          = 4                                         {product} {ergonomic}
    uintx GCTimeRatio                              = 4                                         {product} {command line}
     bool HeapDumpOnOutOfMemoryError               = true                                   {manageable} {command line}
    ccstr HeapDumpPath                             = c:\Users\Nicolas Gabriel\AppData\Roaming\Code\User\workspaceStorage\babc0cfae74287de09fc582489b34a10\redhat.java         {manageable} {command line}
   size_t InitialHeapSize                          = 104857600                                 {product} {command line}
   size_t MaxHeapSize                              = 1073741824                                {product} {command line}
   size_t MaxNewSize                               = 357564416                                 {product} {ergonomic}
   size_t MinHeapDeltaBytes                        = 524288                                    {product} {ergonomic}
   size_t MinHeapSize                              = 104857600                                 {product} {command line}
   size_t NewSize                                  = 34603008                                  {product} {ergonomic}
    uintx NonNMethodCodeHeapSize                   = 5839372                                {pd product} {ergonomic}
    uintx NonProfiledCodeHeapSize                  = 122909434                              {pd product} {ergonomic}
   size_t OldSize                                  = 70254592                                  {product} {ergonomic}
    uintx ProfiledCodeHeapSize                     = 122909434                              {pd product} {ergonomic}
    uintx ReservedCodeCacheSize                    = 251658240                              {pd product} {ergonomic}
     bool SegmentedCodeCache                       = true                                      {product} {ergonomic}
   size_t SoftMaxHeapSize                          = 1073741824                             {manageable} {ergonomic}
     bool UseCompressedClassPointers               = true                           {product lp64_product} {ergonomic}
     bool UseCompressedOops                        = true                           {product lp64_product} {ergonomic}
     bool UseLargePagesIndividualAllocation        = false                                  {pd product} {ergonomic}
     bool UseParallelGC                            = true                                      {product} {command line}

Logging:
Log output configuration:
 #0: stdout all=off uptime,level,tags
 #1: stderr all=off uptime,level,tags

Environment Variables:
JAVA_HOME=C:\Program Files\Eclipse Adoptium\jdk-21.0.4.7-hotspot\
PATH=C:\Program Files\Eclipse Adoptium\jdk-21.0.4.7-hotspot\bin;C:\Program Files (x86)\Common Files\Oracle\Java\java8path;C:\Program Files (x86)\Common Files\Oracle\Java\javapath;C:\WINDOWS\system32;C:\WINDOWS;C:\WINDOWS\System32\Wbem;C:\WINDOWS\System32\WindowsPowerShell\v1.0\;C:\WINDOWS\System32\OpenSSH\;C:\Program Files\dotnet\;C:\Program Files\Git\cmd;C:\Users\Nicolas Gabriel\AppData\Local\Programs\Python\Python312\Scripts\;C:\Users\Nicolas Gabriel\AppData\Local\Programs\Python\Python312\;C:\Users\Nicolas Gabriel\AppData\Local\Microsoft\WindowsApps;C:\Users\Nicolas Gabriel\AppData\Local\Programs\Microsoft VS Code\bin;C:\\Users\\Nicolas Gabriel\\AppData\\Roaming\\jupyter\\runtime\\jpserver-13004-open.html;
USERNAME=Nicolas Gabriel
OS=Windows_NT
PROCESSOR_IDENTIFIER=Intel64 Family 6 Model 154 Stepping 4, GenuineIntel
TMP=C:\Users\NICOLA~1\AppData\Local\Temp
TEMP=C:\Users\NICOLA~1\AppData\Local\Temp



Periodic native trim disabled


---------------  S Y S T E M  ---------------

OS:
 Windows 11 , 64 bit Build 26100 (10.0.26100.2161)
OS uptime: 10 days 5:24 hours
Hyper-V role detected

CPU: total 12 (initial active 12) (6 cores per cpu, 2 threads per core) family 6 model 154 stepping 4 microcode 0x42c, cx8, cmov, fxsr, ht, mmx, 3dnowpref, sse, sse2, sse3, ssse3, sse4.1, sse4.2, popcnt, lzcnt, tsc, tscinvbit, avx, avx2, aes, erms, clmul, bmi1, bmi2, adx, sha, fma, vzeroupper, clflush, clflushopt, clwb, hv
Processor Information for processor 0
  Max Mhz: 1300, Current Mhz: 1300, Mhz Limit: 1300
Processor Information for processor 1
  Max Mhz: 1300, Current Mhz: 1300, Mhz Limit: 1300
Processor Information for processor 2
  Max Mhz: 1300, Current Mhz: 1300, Mhz Limit: 1300
Processor Information for processor 3
  Max Mhz: 1300, Current Mhz: 1300, Mhz Limit: 1300
Processor Information for processor 4
  Max Mhz: 1300, Current Mhz: 900, Mhz Limit: 897
Processor Information for processor 5
  Max Mhz: 1300, Current Mhz: 900, Mhz Limit: 897
Processor Information for processor 6
  Max Mhz: 1300, Current Mhz: 900, Mhz Limit: 897
Processor Information for processor 7
  Max Mhz: 1300, Current Mhz: 900, Mhz Limit: 897
Processor Information for processor 8
  Max Mhz: 1300, Current Mhz: 900, Mhz Limit: 897
Processor Information for processor 9
  Max Mhz: 1300, Current Mhz: 900, Mhz Limit: 897
Processor Information for processor 10
  Max Mhz: 1300, Current Mhz: 900, Mhz Limit: 897
Processor Information for processor 11
  Max Mhz: 1300, Current Mhz: 900, Mhz Limit: 897

Memory: 4k page, system-wide physical 7860M (491M free)
TotalPageFile size 16052M (AvailPageFile size 2M)
current process WorkingSet (physical memory assigned to process): 481M, peak: 482M
current process commit charge ("private bytes"): 481M, peak: 483M

vm_info: OpenJDK 64-Bit Server VM (17.0.13+11) for windows-amd64 JRE (17.0.13+11), built on Oct 16 2024 00:10:08 by "admin" with MS VC++ 17.7 (VS2022)

END.
