#
# There is insufficient memory for the Java Runtime Environment to continue.
# Native memory allocation (malloc) failed to allocate 1994800 bytes. Error detail: Chunk::new
# Possible reasons:
#   The system is out of physical RAM or swap space
#   This process is running with CompressedOops enabled, and the Java Heap may be blocking the growth of the native heap
# Possible solutions:
#   Reduce memory load on the system
#   Increase physical memory or swap space
#   Check if swap backing store is full
#   Decrease Java heap size (-Xmx/-Xms)
#   Decrease number of Java threads
#   Decrease Java thread stack sizes (-Xss)
#   Set larger code cache with -XX:ReservedCodeCacheSize=
#   JVM is running with Unscaled Compressed Oops mode in which the Java heap is
#     placed in the first 4GB address space. The Java Heap base address is the
#     maximum limit for the native heap growth. Please use -XX:HeapBaseMinAddress
#     to set the Java Heap base and to place the Java Heap above 4GB virtual address.
# This output file may be truncated or incomplete.
#
#  Out of Memory Error (arena.cpp:191), pid=21716, tid=12200
#
# JRE version: OpenJDK Runtime Environment Temurin-17.0.13+11 (17.0.13+11) (build 17.0.13+11)
# Java VM: OpenJDK 64-Bit Server VM Temurin-17.0.13+11 (17.0.13+11, mixed mode, tiered, compressed oops, compressed class ptrs, parallel gc, windows-amd64)
# No core dump will be written. Minidumps are not enabled by default on client versions of Windows
#

---------------  S U M M A R Y ------------

Command Line: --add-modules=ALL-SYSTEM --add-opens=java.base/java.util=ALL-UNNAMED --add-opens=java.base/java.lang=ALL-UNNAMED --add-opens=java.base/sun.nio.fs=ALL-UNNAMED -Declipse.application=org.eclipse.jdt.ls.core.id1 -Dosgi.bundles.defaultStartLevel=4 -Declipse.product=org.eclipse.jdt.ls.core.product -Djava.import.generatesMetadataFilesAtProjectRoot=false -DDetectVMInstallationsJob.disabled=true -Dfile.encoding=utf8 -XX:+UseParallelGC -XX:GCTimeRatio=4 -XX:AdaptiveSizePolicyWeight=90 -Dsun.zip.disableMemoryMapping=true -Xmx1G -Xms100m -Xlog:disable -javaagent:c:\Users\Nicolas Gabriel\.vscode\extensions\redhat.java-1.36.0-win32-x64\lombok\lombok-1.18.35.jar -XX:+HeapDumpOnOutOfMemoryError -XX:HeapDumpPath=c:\Users\Nicolas Gabriel\AppData\Roaming\Code\User\workspaceStorage\cfa605a0a39700f4ed1f5e58b2b06450\redhat.java -Daether.dependencyCollector.impl=bf c:\Users\Nicolas Gabriel\.vscode\extensions\redhat.java-1.36.0-win32-x64\server\plugins\org.eclipse.equinox.launcher_1.6.900.v20240613-2009.jar -configuration c:\Users\Nicolas Gabriel\AppData\Roaming\Code\User\globalStorage\redhat.java\1.36.0\config_win -data c:\Users\Nicolas Gabriel\AppData\Roaming\Code\User\workspaceStorage\cfa605a0a39700f4ed1f5e58b2b06450\redhat.java\jdt_ws --pipe=\\.\pipe\lsp-a6146cbbec7f1fdc4a66a3002d073a4e-sock

Host: 12th Gen Intel(R) Core(TM) i5-1235U, 12 cores, 7G,  Windows 11 , 64 bit Build 26100 (10.0.26100.2161)
Time: Thu Nov 21 14:20:16 2024 Hora est. Pacífico, Sudamérica elapsed time: 11.074256 seconds (0d 0h 0m 11s)

---------------  T H R E A D  ---------------

Current thread (0x0000028d289c1640):  JavaThread "C2 CompilerThread2" daemon [_thread_in_native, id=12200, stack(0x000000b857200000,0x000000b857300000)]


Current CompileTask:
C2:  11074 8406       4       org.eclipse.jdt.internal.compiler.lookup.BinaryTypeBinding::createMethod (1724 bytes)

Stack: [0x000000b857200000,0x000000b857300000]
Native frames: (J=compiled Java code, j=interpreted, Vv=VM code, C=native code)
V  [jvm.dll+0x682a19]
V  [jvm.dll+0x839538]
V  [jvm.dll+0x83afe3]
V  [jvm.dll+0x83b653]
V  [jvm.dll+0x24704f]
V  [jvm.dll+0xace34]
V  [jvm.dll+0xad4cc]
V  [jvm.dll+0x36597e]
V  [jvm.dll+0x32fbd8]
V  [jvm.dll+0x32f05a]
V  [jvm.dll+0x21804f]
V  [jvm.dll+0x21748f]
V  [jvm.dll+0x1a3070]
V  [jvm.dll+0x22788c]
V  [jvm.dll+0x2259eb]
V  [jvm.dll+0x7eec98]
V  [jvm.dll+0x7e8ffc]
V  [jvm.dll+0x6818f7]
C  [ucrtbase.dll+0x14ea0]
C  [KERNEL32.DLL+0x2dbe7]
C  [ntdll.dll+0xdfbec]


---------------  P R O C E S S  ---------------

Threads class SMR info:
_java_thread_list=0x0000028d27b22e80, length=79, elements={
0x0000028d0c56f2d0, 0x0000028d20c14010, 0x0000028d20c17860, 0x0000028d20c19fe0,
0x0000028d20c1a8b0, 0x0000028d25d7b6a0, 0x0000028d25d7cae0, 0x0000028d25d811a0,
0x0000028d25d862c0, 0x0000028d25d8a2f0, 0x0000028d0c5d0660, 0x0000028d275509a0,
0x0000028d27ef04d0, 0x0000028d27e11140, 0x0000028d27ed5f30, 0x0000028d27ede700,
0x0000028d2834bfe0, 0x0000028d281bc8c0, 0x0000028d281bd2e0, 0x0000028d281bf650,
0x0000028d281bf140, 0x0000028d281be210, 0x0000028d2825a870, 0x0000028d281bd7f0,
0x0000028d289c1640, 0x0000028d281be720, 0x0000028d281c0070, 0x0000028d281bec30,
0x0000028d29584220, 0x0000028d295823c0, 0x0000028d29583d10, 0x0000028d295819a0,
0x0000028d295832f0, 0x0000028d29581eb0, 0x0000028d29585150, 0x0000028d295828d0,
0x0000028d29583800, 0x0000028d29582de0, 0x0000028d29584730, 0x0000028d29584c40,
0x0000028d288623b0, 0x0000028d288628c0, 0x0000028d28861990, 0x0000028d28861480,
0x0000028d28864c30, 0x0000028d28865140, 0x0000028d28864210, 0x0000028d28865650,
0x0000028d288632e0, 0x0000028d28865b60, 0x0000028d28866070, 0x0000028d28866580,
0x0000028d28866a90, 0x0000028d28866fa0, 0x0000028d288637f0, 0x0000028d288674b0,
0x0000028d28863d00, 0x0000028d288679c0, 0x0000028d288688f0, 0x0000028d28867ed0,
0x0000028d288683e0, 0x0000028d28868e00, 0x0000028d2a19a8c0, 0x0000028d2a199990,
0x0000028d2a198f70, 0x0000028d2a198a60, 0x0000028d2a19a3b0, 0x0000028d2a199ea0,
0x0000028d2a19add0, 0x0000028d2a197620, 0x0000028d2a19b7f0, 0x0000028d2a19b2e0,
0x0000028d2a19bd00, 0x0000028d2a198550, 0x0000028d2a19d140, 0x0000028d2a19cc30,
0x0000028d2a19efa0, 0x0000028d2a19c210, 0x0000028d2a19e070
}

Java Threads: ( => current thread )
  0x0000028d0c56f2d0 JavaThread "main" [_thread_blocked, id=18176, stack(0x000000b854d00000,0x000000b854e00000)]
  0x0000028d20c14010 JavaThread "Reference Handler" daemon [_thread_blocked, id=4936, stack(0x000000b855000000,0x000000b855100000)]
  0x0000028d20c17860 JavaThread "Finalizer" daemon [_thread_blocked, id=3064, stack(0x000000b855100000,0x000000b855200000)]
  0x0000028d20c19fe0 JavaThread "Signal Dispatcher" daemon [_thread_blocked, id=5036, stack(0x000000b855200000,0x000000b855300000)]
  0x0000028d20c1a8b0 JavaThread "Attach Listener" daemon [_thread_blocked, id=12860, stack(0x000000b855300000,0x000000b855400000)]
  0x0000028d25d7b6a0 JavaThread "Service Thread" daemon [_thread_blocked, id=12496, stack(0x000000b855400000,0x000000b855500000)]
  0x0000028d25d7cae0 JavaThread "Monitor Deflation Thread" daemon [_thread_blocked, id=22332, stack(0x000000b855500000,0x000000b855600000)]
  0x0000028d25d811a0 JavaThread "C2 CompilerThread0" daemon [_thread_in_native, id=19476, stack(0x000000b855600000,0x000000b855700000)]
  0x0000028d25d862c0 JavaThread "C1 CompilerThread0" daemon [_thread_blocked, id=20776, stack(0x000000b855700000,0x000000b855800000)]
  0x0000028d25d8a2f0 JavaThread "Sweeper thread" daemon [_thread_blocked, id=19992, stack(0x000000b855800000,0x000000b855900000)]
  0x0000028d0c5d0660 JavaThread "Common-Cleaner" daemon [_thread_blocked, id=21612, stack(0x000000b855900000,0x000000b855a00000)]
  0x0000028d275509a0 JavaThread "Notification Thread" daemon [_thread_blocked, id=17852, stack(0x000000b855b00000,0x000000b855c00000)]
  0x0000028d27ef04d0 JavaThread "Active Thread: Equinox Container: 2954f113-5838-42ce-ace2-50381534f869" [_thread_blocked, id=20940, stack(0x000000b856300000,0x000000b856400000)]
  0x0000028d27e11140 JavaThread "Refresh Thread: Equinox Container: 2954f113-5838-42ce-ace2-50381534f869" daemon [_thread_blocked, id=19516, stack(0x000000b856400000,0x000000b856500000)]
  0x0000028d27ed5f30 JavaThread "Framework Event Dispatcher: Equinox Container: 2954f113-5838-42ce-ace2-50381534f869" daemon [_thread_blocked, id=17076, stack(0x000000b856500000,0x000000b856600000)]
  0x0000028d27ede700 JavaThread "Start Level: Equinox Container: 2954f113-5838-42ce-ace2-50381534f869" daemon [_thread_blocked, id=20124, stack(0x000000b856600000,0x000000b856700000)]
  0x0000028d2834bfe0 JavaThread "Bundle File Closer" daemon [_thread_blocked, id=10796, stack(0x000000b856900000,0x000000b856a00000)]
  0x0000028d281bc8c0 JavaThread "SCR Component Actor" daemon [_thread_blocked, id=4192, stack(0x000000b856c00000,0x000000b856d00000)]
  0x0000028d281bd2e0 JavaThread "Worker-JM" [_thread_blocked, id=11872, stack(0x000000b855d00000,0x000000b855e00000)]
  0x0000028d281bf650 JavaThread "JNA Cleaner" daemon [_thread_blocked, id=13808, stack(0x000000b855a00000,0x000000b855b00000)]
  0x0000028d281bf140 JavaThread "Worker-0" [_thread_blocked, id=16240, stack(0x000000b856e00000,0x000000b856f00000)]
  0x0000028d281be210 JavaThread "Worker-1" [_thread_blocked, id=21188, stack(0x000000b856f00000,0x000000b857000000)]
  0x0000028d2825a870 JavaThread "C2 CompilerThread1" daemon [_thread_in_native, id=3464, stack(0x000000b857000000,0x000000b857100000)]
  0x0000028d281bd7f0 JavaThread "Worker-2" [_thread_blocked, id=20568, stack(0x000000b857100000,0x000000b857200000)]
=>0x0000028d289c1640 JavaThread "C2 CompilerThread2" daemon [_thread_in_native, id=12200, stack(0x000000b857200000,0x000000b857300000)]
  0x0000028d281be720 JavaThread "Java indexing" daemon [_thread_in_Java, id=3248, stack(0x000000b857300000,0x000000b857400000)]
  0x0000028d281c0070 JavaThread "Worker-3: Java indexing... " [_thread_blocked, id=14560, stack(0x000000b857400000,0x000000b857500000)]
  0x0000028d281bec30 JavaThread "Worker-4" [_thread_blocked, id=22216, stack(0x000000b857500000,0x000000b857600000)]
  0x0000028d29584220 JavaThread "Thread-2" daemon [_thread_in_native, id=8560, stack(0x000000b857800000,0x000000b857900000)]
  0x0000028d295823c0 JavaThread "Thread-3" daemon [_thread_in_native, id=10584, stack(0x000000b857900000,0x000000b857a00000)]
  0x0000028d29583d10 JavaThread "Thread-4" daemon [_thread_in_native, id=22380, stack(0x000000b857a00000,0x000000b857b00000)]
  0x0000028d295819a0 JavaThread "Thread-5" daemon [_thread_in_native, id=9760, stack(0x000000b857b00000,0x000000b857c00000)]
  0x0000028d295832f0 JavaThread "Thread-6" daemon [_thread_in_native, id=20468, stack(0x000000b857c00000,0x000000b857d00000)]
  0x0000028d29581eb0 JavaThread "Thread-7" daemon [_thread_in_native, id=11216, stack(0x000000b857d00000,0x000000b857e00000)]
  0x0000028d29585150 JavaThread "Thread-8" daemon [_thread_in_native, id=21228, stack(0x000000b857e00000,0x000000b857f00000)]
  0x0000028d295828d0 JavaThread "Thread-9" daemon [_thread_in_native, id=5848, stack(0x000000b857f00000,0x000000b858000000)]
  0x0000028d29583800 JavaThread "Thread-10" daemon [_thread_in_native, id=22136, stack(0x000000b858000000,0x000000b858100000)]
  0x0000028d29582de0 JavaThread "Thread-11" daemon [_thread_in_native, id=16452, stack(0x000000b858100000,0x000000b858200000)]
  0x0000028d29584730 JavaThread "Thread-12" daemon [_thread_in_native, id=9756, stack(0x000000b858200000,0x000000b858300000)]
  0x0000028d29584c40 JavaThread "Thread-13" daemon [_thread_in_native, id=20056, stack(0x000000b858300000,0x000000b858400000)]
  0x0000028d288623b0 JavaThread "Thread-14" daemon [_thread_in_native, id=21968, stack(0x000000b858400000,0x000000b858500000)]
  0x0000028d288628c0 JavaThread "pool-2-thread-1" [_thread_blocked, id=22364, stack(0x000000b858500000,0x000000b858600000)]
  0x0000028d28861990 JavaThread "WorkspaceEventsHandler" [_thread_blocked, id=17672, stack(0x000000b858600000,0x000000b858700000)]
  0x0000028d28861480 JavaThread "pool-1-thread-1" [_thread_blocked, id=6872, stack(0x000000b858700000,0x000000b858800000)]
  0x0000028d28864c30 JavaThread "Worker-5: Building" [_thread_in_vm, id=3272, stack(0x000000b858800000,0x000000b858900000)]
  0x0000028d28865140 JavaThread "Worker-6" [_thread_blocked, id=6128, stack(0x000000b858900000,0x000000b858a00000)]
  0x0000028d28864210 JavaThread "LocalFile Deleter" daemon [_thread_blocked, id=13856, stack(0x000000b858a00000,0x000000b858b00000)]
  0x0000028d28865650 JavaThread "LocalFile Deleter" daemon [_thread_blocked, id=8836, stack(0x000000b858b00000,0x000000b858c00000)]
  0x0000028d288632e0 JavaThread "LocalFile Deleter" daemon [_thread_blocked, id=12748, stack(0x000000b858c00000,0x000000b858d00000)]
  0x0000028d28865b60 JavaThread "LocalFile Deleter" daemon [_thread_blocked, id=13984, stack(0x000000b858d00000,0x000000b858e00000)]
  0x0000028d28866070 JavaThread "LocalFile Deleter" daemon [_thread_blocked, id=21308, stack(0x000000b858e00000,0x000000b858f00000)]
  0x0000028d28866580 JavaThread "LocalFile Deleter" daemon [_thread_blocked, id=22384, stack(0x000000b858f00000,0x000000b859000000)]
  0x0000028d28866a90 JavaThread "Compiler Source File Reader" daemon [_thread_blocked, id=12920, stack(0x000000b859000000,0x000000b859100000)]
  0x0000028d28866fa0 JavaThread "Compiler Source File Reader" daemon [_thread_blocked, id=5092, stack(0x000000b859100000,0x000000b859200000)]
  0x0000028d288637f0 JavaThread "Compiler Source File Reader" daemon [_thread_blocked, id=20616, stack(0x000000b859200000,0x000000b859300000)]
  0x0000028d288674b0 JavaThread "Compiler Source File Reader" daemon [_thread_blocked, id=14624, stack(0x000000b859300000,0x000000b859400000)]
  0x0000028d28863d00 JavaThread "Compiler Source File Reader" daemon [_thread_blocked, id=11976, stack(0x000000b859400000,0x000000b859500000)]
  0x0000028d288679c0 JavaThread "Compiler Source File Reader" daemon [_thread_blocked, id=22200, stack(0x000000b859500000,0x000000b859600000)]
  0x0000028d288688f0 JavaThread "Compiler Source File Reader" daemon [_thread_blocked, id=22176, stack(0x000000b859600000,0x000000b859700000)]
  0x0000028d28867ed0 JavaThread "Compiler Source File Reader" daemon [_thread_blocked, id=7900, stack(0x000000b859700000,0x000000b859800000)]
  0x0000028d288683e0 JavaThread "Compiler Source File Reader" daemon [_thread_blocked, id=10136, stack(0x000000b859800000,0x000000b859900000)]
  0x0000028d28868e00 JavaThread "Compiler Source File Reader" daemon [_thread_blocked, id=6780, stack(0x000000b859900000,0x000000b859a00000)]
  0x0000028d2a19a8c0 JavaThread "Compiler Processing Task" daemon [_thread_blocked, id=21600, stack(0x000000b856d00000,0x000000b856e00000)]
  0x0000028d2a199990 JavaThread "Compiler Class File Writer" daemon [_thread_blocked, id=12224, stack(0x000000b859a00000,0x000000b859b00000)]
  0x0000028d2a198f70 JavaThread "Compiler Class File Writer" daemon [_thread_blocked, id=11856, stack(0x000000b859b00000,0x000000b859c00000)]
  0x0000028d2a198a60 JavaThread "Compiler Class File Writer" daemon [_thread_blocked, id=2936, stack(0x000000b859c00000,0x000000b859d00000)]
  0x0000028d2a19a3b0 JavaThread "Compiler Class File Writer" daemon [_thread_blocked, id=7584, stack(0x000000b859d00000,0x000000b859e00000)]
  0x0000028d2a199ea0 JavaThread "Compiler Class File Writer" daemon [_thread_blocked, id=21356, stack(0x000000b859e00000,0x000000b859f00000)]
  0x0000028d2a19add0 JavaThread "Compiler Class File Writer" daemon [_thread_blocked, id=16284, stack(0x000000b859f00000,0x000000b85a000000)]
  0x0000028d2a197620 JavaThread "Compiler Class File Writer" daemon [_thread_blocked, id=8340, stack(0x000000b85a000000,0x000000b85a100000)]
  0x0000028d2a19b7f0 JavaThread "Compiler Class File Writer" daemon [_thread_blocked, id=20812, stack(0x000000b85a100000,0x000000b85a200000)]
  0x0000028d2a19b2e0 JavaThread "Compiler Class File Writer" daemon [_thread_blocked, id=7984, stack(0x000000b85a200000,0x000000b85a300000)]
  0x0000028d2a19bd00 JavaThread "Compiler Class File Writer" daemon [_thread_blocked, id=10460, stack(0x000000b85a300000,0x000000b85a400000)]
  0x0000028d2a198550 JavaThread "LocalFile Deleter" daemon [_thread_blocked, id=18784, stack(0x000000b85a400000,0x000000b85a500000)]
  0x0000028d2a19d140 JavaThread "LocalFile Deleter" daemon [_thread_blocked, id=17644, stack(0x000000b85a500000,0x000000b85a600000)]
  0x0000028d2a19cc30 JavaThread "LocalFile Deleter" daemon [_thread_blocked, id=18804, stack(0x000000b85a600000,0x000000b85a700000)]
  0x0000028d2a19efa0 JavaThread "LocalFile Deleter" daemon [_thread_blocked, id=5052, stack(0x000000b85a700000,0x000000b85a800000)]
  0x0000028d2a19c210 JavaThread "LocalFile Deleter" daemon [_thread_blocked, id=13924, stack(0x000000b85a800000,0x000000b85a900000)]
  0x0000028d2a19e070 JavaThread "LocalFile Deleter" daemon [_thread_blocked, id=15412, stack(0x000000b85a900000,0x000000b85aa00000)]

Other Threads:
  0x0000028d0c618d10 VMThread "VM Thread" [stack: 0x000000b854f00000,0x000000b855000000] [id=22396]
  0x0000028d260cecb0 WatcherThread [stack: 0x000000b855c00000,0x000000b855d00000] [id=22016]
  0x0000028d0c582840 GCTaskThread "GC Thread#0" [stack: 0x000000b854e00000,0x000000b854f00000] [id=4840]
  0x0000028d27d18b00 GCTaskThread "GC Thread#1" [stack: 0x000000b855e00000,0x000000b855f00000] [id=19560]
  0x0000028d279c73c0 GCTaskThread "GC Thread#2" [stack: 0x000000b855f00000,0x000000b856000000] [id=22192]
  0x0000028d278fb6a0 GCTaskThread "GC Thread#3" [stack: 0x000000b856000000,0x000000b856100000] [id=21192]
  0x0000028d278fb960 GCTaskThread "GC Thread#4" [stack: 0x000000b856100000,0x000000b856200000] [id=22008]
  0x0000028d278fbc20 GCTaskThread "GC Thread#5" [stack: 0x000000b856200000,0x000000b856300000] [id=21500]
  0x0000028d27a3e6a0 GCTaskThread "GC Thread#6" [stack: 0x000000b856700000,0x000000b856800000] [id=19592]
  0x0000028d27edf1c0 GCTaskThread "GC Thread#7" [stack: 0x000000b856800000,0x000000b856900000] [id=1180]
  0x0000028d284176d0 GCTaskThread "GC Thread#8" [stack: 0x000000b856a00000,0x000000b856b00000] [id=20548]
  0x0000028d28417990 GCTaskThread "GC Thread#9" [stack: 0x000000b856b00000,0x000000b856c00000] [id=3468]

Threads with active compile tasks:
C2 CompilerThread0    11141 8583       4       org.eclipse.jdt.internal.core.search.indexing.AddJrtToIndex$JrtTraverser::visitFile (14 bytes)
C1 CompilerThread0    11141 8665       2       java.lang.invoke.InvokerBytecodeGenerator::classDataValues (265 bytes)
C2 CompilerThread1    11141 8611   !   4       org.eclipse.osgi.internal.loader.classpath.ClasspathManager::findClassImpl (308 bytes)
C2 CompilerThread2    11142 8406       4       org.eclipse.jdt.internal.compiler.lookup.BinaryTypeBinding::createMethod (1724 bytes)

VM state: not at safepoint (normal execution)

VM Mutex/Monitor currently owned by a thread: None

Heap address: 0x00000000c0000000, size: 1024 MB, Compressed Oops mode: 32-bit

CDS archive(s) not mapped
Compressed class space mapped at: 0x0000000100000000-0x0000000140000000, reserved size: 1073741824
Narrow klass base: 0x0000000000000000, Narrow klass shift: 3, Narrow klass range: 0x140000000

GC Precious Log:
 CPUs: 12 total, 12 available
 Memory: 7860M
 Large Page Support: Disabled
 NUMA Support: Disabled
 Compressed Oops: Enabled (32-bit)
 Alignments: Space 512K, Generation 512K, Heap 2M
 Heap Min Capacity: 100M
 Heap Initial Capacity: 100M
 Heap Max Capacity: 1G
 Pre-touch: Disabled
 Parallel Workers: 10

Heap:
 PSYoungGen      total 13824K, used 2877K [0x00000000eab00000, 0x00000000eba80000, 0x0000000100000000)
  eden space 11776K, 9% used [0x00000000eab00000,0x00000000eac105a0,0x00000000eb680000)
  from space 2048K, 87% used [0x00000000eb680000,0x00000000eb83ef88,0x00000000eb880000)
  to   space 2048K, 0% used [0x00000000eb880000,0x00000000eb880000,0x00000000eba80000)
 ParOldGen       total 119296K, used 118563K [0x00000000c0000000, 0x00000000c7480000, 0x00000000eab00000)
  object space 119296K, 99% used [0x00000000c0000000,0x00000000c73c8fe0,0x00000000c7480000)
 Metaspace       used 64275K, committed 65472K, reserved 1114112K
  class space    used 6786K, committed 7360K, reserved 1048576K

Card table byte_map: [0x0000028d1e4b0000,0x0000028d1e6c0000] _byte_map_base: 0x0000028d1deb0000

Marking Bits: (ParMarkBitMap*) 0x00007ffcdd7c6940
 Begin Bits: [0x0000028d1e820000, 0x0000028d1f820000)
 End Bits:   [0x0000028d1f820000, 0x0000028d20820000)

Polling page: 0x0000028d0ad10000

Metaspace:

Usage:
  Non-class:     56.14 MB used.
      Class:      6.63 MB used.
       Both:     62.77 MB used.

Virtual space:
  Non-class space:       64.00 MB reserved,      56.75 MB ( 89%) committed,  1 nodes.
      Class space:        1.00 GB reserved,       7.19 MB ( <1%) committed,  1 nodes.
             Both:        1.06 GB reserved,      63.94 MB (  6%) committed. 

Chunk freelists:
   Non-Class:  7.19 MB
       Class:  8.87 MB
        Both:  16.07 MB

MaxMetaspaceSize: unlimited
CompressedClassSpaceSize: 1.00 GB
Initial GC threshold: 21.00 MB
Current GC threshold: 103.25 MB
CDS: off
MetaspaceReclaimPolicy: balanced
 - commit_granule_bytes: 65536.
 - commit_granule_words: 8192.
 - virtual_space_node_default_size: 8388608.
 - enlarge_chunks_in_place: 1.
 - new_chunks_are_fully_committed: 0.
 - uncommit_free_chunks: 1.
 - use_allocation_guard: 0.
 - handle_deallocations: 1.


Internal statistics:

num_allocs_failed_limit: 8.
num_arena_births: 838.
num_arena_deaths: 14.
num_vsnodes_births: 2.
num_vsnodes_deaths: 0.
num_space_committed: 1023.
num_space_uncommitted: 0.
num_chunks_returned_to_freelist: 22.
num_chunks_taken_from_freelist: 3609.
num_chunk_merges: 13.
num_chunk_splits: 2157.
num_chunks_enlarged: 1073.
num_inconsistent_stats: 0.

CodeHeap 'non-profiled nmethods': size=120000Kb used=3858Kb max_used=3858Kb free=116141Kb
 bounds [0x0000028d16da0000, 0x0000028d17170000, 0x0000028d1e2d0000]
CodeHeap 'profiled nmethods': size=120000Kb used=14249Kb max_used=15541Kb free=105750Kb
 bounds [0x0000028d0f2d0000, 0x0000028d10200000, 0x0000028d16800000]
CodeHeap 'non-nmethods': size=5760Kb used=1348Kb max_used=1401Kb free=4411Kb
 bounds [0x0000028d16800000, 0x0000028d16a70000, 0x0000028d16da0000]
 total_blobs=7647 nmethods=6955 adapters=606
 compilation: enabled
              stopped_count=0, restarted_count=0
 full_count=0

Compilation events (20 events):
Event: 10.894 Thread 0x0000028d25d862c0 nmethod 8622 0x0000028d0ff94a10 code [0x0000028d0ff94bc0, 0x0000028d0ff94e18]
Event: 10.895 Thread 0x0000028d2825a870 8611   !   4       org.eclipse.osgi.internal.loader.classpath.ClasspathManager::findClassImpl (308 bytes)
Event: 10.903 Thread 0x0000028d25d862c0 8623       3       java.util.zip.ZipFile::getZipEntry (322 bytes)
Event: 10.906 Thread 0x0000028d25d862c0 nmethod 8623 0x0000028d0fd35810 code [0x0000028d0fd35c60, 0x0000028d0fd381b8]
Event: 10.924 Thread 0x0000028d25d862c0 8625       3       java.util.regex.Pattern$$Lambda$24/0x00000001000b5330::is (5 bytes)
Event: 10.925 Thread 0x0000028d25d862c0 nmethod 8625 0x0000028d0fff9290 code [0x0000028d0fff9440, 0x0000028d0fff96b8]
Event: 10.925 Thread 0x0000028d25d862c0 8626       3       java.util.regex.Pattern::lambda$DOT$4 (34 bytes)
Event: 10.925 Thread 0x0000028d25d862c0 nmethod 8626 0x0000028d0fcb0410 code [0x0000028d0fcb05a0, 0x0000028d0fcb0798]
Event: 10.925 Thread 0x0000028d25d862c0 8627       3       org.eclipse.sisu.inject.Implementations::getAnnotation (102 bytes)
Event: 10.926 Thread 0x0000028d25d862c0 nmethod 8627 0x0000028d0f8b4610 code [0x0000028d0f8b4860, 0x0000028d0f8b5338]
Event: 10.926 Thread 0x0000028d25d862c0 8630       3       com.google.inject.spi.InjectionPoint::hashCode (16 bytes)
Event: 10.926 Thread 0x0000028d25d862c0 nmethod 8630 0x0000028d0ffff390 code [0x0000028d0ffff540, 0x0000028d0ffff748]
Event: 10.927 Thread 0x0000028d25d862c0 8628       3       com.google.common.collect.AbstractMapBasedMultimap$WrappedList::get (15 bytes)
Event: 10.927 Thread 0x0000028d25d862c0 nmethod 8628 0x0000028d0faf0590 code [0x0000028d0faf0760, 0x0000028d0faf0c58]
Event: 10.927 Thread 0x0000028d25d862c0 8629       3       com.google.common.collect.AbstractMapBasedMultimap$WrappedList::getListDelegate (8 bytes)
Event: 10.927 Thread 0x0000028d25d862c0 nmethod 8629 0x0000028d0ff3ab10 code [0x0000028d0ff3aca0, 0x0000028d0ff3af38]
Event: 10.928 Thread 0x0000028d25d862c0 8631       3       java.lang.ClassValue$Entry::<init> (11 bytes)
Event: 10.928 Thread 0x0000028d25d862c0 nmethod 8631 0x0000028d0ff97610 code [0x0000028d0ff977c0, 0x0000028d0ff97ad8]
Event: 10.931 Thread 0x0000028d25d862c0 8633       2       java.text.MessageFormat::applyPattern (422 bytes)
Event: 10.934 Thread 0x0000028d25d862c0 nmethod 8633 0x0000028d0f5dc990 code [0x0000028d0f5dcc80, 0x0000028d0f5ddf08]

GC Heap History (20 events):
Event: 10.132 GC heap before
{Heap before GC invocations=59 (full 4):
 PSYoungGen      total 15360K, used 15121K [0x00000000eab00000, 0x00000000ebe00000, 0x0000000100000000)
  eden space 12800K, 100% used [0x00000000eab00000,0x00000000eb780000,0x00000000eb780000)
  from space 2560K, 90% used [0x00000000ebb80000,0x00000000ebdc4408,0x00000000ebe00000)
  to   space 2560K, 0% used [0x00000000eb900000,0x00000000eb900000,0x00000000ebb80000)
 ParOldGen       total 119296K, used 96905K [0x00000000c0000000, 0x00000000c7480000, 0x00000000eab00000)
  object space 119296K, 81% used [0x00000000c0000000,0x00000000c5ea2540,0x00000000c7480000)
 Metaspace       used 63047K, committed 64256K, reserved 1114112K
  class space    used 6687K, committed 7232K, reserved 1048576K
}
Event: 10.136 GC heap after
{Heap after GC invocations=59 (full 4):
 PSYoungGen      total 15360K, used 2272K [0x00000000eab00000, 0x00000000ebc80000, 0x0000000100000000)
  eden space 12800K, 0% used [0x00000000eab00000,0x00000000eab00000,0x00000000eb780000)
  from space 2560K, 88% used [0x00000000eb900000,0x00000000ebb38000,0x00000000ebb80000)
  to   space 1024K, 0% used [0x00000000ebb80000,0x00000000ebb80000,0x00000000ebc80000)
 ParOldGen       total 119296K, used 99098K [0x00000000c0000000, 0x00000000c7480000, 0x00000000eab00000)
  object space 119296K, 83% used [0x00000000c0000000,0x00000000c60c68a0,0x00000000c7480000)
 Metaspace       used 63047K, committed 64256K, reserved 1114112K
  class space    used 6687K, committed 7232K, reserved 1048576K
}
Event: 10.227 GC heap before
{Heap before GC invocations=60 (full 4):
 PSYoungGen      total 15360K, used 15072K [0x00000000eab00000, 0x00000000ebc80000, 0x0000000100000000)
  eden space 12800K, 100% used [0x00000000eab00000,0x00000000eb780000,0x00000000eb780000)
  from space 2560K, 88% used [0x00000000eb900000,0x00000000ebb38000,0x00000000ebb80000)
  to   space 1024K, 0% used [0x00000000ebb80000,0x00000000ebb80000,0x00000000ebc80000)
 ParOldGen       total 119296K, used 99098K [0x00000000c0000000, 0x00000000c7480000, 0x00000000eab00000)
  object space 119296K, 83% used [0x00000000c0000000,0x00000000c60c68a0,0x00000000c7480000)
 Metaspace       used 63061K, committed 64256K, reserved 1114112K
  class space    used 6687K, committed 7232K, reserved 1048576K
}
Event: 10.231 GC heap after
{Heap after GC invocations=60 (full 4):
 PSYoungGen      total 12800K, used 1000K [0x00000000eab00000, 0x00000000ec180000, 0x0000000100000000)
  eden space 11776K, 0% used [0x00000000eab00000,0x00000000eab00000,0x00000000eb680000)
  from space 1024K, 97% used [0x00000000ebb80000,0x00000000ebc7a230,0x00000000ebc80000)
  to   space 5120K, 0% used [0x00000000eb680000,0x00000000eb680000,0x00000000ebb80000)
 ParOldGen       total 119296K, used 102679K [0x00000000c0000000, 0x00000000c7480000, 0x00000000eab00000)
  object space 119296K, 86% used [0x00000000c0000000,0x00000000c6445c20,0x00000000c7480000)
 Metaspace       used 63061K, committed 64256K, reserved 1114112K
  class space    used 6687K, committed 7232K, reserved 1048576K
}
Event: 10.382 GC heap before
{Heap before GC invocations=61 (full 4):
 PSYoungGen      total 12800K, used 12776K [0x00000000eab00000, 0x00000000ec180000, 0x0000000100000000)
  eden space 11776K, 100% used [0x00000000eab00000,0x00000000eb680000,0x00000000eb680000)
  from space 1024K, 97% used [0x00000000ebb80000,0x00000000ebc7a230,0x00000000ebc80000)
  to   space 5120K, 0% used [0x00000000eb680000,0x00000000eb680000,0x00000000ebb80000)
 ParOldGen       total 119296K, used 102679K [0x00000000c0000000, 0x00000000c7480000, 0x00000000eab00000)
  object space 119296K, 86% used [0x00000000c0000000,0x00000000c6445c20,0x00000000c7480000)
 Metaspace       used 63177K, committed 64384K, reserved 1114112K
  class space    used 6689K, committed 7232K, reserved 1048576K
}
Event: 10.386 GC heap after
{Heap after GC invocations=61 (full 4):
 PSYoungGen      total 14336K, used 2100K [0x00000000eab00000, 0x00000000ebc80000, 0x0000000100000000)
  eden space 11776K, 0% used [0x00000000eab00000,0x00000000eab00000,0x00000000eb680000)
  from space 2560K, 82% used [0x00000000eb680000,0x00000000eb88d260,0x00000000eb900000)
  to   space 3072K, 0% used [0x00000000eb980000,0x00000000eb980000,0x00000000ebc80000)
 ParOldGen       total 119296K, used 103637K [0x00000000c0000000, 0x00000000c7480000, 0x00000000eab00000)
  object space 119296K, 86% used [0x00000000c0000000,0x00000000c65355e0,0x00000000c7480000)
 Metaspace       used 63177K, committed 64384K, reserved 1114112K
  class space    used 6689K, committed 7232K, reserved 1048576K
}
Event: 10.461 GC heap before
{Heap before GC invocations=62 (full 4):
 PSYoungGen      total 14336K, used 13876K [0x00000000eab00000, 0x00000000ebc80000, 0x0000000100000000)
  eden space 11776K, 100% used [0x00000000eab00000,0x00000000eb680000,0x00000000eb680000)
  from space 2560K, 82% used [0x00000000eb680000,0x00000000eb88d260,0x00000000eb900000)
  to   space 3072K, 0% used [0x00000000eb980000,0x00000000eb980000,0x00000000ebc80000)
 ParOldGen       total 119296K, used 103637K [0x00000000c0000000, 0x00000000c7480000, 0x00000000eab00000)
  object space 119296K, 86% used [0x00000000c0000000,0x00000000c65355e0,0x00000000c7480000)
 Metaspace       used 63205K, committed 64384K, reserved 1114112K
  class space    used 6689K, committed 7232K, reserved 1048576K
}
Event: 10.463 GC heap after
{Heap after GC invocations=62 (full 4):
 PSYoungGen      total 14336K, used 2054K [0x00000000eab00000, 0x00000000ebc00000, 0x0000000100000000)
  eden space 11776K, 0% used [0x00000000eab00000,0x00000000eab00000,0x00000000eb680000)
  from space 2560K, 80% used [0x00000000eb980000,0x00000000ebb81ae0,0x00000000ebc00000)
  to   space 2560K, 0% used [0x00000000eb680000,0x00000000eb680000,0x00000000eb900000)
 ParOldGen       total 119296K, used 105541K [0x00000000c0000000, 0x00000000c7480000, 0x00000000eab00000)
  object space 119296K, 88% used [0x00000000c0000000,0x00000000c6711408,0x00000000c7480000)
 Metaspace       used 63205K, committed 64384K, reserved 1114112K
  class space    used 6689K, committed 7232K, reserved 1048576K
}
Event: 10.549 GC heap before
{Heap before GC invocations=63 (full 4):
 PSYoungGen      total 14336K, used 13830K [0x00000000eab00000, 0x00000000ebc00000, 0x0000000100000000)
  eden space 11776K, 100% used [0x00000000eab00000,0x00000000eb680000,0x00000000eb680000)
  from space 2560K, 80% used [0x00000000eb980000,0x00000000ebb81ae0,0x00000000ebc00000)
  to   space 2560K, 0% used [0x00000000eb680000,0x00000000eb680000,0x00000000eb900000)
 ParOldGen       total 119296K, used 105541K [0x00000000c0000000, 0x00000000c7480000, 0x00000000eab00000)
  object space 119296K, 88% used [0x00000000c0000000,0x00000000c6711408,0x00000000c7480000)
 Metaspace       used 63245K, committed 64448K, reserved 1114112K
  class space    used 6689K, committed 7232K, reserved 1048576K
}
Event: 10.552 GC heap after
{Heap after GC invocations=63 (full 4):
 PSYoungGen      total 14336K, used 2176K [0x00000000eab00000, 0x00000000ebb80000, 0x0000000100000000)
  eden space 11776K, 0% used [0x00000000eab00000,0x00000000eab00000,0x00000000eb680000)
  from space 2560K, 85% used [0x00000000eb680000,0x00000000eb8a0018,0x00000000eb900000)
  to   space 2560K, 0% used [0x00000000eb900000,0x00000000eb900000,0x00000000ebb80000)
 ParOldGen       total 119296K, used 107381K [0x00000000c0000000, 0x00000000c7480000, 0x00000000eab00000)
  object space 119296K, 90% used [0x00000000c0000000,0x00000000c68dd450,0x00000000c7480000)
 Metaspace       used 63245K, committed 64448K, reserved 1114112K
  class space    used 6689K, committed 7232K, reserved 1048576K
}
Event: 10.618 GC heap before
{Heap before GC invocations=64 (full 4):
 PSYoungGen      total 14336K, used 13952K [0x00000000eab00000, 0x00000000ebb80000, 0x0000000100000000)
  eden space 11776K, 100% used [0x00000000eab00000,0x00000000eb680000,0x00000000eb680000)
  from space 2560K, 85% used [0x00000000eb680000,0x00000000eb8a0018,0x00000000eb900000)
  to   space 2560K, 0% used [0x00000000eb900000,0x00000000eb900000,0x00000000ebb80000)
 ParOldGen       total 119296K, used 107381K [0x00000000c0000000, 0x00000000c7480000, 0x00000000eab00000)
  object space 119296K, 90% used [0x00000000c0000000,0x00000000c68dd450,0x00000000c7480000)
 Metaspace       used 63269K, committed 64448K, reserved 1114112K
  class space    used 6689K, committed 7232K, reserved 1048576K
}
Event: 10.621 GC heap after
{Heap after GC invocations=64 (full 4):
 PSYoungGen      total 14336K, used 2113K [0x00000000eab00000, 0x00000000ebb80000, 0x0000000100000000)
  eden space 11776K, 0% used [0x00000000eab00000,0x00000000eab00000,0x00000000eb680000)
  from space 2560K, 82% used [0x00000000eb900000,0x00000000ebb10638,0x00000000ebb80000)
  to   space 2560K, 0% used [0x00000000eb680000,0x00000000eb680000,0x00000000eb900000)
 ParOldGen       total 119296K, used 109407K [0x00000000c0000000, 0x00000000c7480000, 0x00000000eab00000)
  object space 119296K, 91% used [0x00000000c0000000,0x00000000c6ad7ec8,0x00000000c7480000)
 Metaspace       used 63269K, committed 64448K, reserved 1114112K
  class space    used 6689K, committed 7232K, reserved 1048576K
}
Event: 10.679 GC heap before
{Heap before GC invocations=65 (full 4):
 PSYoungGen      total 14336K, used 13889K [0x00000000eab00000, 0x00000000ebb80000, 0x0000000100000000)
  eden space 11776K, 100% used [0x00000000eab00000,0x00000000eb680000,0x00000000eb680000)
  from space 2560K, 82% used [0x00000000eb900000,0x00000000ebb10638,0x00000000ebb80000)
  to   space 2560K, 0% used [0x00000000eb680000,0x00000000eb680000,0x00000000eb900000)
 ParOldGen       total 119296K, used 109411K [0x00000000c0000000, 0x00000000c7480000, 0x00000000eab00000)
  object space 119296K, 91% used [0x00000000c0000000,0x00000000c6ad8ee0,0x00000000c7480000)
 Metaspace       used 63385K, committed 64576K, reserved 1114112K
  class space    used 6702K, committed 7232K, reserved 1048576K
}
Event: 10.682 GC heap after
{Heap after GC invocations=65 (full 4):
 PSYoungGen      total 14336K, used 2094K [0x00000000eab00000, 0x00000000ebb80000, 0x0000000100000000)
  eden space 11776K, 0% used [0x00000000eab00000,0x00000000eab00000,0x00000000eb680000)
  from space 2560K, 81% used [0x00000000eb680000,0x00000000eb88b820,0x00000000eb900000)
  to   space 2560K, 0% used [0x00000000eb900000,0x00000000eb900000,0x00000000ebb80000)
 ParOldGen       total 119296K, used 111284K [0x00000000c0000000, 0x00000000c7480000, 0x00000000eab00000)
  object space 119296K, 93% used [0x00000000c0000000,0x00000000c6cad360,0x00000000c7480000)
 Metaspace       used 63385K, committed 64576K, reserved 1114112K
  class space    used 6702K, committed 7232K, reserved 1048576K
}
Event: 10.749 GC heap before
{Heap before GC invocations=66 (full 4):
 PSYoungGen      total 14336K, used 13870K [0x00000000eab00000, 0x00000000ebb80000, 0x0000000100000000)
  eden space 11776K, 100% used [0x00000000eab00000,0x00000000eb680000,0x00000000eb680000)
  from space 2560K, 81% used [0x00000000eb680000,0x00000000eb88b820,0x00000000eb900000)
  to   space 2560K, 0% used [0x00000000eb900000,0x00000000eb900000,0x00000000ebb80000)
 ParOldGen       total 119296K, used 111286K [0x00000000c0000000, 0x00000000c7480000, 0x00000000eab00000)
  object space 119296K, 93% used [0x00000000c0000000,0x00000000c6cadba8,0x00000000c7480000)
 Metaspace       used 63446K, committed 64640K, reserved 1114112K
  class space    used 6707K, committed 7232K, reserved 1048576K
}
Event: 10.752 GC heap after
{Heap after GC invocations=66 (full 4):
 PSYoungGen      total 14336K, used 2083K [0x00000000eab00000, 0x00000000ebb80000, 0x0000000100000000)
  eden space 11776K, 0% used [0x00000000eab00000,0x00000000eab00000,0x00000000eb680000)
  from space 2560K, 81% used [0x00000000eb900000,0x00000000ebb08e10,0x00000000ebb80000)
  to   space 2560K, 0% used [0x00000000eb680000,0x00000000eb680000,0x00000000eb900000)
 ParOldGen       total 119296K, used 113274K [0x00000000c0000000, 0x00000000c7480000, 0x00000000eab00000)
  object space 119296K, 94% used [0x00000000c0000000,0x00000000c6e9e978,0x00000000c7480000)
 Metaspace       used 63446K, committed 64640K, reserved 1114112K
  class space    used 6707K, committed 7232K, reserved 1048576K
}
Event: 10.836 GC heap before
{Heap before GC invocations=67 (full 4):
 PSYoungGen      total 14336K, used 13856K [0x00000000eab00000, 0x00000000ebb80000, 0x0000000100000000)
  eden space 11776K, 99% used [0x00000000eab00000,0x00000000eb67f500,0x00000000eb680000)
  from space 2560K, 81% used [0x00000000eb900000,0x00000000ebb08e10,0x00000000ebb80000)
  to   space 2560K, 0% used [0x00000000eb680000,0x00000000eb680000,0x00000000eb900000)
 ParOldGen       total 119296K, used 113282K [0x00000000c0000000, 0x00000000c7480000, 0x00000000eab00000)
  object space 119296K, 94% used [0x00000000c0000000,0x00000000c6ea0b48,0x00000000c7480000)
 Metaspace       used 63628K, committed 64832K, reserved 1114112K
  class space    used 6723K, committed 7232K, reserved 1048576K
}
Event: 10.839 GC heap after
{Heap after GC invocations=67 (full 4):
 PSYoungGen      total 13824K, used 1941K [0x00000000eab00000, 0x00000000eba80000, 0x0000000100000000)
  eden space 11776K, 0% used [0x00000000eab00000,0x00000000eab00000,0x00000000eb680000)
  from space 2048K, 94% used [0x00000000eb680000,0x00000000eb865738,0x00000000eb880000)
  to   space 2048K, 0% used [0x00000000eb880000,0x00000000eb880000,0x00000000eba80000)
 ParOldGen       total 119296K, used 115147K [0x00000000c0000000, 0x00000000c7480000, 0x00000000eab00000)
  object space 119296K, 96% used [0x00000000c0000000,0x00000000c7072f40,0x00000000c7480000)
 Metaspace       used 63628K, committed 64832K, reserved 1114112K
  class space    used 6723K, committed 7232K, reserved 1048576K
}
Event: 10.896 GC heap before
{Heap before GC invocations=68 (full 4):
 PSYoungGen      total 13824K, used 13717K [0x00000000eab00000, 0x00000000eba80000, 0x0000000100000000)
  eden space 11776K, 100% used [0x00000000eab00000,0x00000000eb680000,0x00000000eb680000)
  from space 2048K, 94% used [0x00000000eb680000,0x00000000eb865738,0x00000000eb880000)
  to   space 2048K, 0% used [0x00000000eb880000,0x00000000eb880000,0x00000000eba80000)
 ParOldGen       total 119296K, used 115159K [0x00000000c0000000, 0x00000000c7480000, 0x00000000eab00000)
  object space 119296K, 96% used [0x00000000c0000000,0x00000000c7075c10,0x00000000c7480000)
 Metaspace       used 63915K, committed 65152K, reserved 1114112K
  class space    used 6752K, committed 7296K, reserved 1048576K
}
Event: 10.899 GC heap after
{Heap after GC invocations=68 (full 4):
 PSYoungGen      total 13824K, used 1827K [0x00000000eab00000, 0x00000000eba80000, 0x0000000100000000)
  eden space 11776K, 0% used [0x00000000eab00000,0x00000000eab00000,0x00000000eb680000)
  from space 2048K, 89% used [0x00000000eb880000,0x00000000eba48d50,0x00000000eba80000)
  to   space 2048K, 0% used [0x00000000eb680000,0x00000000eb680000,0x00000000eb880000)
 ParOldGen       total 119296K, used 116889K [0x00000000c0000000, 0x00000000c7480000, 0x00000000eab00000)
  object space 119296K, 97% used [0x00000000c0000000,0x00000000c7226670,0x00000000c7480000)
 Metaspace       used 63915K, committed 65152K, reserved 1114112K
  class space    used 6752K, committed 7296K, reserved 1048576K
}

Dll operation events (10 events):
Event: 0.012 Loaded shared library c:\Users\Nicolas Gabriel\.vscode\extensions\redhat.java-1.36.0-win32-x64\jre\17.0.13-win32-x86_64\bin\java.dll
Event: 0.153 Loaded shared library c:\Users\Nicolas Gabriel\.vscode\extensions\redhat.java-1.36.0-win32-x64\jre\17.0.13-win32-x86_64\bin\zip.dll
Event: 0.157 Loaded shared library C:\Users\Nicolas Gabriel\.vscode\extensions\redhat.java-1.36.0-win32-x64\jre\17.0.13-win32-x86_64\bin\instrument.dll
Event: 0.174 Loaded shared library C:\Users\Nicolas Gabriel\.vscode\extensions\redhat.java-1.36.0-win32-x64\jre\17.0.13-win32-x86_64\bin\net.dll
Event: 0.177 Loaded shared library C:\Users\Nicolas Gabriel\.vscode\extensions\redhat.java-1.36.0-win32-x64\jre\17.0.13-win32-x86_64\bin\nio.dll
Event: 0.187 Loaded shared library C:\Users\Nicolas Gabriel\.vscode\extensions\redhat.java-1.36.0-win32-x64\jre\17.0.13-win32-x86_64\bin\zip.dll
Event: 0.203 Loaded shared library C:\Users\Nicolas Gabriel\.vscode\extensions\redhat.java-1.36.0-win32-x64\jre\17.0.13-win32-x86_64\bin\jimage.dll
Event: 0.257 Loaded shared library c:\Users\Nicolas Gabriel\.vscode\extensions\redhat.java-1.36.0-win32-x64\jre\17.0.13-win32-x86_64\bin\verify.dll
Event: 1.125 Loaded shared library C:\Users\Nicolas Gabriel\AppData\Roaming\Code\User\globalStorage\redhat.java\1.36.0\config_win\org.eclipse.equinox.launcher\org.eclipse.equinox.launcher.win32.win32.x86_64_1.2.1100.v20240722-2106\eclipse_11904.dll
Event: 2.738 Loaded shared library C:\Users\Nicolas Gabriel\AppData\Local\Temp\jna--441322147\jna16229551214543706196.dll

Deoptimization events (20 events):
Event: 10.677 Thread 0x0000028d2a19a8c0 Uncommon trap: trap_request=0xffffff45 fr.pc=0x0000028d16e20318 relative=0x0000000000000258
Event: 10.677 Thread 0x0000028d2a19a8c0 Uncommon trap: reason=unstable_if action=reinterpret pc=0x0000028d16e20318 method=java.util.HashMap.getNode(Ljava/lang/Object;)Ljava/util/HashMap$Node; @ 66 c2
Event: 10.677 Thread 0x0000028d2a19a8c0 DEOPT PACKING pc=0x0000028d16e20318 sp=0x000000b856dfe790
Event: 10.677 Thread 0x0000028d2a19a8c0 DEOPT UNPACKING pc=0x0000028d168566a3 sp=0x000000b856dfe720 mode 2
Event: 10.684 Thread 0x0000028d2a19a8c0 Uncommon trap: trap_request=0xffffff45 fr.pc=0x0000028d16e21794 relative=0x0000000000000254
Event: 10.684 Thread 0x0000028d2a19a8c0 Uncommon trap: reason=unstable_if action=reinterpret pc=0x0000028d16e21794 method=java.util.HashMap.getNode(Ljava/lang/Object;)Ljava/util/HashMap$Node; @ 66 c2
Event: 10.684 Thread 0x0000028d2a19a8c0 DEOPT PACKING pc=0x0000028d16e21794 sp=0x000000b856dfe9e0
Event: 10.684 Thread 0x0000028d2a19a8c0 DEOPT UNPACKING pc=0x0000028d168566a3 sp=0x000000b856dfe900 mode 2
Event: 10.738 Thread 0x0000028d2a19a8c0 Uncommon trap: trap_request=0xffffff76 fr.pc=0x0000028d16f8faf8 relative=0x00000000000004b8
Event: 10.738 Thread 0x0000028d2a19a8c0 Uncommon trap: reason=predicate action=maybe_recompile pc=0x0000028d16f8faf8 method=java.util.TimSort.reverseRange([Ljava/lang/Object;II)V @ 5 c2
Event: 10.738 Thread 0x0000028d2a19a8c0 DEOPT PACKING pc=0x0000028d16f8faf8 sp=0x000000b856dfe2d0
Event: 10.738 Thread 0x0000028d2a19a8c0 DEOPT UNPACKING pc=0x0000028d168566a3 sp=0x000000b856dfe1e8 mode 2
Event: 10.870 Thread 0x0000028d28864c30 Uncommon trap: trap_request=0xffffff45 fr.pc=0x0000028d1701ae48 relative=0x0000000000000848
Event: 10.870 Thread 0x0000028d28864c30 Uncommon trap: reason=unstable_if action=reinterpret pc=0x0000028d1701ae48 method=sun.nio.cs.StreamDecoder.implRead([CII)I @ 36 c2
Event: 10.870 Thread 0x0000028d28864c30 DEOPT PACKING pc=0x0000028d1701ae48 sp=0x000000b8588fd340
Event: 10.870 Thread 0x0000028d28864c30 DEOPT UNPACKING pc=0x0000028d168566a3 sp=0x000000b8588fd2e0 mode 2
Event: 10.922 Thread 0x0000028d28864c30 Uncommon trap: trap_request=0xffffff45 fr.pc=0x0000028d16dcca0c relative=0x000000000000046c
Event: 10.922 Thread 0x0000028d28864c30 Uncommon trap: reason=unstable_if action=reinterpret pc=0x0000028d16dcca0c method=java.lang.String.replace(CC)Ljava/lang/String; @ 2 c2
Event: 10.923 Thread 0x0000028d28864c30 DEOPT PACKING pc=0x0000028d16dcca0c sp=0x000000b8588fd460
Event: 10.923 Thread 0x0000028d28864c30 DEOPT UNPACKING pc=0x0000028d168566a3 sp=0x000000b8588fd410 mode 2

Classes loaded (20 events):
Event: 8.939 Loading class java/nio/file/Files$2
Event: 8.939 Loading class java/nio/file/Files$2 done
Event: 9.030 Loading class java/util/concurrent/ArrayBlockingQueue
Event: 9.031 Loading class java/util/concurrent/ArrayBlockingQueue done
Event: 9.064 Loading class java/util/stream/ReferencePipeline$4
Event: 9.064 Loading class java/util/stream/ReferencePipeline$4 done
Event: 9.065 Loading class java/util/stream/Nodes$IntFixedNodeBuilder
Event: 9.065 Loading class java/util/stream/Node$Builder$OfInt
Event: 9.066 Loading class java/util/stream/Node$Builder$OfInt done
Event: 9.066 Loading class java/util/stream/Nodes$IntArrayNode
Event: 9.066 Loading class java/util/stream/Nodes$IntArrayNode done
Event: 9.066 Loading class java/util/stream/Nodes$IntFixedNodeBuilder done
Event: 9.066 Loading class java/util/stream/ReferencePipeline$4$1
Event: 9.067 Loading class java/util/stream/ReferencePipeline$4$1 done
Event: 9.283 Loading class java/util/Hashtable$ValueCollection
Event: 9.284 Loading class java/util/Hashtable$ValueCollection done
Event: 9.288 Loading class java/util/concurrent/ConcurrentHashMap$KeySpliterator
Event: 9.288 Loading class java/util/concurrent/ConcurrentHashMap$KeySpliterator done
Event: 9.298 Loading class java/nio/channels/Channels$1
Event: 9.299 Loading class java/nio/channels/Channels$1 done

Classes unloaded (7 events):
Event: 4.081 Thread 0x0000028d0c618d10 Unloading class 0x0000000100252000 'java/lang/invoke/LambdaForm$MH+0x0000000100252000'
Event: 4.081 Thread 0x0000028d0c618d10 Unloading class 0x0000000100251c00 'java/lang/invoke/LambdaForm$MH+0x0000000100251c00'
Event: 4.081 Thread 0x0000028d0c618d10 Unloading class 0x0000000100251800 'java/lang/invoke/LambdaForm$MH+0x0000000100251800'
Event: 4.081 Thread 0x0000028d0c618d10 Unloading class 0x0000000100251400 'java/lang/invoke/LambdaForm$MH+0x0000000100251400'
Event: 4.081 Thread 0x0000028d0c618d10 Unloading class 0x0000000100251000 'java/lang/invoke/LambdaForm$BMH+0x0000000100251000'
Event: 4.081 Thread 0x0000028d0c618d10 Unloading class 0x0000000100250c00 'java/lang/invoke/LambdaForm$DMH+0x0000000100250c00'
Event: 4.081 Thread 0x0000028d0c618d10 Unloading class 0x000000010024c400 'java/lang/invoke/LambdaForm$DMH+0x000000010024c400'

Classes redefined (0 events):
No events

Internal exceptions (20 events):
Event: 6.577 Thread 0x0000028d281bf140 Exception <a 'java/lang/ExceptionInInitializerError'{0x00000000eb96d648}> (0x00000000eb96d648) 
thrown [s\src\hotspot\share\oops\instanceKlass.cpp, line 1218]
Event: 6.626 Thread 0x0000028d281bf140 Implicit null exception at 0x0000028d16ec99af to 0x0000028d16ec9b3c
Event: 6.626 Thread 0x0000028d281bf140 Implicit null exception at 0x0000028d16e34389 to 0x0000028d16e355dc
Event: 6.629 Thread 0x0000028d281bf140 Exception <a 'java/lang/NoSuchMethodError'{0x00000000eb751738}: 'java.lang.Object java.lang.invoke.Invokers$Holder.invokeExact_MT(java.lang.Object, int, java.lang.Object)'> (0x00000000eb751738) 
thrown [s\src\hotspot\share\interpreter\linkResolver.cpp, line 759]
Event: 8.575 Thread 0x0000028d281bf140 Exception <a 'java/lang/NoClassDefFoundError'{0x00000000eb114158}: com/google/inject/servlet/ServletModuleTargetVisitor> (0x00000000eb114158) 
thrown [s\src\hotspot\share\classfile\systemDictionary.cpp, line 245]
Event: 8.942 Thread 0x0000028d28864c30 Exception <a 'java/lang/NoSuchMethodError'{0x00000000eb28e780}: 'int java.lang.invoke.DirectMethodHandle$Holder.invokeSpecialIFC(java.lang.Object, java.lang.Object, java.lang.Object)'> (0x00000000eb28e780) 
thrown [s\src\hotspot\share\interpreter\linkResolver.cpp, line 759]
Event: 9.199 Thread 0x0000028d2a19a8c0 Exception <a 'java/lang/NoSuchMethodError'{0x00000000eb1c2b78}: 'java.lang.Object java.lang.invoke.DirectMethodHandle$Holder.newInvokeSpecial(java.lang.Object, java.lang.Object, java.lang.Object, java.lang.Object, int)'> (0x00000000eb1c2b78) 
thrown [s\src\hotspot\share\interpreter\linkResolver.cpp, line 759]
Event: 9.200 Thread 0x0000028d2a19a8c0 Exception <a 'java/lang/NoSuchMethodError'{0x00000000eb1c6eb0}: 'java.lang.Object java.lang.invoke.DirectMethodHandle$Holder.invokeSpecial(java.lang.Object, java.lang.Object, java.lang.Object, java.lang.Object, java.lang.Object, int)'> (0x00000000eb1c6eb0) 
thrown [s\src\hotspot\share\interpreter\linkResolver.cpp, line 759]
Event: 9.200 Thread 0x0000028d2a19a8c0 Exception <a 'java/lang/NoSuchMethodError'{0x00000000eb206b98}: 'java.lang.Object java.lang.invoke.Invokers$Holder.linkToTargetMethod(java.lang.Object, java.lang.Object, java.lang.Object, int, java.lang.Object)'> (0x00000000eb206b98) 
thrown [s\src\hotspot\share\interpreter\linkResolver.cpp, line 759]
Event: 9.239 Thread 0x0000028d2a19a8c0 Exception <a 'java/lang/NoSuchMethodError'{0x00000000eb8d6610}: 'int java.lang.invoke.DirectMethodHandle$Holder.invokeStatic(java.lang.Object, int, java.lang.Object)'> (0x00000000eb8d6610) 
thrown [s\src\hotspot\share\interpreter\linkResolver.cpp, line 759]
Event: 9.288 Thread 0x0000028d28864c30 Exception <a 'java/lang/NoSuchMethodError'{0x00000000eb015158}: 'java.lang.Object java.lang.invoke.DirectMethodHandle$Holder.invokeInterface(java.lang.Object, java.lang.Object, java.lang.Object)'> (0x00000000eb015158) 
thrown [s\src\hotspot\share\interpreter\linkResolver.cpp, line 759]
Event: 9.293 Thread 0x0000028d28864c30 Exception <a 'java/lang/NoSuchMethodError'{0x00000000eb07d420}: 'java.lang.Object java.lang.invoke.DirectMethodHandle$Holder.newInvokeSpecial(java.lang.Object, java.lang.Object, int, int, java.lang.Object)'> (0x00000000eb07d420) 
thrown [s\src\hotspot\share\interpreter\linkResolver.cpp, line 759]
Event: 10.094 Thread 0x0000028d28864c30 Exception <a 'sun/nio/fs/WindowsException'{0x00000000eb5407f0}> (0x00000000eb5407f0) 
thrown [s\src\hotspot\share\prims\jni.cpp, line 516]
Event: 10.094 Thread 0x0000028d28864210 Exception <a 'sun/nio/fs/WindowsException'{0x00000000eb543788}> (0x00000000eb543788) 
thrown [s\src\hotspot\share\prims\jni.cpp, line 516]
Event: 10.095 Thread 0x0000028d28865650 Exception <a 'sun/nio/fs/WindowsException'{0x00000000eb548d40}> (0x00000000eb548d40) 
thrown [s\src\hotspot\share\prims\jni.cpp, line 516]
Event: 10.096 Thread 0x0000028d28865650 Exception <a 'sun/nio/fs/WindowsException'{0x00000000eb54a350}> (0x00000000eb54a350) 
thrown [s\src\hotspot\share\prims\jni.cpp, line 516]
Event: 10.207 Thread 0x0000028d2a19a8c0 Implicit null exception at 0x0000028d17100c91 to 0x0000028d17100cd5
Event: 10.266 Thread 0x0000028d2a19a8c0 Implicit null exception at 0x0000028d1702151e to 0x0000028d17021668
Event: 10.789 Thread 0x0000028d28864c30 Exception <a 'sun/nio/fs/WindowsException'{0x00000000eae6f900}> (0x00000000eae6f900) 
thrown [s\src\hotspot\share\prims\jni.cpp, line 516]
Event: 10.790 Thread 0x0000028d28864c30 Exception <a 'sun/nio/fs/WindowsException'{0x00000000eae70448}> (0x00000000eae70448) 
thrown [s\src\hotspot\share\prims\jni.cpp, line 516]

VM Operations (20 events):
Event: 10.618 Executing VM operation: ParallelGCFailedAllocation
Event: 10.621 Executing VM operation: ParallelGCFailedAllocation done
Event: 10.657 Executing VM operation: HandshakeAllThreads
Event: 10.657 Executing VM operation: HandshakeAllThreads done
Event: 10.679 Executing VM operation: ParallelGCFailedAllocation
Event: 10.679 Executing VM operation: ParallelGCFailedAllocation done
Event: 10.679 Executing VM operation: ParallelGCSystemGC
Event: 10.682 Executing VM operation: ParallelGCSystemGC done
Event: 10.749 Executing VM operation: ParallelGCFailedAllocation
Event: 10.752 Executing VM operation: ParallelGCFailedAllocation done
Event: 10.821 Executing VM operation: HandshakeAllThreads
Event: 10.821 Executing VM operation: HandshakeAllThreads done
Event: 10.836 Executing VM operation: ParallelGCFailedAllocation
Event: 10.836 Executing VM operation: ParallelGCFailedAllocation done
Event: 10.836 Executing VM operation: ParallelGCSystemGC
Event: 10.839 Executing VM operation: ParallelGCSystemGC done
Event: 10.896 Executing VM operation: ParallelGCFailedAllocation
Event: 10.896 Executing VM operation: ParallelGCFailedAllocation done
Event: 10.896 Executing VM operation: ParallelGCSystemGC
Event: 10.899 Executing VM operation: ParallelGCSystemGC done

Memory protections (0 events):
No events

Nmethod flushes (20 events):
Event: 10.255 Thread 0x0000028d25d8a2f0 flushing  nmethod 0x0000028d1000c410
Event: 10.255 Thread 0x0000028d25d8a2f0 flushing  nmethod 0x0000028d1000f090
Event: 10.255 Thread 0x0000028d25d8a2f0 flushing  nmethod 0x0000028d10019690
Event: 10.255 Thread 0x0000028d25d8a2f0 flushing  nmethod 0x0000028d1003cc90
Event: 10.255 Thread 0x0000028d25d8a2f0 flushing  nmethod 0x0000028d10054090
Event: 10.255 Thread 0x0000028d25d8a2f0 flushing  nmethod 0x0000028d10055c10
Event: 10.255 Thread 0x0000028d25d8a2f0 flushing  nmethod 0x0000028d10075910
Event: 10.255 Thread 0x0000028d25d8a2f0 flushing  nmethod 0x0000028d10078f90
Event: 10.255 Thread 0x0000028d25d8a2f0 flushing  nmethod 0x0000028d1007a990
Event: 10.255 Thread 0x0000028d25d8a2f0 flushing  nmethod 0x0000028d10082610
Event: 10.256 Thread 0x0000028d25d8a2f0 flushing  nmethod 0x0000028d100a6190
Event: 10.256 Thread 0x0000028d25d8a2f0 flushing  nmethod 0x0000028d100a6890
Event: 10.256 Thread 0x0000028d25d8a2f0 flushing  nmethod 0x0000028d100b3010
Event: 10.256 Thread 0x0000028d25d8a2f0 flushing  nmethod 0x0000028d100b6d10
Event: 10.256 Thread 0x0000028d25d8a2f0 flushing  nmethod 0x0000028d100baa90
Event: 10.256 Thread 0x0000028d25d8a2f0 flushing  nmethod 0x0000028d100d4090
Event: 10.256 Thread 0x0000028d25d8a2f0 flushing  nmethod 0x0000028d100d6b10
Event: 10.256 Thread 0x0000028d25d8a2f0 flushing  nmethod 0x0000028d10111410
Event: 10.256 Thread 0x0000028d25d8a2f0 flushing  nmethod 0x0000028d10111a90
Event: 10.256 Thread 0x0000028d25d8a2f0 flushing  nmethod 0x0000028d1011a490

Events (20 events):
Event: 6.057 Thread 0x0000028d28864c30 Thread added: 0x0000028d288683e0
Event: 6.058 Thread 0x0000028d28864c30 Thread added: 0x0000028d28868e00
Event: 8.365 Thread 0x0000028d281bcdd0 Thread exited: 0x0000028d281bcdd0
Event: 9.032 Thread 0x0000028d28864c30 Thread added: 0x0000028d2a19a8c0
Event: 9.295 Thread 0x0000028d28864c30 Thread added: 0x0000028d2a199990
Event: 9.313 Thread 0x0000028d28864c30 Thread added: 0x0000028d2a198f70
Event: 9.841 Thread 0x0000028d28864c30 Thread added: 0x0000028d2a198a60
Event: 9.847 Thread 0x0000028d28864c30 Thread added: 0x0000028d2a19a3b0
Event: 9.864 Thread 0x0000028d28864c30 Thread added: 0x0000028d2a199ea0
Event: 9.885 Thread 0x0000028d28864c30 Thread added: 0x0000028d2a19add0
Event: 9.904 Thread 0x0000028d28864c30 Thread added: 0x0000028d2a197620
Event: 9.909 Thread 0x0000028d28864c30 Thread added: 0x0000028d2a19b7f0
Event: 9.921 Thread 0x0000028d28864c30 Thread added: 0x0000028d2a19b2e0
Event: 9.949 Thread 0x0000028d28864c30 Thread added: 0x0000028d2a19bd00
Event: 10.095 Thread 0x0000028d28864210 Thread added: 0x0000028d2a198550
Event: 10.097 Thread 0x0000028d28865650 Thread added: 0x0000028d2a19d140
Event: 10.097 Thread 0x0000028d28866070 Thread added: 0x0000028d2a19cc30
Event: 10.101 Thread 0x0000028d2a19d140 Thread added: 0x0000028d2a19efa0
Event: 10.101 Thread 0x0000028d28865650 Thread added: 0x0000028d2a19c210
Event: 10.103 Thread 0x0000028d28865650 Thread added: 0x0000028d2a19e070


Dynamic libraries:
0x00007ff76a580000 - 0x00007ff76a58e000 	c:\Users\Nicolas Gabriel\.vscode\extensions\redhat.java-1.36.0-win32-x64\jre\17.0.13-win32-x86_64\bin\java.exe
0x00007ffd52840000 - 0x00007ffd52aa3000 	C:\WINDOWS\SYSTEM32\ntdll.dll
0x00007ffd51a30000 - 0x00007ffd51af8000 	C:\WINDOWS\System32\KERNEL32.DLL
0x00007ffd500e0000 - 0x00007ffd50491000 	C:\WINDOWS\System32\KERNELBASE.dll
0x00007ffd504a0000 - 0x00007ffd505eb000 	C:\WINDOWS\System32\ucrtbase.dll
0x00007ffd30040000 - 0x00007ffd3005e000 	c:\Users\Nicolas Gabriel\.vscode\extensions\redhat.java-1.36.0-win32-x64\jre\17.0.13-win32-x86_64\bin\VCRUNTIME140.dll
0x00007ffd2bd80000 - 0x00007ffd2bd97000 	c:\Users\Nicolas Gabriel\.vscode\extensions\redhat.java-1.36.0-win32-x64\jre\17.0.13-win32-x86_64\bin\jli.dll
0x00007ffd51b00000 - 0x00007ffd51cc8000 	C:\WINDOWS\System32\USER32.dll
0x00007ffd50010000 - 0x00007ffd50037000 	C:\WINDOWS\System32\win32u.dll
0x00007ffd249a0000 - 0x00007ffd24c30000 	C:\WINDOWS\WinSxS\amd64_microsoft.windows.common-controls_6595b64144ccf1df_6.0.26100.2161_none_3e0cadb0e33078e1\COMCTL32.dll
0x00007ffd50a10000 - 0x00007ffd50a3a000 	C:\WINDOWS\System32\GDI32.dll
0x00007ffd4fe30000 - 0x00007ffd4ff55000 	C:\WINDOWS\System32\gdi32full.dll
0x00007ffd50ba0000 - 0x00007ffd50c49000 	C:\WINDOWS\System32\msvcrt.dll
0x00007ffd4ff60000 - 0x00007ffd50003000 	C:\WINDOWS\System32\msvcp_win.dll
0x00007ffd51170000 - 0x00007ffd5119f000 	C:\WINDOWS\System32\IMM32.DLL
0x00007ffd47c30000 - 0x00007ffd47c3c000 	c:\Users\Nicolas Gabriel\.vscode\extensions\redhat.java-1.36.0-win32-x64\jre\17.0.13-win32-x86_64\bin\vcruntime140_1.dll
0x00007ffd047f0000 - 0x00007ffd0487d000 	c:\Users\Nicolas Gabriel\.vscode\extensions\redhat.java-1.36.0-win32-x64\jre\17.0.13-win32-x86_64\bin\msvcp140.dll
0x00007ffcdcc20000 - 0x00007ffcdd88b000 	c:\Users\Nicolas Gabriel\.vscode\extensions\redhat.java-1.36.0-win32-x64\jre\17.0.13-win32-x86_64\bin\server\jvm.dll
0x00007ffd51e20000 - 0x00007ffd51ed4000 	C:\WINDOWS\System32\ADVAPI32.dll
0x00007ffd50a40000 - 0x00007ffd50ae6000 	C:\WINDOWS\System32\sechost.dll
0x00007ffd51050000 - 0x00007ffd51166000 	C:\WINDOWS\System32\RPCRT4.dll
0x00007ffd50790000 - 0x00007ffd50804000 	C:\WINDOWS\System32\WS2_32.dll
0x00007ffd4fac0000 - 0x00007ffd4fb0e000 	C:\WINDOWS\SYSTEM32\POWRPROF.dll
0x00007ffd376d0000 - 0x00007ffd376db000 	C:\WINDOWS\SYSTEM32\VERSION.dll
0x00007ffd47fc0000 - 0x00007ffd47ff6000 	C:\WINDOWS\SYSTEM32\WINMM.dll
0x00007ffd4faa0000 - 0x00007ffd4fab4000 	C:\WINDOWS\SYSTEM32\UMPDC.dll
0x00007ffd4ea80000 - 0x00007ffd4ea9a000 	C:\WINDOWS\SYSTEM32\kernel.appcore.dll
0x00007ffd37c20000 - 0x00007ffd37c2a000 	c:\Users\Nicolas Gabriel\.vscode\extensions\redhat.java-1.36.0-win32-x64\jre\17.0.13-win32-x86_64\bin\jimage.dll
0x00007ffd4d400000 - 0x00007ffd4d641000 	C:\WINDOWS\SYSTEM32\DBGHELP.DLL
0x00007ffd50cd0000 - 0x00007ffd5104d000 	C:\WINDOWS\System32\combase.dll
0x00007ffd511e0000 - 0x00007ffd512b6000 	C:\WINDOWS\System32\OLEAUT32.dll
0x00007ffd16210000 - 0x00007ffd16249000 	C:\WINDOWS\SYSTEM32\dbgcore.DLL
0x00007ffd50040000 - 0x00007ffd500d9000 	C:\WINDOWS\System32\bcryptPrimitives.dll
0x00007ffd2ff40000 - 0x00007ffd2ff4e000 	c:\Users\Nicolas Gabriel\.vscode\extensions\redhat.java-1.36.0-win32-x64\jre\17.0.13-win32-x86_64\bin\instrument.dll
0x00007ffd0d330000 - 0x00007ffd0d355000 	c:\Users\Nicolas Gabriel\.vscode\extensions\redhat.java-1.36.0-win32-x64\jre\17.0.13-win32-x86_64\bin\java.dll
0x00007ffd27a10000 - 0x00007ffd27a28000 	c:\Users\Nicolas Gabriel\.vscode\extensions\redhat.java-1.36.0-win32-x64\jre\17.0.13-win32-x86_64\bin\zip.dll
0x00007ffd52060000 - 0x00007ffd5275f000 	C:\WINDOWS\System32\SHELL32.dll
0x00007ffd4d930000 - 0x00007ffd4e15d000 	C:\WINDOWS\SYSTEM32\windows.storage.dll
0x00007ffd512c0000 - 0x00007ffd51393000 	C:\WINDOWS\System32\SHCORE.dll
0x00007ffd506b0000 - 0x00007ffd5070d000 	C:\WINDOWS\System32\shlwapi.dll
0x00007ffd4fb40000 - 0x00007ffd4fb6e000 	C:\WINDOWS\SYSTEM32\profapi.dll
0x00007ffd1fb90000 - 0x00007ffd1fba9000 	C:\Users\Nicolas Gabriel\.vscode\extensions\redhat.java-1.36.0-win32-x64\jre\17.0.13-win32-x86_64\bin\net.dll
0x00007ffd46060000 - 0x00007ffd46186000 	C:\WINDOWS\SYSTEM32\WINHTTP.dll
0x00007ffd4ef80000 - 0x00007ffd4efe8000 	C:\WINDOWS\system32\mswsock.dll
0x00007ffd1b9d0000 - 0x00007ffd1b9e6000 	C:\Users\Nicolas Gabriel\.vscode\extensions\redhat.java-1.36.0-win32-x64\jre\17.0.13-win32-x86_64\bin\nio.dll
0x00007ffd2e7b0000 - 0x00007ffd2e7c0000 	c:\Users\Nicolas Gabriel\.vscode\extensions\redhat.java-1.36.0-win32-x64\jre\17.0.13-win32-x86_64\bin\verify.dll
0x00007ffd04cf0000 - 0x00007ffd04d35000 	C:\Users\Nicolas Gabriel\AppData\Roaming\Code\User\globalStorage\redhat.java\1.36.0\config_win\org.eclipse.equinox.launcher\org.eclipse.equinox.launcher.win32.win32.x86_64_1.2.1100.v20240722-2106\eclipse_11904.dll
0x00007ffd513b0000 - 0x00007ffd51549000 	C:\WINDOWS\System32\ole32.dll
0x00007ffd4f230000 - 0x00007ffd4f24c000 	C:\WINDOWS\SYSTEM32\CRYPTSP.dll
0x00007ffd4e9e0000 - 0x00007ffd4ea18000 	C:\WINDOWS\system32\rsaenh.dll
0x00007ffd4f020000 - 0x00007ffd4f04b000 	C:\WINDOWS\SYSTEM32\USERENV.dll
0x00007ffd4f460000 - 0x00007ffd4f486000 	C:\WINDOWS\SYSTEM32\bcrypt.dll
0x00007ffd4f220000 - 0x00007ffd4f22c000 	C:\WINDOWS\SYSTEM32\CRYPTBASE.dll
0x00007ffd4e4d0000 - 0x00007ffd4e501000 	C:\WINDOWS\SYSTEM32\IPHLPAPI.DLL
0x00007ffd511d0000 - 0x00007ffd511da000 	C:\WINDOWS\System32\NSI.dll
0x00007ffd461e0000 - 0x00007ffd461fe000 	C:\WINDOWS\SYSTEM32\dhcpcsvc6.DLL
0x00007ffd461b0000 - 0x00007ffd461d5000 	C:\WINDOWS\SYSTEM32\dhcpcsvc.DLL
0x00007ffd4e570000 - 0x00007ffd4e695000 	C:\WINDOWS\SYSTEM32\DNSAPI.dll
0x00007ffd272f0000 - 0x00007ffd27339000 	C:\Users\Nicolas Gabriel\AppData\Local\Temp\jna--441322147\jna16229551214543706196.dll
0x00007ffd513a0000 - 0x00007ffd513a8000 	C:\WINDOWS\System32\PSAPI.DLL

dbghelp: loaded successfully - version: 4.0.5 - missing functions: none
symbol engine: initialized successfully - sym options: 0x614 - pdb path: .;c:\Users\Nicolas Gabriel\.vscode\extensions\redhat.java-1.36.0-win32-x64\jre\17.0.13-win32-x86_64\bin;C:\WINDOWS\SYSTEM32;C:\WINDOWS\WinSxS\amd64_microsoft.windows.common-controls_6595b64144ccf1df_6.0.26100.2161_none_3e0cadb0e33078e1;c:\Users\Nicolas Gabriel\.vscode\extensions\redhat.java-1.36.0-win32-x64\jre\17.0.13-win32-x86_64\bin\server;C:\Users\Nicolas Gabriel\AppData\Roaming\Code\User\globalStorage\redhat.java\1.36.0\config_win\org.eclipse.equinox.launcher\org.eclipse.equinox.launcher.win32.win32.x86_64_1.2.1100.v20240722-2106;C:\Users\Nicolas Gabriel\AppData\Local\Temp\jna--441322147

VM Arguments:
jvm_args: --add-modules=ALL-SYSTEM --add-opens=java.base/java.util=ALL-UNNAMED --add-opens=java.base/java.lang=ALL-UNNAMED --add-opens=java.base/sun.nio.fs=ALL-UNNAMED -Declipse.application=org.eclipse.jdt.ls.core.id1 -Dosgi.bundles.defaultStartLevel=4 -Declipse.product=org.eclipse.jdt.ls.core.product -Djava.import.generatesMetadataFilesAtProjectRoot=false -DDetectVMInstallationsJob.disabled=true -Dfile.encoding=utf8 -XX:+UseParallelGC -XX:GCTimeRatio=4 -XX:AdaptiveSizePolicyWeight=90 -Dsun.zip.disableMemoryMapping=true -Xmx1G -Xms100m -Xlog:disable -javaagent:c:\Users\Nicolas Gabriel\.vscode\extensions\redhat.java-1.36.0-win32-x64\lombok\lombok-1.18.35.jar -XX:+HeapDumpOnOutOfMemoryError -XX:HeapDumpPath=c:\Users\Nicolas Gabriel\AppData\Roaming\Code\User\workspaceStorage\cfa605a0a39700f4ed1f5e58b2b06450\redhat.java -Daether.dependencyCollector.impl=bf 
java_command: c:\Users\Nicolas Gabriel\.vscode\extensions\redhat.java-1.36.0-win32-x64\server\plugins\org.eclipse.equinox.launcher_1.6.900.v20240613-2009.jar -configuration c:\Users\Nicolas Gabriel\AppData\Roaming\Code\User\globalStorage\redhat.java\1.36.0\config_win -data c:\Users\Nicolas Gabriel\AppData\Roaming\Code\User\workspaceStorage\cfa605a0a39700f4ed1f5e58b2b06450\redhat.java\jdt_ws --pipe=\\.\pipe\lsp-a6146cbbec7f1fdc4a66a3002d073a4e-sock
java_class_path (initial): c:\Users\Nicolas Gabriel\.vscode\extensions\redhat.java-1.36.0-win32-x64\server\plugins\org.eclipse.equinox.launcher_1.6.900.v20240613-2009.jar
Launcher Type: SUN_STANDARD

[Global flags]
    uintx AdaptiveSizePolicyWeight                 = 90                                        {product} {command line}
     intx CICompilerCount                          = 4                                         {product} {ergonomic}
    uintx GCTimeRatio                              = 4                                         {product} {command line}
     bool HeapDumpOnOutOfMemoryError               = true                                   {manageable} {command line}
    ccstr HeapDumpPath                             = c:\Users\Nicolas Gabriel\AppData\Roaming\Code\User\workspaceStorage\cfa605a0a39700f4ed1f5e58b2b06450\redhat.java         {manageable} {command line}
   size_t InitialHeapSize                          = 104857600                                 {product} {command line}
   size_t MaxHeapSize                              = 1073741824                                {product} {command line}
   size_t MaxNewSize                               = 357564416                                 {product} {ergonomic}
   size_t MinHeapDeltaBytes                        = 524288                                    {product} {ergonomic}
   size_t MinHeapSize                              = 104857600                                 {product} {command line}
   size_t NewSize                                  = 34603008                                  {product} {ergonomic}
    uintx NonNMethodCodeHeapSize                   = 5839372                                {pd product} {ergonomic}
    uintx NonProfiledCodeHeapSize                  = 122909434                              {pd product} {ergonomic}
   size_t OldSize                                  = 70254592                                  {product} {ergonomic}
    uintx ProfiledCodeHeapSize                     = 122909434                              {pd product} {ergonomic}
    uintx ReservedCodeCacheSize                    = 251658240                              {pd product} {ergonomic}
     bool SegmentedCodeCache                       = true                                      {product} {ergonomic}
   size_t SoftMaxHeapSize                          = 1073741824                             {manageable} {ergonomic}
     bool UseCompressedClassPointers               = true                           {product lp64_product} {ergonomic}
     bool UseCompressedOops                        = true                           {product lp64_product} {ergonomic}
     bool UseLargePagesIndividualAllocation        = false                                  {pd product} {ergonomic}
     bool UseParallelGC                            = true                                      {product} {command line}

Logging:
Log output configuration:
 #0: stdout all=off uptime,level,tags
 #1: stderr all=off uptime,level,tags

Environment Variables:
JAVA_HOME=C:\Program Files\Eclipse Adoptium\jdk-21.0.4.7-hotspot\
PATH=C:\Program Files\Eclipse Adoptium\jdk-21.0.4.7-hotspot\bin;C:\Program Files (x86)\Common Files\Oracle\Java\java8path;C:\Program Files (x86)\Common Files\Oracle\Java\javapath;C:\WINDOWS\system32;C:\WINDOWS;C:\WINDOWS\System32\Wbem;C:\WINDOWS\System32\WindowsPowerShell\v1.0\;C:\WINDOWS\System32\OpenSSH\;C:\Program Files\dotnet\;C:\Program Files\Git\cmd;C:\Users\Nicolas Gabriel\AppData\Local\Programs\Python\Python312\Scripts\;C:\Users\Nicolas Gabriel\AppData\Local\Programs\Python\Python312\;C:\Users\Nicolas Gabriel\AppData\Local\Microsoft\WindowsApps;C:\Users\Nicolas Gabriel\AppData\Local\Programs\Microsoft VS Code\bin;C:\\Users\\Nicolas Gabriel\\AppData\\Roaming\\jupyter\\runtime\\jpserver-13004-open.html;
USERNAME=Nicolas Gabriel
OS=Windows_NT
PROCESSOR_IDENTIFIER=Intel64 Family 6 Model 154 Stepping 4, GenuineIntel
TMP=C:\Users\NICOLA~1\AppData\Local\Temp
TEMP=C:\Users\NICOLA~1\AppData\Local\Temp



Periodic native trim disabled


---------------  S Y S T E M  ---------------

OS:
 Windows 11 , 64 bit Build 26100 (10.0.26100.2161)
OS uptime: 1 days 3:28 hours
Hyper-V role detected

CPU: total 12 (initial active 12) (6 cores per cpu, 2 threads per core) family 6 model 154 stepping 4 microcode 0x42c, cx8, cmov, fxsr, ht, mmx, 3dnowpref, sse, sse2, sse3, ssse3, sse4.1, sse4.2, popcnt, lzcnt, tsc, tscinvbit, avx, avx2, aes, erms, clmul, bmi1, bmi2, adx, sha, fma, vzeroupper, clflush, clflushopt, clwb, hv
Processor Information for processor 0
  Max Mhz: 1300, Current Mhz: 1300, Mhz Limit: 1300
Processor Information for processor 1
  Max Mhz: 1300, Current Mhz: 1300, Mhz Limit: 1300
Processor Information for processor 2
  Max Mhz: 1300, Current Mhz: 1300, Mhz Limit: 1300
Processor Information for processor 3
  Max Mhz: 1300, Current Mhz: 1300, Mhz Limit: 1300
Processor Information for processor 4
  Max Mhz: 1300, Current Mhz: 900, Mhz Limit: 897
Processor Information for processor 5
  Max Mhz: 1300, Current Mhz: 900, Mhz Limit: 897
Processor Information for processor 6
  Max Mhz: 1300, Current Mhz: 900, Mhz Limit: 897
Processor Information for processor 7
  Max Mhz: 1300, Current Mhz: 900, Mhz Limit: 897
Processor Information for processor 8
  Max Mhz: 1300, Current Mhz: 900, Mhz Limit: 897
Processor Information for processor 9
  Max Mhz: 1300, Current Mhz: 900, Mhz Limit: 897
Processor Information for processor 10
  Max Mhz: 1300, Current Mhz: 900, Mhz Limit: 897
Processor Information for processor 11
  Max Mhz: 1300, Current Mhz: 900, Mhz Limit: 897

Memory: 4k page, system-wide physical 7860M (539M free)
TotalPageFile size 16052M (AvailPageFile size 5M)
current process WorkingSet (physical memory assigned to process): 352M, peak: 352M
current process commit charge ("private bytes"): 384M, peak: 394M

vm_info: OpenJDK 64-Bit Server VM (17.0.13+11) for windows-amd64 JRE (17.0.13+11), built on Oct 16 2024 00:10:08 by "admin" with MS VC++ 17.7 (VS2022)

END.
