#
# There is insufficient memory for the Java Runtime Environment to continue.
# Native memory allocation (malloc) failed to allocate 1425792 bytes. Error detail: Chunk::new
# Possible reasons:
#   The system is out of physical RAM or swap space
#   This process is running with CompressedOops enabled, and the Java Heap may be blocking the growth of the native heap
# Possible solutions:
#   Reduce memory load on the system
#   Increase physical memory or swap space
#   Check if swap backing store is full
#   Decrease Java heap size (-Xmx/-Xms)
#   Decrease number of Java threads
#   Decrease Java thread stack sizes (-Xss)
#   Set larger code cache with -XX:ReservedCodeCacheSize=
#   JVM is running with Unscaled Compressed Oops mode in which the Java heap is
#     placed in the first 4GB address space. The Java Heap base address is the
#     maximum limit for the native heap growth. Please use -XX:HeapBaseMinAddress
#     to set the Java Heap base and to place the Java Heap above 4GB virtual address.
# This output file may be truncated or incomplete.
#
#  Out of Memory Error (arena.cpp:191), pid=12164, tid=19304
#
# JRE version: OpenJDK Runtime Environment Temurin-17.0.13+11 (17.0.13+11) (build 17.0.13+11)
# Java VM: OpenJDK 64-Bit Server VM Temurin-17.0.13+11 (17.0.13+11, mixed mode, tiered, compressed oops, compressed class ptrs, parallel gc, windows-amd64)
# No core dump will be written. Minidumps are not enabled by default on client versions of Windows
#

---------------  S U M M A R Y ------------

Command Line: --add-modules=ALL-SYSTEM --add-opens=java.base/java.util=ALL-UNNAMED --add-opens=java.base/java.lang=ALL-UNNAMED --add-opens=java.base/sun.nio.fs=ALL-UNNAMED -Declipse.application=org.eclipse.jdt.ls.core.id1 -Dosgi.bundles.defaultStartLevel=4 -Declipse.product=org.eclipse.jdt.ls.core.product -Djava.import.generatesMetadataFilesAtProjectRoot=false -DDetectVMInstallationsJob.disabled=true -Dfile.encoding=utf8 -XX:+UseParallelGC -XX:GCTimeRatio=4 -XX:AdaptiveSizePolicyWeight=90 -Dsun.zip.disableMemoryMapping=true -Xmx1G -Xms100m -Xlog:disable -javaagent:c:\Users\Nicolas Gabriel\.vscode\extensions\redhat.java-1.36.0-win32-x64\lombok\lombok-1.18.35.jar c:\Users\Nicolas Gabriel\.vscode\extensions\redhat.java-1.36.0-win32-x64\server\plugins\org.eclipse.equinox.launcher_1.6.900.v20240613-2009.jar -configuration c:\Users\Nicolas Gabriel\AppData\Roaming\Code\User\globalStorage\redhat.java\1.36.0\config_ss_win -data c:\Users\Nicolas Gabriel\AppData\Roaming\Code\User\workspaceStorage\cfa605a0a39700f4ed1f5e58b2b06450\redhat.java\ss_ws --pipe=\\.\pipe\lsp-31d2246593e5fc4e0fd1f9eb037feeca-sock

Host: 12th Gen Intel(R) Core(TM) i5-1235U, 12 cores, 7G,  Windows 11 , 64 bit Build 26100 (10.0.26100.2161)
Time: Thu Nov 21 14:20:13 2024 Hora est. Pacífico, Sudamérica elapsed time: 14.670981 seconds (0d 0h 0m 14s)

---------------  T H R E A D  ---------------

Current thread (0x0000014f2af28b90):  JavaThread "C2 CompilerThread2" daemon [_thread_in_native, id=19304, stack(0x0000000300400000,0x0000000300500000)]


Current CompileTask:
C2:  14671 7436       4       org.eclipse.jdt.internal.compiler.lookup.LookupEnvironment::getTypeFromSignature (376 bytes)

Stack: [0x0000000300400000,0x0000000300500000]
Native frames: (J=compiled Java code, j=interpreted, Vv=VM code, C=native code)
V  [jvm.dll+0x682a19]
V  [jvm.dll+0x839538]
V  [jvm.dll+0x83afe3]
V  [jvm.dll+0x83b653]
V  [jvm.dll+0x24704f]
V  [jvm.dll+0xace34]
V  [jvm.dll+0xad4cc]
V  [jvm.dll+0x36597e]
V  [jvm.dll+0x1ba793]
V  [jvm.dll+0x2181a7]
V  [jvm.dll+0x21748f]
V  [jvm.dll+0x1a3070]
V  [jvm.dll+0x22788c]
V  [jvm.dll+0x2259eb]
V  [jvm.dll+0x7eec98]
V  [jvm.dll+0x7e8ffc]
V  [jvm.dll+0x6818f7]
C  [ucrtbase.dll+0x14ea0]
C  [KERNEL32.DLL+0x2dbe7]
C  [ntdll.dll+0xdfbec]


---------------  P R O C E S S  ---------------

Threads class SMR info:
_java_thread_list=0x0000014f2a1fba70, length=75, elements={
0x0000014f0cb82710, 0x0000014f211feae0, 0x0000014f264b4a50, 0x0000014f264f4420,
0x0000014f264f4cf0, 0x0000014f264f59d0, 0x0000014f264f8120, 0x0000014f264febb0,
0x0000014f26503d80, 0x0000014f26517d80, 0x0000014f26676cf0, 0x0000014f26834e70,
0x0000014f283a8920, 0x0000014f283f1eb0, 0x0000014f284b35c0, 0x0000014f282d17e0,
0x0000014f287730e0, 0x0000014f28771790, 0x0000014f28772bd0, 0x0000014f287721b0,
0x0000014f2863da90, 0x0000014f287726c0, 0x0000014f2af28b90, 0x0000014f29ee9040,
0x0000014f29eeb3b0, 0x0000014f29eeaea0, 0x0000014f29eec2e0, 0x0000014f29eeb8c0,
0x0000014f29eebdd0, 0x0000014f29ee8b30, 0x0000014f29eea480, 0x0000014f29ee9550,
0x0000014f29ee9a60, 0x0000014f29ee9f70, 0x0000014f2a075740, 0x0000014f2a072ec0,
0x0000014f2a075c50, 0x0000014f2a073df0, 0x0000014f2a0738e0, 0x0000014f2a0729b0,
0x0000014f2a076670, 0x0000014f2a075230, 0x0000014f2a076b80, 0x0000014f2a074810,
0x0000014f2a077090, 0x0000014f2a077ab0, 0x0000014f2a0784d0, 0x0000014f2a074d20,
0x0000014f2a078ef0, 0x0000014f2a07a330, 0x0000014f2a0789e0, 0x0000014f2a079400,
0x0000014f2a079910, 0x0000014f2a079e20, 0x0000014f2a3dfa00, 0x0000014f2a3df4f0,
0x0000014f2a3dd180, 0x0000014f2a3dc250, 0x0000014f2a3defe0, 0x0000014f2a3de0b0,
0x0000014f2a3dff10, 0x0000014f2a3dd690, 0x0000014f2a3dead0, 0x0000014f2a3dcc70,
0x0000014f2a3e0930, 0x0000014f2a3e0420, 0x0000014f2a3e0e40, 0x0000014f2a3e1350,
0x0000014f2a3de5c0, 0x0000014f2a3ddba0, 0x0000014f2a3e31b0, 0x0000014f2a3e1860,
0x0000014f2a3e1d70, 0x0000014f2a3e2280, 0x0000014f2a3e2790
}

Java Threads: ( => current thread )
  0x0000014f0cb82710 JavaThread "main" [_thread_blocked, id=2052, stack(0x000000037e000000,0x000000037e100000)]
  0x0000014f211feae0 JavaThread "Reference Handler" daemon [_thread_blocked, id=9636, stack(0x000000037e300000,0x000000037e400000)]
  0x0000014f264b4a50 JavaThread "Finalizer" daemon [_thread_blocked, id=22324, stack(0x000000037e400000,0x000000037e500000)]
  0x0000014f264f4420 JavaThread "Signal Dispatcher" daemon [_thread_blocked, id=12536, stack(0x000000037e500000,0x000000037e600000)]
  0x0000014f264f4cf0 JavaThread "Attach Listener" daemon [_thread_blocked, id=8740, stack(0x000000037e600000,0x000000037e700000)]
  0x0000014f264f59d0 JavaThread "Service Thread" daemon [_thread_blocked, id=9108, stack(0x000000037e700000,0x000000037e800000)]
  0x0000014f264f8120 JavaThread "Monitor Deflation Thread" daemon [_thread_blocked, id=10536, stack(0x000000037e800000,0x000000037e900000)]
  0x0000014f264febb0 JavaThread "C2 CompilerThread0" daemon [_thread_blocked, id=17612, stack(0x000000037e900000,0x000000037ea00000)]
  0x0000014f26503d80 JavaThread "C1 CompilerThread0" daemon [_thread_blocked, id=21908, stack(0x000000037ea00000,0x000000037eb00000)]
  0x0000014f26517d80 JavaThread "Sweeper thread" daemon [_thread_blocked, id=9540, stack(0x000000037eb00000,0x000000037ec00000)]
  0x0000014f26676cf0 JavaThread "Common-Cleaner" daemon [_thread_blocked, id=21092, stack(0x000000037ec00000,0x000000037ed00000)]
  0x0000014f26834e70 JavaThread "Notification Thread" daemon [_thread_blocked, id=19852, stack(0x000000037ee00000,0x000000037ef00000)]
  0x0000014f283a8920 JavaThread "Active Thread: Equinox Container: 454ce7cd-7b22-4702-87e6-6b8aa4852dfa" [_thread_blocked, id=7480, stack(0x000000037f000000,0x000000037f100000)]
  0x0000014f283f1eb0 JavaThread "Framework Event Dispatcher: Equinox Container: 454ce7cd-7b22-4702-87e6-6b8aa4852dfa" daemon [_thread_blocked, id=10112, stack(0x000000037f800000,0x000000037f900000)]
  0x0000014f284b35c0 JavaThread "Start Level: Equinox Container: 454ce7cd-7b22-4702-87e6-6b8aa4852dfa" daemon [_thread_blocked, id=21460, stack(0x000000037f900000,0x000000037fa00000)]
  0x0000014f282d17e0 JavaThread "SCR Component Actor" daemon [_thread_blocked, id=20500, stack(0x000000037fa00000,0x000000037fb00000)]
  0x0000014f287730e0 JavaThread "Worker-JM" [_thread_blocked, id=21200, stack(0x000000037fc00000,0x000000037fd00000)]
  0x0000014f28771790 JavaThread "JNA Cleaner" daemon [_thread_blocked, id=9328, stack(0x000000037ed00000,0x000000037ee00000)]
  0x0000014f28772bd0 JavaThread "Worker-0" [_thread_blocked, id=5840, stack(0x000000037ff00000,0x0000000380000000)]
  0x0000014f287721b0 JavaThread "Worker-1" [_thread_blocked, id=21288, stack(0x0000000300000000,0x0000000300100000)]
  0x0000014f2863da90 JavaThread "C2 CompilerThread1" daemon [_thread_blocked, id=3016, stack(0x0000000300100000,0x0000000300200000)]
  0x0000014f287726c0 JavaThread "Worker-2" [_thread_blocked, id=20208, stack(0x0000000300200000,0x0000000300300000)]
=>0x0000014f2af28b90 JavaThread "C2 CompilerThread2" daemon [_thread_in_native, id=19304, stack(0x0000000300400000,0x0000000300500000)]
  0x0000014f29ee9040 JavaThread "Worker-3" [_thread_blocked, id=20512, stack(0x0000000300300000,0x0000000300400000)]
  0x0000014f29eeb3b0 JavaThread "Thread-2" daemon [_thread_in_native, id=21112, stack(0x0000000300700000,0x0000000300800000)]
  0x0000014f29eeaea0 JavaThread "Thread-3" daemon [_thread_in_native, id=12900, stack(0x0000000300800000,0x0000000300900000)]
  0x0000014f29eec2e0 JavaThread "Thread-4" daemon [_thread_in_native, id=14620, stack(0x0000000300900000,0x0000000300a00000)]
  0x0000014f29eeb8c0 JavaThread "Thread-5" daemon [_thread_in_native, id=6052, stack(0x0000000300a00000,0x0000000300b00000)]
  0x0000014f29eebdd0 JavaThread "Thread-6" daemon [_thread_in_native, id=8692, stack(0x0000000300b00000,0x0000000300c00000)]
  0x0000014f29ee8b30 JavaThread "Thread-7" daemon [_thread_in_native, id=10776, stack(0x0000000300c00000,0x0000000300d00000)]
  0x0000014f29eea480 JavaThread "Thread-8" daemon [_thread_in_native, id=22524, stack(0x0000000300d00000,0x0000000300e00000)]
  0x0000014f29ee9550 JavaThread "Thread-9" daemon [_thread_in_native, id=19956, stack(0x0000000300e00000,0x0000000300f00000)]
  0x0000014f29ee9a60 JavaThread "Thread-10" daemon [_thread_in_native, id=19976, stack(0x0000000300f00000,0x0000000301000000)]
  0x0000014f29ee9f70 JavaThread "Thread-11" daemon [_thread_in_native, id=10352, stack(0x0000000301000000,0x0000000301100000)]
  0x0000014f2a075740 JavaThread "Thread-12" daemon [_thread_in_native, id=22444, stack(0x0000000301100000,0x0000000301200000)]
  0x0000014f2a072ec0 JavaThread "Thread-13" daemon [_thread_in_native, id=2780, stack(0x0000000301200000,0x0000000301300000)]
  0x0000014f2a075c50 JavaThread "Thread-14" daemon [_thread_in_native, id=20032, stack(0x0000000301300000,0x0000000301400000)]
  0x0000014f2a073df0 JavaThread "pool-2-thread-1" [_thread_blocked, id=9596, stack(0x0000000301400000,0x0000000301500000)]
  0x0000014f2a0738e0 JavaThread "WorkspaceEventsHandler" [_thread_blocked, id=21380, stack(0x0000000301500000,0x0000000301600000)]
  0x0000014f2a0729b0 JavaThread "pool-1-thread-1" [_thread_blocked, id=13248, stack(0x0000000301600000,0x0000000301700000)]
  0x0000014f2a076670 JavaThread "LocalFile Deleter" daemon [_thread_blocked, id=21844, stack(0x0000000301700000,0x0000000301800000)]
  0x0000014f2a075230 JavaThread "LocalFile Deleter" daemon [_thread_blocked, id=19104, stack(0x0000000301800000,0x0000000301900000)]
  0x0000014f2a076b80 JavaThread "LocalFile Deleter" daemon [_thread_blocked, id=8804, stack(0x0000000301900000,0x0000000301a00000)]
  0x0000014f2a074810 JavaThread "LocalFile Deleter" daemon [_thread_blocked, id=20768, stack(0x0000000301a00000,0x0000000301b00000)]
  0x0000014f2a077090 JavaThread "LocalFile Deleter" daemon [_thread_blocked, id=20836, stack(0x0000000301b00000,0x0000000301c00000)]
  0x0000014f2a077ab0 JavaThread "Compiler Source File Reader" daemon [_thread_blocked, id=13780, stack(0x0000000301c00000,0x0000000301d00000)]
  0x0000014f2a0784d0 JavaThread "LocalFile Deleter" daemon [_thread_blocked, id=22184, stack(0x0000000301d00000,0x0000000301e00000)]
  0x0000014f2a074d20 JavaThread "LocalFile Deleter" daemon [_thread_blocked, id=8304, stack(0x0000000301e00000,0x0000000301f00000)]
  0x0000014f2a078ef0 JavaThread "LocalFile Deleter" daemon [_thread_blocked, id=13192, stack(0x0000000301f00000,0x0000000302000000)]
  0x0000014f2a07a330 JavaThread "LocalFile Deleter" daemon [_thread_blocked, id=20892, stack(0x0000000302000000,0x0000000302100000)]
  0x0000014f2a0789e0 JavaThread "LocalFile Deleter" daemon [_thread_blocked, id=14908, stack(0x0000000302100000,0x0000000302200000)]
  0x0000014f2a079400 JavaThread "LocalFile Deleter" daemon [_thread_blocked, id=7852, stack(0x0000000302200000,0x0000000302300000)]
  0x0000014f2a079910 JavaThread "LocalFile Deleter" daemon [_thread_blocked, id=21444, stack(0x0000000302300000,0x0000000302400000)]
  0x0000014f2a079e20 JavaThread "Compiler Source File Reader" daemon [_thread_blocked, id=17496, stack(0x0000000302400000,0x0000000302500000)]
  0x0000014f2a3dfa00 JavaThread "Compiler Source File Reader" daemon [_thread_blocked, id=19964, stack(0x0000000302500000,0x0000000302600000)]
  0x0000014f2a3df4f0 JavaThread "Compiler Source File Reader" daemon [_thread_blocked, id=21512, stack(0x0000000302600000,0x0000000302700000)]
  0x0000014f2a3dd180 JavaThread "Compiler Source File Reader" daemon [_thread_blocked, id=21848, stack(0x0000000302700000,0x0000000302800000)]
  0x0000014f2a3dc250 JavaThread "Compiler Source File Reader" daemon [_thread_blocked, id=11620, stack(0x0000000302800000,0x0000000302900000)]
  0x0000014f2a3defe0 JavaThread "Compiler Source File Reader" daemon [_thread_blocked, id=21388, stack(0x0000000302900000,0x0000000302a00000)]
  0x0000014f2a3de0b0 JavaThread "Compiler Source File Reader" daemon [_thread_blocked, id=21916, stack(0x0000000302a00000,0x0000000302b00000)]
  0x0000014f2a3dff10 JavaThread "Compiler Source File Reader" daemon [_thread_blocked, id=20488, stack(0x0000000302b00000,0x0000000302c00000)]
  0x0000014f2a3dd690 JavaThread "Compiler Source File Reader" daemon [_thread_blocked, id=22292, stack(0x0000000302c00000,0x0000000302d00000)]
  0x0000014f2a3dead0 JavaThread "Compiler Processing Task" daemon [_thread_blocked, id=9092, stack(0x0000000302d00000,0x0000000302e00000)]
  0x0000014f2a3dcc70 JavaThread "ForkJoinPool.commonPool-worker-1" daemon [_thread_blocked, id=20152, stack(0x0000000302e00000,0x0000000302f00000)]
  0x0000014f2a3e0930 JavaThread "ForkJoinPool.commonPool-worker-2" daemon [_thread_blocked, id=10872, stack(0x0000000302f00000,0x0000000303000000)]
  0x0000014f2a3e0420 JavaThread "Compiler Class File Writer" daemon [_thread_blocked, id=17008, stack(0x0000000303000000,0x0000000303100000)]
  0x0000014f2a3e0e40 JavaThread "Compiler Class File Writer" daemon [_thread_blocked, id=17744, stack(0x0000000303100000,0x0000000303200000)]
  0x0000014f2a3e1350 JavaThread "Compiler Class File Writer" daemon [_thread_blocked, id=6188, stack(0x0000000303200000,0x0000000303300000)]
  0x0000014f2a3de5c0 JavaThread "Compiler Class File Writer" daemon [_thread_blocked, id=20496, stack(0x0000000303300000,0x0000000303400000)]
  0x0000014f2a3ddba0 JavaThread "Compiler Class File Writer" daemon [_thread_blocked, id=22472, stack(0x0000000303400000,0x0000000303500000)]
  0x0000014f2a3e31b0 JavaThread "Compiler Class File Writer" daemon [_thread_blocked, id=4544, stack(0x0000000303500000,0x0000000303600000)]
  0x0000014f2a3e1860 JavaThread "Compiler Class File Writer" daemon [_thread_blocked, id=18324, stack(0x0000000303600000,0x0000000303700000)]
  0x0000014f2a3e1d70 JavaThread "Compiler Class File Writer" daemon [_thread_blocked, id=4412, stack(0x0000000303700000,0x0000000303800000)]
  0x0000014f2a3e2280 JavaThread "Compiler Class File Writer" daemon [_thread_blocked, id=8044, stack(0x0000000303800000,0x0000000303900000)]
  0x0000014f2a3e2790 JavaThread "Compiler Class File Writer" daemon [_thread_blocked, id=22376, stack(0x0000000303900000,0x0000000303a00000)]

Other Threads:
  0x0000014f264a31c0 VMThread "VM Thread" [stack: 0x000000037e200000,0x000000037e300000] [id=21320]
  0x0000014f26838e10 WatcherThread [stack: 0x000000037ef00000,0x000000037f000000] [id=21064]
  0x0000014f0cb97560 GCTaskThread "GC Thread#0" [stack: 0x000000037e100000,0x000000037e200000] [id=21700]
  0x0000014f27da2ba0 GCTaskThread "GC Thread#1" [stack: 0x000000037f100000,0x000000037f200000] [id=21832]
  0x0000014f280e0280 GCTaskThread "GC Thread#2" [stack: 0x000000037f200000,0x000000037f300000] [id=18300]
  0x0000014f280d53d0 GCTaskThread "GC Thread#3" [stack: 0x000000037f300000,0x000000037f400000] [id=21668]
  0x0000014f280d5690 GCTaskThread "GC Thread#4" [stack: 0x000000037f400000,0x000000037f500000] [id=20028]
  0x0000014f280d5950 GCTaskThread "GC Thread#5" [stack: 0x000000037f500000,0x000000037f600000] [id=19120]
  0x0000014f28142e00 GCTaskThread "GC Thread#6" [stack: 0x000000037f600000,0x000000037f700000] [id=21796]
  0x0000014f27ee8a00 GCTaskThread "GC Thread#7" [stack: 0x000000037fb00000,0x000000037fc00000] [id=22080]
  0x0000014f28798990 GCTaskThread "GC Thread#8" [stack: 0x000000037fd00000,0x000000037fe00000] [id=16704]
  0x0000014f28798c50 GCTaskThread "GC Thread#9" [stack: 0x000000037fe00000,0x000000037ff00000] [id=21336]

Threads with active compile tasks:
C2 CompilerThread2    14695 7436       4       org.eclipse.jdt.internal.compiler.lookup.LookupEnvironment::getTypeFromSignature (376 bytes)

VM state: not at safepoint (normal execution)

VM Mutex/Monitor currently owned by a thread: None

Heap address: 0x00000000c0000000, size: 1024 MB, Compressed Oops mode: 32-bit

CDS archive(s) not mapped
Compressed class space mapped at: 0x0000000100000000-0x0000000140000000, reserved size: 1073741824
Narrow klass base: 0x0000000000000000, Narrow klass shift: 3, Narrow klass range: 0x140000000

GC Precious Log:
 CPUs: 12 total, 12 available
 Memory: 7860M
 Large Page Support: Disabled
 NUMA Support: Disabled
 Compressed Oops: Enabled (32-bit)
 Alignments: Space 512K, Generation 512K, Heap 2M
 Heap Min Capacity: 100M
 Heap Initial Capacity: 100M
 Heap Max Capacity: 1G
 Pre-touch: Disabled
 Parallel Workers: 10

Heap:
 PSYoungGen      total 15872K, used 2171K [0x00000000eab00000, 0x00000000ebd80000, 0x0000000100000000)
  eden space 14336K, 5% used [0x00000000eab00000,0x00000000eabc3ec8,0x00000000eb900000)
  from space 1536K, 90% used [0x00000000ebc00000,0x00000000ebd5b118,0x00000000ebd80000)
  to   space 2048K, 0% used [0x00000000eb980000,0x00000000eb980000,0x00000000ebb80000)
 ParOldGen       total 68608K, used 46909K [0x00000000c0000000, 0x00000000c4300000, 0x00000000eab00000)
  object space 68608K, 68% used [0x00000000c0000000,0x00000000c2dcf6e8,0x00000000c4300000)
 Metaspace       used 52102K, committed 52992K, reserved 1114112K
  class space    used 5041K, committed 5440K, reserved 1048576K

Card table byte_map: [0x0000014f1ea90000,0x0000014f1eca0000] _byte_map_base: 0x0000014f1e490000

Marking Bits: (ParMarkBitMap*) 0x00007ffcdd7c6940
 Begin Bits: [0x0000014f1ee00000, 0x0000014f1fe00000)
 End Bits:   [0x0000014f1fe00000, 0x0000014f20e00000)

Polling page: 0x0000014f0b2f0000

Metaspace:

Usage:
  Non-class:     45.96 MB used.
      Class:      4.92 MB used.
       Both:     50.88 MB used.

Virtual space:
  Non-class space:       64.00 MB reserved,      46.44 MB ( 73%) committed,  1 nodes.
      Class space:        1.00 GB reserved,       5.31 MB ( <1%) committed,  1 nodes.
             Both:        1.06 GB reserved,      51.75 MB (  5%) committed. 

Chunk freelists:
   Non-Class:  1.44 MB
       Class:  10.53 MB
        Both:  11.97 MB

MaxMetaspaceSize: unlimited
CompressedClassSpaceSize: 1.00 GB
Initial GC threshold: 21.00 MB
Current GC threshold: 58.38 MB
CDS: off
MetaspaceReclaimPolicy: balanced
 - commit_granule_bytes: 65536.
 - commit_granule_words: 8192.
 - virtual_space_node_default_size: 8388608.
 - enlarge_chunks_in_place: 1.
 - new_chunks_are_fully_committed: 0.
 - uncommit_free_chunks: 1.
 - use_allocation_guard: 0.
 - handle_deallocations: 1.


Internal statistics:

num_allocs_failed_limit: 6.
num_arena_births: 586.
num_arena_deaths: 14.
num_vsnodes_births: 2.
num_vsnodes_deaths: 0.
num_space_committed: 828.
num_space_uncommitted: 0.
num_chunks_returned_to_freelist: 20.
num_chunks_taken_from_freelist: 2553.
num_chunk_merges: 11.
num_chunk_splits: 1564.
num_chunks_enlarged: 931.
num_inconsistent_stats: 0.

CodeHeap 'non-profiled nmethods': size=120000Kb used=3817Kb max_used=3817Kb free=116182Kb
 bounds [0x0000014f17380000, 0x0000014f17740000, 0x0000014f1e8b0000]
CodeHeap 'profiled nmethods': size=120000Kb used=14925Kb max_used=14925Kb free=105074Kb
 bounds [0x0000014f0f8b0000, 0x0000014f10750000, 0x0000014f16de0000]
CodeHeap 'non-nmethods': size=5760Kb used=1351Kb max_used=1423Kb free=4409Kb
 bounds [0x0000014f16de0000, 0x0000014f17050000, 0x0000014f17380000]
 total_blobs=7432 nmethods=6739 adapters=606
 compilation: enabled
              stopped_count=0, restarted_count=0
 full_count=0

Compilation events (20 events):
Event: 11.927 Thread 0x0000014f264febb0 nmethod 6509 0x0000014f17734810 code [0x0000014f17734980, 0x0000014f17734a38]
Event: 11.927 Thread 0x0000014f264febb0 6197       4       lombok.eclipse.EclipseASTAdapter::endVisitLocal (1 bytes)
Event: 11.927 Thread 0x0000014f264febb0 nmethod 6197 0x0000014f17734b10 code [0x0000014f17734c80, 0x0000014f17734cf8]
Event: 11.927 Thread 0x0000014f264febb0 6682       4       org.eclipse.jdt.internal.compiler.lookup.VariableBinding::constant (5 bytes)
Event: 11.928 Thread 0x0000014f264febb0 nmethod 6682 0x0000014f17734e10 code [0x0000014f17734f80, 0x0000014f17735018]
Event: 11.928 Thread 0x0000014f264febb0 6768       4       org.eclipse.jdt.internal.compiler.lookup.TypeBinding::initializeForStaticImports (1 bytes)
Event: 11.928 Thread 0x0000014f264febb0 nmethod 6768 0x0000014f17735110 code [0x0000014f17735280, 0x0000014f177352f8]
Event: 11.928 Thread 0x0000014f264febb0 7107       4       org.eclipse.jdt.internal.compiler.lookup.Binding::initializeDeprecatedAnnotationTagBits (1 bytes)
Event: 11.928 Thread 0x0000014f264febb0 nmethod 7107 0x0000014f17735410 code [0x0000014f17735580, 0x0000014f177355f8]
Event: 11.928 Thread 0x0000014f264febb0 7242       4       org.eclipse.jdt.internal.compiler.ast.Literal::analyseCode (2 bytes)
Event: 11.929 Thread 0x0000014f264febb0 nmethod 7242 0x0000014f17735710 code [0x0000014f17735880, 0x0000014f177358f8]
Event: 11.929 Thread 0x0000014f264febb0 6476       4       org.eclipse.jdt.internal.core.JavaElement::escapeMementoName (6 bytes)
Event: 11.929 Thread 0x0000014f264febb0 nmethod 6476 0x0000014f17735a10 code [0x0000014f17735ba0, 0x0000014f17735c48]
Event: 11.929 Thread 0x0000014f264febb0 6948       4       org.eclipse.jdt.internal.compiler.lookup.TypeBinding::signature (5 bytes)
Event: 11.930 Thread 0x0000014f264febb0 nmethod 6948 0x0000014f17735d10 code [0x0000014f17735e80, 0x0000014f17735f18]
Event: 11.930 Thread 0x0000014f264febb0 7278       4       org.eclipse.jdt.internal.corext.dom.GenericVisitor::visit (6 bytes)
Event: 11.930 Thread 0x0000014f264febb0 nmethod 7278 0x0000014f17736010 code [0x0000014f17736180, 0x0000014f17736218]
Event: 11.930 Thread 0x0000014f264febb0 5121       4       jdk.internal.jimage.ImageLocation::getModuleOffset (7 bytes)
Event: 11.931 Thread 0x0000014f264febb0 nmethod 5121 0x0000014f17736310 code [0x0000014f17736480, 0x0000014f17736538]
Event: 11.956 Thread 0x0000014f2863da90 nmethod 7423 0x0000014f17736610 code [0x0000014f17736920, 0x0000014f177393b8]

GC Heap History (20 events):
Event: 8.567 GC heap before
{Heap before GC invocations=23 (full 2):
 PSYoungGen      total 19968K, used 19824K [0x00000000eab00000, 0x00000000ec000000, 0x0000000100000000)
  eden space 18944K, 100% used [0x00000000eab00000,0x00000000ebd80000,0x00000000ebd80000)
  from space 1024K, 85% used [0x00000000ebf00000,0x00000000ebfdc0c8,0x00000000ec000000)
  to   space 1024K, 0% used [0x00000000ebe00000,0x00000000ebe00000,0x00000000ebf00000)
 ParOldGen       total 68608K, used 26691K [0x00000000c0000000, 0x00000000c4300000, 0x00000000eab00000)
  object space 68608K, 38% used [0x00000000c0000000,0x00000000c1a10ff0,0x00000000c4300000)
 Metaspace       used 44650K, committed 45568K, reserved 1114112K
  class space    used 4512K, committed 4928K, reserved 1048576K
}
Event: 8.569 GC heap after
{Heap after GC invocations=23 (full 2):
 PSYoungGen      total 19968K, used 594K [0x00000000eab00000, 0x00000000ebf80000, 0x0000000100000000)
  eden space 18944K, 0% used [0x00000000eab00000,0x00000000eab00000,0x00000000ebd80000)
  from space 1024K, 58% used [0x00000000ebe00000,0x00000000ebe948b0,0x00000000ebf00000)
  to   space 512K, 0% used [0x00000000ebf00000,0x00000000ebf00000,0x00000000ebf80000)
 ParOldGen       total 68608K, used 27404K [0x00000000c0000000, 0x00000000c4300000, 0x00000000eab00000)
  object space 68608K, 39% used [0x00000000c0000000,0x00000000c1ac33d8,0x00000000c4300000)
 Metaspace       used 44650K, committed 45568K, reserved 1114112K
  class space    used 4512K, committed 4928K, reserved 1048576K
}
Event: 9.013 GC heap before
{Heap before GC invocations=24 (full 2):
 PSYoungGen      total 19968K, used 19538K [0x00000000eab00000, 0x00000000ebf80000, 0x0000000100000000)
  eden space 18944K, 100% used [0x00000000eab00000,0x00000000ebd80000,0x00000000ebd80000)
  from space 1024K, 58% used [0x00000000ebe00000,0x00000000ebe948b0,0x00000000ebf00000)
  to   space 512K, 0% used [0x00000000ebf00000,0x00000000ebf00000,0x00000000ebf80000)
 ParOldGen       total 68608K, used 27404K [0x00000000c0000000, 0x00000000c4300000, 0x00000000eab00000)
  object space 68608K, 39% used [0x00000000c0000000,0x00000000c1ac33d8,0x00000000c4300000)
 Metaspace       used 46299K, committed 47168K, reserved 1114112K
  class space    used 4688K, committed 5056K, reserved 1048576K
}
Event: 9.017 GC heap after
{Heap after GC invocations=24 (full 2):
 PSYoungGen      total 17920K, used 512K [0x00000000eab00000, 0x00000000ec380000, 0x0000000100000000)
  eden space 17408K, 0% used [0x00000000eab00000,0x00000000eab00000,0x00000000ebc00000)
  from space 512K, 100% used [0x00000000ebf00000,0x00000000ebf80000,0x00000000ebf80000)
  to   space 3072K, 0% used [0x00000000ebc00000,0x00000000ebc00000,0x00000000ebf00000)
 ParOldGen       total 68608K, used 29261K [0x00000000c0000000, 0x00000000c4300000, 0x00000000eab00000)
  object space 68608K, 42% used [0x00000000c0000000,0x00000000c1c93728,0x00000000c4300000)
 Metaspace       used 46299K, committed 47168K, reserved 1114112K
  class space    used 4688K, committed 5056K, reserved 1048576K
}
Event: 9.403 GC heap before
{Heap before GC invocations=25 (full 2):
 PSYoungGen      total 17920K, used 17919K [0x00000000eab00000, 0x00000000ec380000, 0x0000000100000000)
  eden space 17408K, 99% used [0x00000000eab00000,0x00000000ebbfff48,0x00000000ebc00000)
  from space 512K, 100% used [0x00000000ebf00000,0x00000000ebf80000,0x00000000ebf80000)
  to   space 3072K, 0% used [0x00000000ebc00000,0x00000000ebc00000,0x00000000ebf00000)
 ParOldGen       total 68608K, used 29261K [0x00000000c0000000, 0x00000000c4300000, 0x00000000eab00000)
  object space 68608K, 42% used [0x00000000c0000000,0x00000000c1c93728,0x00000000c4300000)
 Metaspace       used 47652K, committed 48448K, reserved 1114112K
  class space    used 4823K, committed 5184K, reserved 1048576K
}
Event: 9.406 GC heap after
{Heap after GC invocations=25 (full 2):
 PSYoungGen      total 20480K, used 2596K [0x00000000eab00000, 0x00000000ec200000, 0x0000000100000000)
  eden space 17408K, 0% used [0x00000000eab00000,0x00000000eab00000,0x00000000ebc00000)
  from space 3072K, 84% used [0x00000000ebc00000,0x00000000ebe89238,0x00000000ebf00000)
  to   space 3072K, 0% used [0x00000000ebf00000,0x00000000ebf00000,0x00000000ec200000)
 ParOldGen       total 68608K, used 29804K [0x00000000c0000000, 0x00000000c4300000, 0x00000000eab00000)
  object space 68608K, 43% used [0x00000000c0000000,0x00000000c1d1b140,0x00000000c4300000)
 Metaspace       used 47652K, committed 48448K, reserved 1114112K
  class space    used 4823K, committed 5184K, reserved 1048576K
}
Event: 9.828 GC heap before
{Heap before GC invocations=26 (full 2):
 PSYoungGen      total 20480K, used 20004K [0x00000000eab00000, 0x00000000ec200000, 0x0000000100000000)
  eden space 17408K, 100% used [0x00000000eab00000,0x00000000ebc00000,0x00000000ebc00000)
  from space 3072K, 84% used [0x00000000ebc00000,0x00000000ebe89238,0x00000000ebf00000)
  to   space 3072K, 0% used [0x00000000ebf00000,0x00000000ebf00000,0x00000000ec200000)
 ParOldGen       total 68608K, used 29804K [0x00000000c0000000, 0x00000000c4300000, 0x00000000eab00000)
  object space 68608K, 43% used [0x00000000c0000000,0x00000000c1d1b140,0x00000000c4300000)
 Metaspace       used 49067K, committed 49856K, reserved 1114112K
  class space    used 4874K, committed 5248K, reserved 1048576K
}
Event: 9.833 GC heap after
{Heap after GC invocations=26 (full 2):
 PSYoungGen      total 20480K, used 2806K [0x00000000eab00000, 0x00000000ec200000, 0x0000000100000000)
  eden space 17408K, 0% used [0x00000000eab00000,0x00000000eab00000,0x00000000ebc00000)
  from space 3072K, 91% used [0x00000000ebf00000,0x00000000ec1bd860,0x00000000ec200000)
  to   space 3072K, 0% used [0x00000000ebc00000,0x00000000ebc00000,0x00000000ebf00000)
 ParOldGen       total 68608K, used 32179K [0x00000000c0000000, 0x00000000c4300000, 0x00000000eab00000)
  object space 68608K, 46% used [0x00000000c0000000,0x00000000c1f6cfc0,0x00000000c4300000)
 Metaspace       used 49067K, committed 49856K, reserved 1114112K
  class space    used 4874K, committed 5248K, reserved 1048576K
}
Event: 9.912 GC heap before
{Heap before GC invocations=27 (full 2):
 PSYoungGen      total 20480K, used 20214K [0x00000000eab00000, 0x00000000ec200000, 0x0000000100000000)
  eden space 17408K, 100% used [0x00000000eab00000,0x00000000ebc00000,0x00000000ebc00000)
  from space 3072K, 91% used [0x00000000ebf00000,0x00000000ec1bd860,0x00000000ec200000)
  to   space 3072K, 0% used [0x00000000ebc00000,0x00000000ebc00000,0x00000000ebf00000)
 ParOldGen       total 68608K, used 32179K [0x00000000c0000000, 0x00000000c4300000, 0x00000000eab00000)
  object space 68608K, 46% used [0x00000000c0000000,0x00000000c1f6cfc0,0x00000000c4300000)
 Metaspace       used 49196K, committed 49984K, reserved 1114112K
  class space    used 4875K, committed 5248K, reserved 1048576K
}
Event: 9.916 GC heap after
{Heap after GC invocations=27 (full 2):
 PSYoungGen      total 19456K, used 1924K [0x00000000eab00000, 0x00000000ec100000, 0x0000000100000000)
  eden space 17408K, 0% used [0x00000000eab00000,0x00000000eab00000,0x00000000ebc00000)
  from space 2048K, 93% used [0x00000000ebc00000,0x00000000ebde1000,0x00000000ebe00000)
  to   space 2560K, 0% used [0x00000000ebe80000,0x00000000ebe80000,0x00000000ec100000)
 ParOldGen       total 68608K, used 34795K [0x00000000c0000000, 0x00000000c4300000, 0x00000000eab00000)
  object space 68608K, 50% used [0x00000000c0000000,0x00000000c21fad58,0x00000000c4300000)
 Metaspace       used 49196K, committed 49984K, reserved 1114112K
  class space    used 4875K, committed 5248K, reserved 1048576K
}
Event: 10.127 GC heap before
{Heap before GC invocations=28 (full 2):
 PSYoungGen      total 19456K, used 19332K [0x00000000eab00000, 0x00000000ec100000, 0x0000000100000000)
  eden space 17408K, 100% used [0x00000000eab00000,0x00000000ebc00000,0x00000000ebc00000)
  from space 2048K, 93% used [0x00000000ebc00000,0x00000000ebde1000,0x00000000ebe00000)
  to   space 2560K, 0% used [0x00000000ebe80000,0x00000000ebe80000,0x00000000ec100000)
 ParOldGen       total 68608K, used 34795K [0x00000000c0000000, 0x00000000c4300000, 0x00000000eab00000)
  object space 68608K, 50% used [0x00000000c0000000,0x00000000c21fad58,0x00000000c4300000)
 Metaspace       used 49752K, committed 50624K, reserved 1114112K
  class space    used 4915K, committed 5312K, reserved 1048576K
}
Event: 10.132 GC heap after
{Heap after GC invocations=28 (full 2):
 PSYoungGen      total 16896K, used 2554K [0x00000000eab00000, 0x00000000ec700000, 0x0000000100000000)
  eden space 14336K, 0% used [0x00000000eab00000,0x00000000eab00000,0x00000000eb900000)
  from space 2560K, 99% used [0x00000000ebe80000,0x00000000ec0feb28,0x00000000ec100000)
  to   space 5632K, 0% used [0x00000000eb900000,0x00000000eb900000,0x00000000ebe80000)
 ParOldGen       total 68608K, used 37115K [0x00000000c0000000, 0x00000000c4300000, 0x00000000eab00000)
  object space 68608K, 54% used [0x00000000c0000000,0x00000000c243efe8,0x00000000c4300000)
 Metaspace       used 49752K, committed 50624K, reserved 1114112K
  class space    used 4915K, committed 5312K, reserved 1048576K
}
Event: 10.507 GC heap before
{Heap before GC invocations=29 (full 2):
 PSYoungGen      total 16896K, used 16890K [0x00000000eab00000, 0x00000000ec700000, 0x0000000100000000)
  eden space 14336K, 100% used [0x00000000eab00000,0x00000000eb900000,0x00000000eb900000)
  from space 2560K, 99% used [0x00000000ebe80000,0x00000000ec0feb28,0x00000000ec100000)
  to   space 5632K, 0% used [0x00000000eb900000,0x00000000eb900000,0x00000000ebe80000)
 ParOldGen       total 68608K, used 37115K [0x00000000c0000000, 0x00000000c4300000, 0x00000000eab00000)
  object space 68608K, 54% used [0x00000000c0000000,0x00000000c243efe8,0x00000000c4300000)
 Metaspace       used 50114K, committed 51008K, reserved 1114112K
  class space    used 4936K, committed 5312K, reserved 1048576K
}
Event: 10.514 GC heap after
{Heap after GC invocations=29 (full 2):
 PSYoungGen      total 18432K, used 3888K [0x00000000eab00000, 0x00000000ec200000, 0x0000000100000000)
  eden space 14336K, 0% used [0x00000000eab00000,0x00000000eab00000,0x00000000eb900000)
  from space 4096K, 94% used [0x00000000eb900000,0x00000000ebccc3c0,0x00000000ebd00000)
  to   space 4608K, 0% used [0x00000000ebd80000,0x00000000ebd80000,0x00000000ec200000)
 ParOldGen       total 68608K, used 39648K [0x00000000c0000000, 0x00000000c4300000, 0x00000000eab00000)
  object space 68608K, 57% used [0x00000000c0000000,0x00000000c26b8270,0x00000000c4300000)
 Metaspace       used 50114K, committed 51008K, reserved 1114112K
  class space    used 4936K, committed 5312K, reserved 1048576K
}
Event: 10.872 GC heap before
{Heap before GC invocations=30 (full 2):
 PSYoungGen      total 18432K, used 18224K [0x00000000eab00000, 0x00000000ec200000, 0x0000000100000000)
  eden space 14336K, 100% used [0x00000000eab00000,0x00000000eb900000,0x00000000eb900000)
  from space 4096K, 94% used [0x00000000eb900000,0x00000000ebccc3c0,0x00000000ebd00000)
  to   space 4608K, 0% used [0x00000000ebd80000,0x00000000ebd80000,0x00000000ec200000)
 ParOldGen       total 68608K, used 39648K [0x00000000c0000000, 0x00000000c4300000, 0x00000000eab00000)
  object space 68608K, 57% used [0x00000000c0000000,0x00000000c26b8270,0x00000000c4300000)
 Metaspace       used 50451K, committed 51264K, reserved 1114112K
  class space    used 4939K, committed 5312K, reserved 1048576K
}
Event: 10.880 GC heap after
{Heap after GC invocations=30 (full 2):
 PSYoungGen      total 17408K, used 2784K [0x00000000eab00000, 0x00000000ec080000, 0x0000000100000000)
  eden space 14336K, 0% used [0x00000000eab00000,0x00000000eab00000,0x00000000eb900000)
  from space 3072K, 90% used [0x00000000ebd80000,0x00000000ec038010,0x00000000ec080000)
  to   space 3584K, 0% used [0x00000000eb980000,0x00000000eb980000,0x00000000ebd00000)
 ParOldGen       total 68608K, used 43222K [0x00000000c0000000, 0x00000000c4300000, 0x00000000eab00000)
  object space 68608K, 62% used [0x00000000c0000000,0x00000000c2a359b0,0x00000000c4300000)
 Metaspace       used 50451K, committed 51264K, reserved 1114112K
  class space    used 4939K, committed 5312K, reserved 1048576K
}
Event: 11.190 GC heap before
{Heap before GC invocations=31 (full 2):
 PSYoungGen      total 17408K, used 17088K [0x00000000eab00000, 0x00000000ec080000, 0x0000000100000000)
  eden space 14336K, 99% used [0x00000000eab00000,0x00000000eb8f8100,0x00000000eb900000)
  from space 3072K, 90% used [0x00000000ebd80000,0x00000000ec038010,0x00000000ec080000)
  to   space 3584K, 0% used [0x00000000eb980000,0x00000000eb980000,0x00000000ebd00000)
 ParOldGen       total 68608K, used 43222K [0x00000000c0000000, 0x00000000c4300000, 0x00000000eab00000)
  object space 68608K, 62% used [0x00000000c0000000,0x00000000c2a359b0,0x00000000c4300000)
 Metaspace       used 50946K, committed 51776K, reserved 1114112K
  class space    used 4954K, committed 5312K, reserved 1048576K
}
Event: 11.197 GC heap after
{Heap after GC invocations=31 (full 2):
 PSYoungGen      total 16896K, used 2206K [0x00000000eab00000, 0x00000000ebe00000, 0x0000000100000000)
  eden space 14336K, 0% used [0x00000000eab00000,0x00000000eab00000,0x00000000eb900000)
  from space 2560K, 86% used [0x00000000eb980000,0x00000000ebba7bd0,0x00000000ebc00000)
  to   space 2048K, 0% used [0x00000000ebc00000,0x00000000ebc00000,0x00000000ebe00000)
 ParOldGen       total 68608K, used 45673K [0x00000000c0000000, 0x00000000c4300000, 0x00000000eab00000)
  object space 68608K, 66% used [0x00000000c0000000,0x00000000c2c9a708,0x00000000c4300000)
 Metaspace       used 50946K, committed 51776K, reserved 1114112K
  class space    used 4954K, committed 5312K, reserved 1048576K
}
Event: 11.731 GC heap before
{Heap before GC invocations=32 (full 2):
 PSYoungGen      total 16896K, used 16542K [0x00000000eab00000, 0x00000000ebe00000, 0x0000000100000000)
  eden space 14336K, 100% used [0x00000000eab00000,0x00000000eb900000,0x00000000eb900000)
  from space 2560K, 86% used [0x00000000eb980000,0x00000000ebba7bd0,0x00000000ebc00000)
  to   space 2048K, 0% used [0x00000000ebc00000,0x00000000ebc00000,0x00000000ebe00000)
 ParOldGen       total 68608K, used 45673K [0x00000000c0000000, 0x00000000c4300000, 0x00000000eab00000)
  object space 68608K, 66% used [0x00000000c0000000,0x00000000c2c9a708,0x00000000c4300000)
 Metaspace       used 52059K, committed 52992K, reserved 1114112K
  class space    used 5037K, committed 5440K, reserved 1048576K
}
Event: 11.734 GC heap after
{Heap after GC invocations=32 (full 2):
 PSYoungGen      total 15872K, used 1388K [0x00000000eab00000, 0x00000000ebd80000, 0x0000000100000000)
  eden space 14336K, 0% used [0x00000000eab00000,0x00000000eab00000,0x00000000eb900000)
  from space 1536K, 90% used [0x00000000ebc00000,0x00000000ebd5b118,0x00000000ebd80000)
  to   space 2048K, 0% used [0x00000000eb980000,0x00000000eb980000,0x00000000ebb80000)
 ParOldGen       total 68608K, used 46909K [0x00000000c0000000, 0x00000000c4300000, 0x00000000eab00000)
  object space 68608K, 68% used [0x00000000c0000000,0x00000000c2dcf6e8,0x00000000c4300000)
 Metaspace       used 52059K, committed 52992K, reserved 1114112K
  class space    used 5037K, committed 5440K, reserved 1048576K
}

Dll operation events (10 events):
Event: 0.014 Loaded shared library c:\Users\Nicolas Gabriel\.vscode\extensions\redhat.java-1.36.0-win32-x64\jre\17.0.13-win32-x86_64\bin\java.dll
Event: 0.211 Loaded shared library c:\Users\Nicolas Gabriel\.vscode\extensions\redhat.java-1.36.0-win32-x64\jre\17.0.13-win32-x86_64\bin\zip.dll
Event: 0.217 Loaded shared library C:\Users\Nicolas Gabriel\.vscode\extensions\redhat.java-1.36.0-win32-x64\jre\17.0.13-win32-x86_64\bin\instrument.dll
Event: 0.240 Loaded shared library C:\Users\Nicolas Gabriel\.vscode\extensions\redhat.java-1.36.0-win32-x64\jre\17.0.13-win32-x86_64\bin\net.dll
Event: 0.243 Loaded shared library C:\Users\Nicolas Gabriel\.vscode\extensions\redhat.java-1.36.0-win32-x64\jre\17.0.13-win32-x86_64\bin\nio.dll
Event: 0.254 Loaded shared library C:\Users\Nicolas Gabriel\.vscode\extensions\redhat.java-1.36.0-win32-x64\jre\17.0.13-win32-x86_64\bin\zip.dll
Event: 0.284 Loaded shared library C:\Users\Nicolas Gabriel\.vscode\extensions\redhat.java-1.36.0-win32-x64\jre\17.0.13-win32-x86_64\bin\jimage.dll
Event: 0.384 Loaded shared library c:\Users\Nicolas Gabriel\.vscode\extensions\redhat.java-1.36.0-win32-x64\jre\17.0.13-win32-x86_64\bin\verify.dll
Event: 1.466 Loaded shared library C:\Users\Nicolas Gabriel\AppData\Roaming\Code\User\globalStorage\redhat.java\1.36.0\config_ss_win\org.eclipse.equinox.launcher\org.eclipse.equinox.launcher.win32.win32.x86_64_1.2.1100.v20240722-2106\eclipse_11904.dll
Event: 2.520 Loaded shared library C:\Users\Nicolas Gabriel\AppData\Local\Temp\jna--441322147\jna9439594062457575540.dll

Deoptimization events (20 events):
Event: 11.540 Thread 0x0000014f2a3dcc70 Uncommon trap: trap_request=0xffffffde fr.pc=0x0000014f1746cd00 relative=0x0000000000000be0
Event: 11.540 Thread 0x0000014f2a3dcc70 Uncommon trap: reason=class_check action=maybe_recompile pc=0x0000014f1746cd00 method=java.util.concurrent.ConcurrentHashMap.putVal(Ljava/lang/Object;Ljava/lang/Object;Z)Ljava/lang/Object; @ 242 c2
Event: 11.540 Thread 0x0000014f2a3dcc70 DEOPT PACKING pc=0x0000014f1746cd00 sp=0x0000000302efe3b0
Event: 11.540 Thread 0x0000014f2a3dcc70 DEOPT UNPACKING pc=0x0000014f16e366a3 sp=0x0000000302efe320 mode 2
Event: 11.552 Thread 0x0000014f2a3dcc70 Uncommon trap: trap_request=0xffffffde fr.pc=0x0000014f1746cd00 relative=0x0000000000000be0
Event: 11.552 Thread 0x0000014f2a3dcc70 Uncommon trap: reason=class_check action=maybe_recompile pc=0x0000014f1746cd00 method=java.util.concurrent.ConcurrentHashMap.putVal(Ljava/lang/Object;Ljava/lang/Object;Z)Ljava/lang/Object; @ 242 c2
Event: 11.552 Thread 0x0000014f2a3dcc70 DEOPT PACKING pc=0x0000014f1746cd00 sp=0x0000000302efe3b0
Event: 11.552 Thread 0x0000014f2a3dcc70 DEOPT UNPACKING pc=0x0000014f16e366a3 sp=0x0000000302efe320 mode 2
Event: 11.552 Thread 0x0000014f2a3dcc70 Uncommon trap: trap_request=0xffffff45 fr.pc=0x0000014f1741c114 relative=0x00000000000001f4
Event: 11.552 Thread 0x0000014f2a3dcc70 Uncommon trap: reason=unstable_if action=reinterpret pc=0x0000014f1741c114 method=java.util.concurrent.ConcurrentHashMap.get(Ljava/lang/Object;)Ljava/lang/Object; @ 152 c2
Event: 11.552 Thread 0x0000014f2a3dcc70 DEOPT PACKING pc=0x0000014f1741c114 sp=0x0000000302efe2f0
Event: 11.552 Thread 0x0000014f2a3dcc70 DEOPT UNPACKING pc=0x0000014f16e366a3 sp=0x0000000302efe268 mode 2
Event: 11.553 Thread 0x0000014f29ee9040 DEOPT PACKING pc=0x0000014f0f90be5f sp=0x00000003003fe550
Event: 11.553 Thread 0x0000014f29ee9040 DEOPT UNPACKING pc=0x0000014f16e36e43 sp=0x00000003003fda10 mode 0
Event: 11.675 Thread 0x0000014f29ee9040 DEOPT PACKING pc=0x0000014f105dfbf0 sp=0x00000003003fe650
Event: 11.675 Thread 0x0000014f29ee9040 DEOPT UNPACKING pc=0x0000014f16e36e43 sp=0x00000003003fda98 mode 0
Event: 11.742 Thread 0x0000014f29ee9040 DEOPT PACKING pc=0x0000014f1073bbc0 sp=0x00000003003feb10
Event: 11.742 Thread 0x0000014f29ee9040 DEOPT UNPACKING pc=0x0000014f16e36e43 sp=0x00000003003fe018 mode 0
Event: 11.743 Thread 0x0000014f29ee9040 DEOPT PACKING pc=0x0000014f1073bbc0 sp=0x00000003003feb10
Event: 11.743 Thread 0x0000014f29ee9040 DEOPT UNPACKING pc=0x0000014f16e36e43 sp=0x00000003003fe018 mode 0

Classes loaded (20 events):
Event: 9.219 Loading class java/util/stream/Streams$ConcatSpliterator done
Event: 9.219 Loading class java/util/stream/Streams$ConcatSpliterator$OfRef done
Event: 9.219 Loading class java/util/stream/Streams$2
Event: 9.220 Loading class java/util/stream/Streams$2 done
Event: 9.248 Loading class java/util/function/BiPredicate
Event: 9.248 Loading class java/util/function/BiPredicate done
Event: 9.304 Loading class java/util/concurrent/ConcurrentHashMap$KeySpliterator
Event: 9.304 Loading class java/util/concurrent/ConcurrentHashMap$KeySpliterator done
Event: 9.681 Loading class java/util/regex/Pattern$1
Event: 9.682 Loading class java/util/regex/Pattern$1 done
Event: 9.710 Loading class java/io/FileReader
Event: 9.710 Loading class java/io/FileReader done
Event: 9.710 Loading class java/lang/UnsupportedClassVersionError
Event: 9.710 Loading class java/lang/UnsupportedClassVersionError done
Event: 9.726 Loading class jdk/internal/reflect/UnsafeQualifiedStaticIntegerFieldAccessorImpl
Event: 9.727 Loading class jdk/internal/reflect/UnsafeQualifiedStaticIntegerFieldAccessorImpl done
Event: 10.102 Loading class jdk/internal/math/FDBigInteger
Event: 10.103 Loading class jdk/internal/math/FDBigInteger done
Event: 11.720 Loading class java/util/regex/PatternSyntaxException
Event: 11.720 Loading class java/util/regex/PatternSyntaxException done

Classes unloaded (7 events):
Event: 2.287 Thread 0x0000014f264a31c0 Unloading class 0x000000010021e400 'java/lang/invoke/LambdaForm$MH+0x000000010021e400'
Event: 2.287 Thread 0x0000014f264a31c0 Unloading class 0x000000010021e000 'java/lang/invoke/LambdaForm$MH+0x000000010021e000'
Event: 2.287 Thread 0x0000014f264a31c0 Unloading class 0x000000010021dc00 'java/lang/invoke/LambdaForm$MH+0x000000010021dc00'
Event: 2.287 Thread 0x0000014f264a31c0 Unloading class 0x000000010021d800 'java/lang/invoke/LambdaForm$MH+0x000000010021d800'
Event: 2.287 Thread 0x0000014f264a31c0 Unloading class 0x000000010021d400 'java/lang/invoke/LambdaForm$BMH+0x000000010021d400'
Event: 2.287 Thread 0x0000014f264a31c0 Unloading class 0x000000010021d000 'java/lang/invoke/LambdaForm$DMH+0x000000010021d000'
Event: 2.287 Thread 0x0000014f264a31c0 Unloading class 0x0000000100218400 'java/lang/invoke/LambdaForm$DMH+0x0000000100218400'

Classes redefined (0 events):
No events

Internal exceptions (20 events):
Event: 7.931 Thread 0x0000014f2a075230 Exception <a 'sun/nio/fs/WindowsException'{0x00000000eb276ea0}> (0x00000000eb276ea0) 
thrown [s\src\hotspot\share\prims\jni.cpp, line 516]
Event: 7.931 Thread 0x0000014f2a0784d0 Exception <a 'sun/nio/fs/WindowsException'{0x00000000eb5dff70}> (0x00000000eb5dff70) 
thrown [s\src\hotspot\share\prims\jni.cpp, line 516]
Event: 8.584 Thread 0x0000014f2a0729b0 Implicit null exception at 0x0000014f175e6fcf to 0x0000014f175e7c1c
Event: 8.972 Thread 0x0000014f29ee9040 Exception <a 'java/lang/NoSuchMethodError'{0x00000000ebb1fb58}: 'int java.lang.invoke.DirectMethodHandle$Holder.invokeSpecialIFC(java.lang.Object, java.lang.Object, java.lang.Object)'> (0x00000000ebb1fb58) 
thrown [s\src\hotspot\share\interpreter\linkResolver.cpp, line 759]
Event: 9.230 Thread 0x0000014f2a3dead0 Exception <a 'java/lang/NoSuchMethodError'{0x00000000eb5b14e8}: 'java.lang.Object java.lang.invoke.DirectMethodHandle$Holder.newInvokeSpecial(java.lang.Object, java.lang.Object, java.lang.Object, java.lang.Object, int)'> (0x00000000eb5b14e8) 
thrown [s\src\hotspot\share\interpreter\linkResolver.cpp, line 759]
Event: 9.231 Thread 0x0000014f2a3dead0 Exception <a 'java/lang/NoSuchMethodError'{0x00000000eb5b5820}: 'java.lang.Object java.lang.invoke.DirectMethodHandle$Holder.invokeSpecial(java.lang.Object, java.lang.Object, java.lang.Object, java.lang.Object, java.lang.Object, int)'> (0x00000000eb5b5820) 
thrown [s\src\hotspot\share\interpreter\linkResolver.cpp, line 759]
Event: 9.231 Thread 0x0000014f2a3dead0 Exception <a 'java/lang/NoSuchMethodError'{0x00000000eb5b9760}: 'java.lang.Object java.lang.invoke.Invokers$Holder.linkToTargetMethod(java.lang.Object, java.lang.Object, java.lang.Object, int, java.lang.Object)'> (0x00000000eb5b9760) 
thrown [s\src\hotspot\share\interpreter\linkResolver.cpp, line 759]
Event: 9.269 Thread 0x0000014f2a3dead0 Exception <a 'java/lang/NoSuchMethodError'{0x00000000eb6788d0}: 'int java.lang.invoke.DirectMethodHandle$Holder.invokeStatic(java.lang.Object, int, java.lang.Object)'> (0x00000000eb6788d0) 
thrown [s\src\hotspot\share\interpreter\linkResolver.cpp, line 759]
Event: 9.308 Thread 0x0000014f29ee9040 Exception <a 'java/lang/NoSuchMethodError'{0x00000000eb76f9c0}: 'java.lang.Object java.lang.invoke.DirectMethodHandle$Holder.newInvokeSpecial(java.lang.Object, java.lang.Object, int, int, java.lang.Object)'> (0x00000000eb76f9c0) 
thrown [s\src\hotspot\share\interpreter\linkResolver.cpp, line 759]
Event: 9.381 Thread 0x0000014f287721b0 Exception <a 'java/io/FileNotFoundException'{0x00000000eb9467c8}> (0x00000000eb9467c8) 
thrown [s\src\hotspot\share\prims\jni.cpp, line 516]
Event: 9.381 Thread 0x0000014f287721b0 Exception <a 'java/io/FileNotFoundException'{0x00000000eb969580}> (0x00000000eb969580) 
thrown [s\src\hotspot\share\prims\jni.cpp, line 516]
Event: 9.382 Thread 0x0000014f287721b0 Exception <a 'java/io/FileNotFoundException'{0x00000000eb97a330}> (0x00000000eb97a330) 
thrown [s\src\hotspot\share\prims\jni.cpp, line 516]
Event: 9.654 Thread 0x0000014f287726c0 Exception <a 'java/lang/NoSuchMethodError'{0x00000000eb13cd10}: 'java.lang.Object java.lang.invoke.DirectMethodHandle$Holder.invokeSpecial(java.lang.Object, java.lang.Object, int, long)'> (0x00000000eb13cd10) 
thrown [s\src\hotspot\share\interpreter\linkResolver.cpp, line 759]
Event: 9.701 Thread 0x0000014f2a3e0930 Exception <a 'java/lang/ArrayIndexOutOfBoundsException'{0x00000000eb446e48}> (0x00000000eb446e48) 
thrown [s\src\hotspot\share\runtime\sharedRuntime.cpp, line 631]
Event: 9.984 Thread 0x0000014f2a3dcc70 Exception <a 'java/lang/NoSuchMethodError'{0x00000000eb4539e8}: 'int java.lang.invoke.DirectMethodHandle$Holder.invokeInterface(java.lang.Object, java.lang.Object)'> (0x00000000eb4539e8) 
thrown [s\src\hotspot\share\interpreter\linkResolver.cpp, line 759]
Event: 9.984 Thread 0x0000014f2a3dcc70 Exception <a 'java/lang/IncompatibleClassChangeError'{0x00000000eb456f78}: Found class java.lang.Object, but interface was expected> (0x00000000eb456f78) 
thrown [s\src\hotspot\share\interpreter\linkResolver.cpp, line 826]
Event: 10.005 Thread 0x0000014f2a3dcc70 Exception <a 'java/lang/NoSuchMethodError'{0x00000000eb5c3748}: 'int java.lang.invoke.DirectMethodHandle$Holder.invokeStatic(java.lang.Object, java.lang.Object, java.lang.Object, int)'> (0x00000000eb5c3748) 
thrown [s\src\hotspot\share\interpreter\linkResolver.cpp, line 759]
Event: 10.277 Thread 0x0000014f29ee9040 Exception <a 'sun/nio/fs/WindowsException'{0x00000000eb165e18}> (0x00000000eb165e18) 
thrown [s\src\hotspot\share\prims\jni.cpp, line 516]
Event: 10.277 Thread 0x0000014f29ee9040 Exception <a 'sun/nio/fs/WindowsException'{0x00000000eb166530}> (0x00000000eb166530) 
thrown [s\src\hotspot\share\prims\jni.cpp, line 516]
Event: 11.301 Thread 0x0000014f28772bd0 Exception <a 'java/lang/NoSuchMethodError'{0x00000000eae77b98}: 'java.lang.Object java.lang.invoke.DirectMethodHandle$Holder.newInvokeSpecial(java.lang.Object, java.lang.Object, java.lang.Object, java.lang.Object, java.lang.Object, java.lang.Object)'> (0x00000000eae77b98) 
thrown [s\src\hotspot\share\interpreter\linkResolver.cpp, line 759]

VM Operations (20 events):
Event: 10.506 Executing VM operation: ParallelGCFailedAllocation
Event: 10.514 Executing VM operation: ParallelGCFailedAllocation done
Event: 10.771 Executing VM operation: ICBufferFull
Event: 10.771 Executing VM operation: ICBufferFull done
Event: 10.840 Executing VM operation: HandshakeAllThreads
Event: 10.840 Executing VM operation: HandshakeAllThreads done
Event: 10.872 Executing VM operation: ParallelGCFailedAllocation
Event: 10.880 Executing VM operation: ParallelGCFailedAllocation done
Event: 11.190 Executing VM operation: ParallelGCFailedAllocation
Event: 11.197 Executing VM operation: ParallelGCFailedAllocation done
Event: 11.528 Executing VM operation: ICBufferFull
Event: 11.540 Executing VM operation: ICBufferFull done
Event: 11.540 Executing VM operation: HandshakeAllThreads
Event: 11.540 Executing VM operation: HandshakeAllThreads done
Event: 11.710 Executing VM operation: HandshakeAllThreads
Event: 11.710 Executing VM operation: HandshakeAllThreads done
Event: 11.731 Executing VM operation: ParallelGCFailedAllocation
Event: 11.734 Executing VM operation: ParallelGCFailedAllocation done
Event: 12.738 Executing VM operation: Cleanup
Event: 12.738 Executing VM operation: Cleanup done

Memory protections (0 events):
No events

Nmethod flushes (20 events):
Event: 9.224 Thread 0x0000014f26517d80 flushing  nmethod 0x0000014f1014d390
Event: 9.224 Thread 0x0000014f26517d80 flushing  nmethod 0x0000014f10155410
Event: 9.224 Thread 0x0000014f26517d80 flushing  nmethod 0x0000014f1015a910
Event: 9.224 Thread 0x0000014f26517d80 flushing  nmethod 0x0000014f1015ac90
Event: 9.224 Thread 0x0000014f26517d80 flushing  nmethod 0x0000014f1015b890
Event: 9.225 Thread 0x0000014f26517d80 flushing  nmethod 0x0000014f1016b690
Event: 9.225 Thread 0x0000014f26517d80 flushing  nmethod 0x0000014f1016d390
Event: 9.225 Thread 0x0000014f26517d80 flushing  nmethod 0x0000014f10190b10
Event: 9.225 Thread 0x0000014f26517d80 flushing  nmethod 0x0000014f10190e90
Event: 9.225 Thread 0x0000014f26517d80 flushing  nmethod 0x0000014f10191210
Event: 9.225 Thread 0x0000014f26517d80 flushing  nmethod 0x0000014f10192110
Event: 9.225 Thread 0x0000014f26517d80 flushing  nmethod 0x0000014f10193210
Event: 9.225 Thread 0x0000014f26517d80 flushing  nmethod 0x0000014f1019cb90
Event: 9.225 Thread 0x0000014f26517d80 flushing  nmethod 0x0000014f1019e510
Event: 9.225 Thread 0x0000014f26517d80 flushing  nmethod 0x0000014f101ad110
Event: 9.225 Thread 0x0000014f26517d80 flushing  nmethod 0x0000014f101ae510
Event: 9.225 Thread 0x0000014f26517d80 flushing  nmethod 0x0000014f101aea90
Event: 9.225 Thread 0x0000014f26517d80 flushing  nmethod 0x0000014f101fc590
Event: 9.225 Thread 0x0000014f26517d80 flushing  nmethod 0x0000014f10241b90
Event: 10.852 Thread 0x0000014f26517d80 flushing  nmethod 0x0000014f1023ac10

Events (20 events):
Event: 7.947 Thread 0x0000014f29ee9040 Thread added: 0x0000014f2a3df4f0
Event: 7.947 Thread 0x0000014f29ee9040 Thread added: 0x0000014f2a3dd180
Event: 7.947 Thread 0x0000014f2a3dfa00 Thread added: 0x0000014f2a3dc250
Event: 7.948 Thread 0x0000014f2a079e20 Thread added: 0x0000014f2a3defe0
Event: 7.948 Thread 0x0000014f2a3dc250 Thread added: 0x0000014f2a3de0b0
Event: 7.948 Thread 0x0000014f2a3dd180 Thread added: 0x0000014f2a3dff10
Event: 7.948 Thread 0x0000014f2a3df4f0 Thread added: 0x0000014f2a3dd690
Event: 9.098 Thread 0x0000014f29ee9040 Thread added: 0x0000014f2a3dead0
Event: 9.199 Thread 0x0000014f2a0729b0 Thread added: 0x0000014f2a3dcc70
Event: 9.203 Thread 0x0000014f2a0729b0 Thread added: 0x0000014f2a3e0930
Event: 9.310 Thread 0x0000014f29ee9040 Thread added: 0x0000014f2a3e0420
Event: 9.337 Thread 0x0000014f29ee9040 Thread added: 0x0000014f2a3e0e40
Event: 9.779 Thread 0x0000014f29ee9040 Thread added: 0x0000014f2a3e1350
Event: 9.818 Thread 0x0000014f29ee9040 Thread added: 0x0000014f2a3de5c0
Event: 9.839 Thread 0x0000014f29ee9040 Thread added: 0x0000014f2a3ddba0
Event: 9.854 Thread 0x0000014f29ee9040 Thread added: 0x0000014f2a3e31b0
Event: 9.871 Thread 0x0000014f29ee9040 Thread added: 0x0000014f2a3e1860
Event: 9.884 Thread 0x0000014f29ee9040 Thread added: 0x0000014f2a3e1d70
Event: 9.893 Thread 0x0000014f29ee9040 Thread added: 0x0000014f2a3e2280
Event: 9.924 Thread 0x0000014f29ee9040 Thread added: 0x0000014f2a3e2790


Dynamic libraries:
0x00007ff76a580000 - 0x00007ff76a58e000 	c:\Users\Nicolas Gabriel\.vscode\extensions\redhat.java-1.36.0-win32-x64\jre\17.0.13-win32-x86_64\bin\java.exe
0x00007ffd52840000 - 0x00007ffd52aa3000 	C:\WINDOWS\SYSTEM32\ntdll.dll
0x00007ffd51a30000 - 0x00007ffd51af8000 	C:\WINDOWS\System32\KERNEL32.DLL
0x00007ffd500e0000 - 0x00007ffd50491000 	C:\WINDOWS\System32\KERNELBASE.dll
0x00007ffd504a0000 - 0x00007ffd505eb000 	C:\WINDOWS\System32\ucrtbase.dll
0x00007ffd2bd80000 - 0x00007ffd2bd97000 	c:\Users\Nicolas Gabriel\.vscode\extensions\redhat.java-1.36.0-win32-x64\jre\17.0.13-win32-x86_64\bin\jli.dll
0x00007ffd51b00000 - 0x00007ffd51cc8000 	C:\WINDOWS\System32\USER32.dll
0x00007ffd30040000 - 0x00007ffd3005e000 	c:\Users\Nicolas Gabriel\.vscode\extensions\redhat.java-1.36.0-win32-x64\jre\17.0.13-win32-x86_64\bin\VCRUNTIME140.dll
0x00007ffd50010000 - 0x00007ffd50037000 	C:\WINDOWS\System32\win32u.dll
0x00007ffd50a10000 - 0x00007ffd50a3a000 	C:\WINDOWS\System32\GDI32.dll
0x00007ffd4fe30000 - 0x00007ffd4ff55000 	C:\WINDOWS\System32\gdi32full.dll
0x00007ffd249a0000 - 0x00007ffd24c30000 	C:\WINDOWS\WinSxS\amd64_microsoft.windows.common-controls_6595b64144ccf1df_6.0.26100.2161_none_3e0cadb0e33078e1\COMCTL32.dll
0x00007ffd4ff60000 - 0x00007ffd50003000 	C:\WINDOWS\System32\msvcp_win.dll
0x00007ffd50ba0000 - 0x00007ffd50c49000 	C:\WINDOWS\System32\msvcrt.dll
0x00007ffd51170000 - 0x00007ffd5119f000 	C:\WINDOWS\System32\IMM32.DLL
0x00007ffd47c30000 - 0x00007ffd47c3c000 	c:\Users\Nicolas Gabriel\.vscode\extensions\redhat.java-1.36.0-win32-x64\jre\17.0.13-win32-x86_64\bin\vcruntime140_1.dll
0x00007ffd047f0000 - 0x00007ffd0487d000 	c:\Users\Nicolas Gabriel\.vscode\extensions\redhat.java-1.36.0-win32-x64\jre\17.0.13-win32-x86_64\bin\msvcp140.dll
0x00007ffcdcc20000 - 0x00007ffcdd88b000 	c:\Users\Nicolas Gabriel\.vscode\extensions\redhat.java-1.36.0-win32-x64\jre\17.0.13-win32-x86_64\bin\server\jvm.dll
0x00007ffd51e20000 - 0x00007ffd51ed4000 	C:\WINDOWS\System32\ADVAPI32.dll
0x00007ffd50a40000 - 0x00007ffd50ae6000 	C:\WINDOWS\System32\sechost.dll
0x00007ffd51050000 - 0x00007ffd51166000 	C:\WINDOWS\System32\RPCRT4.dll
0x00007ffd50790000 - 0x00007ffd50804000 	C:\WINDOWS\System32\WS2_32.dll
0x00007ffd4fac0000 - 0x00007ffd4fb0e000 	C:\WINDOWS\SYSTEM32\POWRPROF.dll
0x00007ffd376d0000 - 0x00007ffd376db000 	C:\WINDOWS\SYSTEM32\VERSION.dll
0x00007ffd47fc0000 - 0x00007ffd47ff6000 	C:\WINDOWS\SYSTEM32\WINMM.dll
0x00007ffd4faa0000 - 0x00007ffd4fab4000 	C:\WINDOWS\SYSTEM32\UMPDC.dll
0x00007ffd4ea80000 - 0x00007ffd4ea9a000 	C:\WINDOWS\SYSTEM32\kernel.appcore.dll
0x00007ffd37c20000 - 0x00007ffd37c2a000 	c:\Users\Nicolas Gabriel\.vscode\extensions\redhat.java-1.36.0-win32-x64\jre\17.0.13-win32-x86_64\bin\jimage.dll
0x00007ffd4d400000 - 0x00007ffd4d641000 	C:\WINDOWS\SYSTEM32\DBGHELP.DLL
0x00007ffd50cd0000 - 0x00007ffd5104d000 	C:\WINDOWS\System32\combase.dll
0x00007ffd511e0000 - 0x00007ffd512b6000 	C:\WINDOWS\System32\OLEAUT32.dll
0x00007ffd16210000 - 0x00007ffd16249000 	C:\WINDOWS\SYSTEM32\dbgcore.DLL
0x00007ffd50040000 - 0x00007ffd500d9000 	C:\WINDOWS\System32\bcryptPrimitives.dll
0x00007ffd2ff40000 - 0x00007ffd2ff4e000 	c:\Users\Nicolas Gabriel\.vscode\extensions\redhat.java-1.36.0-win32-x64\jre\17.0.13-win32-x86_64\bin\instrument.dll
0x00007ffd0d330000 - 0x00007ffd0d355000 	c:\Users\Nicolas Gabriel\.vscode\extensions\redhat.java-1.36.0-win32-x64\jre\17.0.13-win32-x86_64\bin\java.dll
0x00007ffd27a10000 - 0x00007ffd27a28000 	c:\Users\Nicolas Gabriel\.vscode\extensions\redhat.java-1.36.0-win32-x64\jre\17.0.13-win32-x86_64\bin\zip.dll
0x00007ffd52060000 - 0x00007ffd5275f000 	C:\WINDOWS\System32\SHELL32.dll
0x00007ffd4d930000 - 0x00007ffd4e15d000 	C:\WINDOWS\SYSTEM32\windows.storage.dll
0x00007ffd512c0000 - 0x00007ffd51393000 	C:\WINDOWS\System32\SHCORE.dll
0x00007ffd506b0000 - 0x00007ffd5070d000 	C:\WINDOWS\System32\shlwapi.dll
0x00007ffd4fb40000 - 0x00007ffd4fb6e000 	C:\WINDOWS\SYSTEM32\profapi.dll
0x00007ffd1fb90000 - 0x00007ffd1fba9000 	C:\Users\Nicolas Gabriel\.vscode\extensions\redhat.java-1.36.0-win32-x64\jre\17.0.13-win32-x86_64\bin\net.dll
0x00007ffd46060000 - 0x00007ffd46186000 	C:\WINDOWS\SYSTEM32\WINHTTP.dll
0x00007ffd4ef80000 - 0x00007ffd4efe8000 	C:\WINDOWS\system32\mswsock.dll
0x00007ffd1b9d0000 - 0x00007ffd1b9e6000 	C:\Users\Nicolas Gabriel\.vscode\extensions\redhat.java-1.36.0-win32-x64\jre\17.0.13-win32-x86_64\bin\nio.dll
0x00007ffd2e7b0000 - 0x00007ffd2e7c0000 	c:\Users\Nicolas Gabriel\.vscode\extensions\redhat.java-1.36.0-win32-x64\jre\17.0.13-win32-x86_64\bin\verify.dll
0x00007ffd2bd30000 - 0x00007ffd2bd75000 	C:\Users\Nicolas Gabriel\AppData\Roaming\Code\User\globalStorage\redhat.java\1.36.0\config_ss_win\org.eclipse.equinox.launcher\org.eclipse.equinox.launcher.win32.win32.x86_64_1.2.1100.v20240722-2106\eclipse_11904.dll
0x00007ffd513b0000 - 0x00007ffd51549000 	C:\WINDOWS\System32\ole32.dll
0x00007ffd4f230000 - 0x00007ffd4f24c000 	C:\WINDOWS\SYSTEM32\CRYPTSP.dll
0x00007ffd4e9e0000 - 0x00007ffd4ea18000 	C:\WINDOWS\system32\rsaenh.dll
0x00007ffd4f020000 - 0x00007ffd4f04b000 	C:\WINDOWS\SYSTEM32\USERENV.dll
0x00007ffd4f460000 - 0x00007ffd4f486000 	C:\WINDOWS\SYSTEM32\bcrypt.dll
0x00007ffd4f220000 - 0x00007ffd4f22c000 	C:\WINDOWS\SYSTEM32\CRYPTBASE.dll
0x00007ffd4e4d0000 - 0x00007ffd4e501000 	C:\WINDOWS\SYSTEM32\IPHLPAPI.DLL
0x00007ffd511d0000 - 0x00007ffd511da000 	C:\WINDOWS\System32\NSI.dll
0x00007ffd461e0000 - 0x00007ffd461fe000 	C:\WINDOWS\SYSTEM32\dhcpcsvc6.DLL
0x00007ffd461b0000 - 0x00007ffd461d5000 	C:\WINDOWS\SYSTEM32\dhcpcsvc.DLL
0x00007ffd4e570000 - 0x00007ffd4e695000 	C:\WINDOWS\SYSTEM32\DNSAPI.dll
0x00007ffd27340000 - 0x00007ffd27389000 	C:\Users\Nicolas Gabriel\AppData\Local\Temp\jna--441322147\jna9439594062457575540.dll
0x00007ffd513a0000 - 0x00007ffd513a8000 	C:\WINDOWS\System32\PSAPI.DLL

dbghelp: loaded successfully - version: 4.0.5 - missing functions: none
symbol engine: initialized successfully - sym options: 0x614 - pdb path: .;c:\Users\Nicolas Gabriel\.vscode\extensions\redhat.java-1.36.0-win32-x64\jre\17.0.13-win32-x86_64\bin;C:\WINDOWS\SYSTEM32;C:\WINDOWS\WinSxS\amd64_microsoft.windows.common-controls_6595b64144ccf1df_6.0.26100.2161_none_3e0cadb0e33078e1;c:\Users\Nicolas Gabriel\.vscode\extensions\redhat.java-1.36.0-win32-x64\jre\17.0.13-win32-x86_64\bin\server;C:\Users\Nicolas Gabriel\AppData\Roaming\Code\User\globalStorage\redhat.java\1.36.0\config_ss_win\org.eclipse.equinox.launcher\org.eclipse.equinox.launcher.win32.win32.x86_64_1.2.1100.v20240722-2106;C:\Users\Nicolas Gabriel\AppData\Local\Temp\jna--441322147

VM Arguments:
jvm_args: --add-modules=ALL-SYSTEM --add-opens=java.base/java.util=ALL-UNNAMED --add-opens=java.base/java.lang=ALL-UNNAMED --add-opens=java.base/sun.nio.fs=ALL-UNNAMED -Declipse.application=org.eclipse.jdt.ls.core.id1 -Dosgi.bundles.defaultStartLevel=4 -Declipse.product=org.eclipse.jdt.ls.core.product -Djava.import.generatesMetadataFilesAtProjectRoot=false -DDetectVMInstallationsJob.disabled=true -Dfile.encoding=utf8 -XX:+UseParallelGC -XX:GCTimeRatio=4 -XX:AdaptiveSizePolicyWeight=90 -Dsun.zip.disableMemoryMapping=true -Xmx1G -Xms100m -Xlog:disable -javaagent:c:\Users\Nicolas Gabriel\.vscode\extensions\redhat.java-1.36.0-win32-x64\lombok\lombok-1.18.35.jar 
java_command: c:\Users\Nicolas Gabriel\.vscode\extensions\redhat.java-1.36.0-win32-x64\server\plugins\org.eclipse.equinox.launcher_1.6.900.v20240613-2009.jar -configuration c:\Users\Nicolas Gabriel\AppData\Roaming\Code\User\globalStorage\redhat.java\1.36.0\config_ss_win -data c:\Users\Nicolas Gabriel\AppData\Roaming\Code\User\workspaceStorage\cfa605a0a39700f4ed1f5e58b2b06450\redhat.java\ss_ws --pipe=\\.\pipe\lsp-31d2246593e5fc4e0fd1f9eb037feeca-sock
java_class_path (initial): c:\Users\Nicolas Gabriel\.vscode\extensions\redhat.java-1.36.0-win32-x64\server\plugins\org.eclipse.equinox.launcher_1.6.900.v20240613-2009.jar
Launcher Type: SUN_STANDARD

[Global flags]
    uintx AdaptiveSizePolicyWeight                 = 90                                        {product} {command line}
     intx CICompilerCount                          = 4                                         {product} {ergonomic}
    uintx GCTimeRatio                              = 4                                         {product} {command line}
   size_t InitialHeapSize                          = 104857600                                 {product} {command line}
   size_t MaxHeapSize                              = 1073741824                                {product} {command line}
   size_t MaxNewSize                               = 357564416                                 {product} {ergonomic}
   size_t MinHeapDeltaBytes                        = 524288                                    {product} {ergonomic}
   size_t MinHeapSize                              = 104857600                                 {product} {command line}
   size_t NewSize                                  = 34603008                                  {product} {ergonomic}
    uintx NonNMethodCodeHeapSize                   = 5839372                                {pd product} {ergonomic}
    uintx NonProfiledCodeHeapSize                  = 122909434                              {pd product} {ergonomic}
   size_t OldSize                                  = 70254592                                  {product} {ergonomic}
    uintx ProfiledCodeHeapSize                     = 122909434                              {pd product} {ergonomic}
    uintx ReservedCodeCacheSize                    = 251658240                              {pd product} {ergonomic}
     bool SegmentedCodeCache                       = true                                      {product} {ergonomic}
   size_t SoftMaxHeapSize                          = 1073741824                             {manageable} {ergonomic}
     bool UseCompressedClassPointers               = true                           {product lp64_product} {ergonomic}
     bool UseCompressedOops                        = true                           {product lp64_product} {ergonomic}
     bool UseLargePagesIndividualAllocation        = false                                  {pd product} {ergonomic}
     bool UseParallelGC                            = true                                      {product} {command line}

Logging:
Log output configuration:
 #0: stdout all=off uptime,level,tags
 #1: stderr all=off uptime,level,tags

Environment Variables:
JAVA_HOME=C:\Program Files\Eclipse Adoptium\jdk-21.0.4.7-hotspot\
PATH=C:\Program Files\Eclipse Adoptium\jdk-21.0.4.7-hotspot\bin;C:\Program Files (x86)\Common Files\Oracle\Java\java8path;C:\Program Files (x86)\Common Files\Oracle\Java\javapath;C:\WINDOWS\system32;C:\WINDOWS;C:\WINDOWS\System32\Wbem;C:\WINDOWS\System32\WindowsPowerShell\v1.0\;C:\WINDOWS\System32\OpenSSH\;C:\Program Files\dotnet\;C:\Program Files\Git\cmd;C:\Users\Nicolas Gabriel\AppData\Local\Programs\Python\Python312\Scripts\;C:\Users\Nicolas Gabriel\AppData\Local\Programs\Python\Python312\;C:\Users\Nicolas Gabriel\AppData\Local\Microsoft\WindowsApps;C:\Users\Nicolas Gabriel\AppData\Local\Programs\Microsoft VS Code\bin;C:\\Users\\Nicolas Gabriel\\AppData\\Roaming\\jupyter\\runtime\\jpserver-13004-open.html;
USERNAME=Nicolas Gabriel
OS=Windows_NT
PROCESSOR_IDENTIFIER=Intel64 Family 6 Model 154 Stepping 4, GenuineIntel
TMP=C:\Users\NICOLA~1\AppData\Local\Temp
TEMP=C:\Users\NICOLA~1\AppData\Local\Temp



Periodic native trim disabled


---------------  S Y S T E M  ---------------

OS:
 Windows 11 , 64 bit Build 26100 (10.0.26100.2161)
OS uptime: 1 days 3:28 hours
Hyper-V role detected

CPU: total 12 (initial active 12) (6 cores per cpu, 2 threads per core) family 6 model 154 stepping 4 microcode 0x42c, cx8, cmov, fxsr, ht, mmx, 3dnowpref, sse, sse2, sse3, ssse3, sse4.1, sse4.2, popcnt, lzcnt, tsc, tscinvbit, avx, avx2, aes, erms, clmul, bmi1, bmi2, adx, sha, fma, vzeroupper, clflush, clflushopt, clwb, hv
Processor Information for processor 0
  Max Mhz: 1300, Current Mhz: 1300, Mhz Limit: 1300
Processor Information for processor 1
  Max Mhz: 1300, Current Mhz: 1300, Mhz Limit: 1300
Processor Information for processor 2
  Max Mhz: 1300, Current Mhz: 1300, Mhz Limit: 1300
Processor Information for processor 3
  Max Mhz: 1300, Current Mhz: 1300, Mhz Limit: 1300
Processor Information for processor 4
  Max Mhz: 1300, Current Mhz: 900, Mhz Limit: 897
Processor Information for processor 5
  Max Mhz: 1300, Current Mhz: 900, Mhz Limit: 897
Processor Information for processor 6
  Max Mhz: 1300, Current Mhz: 900, Mhz Limit: 897
Processor Information for processor 7
  Max Mhz: 1300, Current Mhz: 900, Mhz Limit: 897
Processor Information for processor 8
  Max Mhz: 1300, Current Mhz: 900, Mhz Limit: 897
Processor Information for processor 9
  Max Mhz: 1300, Current Mhz: 900, Mhz Limit: 897
Processor Information for processor 10
  Max Mhz: 1300, Current Mhz: 900, Mhz Limit: 897
Processor Information for processor 11
  Max Mhz: 1300, Current Mhz: 900, Mhz Limit: 897

Memory: 4k page, system-wide physical 7860M (507M free)
TotalPageFile size 16052M (AvailPageFile size 6M)
current process WorkingSet (physical memory assigned to process): 261M, peak: 268M
current process commit charge ("private bytes"): 329M, peak: 352M

vm_info: OpenJDK 64-Bit Server VM (17.0.13+11) for windows-amd64 JRE (17.0.13+11), built on Oct 16 2024 00:10:08 by "admin" with MS VC++ 17.7 (VS2022)

END.
