#
# There is insufficient memory for the Java Runtime Environment to continue.
# Native memory allocation (mmap) failed to map 65536 bytes. Error detail: Failed to commit metaspace.
# Possible reasons:
#   The system is out of physical RAM or swap space
#   This process is running with CompressedOops enabled, and the Java Heap may be blocking the growth of the native heap
# Possible solutions:
#   Reduce memory load on the system
#   Increase physical memory or swap space
#   Check if swap backing store is full
#   Decrease Java heap size (-Xmx/-Xms)
#   Decrease number of Java threads
#   Decrease Java thread stack sizes (-Xss)
#   Set larger code cache with -XX:ReservedCodeCacheSize=
#     placed in the first 4GB address space. The Java Heap base address is the
#     maximum limit for the native heap growth. Please use -XX:HeapBaseMinAddress
#     to set the Java Heap base and to place the Java Heap above 4GB virtual address.
# This output file may be truncated or incomplete.
#
#  Out of Memory Error (virtualSpaceNode.cpp:110), pid=4324, tid=2500
#
# JRE version: OpenJDK Runtime Environment Temurin-17.0.12+7 (17.0.12+7) (build 17.0.12+7)
# Java VM: OpenJDK 64-Bit Server VM Temurin-17.0.12+7 (17.0.12+7, mixed mode, tiered, compressed oops, compressed class ptrs, parallel gc, windows-amd64)
# No core dump will be written. Minidumps are not enabled by default on client versions of Windows
#

---------------  S U M M A R Y ------------

Command Line: --add-modules=ALL-SYSTEM --add-opens=java.base/java.util=ALL-UNNAMED --add-opens=java.base/java.lang=ALL-UNNAMED --add-opens=java.base/sun.nio.fs=ALL-UNNAMED -Declipse.application=org.eclipse.jdt.ls.core.id1 -Dosgi.bundles.defaultStartLevel=4 -Declipse.product=org.eclipse.jdt.ls.core.product -Djava.import.generatesMetadataFilesAtProjectRoot=false -DDetectVMInstallationsJob.disabled=true -Dfile.encoding=utf8 -XX:+UseParallelGC -XX:GCTimeRatio=4 -XX:AdaptiveSizePolicyWeight=90 -Dsun.zip.disableMemoryMapping=true -Xmx1G -Xms100m -Xlog:disable -javaagent:c:\Users\Nicolas Gabriel\.vscode\extensions\redhat.java-1.35.1-win32-x64\lombok\lombok-1.18.33.jar c:\Users\Nicolas Gabriel\.vscode\extensions\redhat.java-1.35.1-win32-x64\server\plugins\org.eclipse.equinox.launcher_1.6.900.v20240613-2009.jar -configuration c:\Users\Nicolas Gabriel\AppData\Roaming\Code\User\globalStorage\redhat.java\1.35.1\config_ss_win -data c:\Users\Nicolas Gabriel\AppData\Roaming\Code\User\workspaceStorage\f4e8c7ab81abddd07a7fbe36554dde95\redhat.java\ss_ws --pipe=\\.\pipe\lsp-5c4072feec8bdddb2556adda86b0fbfe-sock

Host: 12th Gen Intel(R) Core(TM) i5-1235U, 12 cores, 7G,  Windows 11 , 64 bit Build 22621 (10.0.22621.3958)
Time: Mon Oct 21 11:15:10 2024 Hora est. Pacífico, Sudamérica elapsed time: 0.910782 seconds (0d 0h 0m 0s)

---------------  T H R E A D  ---------------

Current thread (0x000001ef92d2e4e0):  JavaThread "main" [_thread_in_vm, id=2500, stack(0x0000001003a00000,0x0000001003b00000)]

Stack: [0x0000001003a00000,0x0000001003b00000]
Native frames: (J=compiled Java code, j=interpreted, Vv=VM code, C=native code)
V  [jvm.dll+0x67f929]
V  [jvm.dll+0x8371ba]
V  [jvm.dll+0x838c7e]
V  [jvm.dll+0x8392e3]
V  [jvm.dll+0x24834f]
V  [jvm.dll+0x832e6d]
V  [jvm.dll+0x623e9e]
V  [jvm.dll+0x623f0a]
V  [jvm.dll+0x626724]
V  [jvm.dll+0x624846]
V  [jvm.dll+0x245bec]
V  [jvm.dll+0x6d5dad]
V  [jvm.dll+0x6d67ef]
V  [jvm.dll+0x374364]
V  [jvm.dll+0x3733e4]
V  [jvm.dll+0x373388]
V  [jvm.dll+0x566805]
V  [jvm.dll+0x5656e4]
V  [jvm.dll+0x387462]
V  [jvm.dll+0x386acf]
C  0x000001ef9e6e9d83

The last pc belongs to invokestatic (printed below).
Java frames: (J=compiled Java code, j=interpreted, Vv=VM code)
j  sun.nio.fs.WindowsFileAttributeViews$Basic.readAttributes()Lsun/nio/fs/WindowsFileAttributes;+15 java.base@17.0.12
j  sun.nio.fs.WindowsFileAttributeViews$Basic.readAttributes()Ljava/nio/file/attribute/BasicFileAttributes;+1 java.base@17.0.12
j  sun.nio.fs.WindowsFileSystemProvider.readAttributes(Ljava/nio/file/Path;Ljava/lang/Class;[Ljava/nio/file/LinkOption;)Ljava/nio/file/attribute/BasicFileAttributes;+57 java.base@17.0.12
j  java.nio.file.Files.readAttributes(Ljava/nio/file/Path;Ljava/lang/Class;[Ljava/nio/file/LinkOption;)Ljava/nio/file/attribute/BasicFileAttributes;+7 java.base@17.0.12
j  java.util.zip.ZipFile$Source.get(Ljava/io/File;ZLjava/util/zip/ZipCoder;)Ljava/util/zip/ZipFile$Source;+25 java.base@17.0.12
j  java.util.zip.ZipFile$CleanableResource.<init>(Ljava/util/zip/ZipFile;Ljava/util/zip/ZipCoder;Ljava/io/File;I)V+56 java.base@17.0.12
j  java.util.zip.ZipFile.<init>(Ljava/io/File;ILjava/nio/charset/Charset;)V+123 java.base@17.0.12
j  java.util.zip.ZipFile.<init>(Ljava/io/File;I)V+6 java.base@17.0.12
j  java.util.jar.JarFile.<init>(Ljava/io/File;ZILjava/lang/Runtime$Version;)V+3 java.base@17.0.12
j  jdk.internal.loader.URLClassPath$JarLoader.getJarFile(Ljava/net/URL;)Ljava/util/jar/JarFile;+56 java.base@17.0.12
j  jdk.internal.loader.URLClassPath$JarLoader$1.run()Ljava/lang/Void;+55 java.base@17.0.12
j  jdk.internal.loader.URLClassPath$JarLoader$1.run()Ljava/lang/Object;+1 java.base@17.0.12
j  java.security.AccessController.executePrivileged(Ljava/security/PrivilegedExceptionAction;Ljava/security/AccessControlContext;Ljava/lang/Class;)Ljava/lang/Object;+29 java.base@17.0.12
j  java.security.AccessController.doPrivileged(Ljava/security/PrivilegedExceptionAction;Ljava/security/AccessControlContext;)Ljava/lang/Object;+13 java.base@17.0.12
j  jdk.internal.loader.URLClassPath$JarLoader.ensureOpen()V+19 java.base@17.0.12
j  jdk.internal.loader.URLClassPath$JarLoader.<init>(Ljava/net/URL;Ljava/net/URLStreamHandler;Ljava/util/HashMap;Ljava/security/AccessControlContext;)V+63 java.base@17.0.12
j  jdk.internal.loader.URLClassPath$3.run()Ljdk/internal/loader/URLClassPath$Loader;+168 java.base@17.0.12
j  jdk.internal.loader.URLClassPath$3.run()Ljava/lang/Object;+1 java.base@17.0.12
j  java.security.AccessController.executePrivileged(Ljava/security/PrivilegedExceptionAction;Ljava/security/AccessControlContext;Ljava/lang/Class;)Ljava/lang/Object;+29 java.base@17.0.12
j  java.security.AccessController.doPrivileged(Ljava/security/PrivilegedExceptionAction;Ljava/security/AccessControlContext;)Ljava/lang/Object;+13 java.base@17.0.12
j  jdk.internal.loader.URLClassPath.getLoader(Ljava/net/URL;)Ljdk/internal/loader/URLClassPath$Loader;+13 java.base@17.0.12
j  jdk.internal.loader.URLClassPath.getLoader(I)Ljdk/internal/loader/URLClassPath$Loader;+81 java.base@17.0.12
j  jdk.internal.loader.URLClassPath.getResource(Ljava/lang/String;Z)Ljdk/internal/loader/Resource;+42 java.base@17.0.12
j  jdk.internal.loader.BuiltinClassLoader.findClassOnClassPathOrNull(Ljava/lang/String;)Ljava/lang/Class;+26 java.base@17.0.12
j  jdk.internal.loader.BuiltinClassLoader.loadClassOrNull(Ljava/lang/String;Z)Ljava/lang/Class;+111 java.base@17.0.12
j  jdk.internal.loader.BuiltinClassLoader.loadClass(Ljava/lang/String;Z)Ljava/lang/Class;+3 java.base@17.0.12
j  jdk.internal.loader.ClassLoaders$AppClassLoader.loadClass(Ljava/lang/String;Z)Ljava/lang/Class;+36 java.base@17.0.12
j  java.lang.ClassLoader.loadClass(Ljava/lang/String;)Ljava/lang/Class;+3 java.base@17.0.12
j  sun.instrument.InstrumentationImpl.loadClassAndStartAgent(Ljava/lang/String;Ljava/lang/String;Ljava/lang/String;)V+8 java.instrument@17.0.12
j  sun.instrument.InstrumentationImpl.loadClassAndCallPremain(Ljava/lang/String;Ljava/lang/String;)V+6 java.instrument@17.0.12
v  ~StubRoutines::call_stub
invokestatic  184 invokestatic  [0x000001ef9e6e9ce0, 0x000001ef9e6e9fc0]  736 bytes
[MachCode]
  0x000001ef9e6e9ce0: 4883 ec08 | c5fa 1104 | 24eb 1f48 | 83ec 10c5 | fb11 0424 | eb14 4883 | ec10 4889 | 0424 48c7 
  0x000001ef9e6e9d00: 4424 0800 | 0000 00eb | 0150 4c89 | 6dc0 410f | b755 0148 | 8b4d d0c1 | e202 8b5c | d120 c1eb 
  0x000001ef9e6e9d20: 1081 e3ff | 0000 0081 | fbb8 0000 | 000f 84b6 | 0000 00bb | b800 0000 | e805 0000 | 00e9 9b00 
  0x000001ef9e6e9d40: 0000 488b | d348 8d44 | 2408 4c89 | 6dc0 498b | cfc5 f877 | 4989 afa8 | 0200 0049 | 8987 9802 
  0x000001ef9e6e9d60: 0000 4883 | ec20 f7c4 | 0f00 0000 | 0f84 1a00 | 0000 4883 | ec08 49ba | 606a 23ad | fd7f 0000 
  0x000001ef9e6e9d80: 41ff d248 | 83c4 08e9 | 0d00 0000 | 49ba 606a | 23ad fd7f | 0000 41ff | d248 83c4 | 2049 c787 
  0x000001ef9e6e9da0: 9802 0000 | 0000 0000 | 49c7 87a8 | 0200 0000 | 0000 0049 | c787 a002 | 0000 0000 | 0000 c5f8 
  0x000001ef9e6e9dc0: 7749 817f | 0800 0000 | 000f 8405 | 0000 00e9 | 2c71 feff | 4c8b 6dc0 | 4c8b 75c8 | c341 0fb7 
  0x000001ef9e6e9de0: 5501 488b | 4dd0 c1e2 | 0248 8b5c | d128 488b | 5b08 488b | 5b08 488b | 5b18 80bb | 3301 0000 
  0x000001ef9e6e9e00: 040f 840d | 0000 004c | 3bbb 3801 | 0000 0f85 | 1fff ffff | 488b 5cd1 | 288b 54d1 | 38c1 ea1c 
  0x000001ef9e6e9e20: 49ba a0e1 | a5ad fd7f | 0000 498b | 14d2 5248 | 8b45 d848 | 85c0 0f84 | 1200 0000 | 4883 4008 
  0x000001ef9e6e9e40: 0148 8358 | 0800 4883 | c010 4889 | 45d8 488b | 45d8 4885 | c00f 8445 | 0100 0080 | 78f0 0a0f 
  0x000001ef9e6e9e60: 853b 0100 | 0048 83c0 | 084c 8b68 | f841 83ed | 0041 83fd | 020f 8c1a | 0100 004c | 8b6b 0845 
  0x000001ef9e6e9e80: 0fb7 6d2c | 4c2b 2841 | 83ed 014e | 8b6c ec08 | 4d85 ed75 | 1248 f740 | 0801 0000 | 0075 58f0 
  0x000001ef9e6e9ea0: 4883 4808 | 01eb 5045 | 8b6d 0849 | c1e5 034d | 8bd5 4c33 | 6808 49f7 | c5fc ffff | ff74 3849 
  0x000001ef9e6e9ec0: f7c5 0200 | 0000 752f | 4881 7808 | 0000 0000 | 7421 4881 | 7808 0100 | 0000 7417 | 4d8b ea4c 
  0x000001ef9e6e9ee0: 3368 0849 | f7c5 fcff | ffff 740b | 4883 4808 | 02eb 044c | 8968 0848 | 83c0 104c | 8b68 e841 
  0x000001ef9e6e9f00: 83ed 0241 | 83fd 020f | 8c88 0000 | 004c 8b6b | 0845 0fb7 | 6d2c 4c2b | 2841 83ed | 014e 8b6c 
  0x000001ef9e6e9f20: ec08 4d85 | ed75 1248 | f740 0801 | 0000 0075 | 58f0 4883 | 4808 01eb | 5045 8b6d | 0849 c1e5 
  0x000001ef9e6e9f40: 034d 8bd5 | 4c33 6808 | 49f7 c5fc | ffff ff74 | 3849 f7c5 | 0200 0000 | 752f 4881 | 7808 0000 
  0x000001ef9e6e9f60: 0000 7421 | 4881 7808 | 0100 0000 | 7417 4d8b | ea4c 3368 | 0849 f7c5 | fcff ffff | 740b 4883 
  0x000001ef9e6e9f80: 4808 02eb | 044c 8968 | 0848 83c0 | 104c 8b68 | d841 83ed | 0441 c1e5 | 0349 03c5 | 4889 45d8 
  0x000001ef9e6e9fa0: 4c8d 6c24 | 084c 896d | f0ff 6350 | 0f1f 4000 | 0000 0000 | 0000 0000 | 0000 0000 | 0000 0000 
[/MachCode]

---------------  P R O C E S S  ---------------

Threads class SMR info:
_java_thread_list=0x000001efadd65590, length=11, elements={
0x000001ef92d2e4e0, 0x000001efa8b04010, 0x000001ef92ddaf90, 0x000001efa8b0ac30,
0x000001efa8b0b660, 0x000001efa8b0c1f0, 0x000001efa8b0dc30, 0x000001efa8b0ea20,
0x000001efadca5b70, 0x000001efadcda850, 0x000001efadd7a620
}

Java Threads: ( => current thread )
=>0x000001ef92d2e4e0 JavaThread "main" [_thread_in_vm, id=2500, stack(0x0000001003a00000,0x0000001003b00000)]
  0x000001efa8b04010 JavaThread "Reference Handler" daemon [_thread_blocked, id=10320, stack(0x0000001003d00000,0x0000001003e00000)]
  0x000001ef92ddaf90 JavaThread "Finalizer" daemon [_thread_blocked, id=14040, stack(0x0000001003e00000,0x0000001003f00000)]
  0x000001efa8b0ac30 JavaThread "Signal Dispatcher" daemon [_thread_blocked, id=25172, stack(0x0000001003f00000,0x0000001004000000)]
  0x000001efa8b0b660 JavaThread "Attach Listener" daemon [_thread_blocked, id=31424, stack(0x0000001004000000,0x0000001004100000)]
  0x000001efa8b0c1f0 JavaThread "Service Thread" daemon [_thread_blocked, id=21764, stack(0x0000001004100000,0x0000001004200000)]
  0x000001efa8b0dc30 JavaThread "Monitor Deflation Thread" daemon [_thread_blocked, id=18892, stack(0x0000001004200000,0x0000001004300000)]
  0x000001efa8b0ea20 JavaThread "C2 CompilerThread0" daemon [_thread_blocked, id=21580, stack(0x0000001004300000,0x0000001004400000)]
  0x000001efadca5b70 JavaThread "C1 CompilerThread0" daemon [_thread_blocked, id=9124, stack(0x0000001004400000,0x0000001004500000)]
  0x000001efadcda850 JavaThread "Sweeper thread" daemon [_thread_blocked, id=14052, stack(0x0000001004500000,0x0000001004600000)]
  0x000001efadd7a620 JavaThread "Common-Cleaner" daemon [_thread_blocked, id=33620, stack(0x0000001004600000,0x0000001004700000)]

Other Threads:
  0x000001efadc32860 VMThread "VM Thread" [stack: 0x0000001003c00000,0x0000001003d00000] [id=16808]
  0x000001ef92d42420 GCTaskThread "GC Thread#0" [stack: 0x0000001003b00000,0x0000001003c00000] [id=34508]

Threads with active compile tasks:

VM state: not at safepoint (normal execution)

VM Mutex/Monitor currently owned by a thread:  ([mutex/lock_event])
[0x000001ef92d29b90] Metaspace_lock - owner thread: 0x000001ef92d2e4e0

Heap address: 0x00000000c0000000, size: 1024 MB, Compressed Oops mode: 32-bit

CDS archive(s) not mapped
Compressed class space mapped at: 0x0000000100000000-0x0000000140000000, reserved size: 1073741824
Narrow klass base: 0x0000000000000000, Narrow klass shift: 3, Narrow klass range: 0x140000000

GC Precious Log:
 CPUs: 12 total, 12 available
 Memory: 7860M
 Large Page Support: Disabled
 NUMA Support: Disabled
 Compressed Oops: Enabled (32-bit)
 Alignments: Space 512K, Generation 512K, Heap 2M
 Heap Min Capacity: 100M
 Heap Initial Capacity: 100M
 Heap Max Capacity: 1G
 Pre-touch: Disabled
 Parallel Workers: 10

Heap:
 PSYoungGen      total 29696K, used 2560K [0x00000000eab00000, 0x00000000ecc00000, 0x0000000100000000)
  eden space 25600K, 10% used [0x00000000eab00000,0x00000000ead801e0,0x00000000ec400000)
  from space 4096K, 0% used [0x00000000ec800000,0x00000000ec800000,0x00000000ecc00000)
  to   space 4096K, 0% used [0x00000000ec400000,0x00000000ec400000,0x00000000ec800000)
 ParOldGen       total 68608K, used 0K [0x00000000c0000000, 0x00000000c4300000, 0x00000000eab00000)
  object space 68608K, 0% used [0x00000000c0000000,0x00000000c0000000,0x00000000c4300000)
 Metaspace       used 4945K, committed 5056K, reserved 1114112K
  class space    used 462K, committed 512K, reserved 1048576K

Card table byte_map: [0x000001efa6380000,0x000001efa6590000] _byte_map_base: 0x000001efa5d80000

Marking Bits: (ParMarkBitMap*) 0x00007ffdada558b0
 Begin Bits: [0x000001efa66f0000, 0x000001efa76f0000)
 End Bits:   [0x000001efa76f0000, 0x000001efa86f0000)

Polling page: 0x000001ef92de0000

Metaspace:

Usage:
  Non-class:      4.38 MB used.
      Class:    462.99 KB used.
       Both:      4.83 MB used.

Virtual space:
  Non-class space:       64.00 MB reserved,       4.44 MB (  7%) committed,  1 nodes.
      Class space:        1.00 GB reserved,     512.00 KB ( <1%) committed,  1 nodes.
             Both:        1.06 GB reserved,       4.94 MB ( <1%) committed. 

Chunk freelists:
   Non-Class:  11.00 MB
       Class:  15.53 MB
        Both:  26.52 MB

MaxMetaspaceSize: unlimited
CompressedClassSpaceSize: 1.00 GB
Initial GC threshold: 21.00 MB
Current GC threshold: 21.00 MB
CDS: off
MetaspaceReclaimPolicy: balanced
 - commit_granule_bytes: 65536.
 - commit_granule_words: 8192.
 - virtual_space_node_default_size: 8388608.
 - enlarge_chunks_in_place: 1.
 - new_chunks_are_fully_committed: 0.
 - uncommit_free_chunks: 1.
 - use_allocation_guard: 0.
 - handle_deallocations: 1.


Internal statistics:

num_allocs_failed_limit: 0.
num_arena_births: 6.
num_arena_deaths: 0.
num_vsnodes_births: 2.
num_vsnodes_deaths: 0.
num_space_committed: 79.
num_space_uncommitted: 0.
num_chunks_returned_to_freelist: 0.
num_chunks_taken_from_freelist: 11.
num_chunk_merges: 0.
num_chunk_splits: 5.
num_chunks_enlarged: 2.
num_inconsistent_stats: 0.

CodeHeap 'non-profiled nmethods': size=120000Kb used=59Kb max_used=59Kb free=119940Kb
 bounds [0x000001ef9ec70000, 0x000001ef9eee0000, 0x000001efa61a0000]
CodeHeap 'profiled nmethods': size=120000Kb used=219Kb max_used=219Kb free=119780Kb
 bounds [0x000001ef971a0000, 0x000001ef97410000, 0x000001ef9e6d0000]
CodeHeap 'non-nmethods': size=5760Kb used=1072Kb max_used=1086Kb free=4687Kb
 bounds [0x000001ef9e6d0000, 0x000001ef9e940000, 0x000001ef9ec70000]
 total_blobs=540 nmethods=199 adapters=256
 compilation: enabled
              stopped_count=0, restarted_count=0
 full_count=0

Compilation events (20 events):
Event: 0.806 Thread 0x000001efadca5b70 nmethod 192 0x000001ef971d3990 code [0x000001ef971d3c20, 0x000001ef971d44f8]
Event: 0.811 Thread 0x000001efadca5b70  193       3       java.lang.StringLatin1::indexOf (36 bytes)
Event: 0.811 Thread 0x000001efadca5b70 nmethod 193 0x000001ef971d4890 code [0x000001ef971d4a60, 0x000001ef971d4e98]
Event: 0.814 Thread 0x000001efa8b0ea20 nmethod 173 0x000001ef9ec7d790 code [0x000001ef9ec7d960, 0x000001ef9ec7e018]
Event: 0.814 Thread 0x000001efa8b0ea20  130       4       java.util.HashMap::afterNodeInsertion (1 bytes)
Event: 0.889 Thread 0x000001efa8b0ea20 nmethod 130 0x000001ef9ec7e590 code [0x000001ef9ec7e700, 0x000001ef9ec7e778]
Event: 0.889 Thread 0x000001efa8b0ea20  174       4       java.util.HashMap::newNode (13 bytes)
Event: 0.890 Thread 0x000001efa8b0ea20 nmethod 174 0x000001ef9ec7e890 code [0x000001ef9ec7ea20, 0x000001ef9ec7eb38]
Event: 0.890 Thread 0x000001efa8b0ea20  194       4       java.lang.String::charAt (25 bytes)
Event: 0.891 Thread 0x000001efa8b0ea20 nmethod 194 0x000001ef9ec7ec10 code [0x000001ef9ec7ed80, 0x000001ef9ec7ee58]
Event: 0.896 Thread 0x000001efadca5b70  195       3       java.lang.AbstractStringBuilder::append (77 bytes)
Event: 0.896 Thread 0x000001efadca5b70 nmethod 195 0x000001ef971d5010 code [0x000001ef971d5220, 0x000001ef971d58a8]
Event: 0.897 Thread 0x000001efadca5b70  196       3       java.io.WinNTFileSystem::isSlash (18 bytes)
Event: 0.897 Thread 0x000001efadca5b70 nmethod 196 0x000001ef971d5b10 code [0x000001ef971d5ca0, 0x000001ef971d5e38]
Event: 0.902 Thread 0x000001efadca5b70  197       3       java.lang.String::indexOf (7 bytes)
Event: 0.902 Thread 0x000001efadca5b70 nmethod 197 0x000001ef971d5f10 code [0x000001ef971d60e0, 0x000001ef971d63f8]
Event: 0.904 Thread 0x000001efadca5b70  198       3       java.lang.AbstractStringBuilder::<init> (39 bytes)
Event: 0.904 Thread 0x000001efadca5b70 nmethod 198 0x000001ef971d6510 code [0x000001ef971d66c0, 0x000001ef971d68f8]
Event: 0.904 Thread 0x000001efadca5b70  199       3       java.lang.StringBuilder::toString (35 bytes)
Event: 0.904 Thread 0x000001efadca5b70 nmethod 199 0x000001ef971d6a10 code [0x000001ef971d6be0, 0x000001ef971d6eb8]

GC Heap History (0 events):
No events

Dll operation events (3 events):
Event: 0.278 Loaded shared library c:\Users\Nicolas Gabriel\.vscode\extensions\redhat.java-1.35.1-win32-x64\jre\17.0.12-win32-x86_64\bin\java.dll
Event: 0.808 Loaded shared library c:\Users\Nicolas Gabriel\.vscode\extensions\redhat.java-1.35.1-win32-x64\jre\17.0.12-win32-x86_64\bin\zip.dll
Event: 0.812 Loaded shared library C:\Users\Nicolas Gabriel\.vscode\extensions\redhat.java-1.35.1-win32-x64\jre\17.0.12-win32-x86_64\bin\instrument.dll

Deoptimization events (0 events):
No events

Classes loaded (20 events):
Event: 0.903 Loading class sun/nio/fs/Util
Event: 0.903 Loading class sun/nio/fs/Util done
Event: 0.903 Loading class sun/nio/cs/StandardCharsets$Classes
Event: 0.904 Loading class sun/nio/cs/StandardCharsets$Classes done
Event: 0.904 Loading class sun/nio/cs/MS1252
Event: 0.904 Loading class sun/nio/cs/MS1252 done
Event: 0.904 Loading class java/lang/Class$1
Event: 0.904 Loading class java/lang/Class$1 done
Event: 0.904 Loading class sun/nio/fs/WindowsFileAttributeViews
Event: 0.904 Loading class sun/nio/fs/WindowsFileAttributeViews done
Event: 0.904 Loading class sun/nio/fs/WindowsFileAttributeViews$Basic
Event: 0.904 Loading class sun/nio/fs/AbstractBasicFileAttributeView
Event: 0.904 Loading class sun/nio/fs/DynamicFileAttributeView
Event: 0.905 Loading class sun/nio/fs/DynamicFileAttributeView done
Event: 0.905 Loading class sun/nio/fs/AbstractBasicFileAttributeView done
Event: 0.905 Loading class sun/nio/fs/WindowsFileAttributeViews$Basic done
Event: 0.905 Loading class sun/nio/fs/WindowsFileAttributes
Event: 0.905 Loading class java/nio/file/attribute/DosFileAttributes
Event: 0.905 Loading class java/nio/file/attribute/DosFileAttributes done
Event: 0.905 Loading class sun/nio/fs/WindowsFileAttributes done

Classes unloaded (0 events):
No events

Classes redefined (0 events):
No events

Internal exceptions (1 events):
Event: 0.748 Thread 0x000001ef92d2e4e0 Exception <a 'java/lang/NoSuchMethodError'{0x00000000eacb4f00}: 'void java.lang.invoke.DirectMethodHandle$Holder.invokeStatic(java.lang.Object, java.lang.Object, java.lang.Object)'> (0x00000000eacb4f00) 
thrown [s\src\hotspot\share\interpreter\linkResolver.cpp, line 759]

VM Operations (2 events):
Event: 0.781 Executing VM operation: HandshakeAllThreads
Event: 0.781 Executing VM operation: HandshakeAllThreads done

Events (11 events):
Event: 0.340 Thread 0x000001ef92d2e4e0 Thread added: 0x000001ef92d2e4e0
Event: 0.366 Thread 0x000001efa8b04010 Thread added: 0x000001efa8b04010
Event: 0.366 Thread 0x000001ef92ddaf90 Thread added: 0x000001ef92ddaf90
Event: 0.418 Thread 0x000001efa8b0ac30 Thread added: 0x000001efa8b0ac30
Event: 0.418 Thread 0x000001efa8b0b660 Thread added: 0x000001efa8b0b660
Event: 0.418 Thread 0x000001efa8b0c1f0 Thread added: 0x000001efa8b0c1f0
Event: 0.418 Thread 0x000001efa8b0dc30 Thread added: 0x000001efa8b0dc30
Event: 0.450 Thread 0x000001efa8b0ea20 Thread added: 0x000001efa8b0ea20
Event: 0.452 Thread 0x000001efadca5b70 Thread added: 0x000001efadca5b70
Event: 0.452 Thread 0x000001efadcda850 Thread added: 0x000001efadcda850
Event: 0.709 Thread 0x000001efadd7a620 Thread added: 0x000001efadd7a620


Dynamic libraries:
0x00007ff795420000 - 0x00007ff79542e000 	c:\Users\Nicolas Gabriel\.vscode\extensions\redhat.java-1.35.1-win32-x64\jre\17.0.12-win32-x86_64\bin\java.exe
0x00007ffdfe750000 - 0x00007ffdfe967000 	C:\Windows\SYSTEM32\ntdll.dll
0x00007ffdfd660000 - 0x00007ffdfd724000 	C:\Windows\System32\KERNEL32.DLL
0x00007ffdfbf00000 - 0x00007ffdfc2b7000 	C:\Windows\System32\KERNELBASE.dll
0x00007ffdfbc70000 - 0x00007ffdfbd81000 	C:\Windows\System32\ucrtbase.dll
0x00007ffde0750000 - 0x00007ffde0767000 	c:\Users\Nicolas Gabriel\.vscode\extensions\redhat.java-1.35.1-win32-x64\jre\17.0.12-win32-x86_64\bin\jli.dll
0x00007ffdfd870000 - 0x00007ffdfda1f000 	C:\Windows\System32\USER32.dll
0x00007ffdfc450000 - 0x00007ffdfc476000 	C:\Windows\System32\win32u.dll
0x00007ffdfd630000 - 0x00007ffdfd659000 	C:\Windows\System32\GDI32.dll
0x00007ffdfc330000 - 0x00007ffdfc448000 	C:\Windows\System32\gdi32full.dll
0x00007ffdfbbd0000 - 0x00007ffdfbc6a000 	C:\Windows\System32\msvcp_win.dll
0x00007ffde06b0000 - 0x00007ffde06cb000 	c:\Users\Nicolas Gabriel\.vscode\extensions\redhat.java-1.35.1-win32-x64\jre\17.0.12-win32-x86_64\bin\VCRUNTIME140.dll
0x00007ffdd9b60000 - 0x00007ffdd9df3000 	C:\Windows\WinSxS\amd64_microsoft.windows.common-controls_6595b64144ccf1df_6.0.22621.3672_none_2713b9d173822955\COMCTL32.dll
0x00007ffdfd0b0000 - 0x00007ffdfd157000 	C:\Windows\System32\msvcrt.dll
0x00007ffdfd500000 - 0x00007ffdfd531000 	C:\Windows\System32\IMM32.DLL
0x00007ffdef7e0000 - 0x00007ffdef7ec000 	c:\Users\Nicolas Gabriel\.vscode\extensions\redhat.java-1.35.1-win32-x64\jre\17.0.12-win32-x86_64\bin\vcruntime140_1.dll
0x00007ffdbe100000 - 0x00007ffdbe18d000 	c:\Users\Nicolas Gabriel\.vscode\extensions\redhat.java-1.35.1-win32-x64\jre\17.0.12-win32-x86_64\bin\msvcp140.dll
0x00007ffdaceb0000 - 0x00007ffdadb1a000 	c:\Users\Nicolas Gabriel\.vscode\extensions\redhat.java-1.35.1-win32-x64\jre\17.0.12-win32-x86_64\bin\server\jvm.dll
0x00007ffdfe650000 - 0x00007ffdfe702000 	C:\Windows\System32\ADVAPI32.dll
0x00007ffdfdb70000 - 0x00007ffdfdc18000 	C:\Windows\System32\sechost.dll
0x00007ffdfbed0000 - 0x00007ffdfbef8000 	C:\Windows\System32\bcrypt.dll
0x00007ffdfd730000 - 0x00007ffdfd844000 	C:\Windows\System32\RPCRT4.dll
0x00007ffdfd3a0000 - 0x00007ffdfd411000 	C:\Windows\System32\WS2_32.dll
0x00007ffdfb780000 - 0x00007ffdfb7cd000 	C:\Windows\SYSTEM32\POWRPROF.dll
0x00007ffdf3330000 - 0x00007ffdf3364000 	C:\Windows\SYSTEM32\WINMM.dll
0x00007ffde76c0000 - 0x00007ffde76ca000 	C:\Windows\SYSTEM32\VERSION.dll
0x00007ffdfb6b0000 - 0x00007ffdfb6c3000 	C:\Windows\SYSTEM32\UMPDC.dll
0x00007ffdfaa90000 - 0x00007ffdfaaa8000 	C:\Windows\SYSTEM32\kernel.appcore.dll
0x00007ffde0e00000 - 0x00007ffde0e0a000 	c:\Users\Nicolas Gabriel\.vscode\extensions\redhat.java-1.35.1-win32-x64\jre\17.0.12-win32-x86_64\bin\jimage.dll
0x00007ffdf90b0000 - 0x00007ffdf92e2000 	C:\Windows\SYSTEM32\DBGHELP.DLL
0x00007ffdfe2c0000 - 0x00007ffdfe64e000 	C:\Windows\System32\combase.dll
0x00007ffdfd420000 - 0x00007ffdfd4f7000 	C:\Windows\System32\OLEAUT32.dll
0x00007ffdce570000 - 0x00007ffdce5a2000 	C:\Windows\SYSTEM32\dbgcore.DLL
0x00007ffdfbe50000 - 0x00007ffdfbecb000 	C:\Windows\System32\bcryptPrimitives.dll
0x00007ffde0df0000 - 0x00007ffde0dfe000 	c:\Users\Nicolas Gabriel\.vscode\extensions\redhat.java-1.35.1-win32-x64\jre\17.0.12-win32-x86_64\bin\instrument.dll
0x00007ffddec30000 - 0x00007ffddec55000 	c:\Users\Nicolas Gabriel\.vscode\extensions\redhat.java-1.35.1-win32-x64\jre\17.0.12-win32-x86_64\bin\java.dll
0x00007ffdde8f0000 - 0x00007ffdde908000 	c:\Users\Nicolas Gabriel\.vscode\extensions\redhat.java-1.35.1-win32-x64\jre\17.0.12-win32-x86_64\bin\zip.dll
0x00007ffdfc7b0000 - 0x00007ffdfd019000 	C:\Windows\System32\SHELL32.dll
0x00007ffdf9980000 - 0x00007ffdfa27f000 	C:\Windows\SYSTEM32\windows.storage.dll
0x00007ffdf9840000 - 0x00007ffdf997f000 	C:\Windows\SYSTEM32\wintypes.dll
0x00007ffdfc5f0000 - 0x00007ffdfc6e9000 	C:\Windows\System32\SHCORE.dll
0x00007ffdfc6f0000 - 0x00007ffdfc74e000 	C:\Windows\System32\shlwapi.dll
0x00007ffdfb990000 - 0x00007ffdfb9b7000 	C:\Windows\SYSTEM32\profapi.dll

dbghelp: loaded successfully - version: 4.0.5 - missing functions: none
symbol engine: initialized successfully - sym options: 0x614 - pdb path: .;c:\Users\Nicolas Gabriel\.vscode\extensions\redhat.java-1.35.1-win32-x64\jre\17.0.12-win32-x86_64\bin;C:\Windows\SYSTEM32;C:\Windows\WinSxS\amd64_microsoft.windows.common-controls_6595b64144ccf1df_6.0.22621.3672_none_2713b9d173822955;c:\Users\Nicolas Gabriel\.vscode\extensions\redhat.java-1.35.1-win32-x64\jre\17.0.12-win32-x86_64\bin\server

VM Arguments:
jvm_args: --add-modules=ALL-SYSTEM --add-opens=java.base/java.util=ALL-UNNAMED --add-opens=java.base/java.lang=ALL-UNNAMED --add-opens=java.base/sun.nio.fs=ALL-UNNAMED -Declipse.application=org.eclipse.jdt.ls.core.id1 -Dosgi.bundles.defaultStartLevel=4 -Declipse.product=org.eclipse.jdt.ls.core.product -Djava.import.generatesMetadataFilesAtProjectRoot=false -DDetectVMInstallationsJob.disabled=true -Dfile.encoding=utf8 -XX:+UseParallelGC -XX:GCTimeRatio=4 -XX:AdaptiveSizePolicyWeight=90 -Dsun.zip.disableMemoryMapping=true -Xmx1G -Xms100m -Xlog:disable -javaagent:c:\Users\Nicolas Gabriel\.vscode\extensions\redhat.java-1.35.1-win32-x64\lombok\lombok-1.18.33.jar 
java_command: c:\Users\Nicolas Gabriel\.vscode\extensions\redhat.java-1.35.1-win32-x64\server\plugins\org.eclipse.equinox.launcher_1.6.900.v20240613-2009.jar -configuration c:\Users\Nicolas Gabriel\AppData\Roaming\Code\User\globalStorage\redhat.java\1.35.1\config_ss_win -data c:\Users\Nicolas Gabriel\AppData\Roaming\Code\User\workspaceStorage\f4e8c7ab81abddd07a7fbe36554dde95\redhat.java\ss_ws --pipe=\\.\pipe\lsp-5c4072feec8bdddb2556adda86b0fbfe-sock
java_class_path (initial): c:\Users\Nicolas Gabriel\.vscode\extensions\redhat.java-1.35.1-win32-x64\server\plugins\org.eclipse.equinox.launcher_1.6.900.v20240613-2009.jar
Launcher Type: SUN_STANDARD

[Global flags]
    uintx AdaptiveSizePolicyWeight                 = 90                                        {product} {command line}
     intx CICompilerCount                          = 4                                         {product} {ergonomic}
    uintx GCTimeRatio                              = 4                                         {product} {command line}
   size_t InitialHeapSize                          = 104857600                                 {product} {command line}
   size_t MaxHeapSize                              = 1073741824                                {product} {command line}
   size_t MaxNewSize                               = 357564416                                 {product} {ergonomic}
   size_t MinHeapDeltaBytes                        = 524288                                    {product} {ergonomic}
   size_t MinHeapSize                              = 104857600                                 {product} {command line}
   size_t NewSize                                  = 34603008                                  {product} {ergonomic}
    uintx NonNMethodCodeHeapSize                   = 5839372                                {pd product} {ergonomic}
    uintx NonProfiledCodeHeapSize                  = 122909434                              {pd product} {ergonomic}
   size_t OldSize                                  = 70254592                                  {product} {ergonomic}
    uintx ProfiledCodeHeapSize                     = 122909434                              {pd product} {ergonomic}
    uintx ReservedCodeCacheSize                    = 251658240                              {pd product} {ergonomic}
     bool SegmentedCodeCache                       = true                                      {product} {ergonomic}
   size_t SoftMaxHeapSize                          = 1073741824                             {manageable} {ergonomic}
     bool UseCompressedClassPointers               = true                           {product lp64_product} {ergonomic}
     bool UseCompressedOops                        = true                           {product lp64_product} {ergonomic}
     bool UseLargePagesIndividualAllocation        = false                                  {pd product} {ergonomic}
     bool UseParallelGC                            = true                                      {product} {command line}

Logging:
Log output configuration:
 #0: stdout all=off uptime,level,tags
 #1: stderr all=off uptime,level,tags

Environment Variables:
JAVA_HOME=C:\Program Files\Eclipse Adoptium\jdk-21.0.4.7-hotspot\
PATH=C:\Program Files\Eclipse Adoptium\jdk-21.0.4.7-hotspot\bin;C:\Program Files (x86)\Common Files\Oracle\Java\java8path;C:\Program Files (x86)\Common Files\Oracle\Java\javapath;C:\Windows\system32;C:\Windows;C:\Windows\System32\Wbem;C:\Windows\System32\WindowsPowerShell\v1.0\;C:\Windows\System32\OpenSSH\;C:\Program Files\dotnet\;C:\Program Files\Git\cmd;C:\Users\Nicolas Gabriel\AppData\Local\Programs\Python\Python312\Scripts\;C:\Users\Nicolas Gabriel\AppData\Local\Programs\Python\Python312\;C:\Users\Nicolas Gabriel\AppData\Local\Microsoft\WindowsApps;C:\Users\Nicolas Gabriel\AppData\Local\Programs\Microsoft VS Code\bin;C:\\Users\\Nicolas Gabriel\\AppData\\Roaming\\jupyter\\runtime\\jpserver-13004-open.html;
USERNAME=Nicolas Gabriel
OS=Windows_NT
PROCESSOR_IDENTIFIER=Intel64 Family 6 Model 154 Stepping 4, GenuineIntel
TMP=C:\Users\NICOLA~1\AppData\Local\Temp
TEMP=C:\Users\NICOLA~1\AppData\Local\Temp



Periodic native trim disabled


---------------  S Y S T E M  ---------------

OS:
 Windows 11 , 64 bit Build 22621 (10.0.22621.3958)
OS uptime: 9 days 22:35 hours
Hyper-V role detected

CPU: total 12 (initial active 12) (6 cores per cpu, 2 threads per core) family 6 model 154 stepping 4 microcode 0x42c, cx8, cmov, fxsr, ht, mmx, 3dnowpref, sse, sse2, sse3, ssse3, sse4.1, sse4.2, popcnt, lzcnt, tsc, tscinvbit, avx, avx2, aes, erms, clmul, bmi1, bmi2, adx, sha, fma, vzeroupper, clflush, clflushopt, clwb, hv
Processor Information for processor 0
  Max Mhz: 1300, Current Mhz: 1300, Mhz Limit: 1300
Processor Information for processor 1
  Max Mhz: 1300, Current Mhz: 1300, Mhz Limit: 1300
Processor Information for processor 2
  Max Mhz: 1300, Current Mhz: 1300, Mhz Limit: 1300
Processor Information for processor 3
  Max Mhz: 1300, Current Mhz: 1300, Mhz Limit: 1300
Processor Information for processor 4
  Max Mhz: 1300, Current Mhz: 900, Mhz Limit: 897
Processor Information for processor 5
  Max Mhz: 1300, Current Mhz: 900, Mhz Limit: 897
Processor Information for processor 6
  Max Mhz: 1300, Current Mhz: 900, Mhz Limit: 897
Processor Information for processor 7
  Max Mhz: 1300, Current Mhz: 900, Mhz Limit: 897
Processor Information for processor 8
  Max Mhz: 1300, Current Mhz: 900, Mhz Limit: 897
Processor Information for processor 9
  Max Mhz: 1300, Current Mhz: 900, Mhz Limit: 897
Processor Information for processor 10
  Max Mhz: 1300, Current Mhz: 900, Mhz Limit: 897
Processor Information for processor 11
  Max Mhz: 1300, Current Mhz: 900, Mhz Limit: 897

Memory: 4k page, system-wide physical 7860M (185M free)
TotalPageFile size 16052M (AvailPageFile size 418M)
current process WorkingSet (physical memory assigned to process): 32M, peak: 32M
current process commit charge ("private bytes"): 190M, peak: 190M

vm_info: OpenJDK 64-Bit Server VM (17.0.12+7) for windows-amd64 JRE (17.0.12+7), built on Jul 16 2024 22:08:24 by "admin" with MS VC++ 16.10 / 16.11 (VS2019)

END.
