#
# There is insufficient memory for the Java Runtime Environment to continue.
# Native memory allocation (malloc) failed to allocate 32744 bytes. Error detail: ChunkPool::allocate
# Possible reasons:
#   The system is out of physical RAM or swap space
#   This process is running with CompressedOops enabled, and the Java Heap may be blocking the growth of the native heap
# Possible solutions:
#   Reduce memory load on the system
#   Increase physical memory or swap space
#   Check if swap backing store is full
#   Decrease Java heap size (-Xmx/-Xms)
#   Decrease number of Java threads
#   Decrease Java thread stack sizes (-Xss)
#   Set larger code cache with -XX:ReservedCodeCacheSize=
#   JVM is running with Unscaled Compressed Oops mode in which the Java heap is
#     placed in the first 4GB address space. The Java Heap base address is the
#     maximum limit for the native heap growth. Please use -XX:HeapBaseMinAddress
#     to set the Java Heap base and to place the Java Heap above 4GB virtual address.
# This output file may be truncated or incomplete.
#
#  Out of Memory Error (arena.cpp:79), pid=20692, tid=7628
#
# JRE version: OpenJDK Runtime Environment Temurin-17.0.12+7 (17.0.12+7) (build 17.0.12+7)
# Java VM: OpenJDK 64-Bit Server VM Temurin-17.0.12+7 (17.0.12+7, mixed mode, tiered, compressed oops, compressed class ptrs, parallel gc, windows-amd64)
# No core dump will be written. Minidumps are not enabled by default on client versions of Windows
#

---------------  S U M M A R Y ------------

Command Line: --add-modules=ALL-SYSTEM --add-opens=java.base/java.util=ALL-UNNAMED --add-opens=java.base/java.lang=ALL-UNNAMED --add-opens=java.base/sun.nio.fs=ALL-UNNAMED -Declipse.application=org.eclipse.jdt.ls.core.id1 -Dosgi.bundles.defaultStartLevel=4 -Declipse.product=org.eclipse.jdt.ls.core.product -Djava.import.generatesMetadataFilesAtProjectRoot=false -DDetectVMInstallationsJob.disabled=true -Dfile.encoding=utf8 -XX:+UseParallelGC -XX:GCTimeRatio=4 -XX:AdaptiveSizePolicyWeight=90 -Dsun.zip.disableMemoryMapping=true -Xmx1G -Xms100m -Xlog:disable -javaagent:c:\Users\Nicolas Gabriel\.vscode\extensions\redhat.java-1.35.1-win32-x64\lombok\lombok-1.18.33.jar -XX:+HeapDumpOnOutOfMemoryError -XX:HeapDumpPath=c:\Users\Nicolas Gabriel\AppData\Roaming\Code\User\workspaceStorage\e9e1b179c78a9b09abdb8914e26f82a7\redhat.java -Daether.dependencyCollector.impl=bf c:\Users\Nicolas Gabriel\.vscode\extensions\redhat.java-1.35.1-win32-x64\server\plugins\org.eclipse.equinox.launcher_1.6.900.v20240613-2009.jar -configuration c:\Users\Nicolas Gabriel\AppData\Roaming\Code\User\globalStorage\redhat.java\1.35.1\config_win -data c:\Users\Nicolas Gabriel\AppData\Roaming\Code\User\workspaceStorage\e9e1b179c78a9b09abdb8914e26f82a7\redhat.java\jdt_ws --pipe=\\.\pipe\lsp-9e2647d94a64402488d0347e8cdf9c01-sock

Host: 12th Gen Intel(R) Core(TM) i5-1235U, 12 cores, 7G,  Windows 11 , 64 bit Build 22621 (10.0.22621.3958)
Time: Mon Oct 21 11:15:10 2024 Hora est. Pacífico, Sudamérica elapsed time: 0.686378 seconds (0d 0h 0m 0s)

---------------  T H R E A D  ---------------

Current thread (0x000001c7e9827c00):  JavaThread "C2 CompilerThread0" daemon [_thread_in_native, id=7628, stack(0x0000006b55200000,0x0000006b55300000)]


Current CompileTask:
C2:    686  133       4       java.lang.String::hashCode (60 bytes)

Stack: [0x0000006b55200000,0x0000006b55300000]
Native frames: (J=compiled Java code, j=interpreted, Vv=VM code, C=native code)
V  [jvm.dll+0x67f929]
V  [jvm.dll+0x8371ba]
V  [jvm.dll+0x838c7e]
V  [jvm.dll+0x8392e3]
V  [jvm.dll+0x24834f]
V  [jvm.dll+0xacbd1]
V  [jvm.dll+0xad01c]
V  [jvm.dll+0x2af9c5]
V  [jvm.dll+0x5868d7]
V  [jvm.dll+0x2231c2]
V  [jvm.dll+0x2235bf]
V  [jvm.dll+0x21c6e0]
V  [jvm.dll+0x219be1]
V  [jvm.dll+0x1a58bd]
V  [jvm.dll+0x229a2d]
V  [jvm.dll+0x227bdc]
V  [jvm.dll+0x7ec1f7]
V  [jvm.dll+0x7e65dc]
V  [jvm.dll+0x67e7f7]
C  [ucrtbase.dll+0x29333]
C  [KERNEL32.DLL+0x1257d]
C  [ntdll.dll+0x5af08]


---------------  P R O C E S S  ---------------

Threads class SMR info:
_java_thread_list=0x000001c7e994eeb0, length=11, elements={
0x000001c7d08b40f0, 0x000001c7e4734010, 0x000001c7d095c400, 0x000001c7e473b2f0,
0x000001c7e473dbd0, 0x000001c7e473e4a0, 0x000001c7e9827000, 0x000001c7e9827c00,
0x000001c7e9884f80, 0x000001c7e9885c40, 0x000001c7d0912f60
}

Java Threads: ( => current thread )
  0x000001c7d08b40f0 JavaThread "main" [_thread_in_vm, id=7764, stack(0x0000006b54800000,0x0000006b54900000)]
  0x000001c7e4734010 JavaThread "Reference Handler" daemon [_thread_blocked, id=4584, stack(0x0000006b54c00000,0x0000006b54d00000)]
  0x000001c7d095c400 JavaThread "Finalizer" daemon [_thread_blocked, id=11300, stack(0x0000006b54d00000,0x0000006b54e00000)]
  0x000001c7e473b2f0 JavaThread "Signal Dispatcher" daemon [_thread_blocked, id=13052, stack(0x0000006b54e00000,0x0000006b54f00000)]
  0x000001c7e473dbd0 JavaThread "Attach Listener" daemon [_thread_blocked, id=11400, stack(0x0000006b54f00000,0x0000006b55000000)]
  0x000001c7e473e4a0 JavaThread "Service Thread" daemon [_thread_blocked, id=26524, stack(0x0000006b55000000,0x0000006b55100000)]
  0x000001c7e9827000 JavaThread "Monitor Deflation Thread" daemon [_thread_blocked, id=28736, stack(0x0000006b55100000,0x0000006b55200000)]
=>0x000001c7e9827c00 JavaThread "C2 CompilerThread0" daemon [_thread_in_native, id=7628, stack(0x0000006b55200000,0x0000006b55300000)]
  0x000001c7e9884f80 JavaThread "C1 CompilerThread0" daemon [_thread_blocked, id=3200, stack(0x0000006b55300000,0x0000006b55400000)]
  0x000001c7e9885c40 JavaThread "Sweeper thread" daemon [_thread_blocked, id=26680, stack(0x0000006b55400000,0x0000006b55500000)]
  0x000001c7d0912f60 JavaThread "Common-Cleaner" daemon [_thread_blocked, id=21004, stack(0x0000006b55500000,0x0000006b55600000)]

Other Threads:
  0x000001c7d0936020 VMThread "VM Thread" [stack: 0x0000006b54b00000,0x0000006b54c00000] [id=14688]
  0x000001c7d08c7760 GCTaskThread "GC Thread#0" [stack: 0x0000006b54a00000,0x0000006b54b00000] [id=23104]

Threads with active compile tasks:
C2 CompilerThread0      724  133       4       java.lang.String::hashCode (60 bytes)

VM state: not at safepoint (normal execution)

VM Mutex/Monitor currently owned by a thread:  ([mutex/lock_event])
[0x000001c7d08b0b10] Metaspace_lock - owner thread: 0x000001c7d08b40f0

Heap address: 0x00000000c0000000, size: 1024 MB, Compressed Oops mode: 32-bit

CDS archive(s) not mapped
Compressed class space mapped at: 0x0000000100000000-0x0000000140000000, reserved size: 1073741824
Narrow klass base: 0x0000000000000000, Narrow klass shift: 3, Narrow klass range: 0x140000000

GC Precious Log:
 CPUs: 12 total, 12 available
 Memory: 7860M
 Large Page Support: Disabled
 NUMA Support: Disabled
 Compressed Oops: Enabled (32-bit)
 Alignments: Space 512K, Generation 512K, Heap 2M
 Heap Min Capacity: 100M
 Heap Initial Capacity: 100M
 Heap Max Capacity: 1G
 Pre-touch: Disabled
 Parallel Workers: 10

Heap:
 PSYoungGen      total 29696K, used 2560K [0x00000000eab00000, 0x00000000ecc00000, 0x0000000100000000)
  eden space 25600K, 10% used [0x00000000eab00000,0x00000000ead801e8,0x00000000ec400000)
  from space 4096K, 0% used [0x00000000ec800000,0x00000000ec800000,0x00000000ecc00000)
  to   space 4096K, 0% used [0x00000000ec400000,0x00000000ec400000,0x00000000ec800000)
 ParOldGen       total 68608K, used 0K [0x00000000c0000000, 0x00000000c4300000, 0x00000000eab00000)
  object space 68608K, 0% used [0x00000000c0000000,0x00000000c0000000,0x00000000c4300000)
 Metaspace       used 4441K, committed 4608K, reserved 1114112K
  class space    used 411K, committed 512K, reserved 1048576K

Card table byte_map: [0x000001c7d0270000,0x000001c7d0480000] _byte_map_base: 0x000001c7cfc70000

Marking Bits: (ParMarkBitMap*) 0x00007ffdada558b0
 Begin Bits: [0x000001c7e2540000, 0x000001c7e3540000)
 End Bits:   [0x000001c7e3540000, 0x000001c7e4540000)

Polling page: 0x000001c7d0060000

Metaspace:

Usage:
  Non-class:      3.94 MB used.
      Class:    411.20 KB used.
       Both:      4.34 MB used.

Virtual space:
  Non-class space:       64.00 MB reserved,       4.00 MB (  6%) committed,  1 nodes.
      Class space:        1.00 GB reserved,     512.00 KB ( <1%) committed,  1 nodes.
             Both:        1.06 GB reserved,       4.50 MB ( <1%) committed. 

Chunk freelists:
   Non-Class:  12.00 MB
       Class:  15.56 MB
        Both:  27.56 MB

MaxMetaspaceSize: unlimited
CompressedClassSpaceSize: 1.00 GB
Initial GC threshold: 21.00 MB
Current GC threshold: 21.00 MB
CDS: off
MetaspaceReclaimPolicy: balanced
 - commit_granule_bytes: 65536.
 - commit_granule_words: 8192.
 - virtual_space_node_default_size: 8388608.
 - enlarge_chunks_in_place: 1.
 - new_chunks_are_fully_committed: 0.
 - uncommit_free_chunks: 1.
 - use_allocation_guard: 0.
 - handle_deallocations: 1.


Internal statistics:

num_allocs_failed_limit: 0.
num_arena_births: 6.
num_arena_deaths: 0.
num_vsnodes_births: 2.
num_vsnodes_deaths: 0.
num_space_committed: 72.
num_space_uncommitted: 0.
num_chunks_returned_to_freelist: 0.
num_chunks_taken_from_freelist: 9.
num_chunk_merges: 0.
num_chunk_splits: 5.
num_chunks_enlarged: 2.
num_inconsistent_stats: 0.

CodeHeap 'non-profiled nmethods': size=120000Kb used=50Kb max_used=50Kb free=119949Kb
 bounds [0x000001c7db010000, 0x000001c7db280000, 0x000001c7e2540000]
CodeHeap 'profiled nmethods': size=120000Kb used=215Kb max_used=215Kb free=119784Kb
 bounds [0x000001c7d3540000, 0x000001c7d37b0000, 0x000001c7daa70000]
CodeHeap 'non-nmethods': size=5760Kb used=1067Kb max_used=1080Kb free=4693Kb
 bounds [0x000001c7daa70000, 0x000001c7dace0000, 0x000001c7db010000]
 total_blobs=523 nmethods=187 adapters=251
 compilation: enabled
              stopped_count=0, restarted_count=0
 full_count=0

Compilation events (20 events):
Event: 0.678 Thread 0x000001c7e9884f80 nmethod 130 0x000001c7db018510 code [0x000001c7db0186a0, 0x000001c7db018778]
Event: 0.678 Thread 0x000001c7e9884f80  132       1       java.lang.module.ModuleDescriptor$Exports::targets (5 bytes)
Event: 0.679 Thread 0x000001c7e9884f80 nmethod 132 0x000001c7db018810 code [0x000001c7db0189a0, 0x000001c7db018a78]
Event: 0.679 Thread 0x000001c7e9884f80  134       1       java.lang.module.ModuleDescriptor$Exports::source (5 bytes)
Event: 0.679 Thread 0x000001c7e9884f80 nmethod 134 0x000001c7db018b10 code [0x000001c7db018ca0, 0x000001c7db018d78]
Event: 0.679 Thread 0x000001c7e9884f80  122       1       java.lang.module.ModuleDescriptor::requires (5 bytes)
Event: 0.679 Thread 0x000001c7e9884f80 nmethod 122 0x000001c7db018e10 code [0x000001c7db018fa0, 0x000001c7db019078]
Event: 0.679 Thread 0x000001c7e9884f80  115       3       java.lang.module.Resolver::isTracing (13 bytes)
Event: 0.679 Thread 0x000001c7e9884f80 nmethod 115 0x000001c7d3567010 code [0x000001c7d35671a0, 0x000001c7d3567318]
Event: 0.679 Thread 0x000001c7e9884f80  125       1       java.lang.module.ModuleDescriptor::isAutomatic (5 bytes)
Event: 0.679 Thread 0x000001c7e9884f80 nmethod 125 0x000001c7db019110 code [0x000001c7db0192a0, 0x000001c7db019378]
Event: 0.679 Thread 0x000001c7e9884f80  135       3       java.lang.module.ModuleDescriptor$Exports::isQualified (18 bytes)
Event: 0.679 Thread 0x000001c7e9884f80 nmethod 135 0x000001c7d3567390 code [0x000001c7d3567540, 0x000001c7d3567768]
Event: 0.679 Thread 0x000001c7e9884f80  117       3       java.util.ImmutableCollections$Set12$1::next (95 bytes)
Event: 0.679 Thread 0x000001c7e9884f80 nmethod 117 0x000001c7d3567810 code [0x000001c7d35679e0, 0x000001c7d3567cc8]
Event: 0.679 Thread 0x000001c7e9884f80  136       3       java.util.ImmutableCollections$SetN::isEmpty (13 bytes)
Event: 0.679 Thread 0x000001c7e9884f80 nmethod 136 0x000001c7d3567e10 code [0x000001c7d3567fa0, 0x000001c7d3568118]
Event: 0.679 Thread 0x000001c7e9884f80  138       3       java.util.ImmutableCollections$Set12::contains (28 bytes)
Event: 0.680 Thread 0x000001c7e9884f80 nmethod 138 0x000001c7d3568190 code [0x000001c7d3568340, 0x000001c7d3568678]
Event: 0.680 Thread 0x000001c7e9884f80  140       3       java.util.HashMap::resize (358 bytes)

GC Heap History (0 events):
No events

Dll operation events (1 events):
Event: 0.059 Loaded shared library c:\Users\Nicolas Gabriel\.vscode\extensions\redhat.java-1.35.1-win32-x64\jre\17.0.12-win32-x86_64\bin\java.dll

Deoptimization events (0 events):
No events

Classes loaded (20 events):
Event: 0.671 Loading class java/lang/module/ModuleFinder$1
Event: 0.671 Loading class java/lang/module/ModuleFinder$1 done
Event: 0.671 Loading class java/util/ImmutableCollections$ListItr
Event: 0.671 Loading class java/util/ListIterator
Event: 0.671 Loading class java/util/ListIterator done
Event: 0.671 Loading class java/util/ImmutableCollections$ListItr done
Event: 0.672 Loading class java/lang/ModuleLayer
Event: 0.673 Loading class java/lang/ModuleLayer done
Event: 0.673 Loading class java/util/HashMap$Values
Event: 0.673 Loading class java/util/HashMap$Values done
Event: 0.673 Loading class java/util/HashMap$ValueIterator
Event: 0.673 Loading class java/util/HashMap$ValueIterator done
Event: 0.674 Loading class java/util/LinkedHashSet
Event: 0.674 Loading class java/util/LinkedHashSet done
Event: 0.674 Loading class java/util/LinkedHashMap
Event: 0.674 Loading class java/util/LinkedHashMap done
Event: 0.675 Loading class java/util/Collections$UnmodifiableCollection$1
Event: 0.676 Loading class java/util/Collections$UnmodifiableCollection$1 done
Event: 0.676 Loading class java/lang/module/ResolvedModule
Event: 0.676 Loading class java/lang/module/ResolvedModule done

Classes unloaded (0 events):
No events

Classes redefined (0 events):
No events

Internal exceptions (1 events):
Event: 0.666 Thread 0x000001c7d08b40f0 Exception <a 'java/lang/NoSuchMethodError'{0x00000000eacb4fb8}: 'void java.lang.invoke.DirectMethodHandle$Holder.invokeStatic(java.lang.Object, java.lang.Object, java.lang.Object)'> (0x00000000eacb4fb8) 
thrown [s\src\hotspot\share\interpreter\linkResolver.cpp, line 759]

VM Operations (2 events):
Event: 0.674 Executing VM operation: HandshakeAllThreads
Event: 0.674 Executing VM operation: HandshakeAllThreads done

Events (11 events):
Event: 0.154 Thread 0x000001c7d08b40f0 Thread added: 0x000001c7d08b40f0
Event: 0.198 Thread 0x000001c7e4734010 Thread added: 0x000001c7e4734010
Event: 0.198 Thread 0x000001c7d095c400 Thread added: 0x000001c7d095c400
Event: 0.225 Thread 0x000001c7e473b2f0 Thread added: 0x000001c7e473b2f0
Event: 0.225 Thread 0x000001c7e473dbd0 Thread added: 0x000001c7e473dbd0
Event: 0.225 Thread 0x000001c7e473e4a0 Thread added: 0x000001c7e473e4a0
Event: 0.225 Thread 0x000001c7e9827000 Thread added: 0x000001c7e9827000
Event: 0.225 Thread 0x000001c7e9827c00 Thread added: 0x000001c7e9827c00
Event: 0.234 Thread 0x000001c7e9884f80 Thread added: 0x000001c7e9884f80
Event: 0.235 Thread 0x000001c7e9885c40 Thread added: 0x000001c7e9885c40
Event: 0.554 Thread 0x000001c7d0912f60 Thread added: 0x000001c7d0912f60


Dynamic libraries:
0x00007ff795420000 - 0x00007ff79542e000 	c:\Users\Nicolas Gabriel\.vscode\extensions\redhat.java-1.35.1-win32-x64\jre\17.0.12-win32-x86_64\bin\java.exe
0x00007ffdfe750000 - 0x00007ffdfe967000 	C:\Windows\SYSTEM32\ntdll.dll
0x00007ffdfd660000 - 0x00007ffdfd724000 	C:\Windows\System32\KERNEL32.DLL
0x00007ffdfbf00000 - 0x00007ffdfc2b7000 	C:\Windows\System32\KERNELBASE.dll
0x00007ffdfbc70000 - 0x00007ffdfbd81000 	C:\Windows\System32\ucrtbase.dll
0x00007ffde0750000 - 0x00007ffde0767000 	c:\Users\Nicolas Gabriel\.vscode\extensions\redhat.java-1.35.1-win32-x64\jre\17.0.12-win32-x86_64\bin\jli.dll
0x00007ffde06b0000 - 0x00007ffde06cb000 	c:\Users\Nicolas Gabriel\.vscode\extensions\redhat.java-1.35.1-win32-x64\jre\17.0.12-win32-x86_64\bin\VCRUNTIME140.dll
0x00007ffdfd870000 - 0x00007ffdfda1f000 	C:\Windows\System32\USER32.dll
0x00007ffdfc450000 - 0x00007ffdfc476000 	C:\Windows\System32\win32u.dll
0x00007ffdfd630000 - 0x00007ffdfd659000 	C:\Windows\System32\GDI32.dll
0x00007ffdfc330000 - 0x00007ffdfc448000 	C:\Windows\System32\gdi32full.dll
0x00007ffdfbbd0000 - 0x00007ffdfbc6a000 	C:\Windows\System32\msvcp_win.dll
0x00007ffdd9b60000 - 0x00007ffdd9df3000 	C:\Windows\WinSxS\amd64_microsoft.windows.common-controls_6595b64144ccf1df_6.0.22621.3672_none_2713b9d173822955\COMCTL32.dll
0x00007ffdfd0b0000 - 0x00007ffdfd157000 	C:\Windows\System32\msvcrt.dll
0x00007ffdfd500000 - 0x00007ffdfd531000 	C:\Windows\System32\IMM32.DLL
0x00007ffdef7e0000 - 0x00007ffdef7ec000 	c:\Users\Nicolas Gabriel\.vscode\extensions\redhat.java-1.35.1-win32-x64\jre\17.0.12-win32-x86_64\bin\vcruntime140_1.dll
0x00007ffdbe100000 - 0x00007ffdbe18d000 	c:\Users\Nicolas Gabriel\.vscode\extensions\redhat.java-1.35.1-win32-x64\jre\17.0.12-win32-x86_64\bin\msvcp140.dll
0x00007ffdaceb0000 - 0x00007ffdadb1a000 	c:\Users\Nicolas Gabriel\.vscode\extensions\redhat.java-1.35.1-win32-x64\jre\17.0.12-win32-x86_64\bin\server\jvm.dll
0x00007ffdfe650000 - 0x00007ffdfe702000 	C:\Windows\System32\ADVAPI32.dll
0x00007ffdfdb70000 - 0x00007ffdfdc18000 	C:\Windows\System32\sechost.dll
0x00007ffdfbed0000 - 0x00007ffdfbef8000 	C:\Windows\System32\bcrypt.dll
0x00007ffdfd730000 - 0x00007ffdfd844000 	C:\Windows\System32\RPCRT4.dll
0x00007ffdfd3a0000 - 0x00007ffdfd411000 	C:\Windows\System32\WS2_32.dll
0x00007ffdfb780000 - 0x00007ffdfb7cd000 	C:\Windows\SYSTEM32\POWRPROF.dll
0x00007ffdf3330000 - 0x00007ffdf3364000 	C:\Windows\SYSTEM32\WINMM.dll
0x00007ffde76c0000 - 0x00007ffde76ca000 	C:\Windows\SYSTEM32\VERSION.dll
0x00007ffdfb6b0000 - 0x00007ffdfb6c3000 	C:\Windows\SYSTEM32\UMPDC.dll
0x00007ffdfaa90000 - 0x00007ffdfaaa8000 	C:\Windows\SYSTEM32\kernel.appcore.dll
0x00007ffde0e00000 - 0x00007ffde0e0a000 	c:\Users\Nicolas Gabriel\.vscode\extensions\redhat.java-1.35.1-win32-x64\jre\17.0.12-win32-x86_64\bin\jimage.dll
0x00007ffdf90b0000 - 0x00007ffdf92e2000 	C:\Windows\SYSTEM32\DBGHELP.DLL
0x00007ffdfe2c0000 - 0x00007ffdfe64e000 	C:\Windows\System32\combase.dll
0x00007ffdfd420000 - 0x00007ffdfd4f7000 	C:\Windows\System32\OLEAUT32.dll
0x00007ffdce570000 - 0x00007ffdce5a2000 	C:\Windows\SYSTEM32\dbgcore.DLL
0x00007ffdfbe50000 - 0x00007ffdfbecb000 	C:\Windows\System32\bcryptPrimitives.dll
0x00007ffde0df0000 - 0x00007ffde0dfe000 	c:\Users\Nicolas Gabriel\.vscode\extensions\redhat.java-1.35.1-win32-x64\jre\17.0.12-win32-x86_64\bin\instrument.dll
0x00007ffddec30000 - 0x00007ffddec55000 	c:\Users\Nicolas Gabriel\.vscode\extensions\redhat.java-1.35.1-win32-x64\jre\17.0.12-win32-x86_64\bin\java.dll
0x00007ffdde8f0000 - 0x00007ffdde908000 	c:\Users\Nicolas Gabriel\.vscode\extensions\redhat.java-1.35.1-win32-x64\jre\17.0.12-win32-x86_64\bin\zip.dll
0x00007ffdfc7b0000 - 0x00007ffdfd019000 	C:\Windows\System32\SHELL32.dll
0x00007ffdf9980000 - 0x00007ffdfa27f000 	C:\Windows\SYSTEM32\windows.storage.dll
0x00007ffdf9840000 - 0x00007ffdf997f000 	C:\Windows\SYSTEM32\wintypes.dll
0x00007ffdfc5f0000 - 0x00007ffdfc6e9000 	C:\Windows\System32\SHCORE.dll
0x00007ffdfc6f0000 - 0x00007ffdfc74e000 	C:\Windows\System32\shlwapi.dll
0x00007ffdfb990000 - 0x00007ffdfb9b7000 	C:\Windows\SYSTEM32\profapi.dll

dbghelp: loaded successfully - version: 4.0.5 - missing functions: none
symbol engine: initialized successfully - sym options: 0x614 - pdb path: .;c:\Users\Nicolas Gabriel\.vscode\extensions\redhat.java-1.35.1-win32-x64\jre\17.0.12-win32-x86_64\bin;C:\Windows\SYSTEM32;C:\Windows\WinSxS\amd64_microsoft.windows.common-controls_6595b64144ccf1df_6.0.22621.3672_none_2713b9d173822955;c:\Users\Nicolas Gabriel\.vscode\extensions\redhat.java-1.35.1-win32-x64\jre\17.0.12-win32-x86_64\bin\server

VM Arguments:
jvm_args: --add-modules=ALL-SYSTEM --add-opens=java.base/java.util=ALL-UNNAMED --add-opens=java.base/java.lang=ALL-UNNAMED --add-opens=java.base/sun.nio.fs=ALL-UNNAMED -Declipse.application=org.eclipse.jdt.ls.core.id1 -Dosgi.bundles.defaultStartLevel=4 -Declipse.product=org.eclipse.jdt.ls.core.product -Djava.import.generatesMetadataFilesAtProjectRoot=false -DDetectVMInstallationsJob.disabled=true -Dfile.encoding=utf8 -XX:+UseParallelGC -XX:GCTimeRatio=4 -XX:AdaptiveSizePolicyWeight=90 -Dsun.zip.disableMemoryMapping=true -Xmx1G -Xms100m -Xlog:disable -javaagent:c:\Users\Nicolas Gabriel\.vscode\extensions\redhat.java-1.35.1-win32-x64\lombok\lombok-1.18.33.jar -XX:+HeapDumpOnOutOfMemoryError -XX:HeapDumpPath=c:\Users\Nicolas Gabriel\AppData\Roaming\Code\User\workspaceStorage\e9e1b179c78a9b09abdb8914e26f82a7\redhat.java -Daether.dependencyCollector.impl=bf 
java_command: c:\Users\Nicolas Gabriel\.vscode\extensions\redhat.java-1.35.1-win32-x64\server\plugins\org.eclipse.equinox.launcher_1.6.900.v20240613-2009.jar -configuration c:\Users\Nicolas Gabriel\AppData\Roaming\Code\User\globalStorage\redhat.java\1.35.1\config_win -data c:\Users\Nicolas Gabriel\AppData\Roaming\Code\User\workspaceStorage\e9e1b179c78a9b09abdb8914e26f82a7\redhat.java\jdt_ws --pipe=\\.\pipe\lsp-9e2647d94a64402488d0347e8cdf9c01-sock
java_class_path (initial): c:\Users\Nicolas Gabriel\.vscode\extensions\redhat.java-1.35.1-win32-x64\server\plugins\org.eclipse.equinox.launcher_1.6.900.v20240613-2009.jar
Launcher Type: SUN_STANDARD

[Global flags]
    uintx AdaptiveSizePolicyWeight                 = 90                                        {product} {command line}
     intx CICompilerCount                          = 4                                         {product} {ergonomic}
    uintx GCTimeRatio                              = 4                                         {product} {command line}
     bool HeapDumpOnOutOfMemoryError               = true                                   {manageable} {command line}
    ccstr HeapDumpPath                             = c:\Users\Nicolas Gabriel\AppData\Roaming\Code\User\workspaceStorage\e9e1b179c78a9b09abdb8914e26f82a7\redhat.java         {manageable} {command line}
   size_t InitialHeapSize                          = 104857600                                 {product} {command line}
   size_t MaxHeapSize                              = 1073741824                                {product} {command line}
   size_t MaxNewSize                               = 357564416                                 {product} {ergonomic}
   size_t MinHeapDeltaBytes                        = 524288                                    {product} {ergonomic}
   size_t MinHeapSize                              = 104857600                                 {product} {command line}
   size_t NewSize                                  = 34603008                                  {product} {ergonomic}
    uintx NonNMethodCodeHeapSize                   = 5839372                                {pd product} {ergonomic}
    uintx NonProfiledCodeHeapSize                  = 122909434                              {pd product} {ergonomic}
   size_t OldSize                                  = 70254592                                  {product} {ergonomic}
    uintx ProfiledCodeHeapSize                     = 122909434                              {pd product} {ergonomic}
    uintx ReservedCodeCacheSize                    = 251658240                              {pd product} {ergonomic}
     bool SegmentedCodeCache                       = true                                      {product} {ergonomic}
   size_t SoftMaxHeapSize                          = 1073741824                             {manageable} {ergonomic}
     bool UseCompressedClassPointers               = true                           {product lp64_product} {ergonomic}
     bool UseCompressedOops                        = true                           {product lp64_product} {ergonomic}
     bool UseLargePagesIndividualAllocation        = false                                  {pd product} {ergonomic}
     bool UseParallelGC                            = true                                      {product} {command line}

Logging:
Log output configuration:
 #0: stdout all=off uptime,level,tags
 #1: stderr all=off uptime,level,tags

Environment Variables:
JAVA_HOME=C:\Program Files\Eclipse Adoptium\jdk-21.0.4.7-hotspot\
PATH=C:\Program Files\Eclipse Adoptium\jdk-21.0.4.7-hotspot\bin;C:\Program Files (x86)\Common Files\Oracle\Java\java8path;C:\Program Files (x86)\Common Files\Oracle\Java\javapath;C:\Windows\system32;C:\Windows;C:\Windows\System32\Wbem;C:\Windows\System32\WindowsPowerShell\v1.0\;C:\Windows\System32\OpenSSH\;C:\Program Files\dotnet\;C:\Program Files\Git\cmd;C:\Users\Nicolas Gabriel\AppData\Local\Programs\Python\Python312\Scripts\;C:\Users\Nicolas Gabriel\AppData\Local\Programs\Python\Python312\;C:\Users\Nicolas Gabriel\AppData\Local\Microsoft\WindowsApps;C:\Users\Nicolas Gabriel\AppData\Local\Programs\Microsoft VS Code\bin;C:\\Users\\Nicolas Gabriel\\AppData\\Roaming\\jupyter\\runtime\\jpserver-13004-open.html;
USERNAME=Nicolas Gabriel
OS=Windows_NT
PROCESSOR_IDENTIFIER=Intel64 Family 6 Model 154 Stepping 4, GenuineIntel
TMP=C:\Users\NICOLA~1\AppData\Local\Temp
TEMP=C:\Users\NICOLA~1\AppData\Local\Temp



Periodic native trim disabled


---------------  S Y S T E M  ---------------

OS:
 Windows 11 , 64 bit Build 22621 (10.0.22621.3958)
OS uptime: 9 days 22:35 hours
Hyper-V role detected

CPU: total 12 (initial active 12) (6 cores per cpu, 2 threads per core) family 6 model 154 stepping 4 microcode 0x42c, cx8, cmov, fxsr, ht, mmx, 3dnowpref, sse, sse2, sse3, ssse3, sse4.1, sse4.2, popcnt, lzcnt, tsc, tscinvbit, avx, avx2, aes, erms, clmul, bmi1, bmi2, adx, sha, fma, vzeroupper, clflush, clflushopt, clwb, hv
Processor Information for processor 0
  Max Mhz: 1300, Current Mhz: 1300, Mhz Limit: 1300
Processor Information for processor 1
  Max Mhz: 1300, Current Mhz: 1300, Mhz Limit: 1300
Processor Information for processor 2
  Max Mhz: 1300, Current Mhz: 1300, Mhz Limit: 1300
Processor Information for processor 3
  Max Mhz: 1300, Current Mhz: 1300, Mhz Limit: 1300
Processor Information for processor 4
  Max Mhz: 1300, Current Mhz: 900, Mhz Limit: 897
Processor Information for processor 5
  Max Mhz: 1300, Current Mhz: 900, Mhz Limit: 897
Processor Information for processor 6
  Max Mhz: 1300, Current Mhz: 900, Mhz Limit: 897
Processor Information for processor 7
  Max Mhz: 1300, Current Mhz: 900, Mhz Limit: 897
Processor Information for processor 8
  Max Mhz: 1300, Current Mhz: 900, Mhz Limit: 897
Processor Information for processor 9
  Max Mhz: 1300, Current Mhz: 900, Mhz Limit: 897
Processor Information for processor 10
  Max Mhz: 1300, Current Mhz: 900, Mhz Limit: 897
Processor Information for processor 11
  Max Mhz: 1300, Current Mhz: 900, Mhz Limit: 897

Memory: 4k page, system-wide physical 7860M (164M free)
TotalPageFile size 16052M (AvailPageFile size 0M)
current process WorkingSet (physical memory assigned to process): 30M, peak: 30M
current process commit charge ("private bytes"): 189M, peak: 189M

vm_info: OpenJDK 64-Bit Server VM (17.0.12+7) for windows-amd64 JRE (17.0.12+7), built on Jul 16 2024 22:08:24 by "admin" with MS VC++ 16.10 / 16.11 (VS2019)

END.
