#
# There is insufficient memory for the Java Runtime Environment to continue.
# Native memory allocation (malloc) failed to allocate 1194416 bytes. Error detail: Chunk::new
# Possible reasons:
#   The system is out of physical RAM or swap space
#   This process is running with CompressedOops enabled, and the Java Heap may be blocking the growth of the native heap
# Possible solutions:
#   Reduce memory load on the system
#   Increase physical memory or swap space
#   Check if swap backing store is full
#   Decrease Java heap size (-Xmx/-Xms)
#   Decrease number of Java threads
#   Decrease Java thread stack sizes (-Xss)
#   Set larger code cache with -XX:ReservedCodeCacheSize=
#   JVM is running with Unscaled Compressed Oops mode in which the Java heap is
#     placed in the first 4GB address space. The Java Heap base address is the
#     maximum limit for the native heap growth. Please use -XX:HeapBaseMinAddress
#     to set the Java Heap base and to place the Java Heap above 4GB virtual address.
# This output file may be truncated or incomplete.
#
#  Out of Memory Error (arena.cpp:191), pid=13408, tid=14636
#
# JRE version: OpenJDK Runtime Environment Temurin-17.0.13+11 (17.0.13+11) (build 17.0.13+11)
# Java VM: OpenJDK 64-Bit Server VM Temurin-17.0.13+11 (17.0.13+11, mixed mode, tiered, compressed oops, compressed class ptrs, parallel gc, windows-amd64)
# No core dump will be written. Minidumps are not enabled by default on client versions of Windows
#

---------------  S U M M A R Y ------------

Command Line: --add-modules=ALL-SYSTEM --add-opens=java.base/java.util=ALL-UNNAMED --add-opens=java.base/java.lang=ALL-UNNAMED --add-opens=java.base/sun.nio.fs=ALL-UNNAMED -Declipse.application=org.eclipse.jdt.ls.core.id1 -Dosgi.bundles.defaultStartLevel=4 -Declipse.product=org.eclipse.jdt.ls.core.product -Djava.import.generatesMetadataFilesAtProjectRoot=false -DDetectVMInstallationsJob.disabled=true -Dfile.encoding=utf8 -XX:+UseParallelGC -XX:GCTimeRatio=4 -XX:AdaptiveSizePolicyWeight=90 -Dsun.zip.disableMemoryMapping=true -Xmx1G -Xms100m -Xlog:disable -javaagent:c:\Users\Nicolas Gabriel\.vscode\extensions\redhat.java-1.36.0-win32-x64\lombok\lombok-1.18.35.jar -XX:+HeapDumpOnOutOfMemoryError -XX:HeapDumpPath=c:\Users\Nicolas Gabriel\AppData\Roaming\Code\User\workspaceStorage\48242ab983956e0b287b9428e5a3ddac\redhat.java -Daether.dependencyCollector.impl=bf c:\Users\Nicolas Gabriel\.vscode\extensions\redhat.java-1.36.0-win32-x64\server\plugins\org.eclipse.equinox.launcher_1.6.900.v20240613-2009.jar -configuration c:\Users\Nicolas Gabriel\AppData\Roaming\Code\User\globalStorage\redhat.java\1.36.0\config_win -data c:\Users\Nicolas Gabriel\AppData\Roaming\Code\User\workspaceStorage\48242ab983956e0b287b9428e5a3ddac\redhat.java\jdt_ws --pipe=\\.\pipe\lsp-7465c523ac5350ea2ebddb5cac3769af-sock

Host: 12th Gen Intel(R) Core(TM) i5-1235U, 12 cores, 7G,  Windows 11 , 64 bit Build 26100 (10.0.26100.2161)
Time: Mon Nov 11 21:11:47 2024 Hora est. Pacífico, Sudamérica elapsed time: 5.658481 seconds (0d 0h 0m 5s)

---------------  T H R E A D  ---------------

Current thread (0x000001669c8f4030):  JavaThread "C2 CompilerThread1" daemon [_thread_in_native, id=14636, stack(0x0000003929000000,0x0000003929100000)]


Current CompileTask:
C2:   5658 6137 %     4       org.eclipse.jdt.internal.core.search.indexing.BinaryIndexer::extractReferenceFromConstantPool @ 155 (358 bytes)

Stack: [0x0000003929000000,0x0000003929100000]
Native frames: (J=compiled Java code, j=interpreted, Vv=VM code, C=native code)
V  [jvm.dll+0x682a19]
V  [jvm.dll+0x839538]
V  [jvm.dll+0x83afe3]
V  [jvm.dll+0x83b653]
V  [jvm.dll+0x24704f]
V  [jvm.dll+0xace34]
V  [jvm.dll+0xad4cc]
V  [jvm.dll+0x2ac84f]
V  [jvm.dll+0x588a79]
V  [jvm.dll+0x220ea2]
V  [jvm.dll+0x22129f]
V  [jvm.dll+0x21a2b0]
V  [jvm.dll+0x21738b]
V  [jvm.dll+0x1a3070]
V  [jvm.dll+0x22788c]
V  [jvm.dll+0x2259eb]
V  [jvm.dll+0x7eec98]
V  [jvm.dll+0x7e8ffc]
V  [jvm.dll+0x6818f7]
C  [ucrtbase.dll+0x14ea0]
C  [KERNEL32.DLL+0x2dbe7]
C  [ntdll.dll+0xdfbec]


---------------  P R O C E S S  ---------------

Threads class SMR info:
_java_thread_list=0x000001669f94dd40, length=64, elements={
0x00000166ffc5efb0, 0x00000166955417b0, 0x0000016695543860, 0x000001669a625f10,
0x000001669a6267e0, 0x000001669a627850, 0x000001669a62a8d0, 0x000001669a62d4e0,
0x000001669a63ab80, 0x000001669a655000, 0x00000166ffcc7700, 0x000001669a940980,
0x000001669c468900, 0x000001669c4eaa00, 0x000001669c5d2010, 0x000001669c5d3a30,
0x000001669c7097d0, 0x000001669c4944a0, 0x000001669c4958e0, 0x000001669c496810,
0x000001669c4953d0, 0x000001669c493570, 0x000001669c493060, 0x000001669c8f4030,
0x000001669c495df0, 0x000001669ce95a30, 0x000001669c496300, 0x000001669f5e4e10,
0x000001669f5e5320, 0x000001669f5e5d40, 0x000001669f5e5830, 0x000001669f5e6250,
0x000001669f5e7ba0, 0x000001669f5e7690, 0x000001669f5e6760, 0x000001669f5e6c70,
0x000001669f5e43f0, 0x000001669f5e80b0, 0x000001669f5e4900, 0x000001669f5e85c0,
0x000001669f5eb350, 0x000001669f5ea420, 0x000001669f5eae40, 0x000001669f5e8fe0,
0x000001669f5eb860, 0x000001669f5e9a00, 0x000001669f5e94f0, 0x000001669f5e9f10,
0x000001669f914460, 0x000001669f912b10, 0x000001669f913530, 0x000001669f914970,
0x000001669f914e80, 0x000001669f912600, 0x000001669f9158a0, 0x000001669f9120f0,
0x000001669f915db0, 0x000001669f913020, 0x000001669f9162c0, 0x000001669f915390,
0x000001669f9167d0, 0x000001669f916ce0, 0x000001669f913a40, 0x000001669f9171f0
}

Java Threads: ( => current thread )
  0x00000166ffc5efb0 JavaThread "main" [_thread_blocked, id=8968, stack(0x0000003926d00000,0x0000003926e00000)]
  0x00000166955417b0 JavaThread "Reference Handler" daemon [_thread_blocked, id=5276, stack(0x0000003927000000,0x0000003927100000)]
  0x0000016695543860 JavaThread "Finalizer" daemon [_thread_blocked, id=10428, stack(0x0000003927100000,0x0000003927200000)]
  0x000001669a625f10 JavaThread "Signal Dispatcher" daemon [_thread_blocked, id=12072, stack(0x0000003927200000,0x0000003927300000)]
  0x000001669a6267e0 JavaThread "Attach Listener" daemon [_thread_blocked, id=6812, stack(0x0000003927300000,0x0000003927400000)]
  0x000001669a627850 JavaThread "Service Thread" daemon [_thread_blocked, id=6868, stack(0x0000003927400000,0x0000003927500000)]
  0x000001669a62a8d0 JavaThread "Monitor Deflation Thread" daemon [_thread_blocked, id=2804, stack(0x0000003927500000,0x0000003927600000)]
  0x000001669a62d4e0 JavaThread "C2 CompilerThread0" daemon [_thread_in_native, id=8560, stack(0x0000003927600000,0x0000003927700000)]
  0x000001669a63ab80 JavaThread "C1 CompilerThread0" daemon [_thread_in_native, id=15992, stack(0x0000003927700000,0x0000003927800000)]
  0x000001669a655000 JavaThread "Sweeper thread" daemon [_thread_blocked, id=3120, stack(0x0000003927800000,0x0000003927900000)]
  0x00000166ffcc7700 JavaThread "Common-Cleaner" daemon [_thread_blocked, id=20144, stack(0x0000003927900000,0x0000003927a00000)]
  0x000001669a940980 JavaThread "Notification Thread" daemon [_thread_blocked, id=1968, stack(0x0000003927b00000,0x0000003927c00000)]
  0x000001669c468900 JavaThread "Active Thread: Equinox Container: 3543520b-bb3d-4f53-b13e-174145a140dd" [_thread_blocked, id=15028, stack(0x0000003928300000,0x0000003928400000)]
  0x000001669c4eaa00 JavaThread "Refresh Thread: Equinox Container: 3543520b-bb3d-4f53-b13e-174145a140dd" daemon [_thread_blocked, id=13764, stack(0x0000003928400000,0x0000003928500000)]
  0x000001669c5d2010 JavaThread "Framework Event Dispatcher: Equinox Container: 3543520b-bb3d-4f53-b13e-174145a140dd" daemon [_thread_blocked, id=13448, stack(0x0000003928500000,0x0000003928600000)]
  0x000001669c5d3a30 JavaThread "Start Level: Equinox Container: 3543520b-bb3d-4f53-b13e-174145a140dd" daemon [_thread_blocked, id=2852, stack(0x0000003928600000,0x0000003928700000)]
  0x000001669c7097d0 JavaThread "Bundle File Closer" daemon [_thread_blocked, id=13536, stack(0x0000003928900000,0x0000003928a00000)]
  0x000001669c4944a0 JavaThread "SCR Component Actor" daemon [_thread_blocked, id=9684, stack(0x0000003928c00000,0x0000003928d00000)]
  0x000001669c4958e0 JavaThread "SCR Component Registry" daemon [_thread_blocked, id=18124, stack(0x0000003928d00000,0x0000003928e00000)]
  0x000001669c496810 JavaThread "Worker-JM" [_thread_blocked, id=19744, stack(0x0000003928e00000,0x0000003928f00000)]
  0x000001669c4953d0 JavaThread "JNA Cleaner" daemon [_thread_blocked, id=22004, stack(0x0000003927a00000,0x0000003927b00000)]
  0x000001669c493570 JavaThread "Worker-0" [_thread_blocked, id=15560, stack(0x0000003927d00000,0x0000003927e00000)]
  0x000001669c493060 JavaThread "Worker-1" [_thread_blocked, id=6380, stack(0x0000003928f00000,0x0000003929000000)]
=>0x000001669c8f4030 JavaThread "C2 CompilerThread1" daemon [_thread_in_native, id=14636, stack(0x0000003929000000,0x0000003929100000)]
  0x000001669c495df0 JavaThread "Worker-2" [_thread_blocked, id=1448, stack(0x0000003929100000,0x0000003929200000)]
  0x000001669ce95a30 JavaThread "C2 CompilerThread2" daemon [_thread_in_native, id=6692, stack(0x0000003929200000,0x0000003929300000)]
  0x000001669c496300 JavaThread "Java indexing" daemon [_thread_in_Java, id=18200, stack(0x0000003929300000,0x0000003929400000)]
  0x000001669f5e4e10 JavaThread "Worker-3" [_thread_blocked, id=17144, stack(0x0000003929400000,0x0000003929500000)]
  0x000001669f5e5320 JavaThread "Thread-2" daemon [_thread_in_native, id=10012, stack(0x0000003929700000,0x0000003929800000)]
  0x000001669f5e5d40 JavaThread "Thread-3" daemon [_thread_in_native, id=5396, stack(0x0000003929800000,0x0000003929900000)]
  0x000001669f5e5830 JavaThread "Thread-4" daemon [_thread_in_native, id=18716, stack(0x0000003929900000,0x0000003929a00000)]
  0x000001669f5e6250 JavaThread "Thread-5" daemon [_thread_in_native, id=18436, stack(0x0000003929a00000,0x0000003929b00000)]
  0x000001669f5e7ba0 JavaThread "Thread-6" daemon [_thread_in_native, id=3036, stack(0x0000003929b00000,0x0000003929c00000)]
  0x000001669f5e7690 JavaThread "Thread-7" daemon [_thread_in_native, id=17880, stack(0x0000003929c00000,0x0000003929d00000)]
  0x000001669f5e6760 JavaThread "Thread-8" daemon [_thread_in_native, id=14276, stack(0x0000003929d00000,0x0000003929e00000)]
  0x000001669f5e6c70 JavaThread "Thread-9" daemon [_thread_in_native, id=14160, stack(0x0000003929e00000,0x0000003929f00000)]
  0x000001669f5e43f0 JavaThread "Thread-10" daemon [_thread_in_native, id=16908, stack(0x0000003929f00000,0x000000392a000000)]
  0x000001669f5e80b0 JavaThread "Thread-11" daemon [_thread_in_native, id=10532, stack(0x000000392a000000,0x000000392a100000)]
  0x000001669f5e4900 JavaThread "Thread-12" daemon [_thread_in_native, id=4948, stack(0x000000392a100000,0x000000392a200000)]
  0x000001669f5e85c0 JavaThread "Thread-13" daemon [_thread_in_native, id=6592, stack(0x000000392a200000,0x000000392a300000)]
  0x000001669f5eb350 JavaThread "Thread-14" daemon [_thread_in_native, id=14544, stack(0x000000392a300000,0x000000392a400000)]
  0x000001669f5ea420 JavaThread "pool-2-thread-1" [_thread_blocked, id=14988, stack(0x000000392a400000,0x000000392a500000)]
  0x000001669f5eae40 JavaThread "Worker-4: Repository registry initialization" [_thread_in_vm, id=5948, stack(0x000000392a500000,0x000000392a600000)]
  0x000001669f5e8fe0 JavaThread "Worker-5: Java indexing... " [_thread_blocked, id=7932, stack(0x000000392a600000,0x000000392a700000)]
  0x000001669f5eb860 JavaThread "Worker-6: Building" [_thread_in_vm, id=5376, stack(0x000000392a700000,0x000000392a800000)]
  0x000001669f5e9a00 JavaThread "WorkspaceEventsHandler" [_thread_blocked, id=18688, stack(0x000000392a800000,0x000000392a900000)]
  0x000001669f5e94f0 JavaThread "pool-1-thread-1" [_thread_blocked, id=2884, stack(0x000000392a900000,0x000000392aa00000)]
  0x000001669f5e9f10 JavaThread "LocalFile Deleter" daemon [_thread_blocked, id=12592, stack(0x000000392aa00000,0x000000392ab00000)]
  0x000001669f914460 JavaThread "LocalFile Deleter" daemon [_thread_blocked, id=20700, stack(0x000000392ab00000,0x000000392ac00000)]
  0x000001669f912b10 JavaThread "LocalFile Deleter" daemon [_thread_blocked, id=9296, stack(0x000000392ac00000,0x000000392ad00000)]
  0x000001669f913530 JavaThread "LocalFile Deleter" daemon [_thread_blocked, id=3620, stack(0x000000392ad00000,0x000000392ae00000)]
  0x000001669f914970 JavaThread "LocalFile Deleter" daemon [_thread_blocked, id=3812, stack(0x000000392ae00000,0x000000392af00000)]
  0x000001669f914e80 JavaThread "LocalFile Deleter" daemon [_thread_blocked, id=22240, stack(0x000000392af00000,0x000000392b000000)]
  0x000001669f912600 JavaThread "LocalFile Deleter" daemon [_thread_blocked, id=13088, stack(0x000000392b000000,0x000000392b100000)]
  0x000001669f9158a0 JavaThread "Compiler Source File Reader" daemon [_thread_blocked, id=21476, stack(0x000000392b100000,0x000000392b200000)]
  0x000001669f9120f0 JavaThread "Compiler Source File Reader" daemon [_thread_blocked, id=20972, stack(0x000000392b200000,0x000000392b300000)]
  0x000001669f915db0 JavaThread "Compiler Source File Reader" daemon [_thread_blocked, id=19716, stack(0x000000392b300000,0x000000392b400000)]
  0x000001669f913020 JavaThread "Compiler Source File Reader" daemon [_thread_blocked, id=16948, stack(0x000000392b400000,0x000000392b500000)]
  0x000001669f9162c0 JavaThread "Compiler Source File Reader" daemon [_thread_blocked, id=2908, stack(0x000000392b500000,0x000000392b600000)]
  0x000001669f915390 JavaThread "Compiler Source File Reader" daemon [_thread_blocked, id=19036, stack(0x000000392b600000,0x000000392b700000)]
  0x000001669f9167d0 JavaThread "Compiler Source File Reader" daemon [_thread_blocked, id=12616, stack(0x000000392b700000,0x000000392b800000)]
  0x000001669f916ce0 JavaThread "Compiler Source File Reader" daemon [_thread_blocked, id=18076, stack(0x000000392b800000,0x000000392b900000)]
  0x000001669f913a40 JavaThread "Compiler Source File Reader" daemon [_thread_blocked, id=16604, stack(0x000000392b900000,0x000000392ba00000)]
  0x000001669f9171f0 JavaThread "Compiler Source File Reader" daemon [_thread_blocked, id=22192, stack(0x000000392ba00000,0x000000392bb00000)]

Other Threads:
  0x000001669a5d4870 VMThread "VM Thread" [stack: 0x0000003926f00000,0x0000003927000000] [id=11372]
  0x000001669becef20 WatcherThread [stack: 0x0000003927c00000,0x0000003927d00000] [id=20044]
  0x00000166ffc74d10 GCTaskThread "GC Thread#0" [stack: 0x0000003926e00000,0x0000003926f00000] [id=1436]
  0x000001669c5ab3b0 GCTaskThread "GC Thread#1" [stack: 0x0000003927e00000,0x0000003927f00000] [id=13588]
  0x000001669c1ecf90 GCTaskThread "GC Thread#2" [stack: 0x0000003927f00000,0x0000003928000000] [id=4380]
  0x000001669c3700a0 GCTaskThread "GC Thread#3" [stack: 0x0000003928000000,0x0000003928100000] [id=18720]
  0x000001669c370360 GCTaskThread "GC Thread#4" [stack: 0x0000003928100000,0x0000003928200000] [id=17512]
  0x000001669c370620 GCTaskThread "GC Thread#5" [stack: 0x0000003928200000,0x0000003928300000] [id=6644]
  0x000001669c0d4a70 GCTaskThread "GC Thread#6" [stack: 0x0000003928700000,0x0000003928800000] [id=5516]
  0x000001669c75c940 GCTaskThread "GC Thread#7" [stack: 0x0000003928800000,0x0000003928900000] [id=7528]
  0x000001669cd51b50 GCTaskThread "GC Thread#8" [stack: 0x0000003928a00000,0x0000003928b00000] [id=16472]
  0x000001669ca0a820 GCTaskThread "GC Thread#9" [stack: 0x0000003928b00000,0x0000003928c00000] [id=21804]

Threads with active compile tasks:
C2 CompilerThread0     5714 6247       4       lombok.launch.PackageShader::apply (252 bytes)
C2 CompilerThread1     5715 6137 %     4       org.eclipse.jdt.internal.core.search.indexing.BinaryIndexer::extractReferenceFromConstantPool @ 155 (358 bytes)
C2 CompilerThread2     5715 6235       4       org.eclipse.jdt.internal.core.search.indexing.BinaryIndexer::addTypeReference (92 bytes)

VM state: not at safepoint (normal execution)

VM Mutex/Monitor currently owned by a thread: None

Heap address: 0x00000000c0000000, size: 1024 MB, Compressed Oops mode: 32-bit

CDS archive(s) not mapped
Compressed class space mapped at: 0x0000000100000000-0x0000000140000000, reserved size: 1073741824
Narrow klass base: 0x0000000000000000, Narrow klass shift: 3, Narrow klass range: 0x140000000

GC Precious Log:
 CPUs: 12 total, 12 available
 Memory: 7860M
 Large Page Support: Disabled
 NUMA Support: Disabled
 Compressed Oops: Enabled (32-bit)
 Alignments: Space 512K, Generation 512K, Heap 2M
 Heap Min Capacity: 100M
 Heap Initial Capacity: 100M
 Heap Max Capacity: 1G
 Pre-touch: Disabled
 Parallel Workers: 10

Heap:
 PSYoungGen      total 16384K, used 15499K [0x00000000eab00000, 0x00000000ec200000, 0x0000000100000000)
  eden space 14336K, 93% used [0x00000000eab00000,0x00000000eb823850,0x00000000eb900000)
  from space 2048K, 99% used [0x00000000eb900000,0x00000000ebaff6e8,0x00000000ebb00000)
  to   space 4608K, 0% used [0x00000000ebd80000,0x00000000ebd80000,0x00000000ec200000)
 ParOldGen       total 68608K, used 63978K [0x00000000c0000000, 0x00000000c4300000, 0x00000000eab00000)
  object space 68608K, 93% used [0x00000000c0000000,0x00000000c3e7a950,0x00000000c4300000)
 Metaspace       used 53516K, committed 54656K, reserved 1114112K
  class space    used 5693K, committed 6208K, reserved 1048576K

Card table byte_map: [0x00000166ffdf0000,0x0000016700000000] _byte_map_base: 0x00000166ff7f0000

Marking Bits: (ParMarkBitMap*) 0x00007ffa4f136940
 Begin Bits: [0x0000016693150000, 0x0000016694150000)
 End Bits:   [0x0000016694150000, 0x0000016695150000)

Polling page: 0x00000166ff710000

Metaspace:

Usage:
  Non-class:     46.70 MB used.
      Class:      5.56 MB used.
       Both:     52.26 MB used.

Virtual space:
  Non-class space:       64.00 MB reserved,      47.31 MB ( 74%) committed,  1 nodes.
      Class space:        1.00 GB reserved,       6.06 MB ( <1%) committed,  1 nodes.
             Both:        1.06 GB reserved,      53.38 MB (  5%) committed. 

Chunk freelists:
   Non-Class:  208.00 KB
       Class:  9.97 MB
        Both:  10.18 MB

MaxMetaspaceSize: unlimited
CompressedClassSpaceSize: 1.00 GB
Initial GC threshold: 21.00 MB
Current GC threshold: 58.38 MB
CDS: off
MetaspaceReclaimPolicy: balanced
 - commit_granule_bytes: 65536.
 - commit_granule_words: 8192.
 - virtual_space_node_default_size: 8388608.
 - enlarge_chunks_in_place: 1.
 - new_chunks_are_fully_committed: 0.
 - uncommit_free_chunks: 1.
 - use_allocation_guard: 0.
 - handle_deallocations: 1.


Internal statistics:

num_allocs_failed_limit: 6.
num_arena_births: 760.
num_arena_deaths: 14.
num_vsnodes_births: 2.
num_vsnodes_deaths: 0.
num_space_committed: 854.
num_space_uncommitted: 0.
num_chunks_returned_to_freelist: 20.
num_chunks_taken_from_freelist: 2952.
num_chunk_merges: 11.
num_chunk_splits: 1764.
num_chunks_enlarged: 936.
num_inconsistent_stats: 0.

CodeHeap 'non-profiled nmethods': size=120000Kb used=2758Kb max_used=2937Kb free=117242Kb
 bounds [0x000001668bac0000, 0x000001668bdc0000, 0x0000016692ff0000]
CodeHeap 'profiled nmethods': size=120000Kb used=10150Kb max_used=11295Kb free=109849Kb
 bounds [0x0000016683ff0000, 0x0000016684b00000, 0x000001668b520000]
CodeHeap 'non-nmethods': size=5760Kb used=1332Kb max_used=1388Kb free=4427Kb
 bounds [0x000001668b520000, 0x000001668b790000, 0x000001668bac0000]
 total_blobs=5878 nmethods=5208 adapters=584
 compilation: enabled
              stopped_count=0, restarted_count=0
 full_count=0

Compilation events (20 events):
Event: 4.642 Thread 0x000001669a63ab80 nmethod 6273 0x000001668bbd4090 code [0x000001668bbd4220, 0x000001668bbd42f8]
Event: 4.642 Thread 0x000001669a63ab80 6274       3       org.eclipse.jdt.internal.core.index.Index::containerRelativePath (54 bytes)
Event: 4.643 Thread 0x000001669a63ab80 nmethod 6274 0x0000016684550890 code [0x0000016684550ac0, 0x0000016684551178]
Event: 4.643 Thread 0x000001669a63ab80 6275       3       org.eclipse.jdt.internal.core.search.indexing.AbstractIndexer::addClassDeclaration (129 bytes)
Event: 4.645 Thread 0x000001669a63ab80 nmethod 6275 0x0000016684898610 code [0x00000166848989e0, 0x000001668489a668]
Event: 4.645 Thread 0x000001669a63ab80 6276       1       java.lang.reflect.Constructor::getSignature (5 bytes)
Event: 4.646 Thread 0x000001669a63ab80 nmethod 6276 0x000001668bbd3d90 code [0x000001668bbd3f20, 0x000001668bbd3ff8]
Event: 4.646 Thread 0x000001669a63ab80 6277       2       com.google.common.base.Preconditions::checkPositionIndex (8 bytes)
Event: 4.646 Thread 0x000001669a63ab80 nmethod 6277 0x0000016684898210 code [0x00000166848983a0, 0x00000166848984a8]
Event: 4.647 Thread 0x000001669a63ab80 6278       2       java.util.zip.ZipEntry::<init> (172 bytes)
Event: 4.647 Thread 0x000001669a63ab80 nmethod 6278 0x0000016684279b10 code [0x0000016684279cc0, 0x0000016684279fa8]
Event: 4.649 Thread 0x000001669a63ab80 6279       2       java.lang.String::subSequence (7 bytes)
Event: 4.649 Thread 0x000001669a63ab80 nmethod 6279 0x0000016684279790 code [0x0000016684279920, 0x0000016684279a48]
Event: 4.650 Thread 0x000001669a63ab80 6280       2       java.util.jar.JarFile::getManEntry (39 bytes)
Event: 4.650 Thread 0x000001669a63ab80 nmethod 6280 0x0000016684279310 code [0x00000166842794c0, 0x0000016684279678]
Event: 4.651 Thread 0x000001669a63ab80 6281   !   3       jdk.internal.jimage.decompressor.Decompressor::decompressResource (260 bytes)
Event: 4.653 Thread 0x000001669a63ab80 nmethod 6281 0x0000016684544f10 code [0x0000016684545440, 0x0000016684547e38]
Event: 4.654 Thread 0x000001669a63ab80 6283       2       com.google.inject.internal.Errors::<init> (20 bytes)
Event: 4.654 Thread 0x000001669a63ab80 nmethod 6283 0x0000016684278f90 code [0x0000016684279120, 0x0000016684279258]
Event: 4.654 Thread 0x000001669a63ab80 6282       2       com.google.inject.TypeLiteral::get (9 bytes)

GC Heap History (20 events):
Event: 4.273 GC heap before
{Heap before GC invocations=32 (full 2):
 PSYoungGen      total 17920K, used 17439K [0x00000000eab00000, 0x00000000ec000000, 0x0000000100000000)
  eden space 15360K, 100% used [0x00000000eab00000,0x00000000eba00000,0x00000000eba00000)
  from space 2560K, 81% used [0x00000000eba00000,0x00000000ebc07cd0,0x00000000ebc80000)
  to   space 3072K, 0% used [0x00000000ebd00000,0x00000000ebd00000,0x00000000ec000000)
 ParOldGen       total 68608K, used 46057K [0x00000000c0000000, 0x00000000c4300000, 0x00000000eab00000)
  object space 68608K, 67% used [0x00000000c0000000,0x00000000c2cfa448,0x00000000c4300000)
 Metaspace       used 50390K, committed 51520K, reserved 1114112K
  class space    used 5299K, committed 5824K, reserved 1048576K
}
Event: 4.275 GC heap after
{Heap after GC invocations=32 (full 2):
 PSYoungGen      total 17408K, used 1844K [0x00000000eab00000, 0x00000000ebf00000, 0x0000000100000000)
  eden space 15360K, 0% used [0x00000000eab00000,0x00000000eab00000,0x00000000eba00000)
  from space 2048K, 90% used [0x00000000ebd00000,0x00000000ebecd2b0,0x00000000ebf00000)
  to   space 2048K, 0% used [0x00000000ebb00000,0x00000000ebb00000,0x00000000ebd00000)
 ParOldGen       total 68608K, used 47845K [0x00000000c0000000, 0x00000000c4300000, 0x00000000eab00000)
  object space 68608K, 69% used [0x00000000c0000000,0x00000000c2eb9498,0x00000000c4300000)
 Metaspace       used 50390K, committed 51520K, reserved 1114112K
  class space    used 5299K, committed 5824K, reserved 1048576K
}
Event: 4.308 GC heap before
{Heap before GC invocations=33 (full 2):
 PSYoungGen      total 17408K, used 17204K [0x00000000eab00000, 0x00000000ebf00000, 0x0000000100000000)
  eden space 15360K, 100% used [0x00000000eab00000,0x00000000eba00000,0x00000000eba00000)
  from space 2048K, 90% used [0x00000000ebd00000,0x00000000ebecd2b0,0x00000000ebf00000)
  to   space 2048K, 0% used [0x00000000ebb00000,0x00000000ebb00000,0x00000000ebd00000)
 ParOldGen       total 68608K, used 47847K [0x00000000c0000000, 0x00000000c4300000, 0x00000000eab00000)
  object space 68608K, 69% used [0x00000000c0000000,0x00000000c2eb9fa8,0x00000000c4300000)
 Metaspace       used 50628K, committed 51712K, reserved 1114112K
  class space    used 5342K, committed 5824K, reserved 1048576K
}
Event: 4.311 GC heap after
{Heap after GC invocations=33 (full 2):
 PSYoungGen      total 17408K, used 1814K [0x00000000eab00000, 0x00000000ebe00000, 0x0000000100000000)
  eden space 15360K, 0% used [0x00000000eab00000,0x00000000eab00000,0x00000000eba00000)
  from space 2048K, 88% used [0x00000000ebb00000,0x00000000ebcc5a80,0x00000000ebd00000)
  to   space 1024K, 0% used [0x00000000ebd00000,0x00000000ebd00000,0x00000000ebe00000)
 ParOldGen       total 68608K, used 49443K [0x00000000c0000000, 0x00000000c4300000, 0x00000000eab00000)
  object space 68608K, 72% used [0x00000000c0000000,0x00000000c3048c78,0x00000000c4300000)
 Metaspace       used 50628K, committed 51712K, reserved 1114112K
  class space    used 5342K, committed 5824K, reserved 1048576K
}
Event: 4.347 GC heap before
{Heap before GC invocations=34 (full 2):
 PSYoungGen      total 17408K, used 17174K [0x00000000eab00000, 0x00000000ebe00000, 0x0000000100000000)
  eden space 15360K, 100% used [0x00000000eab00000,0x00000000eba00000,0x00000000eba00000)
  from space 2048K, 88% used [0x00000000ebb00000,0x00000000ebcc5a80,0x00000000ebd00000)
  to   space 1024K, 0% used [0x00000000ebd00000,0x00000000ebd00000,0x00000000ebe00000)
 ParOldGen       total 68608K, used 49443K [0x00000000c0000000, 0x00000000c4300000, 0x00000000eab00000)
  object space 68608K, 72% used [0x00000000c0000000,0x00000000c3048c78,0x00000000c4300000)
 Metaspace       used 50955K, committed 52096K, reserved 1114112K
  class space    used 5380K, committed 5888K, reserved 1048576K
}
Event: 4.350 GC heap after
{Heap after GC invocations=34 (full 2):
 PSYoungGen      total 15360K, used 1024K [0x00000000eab00000, 0x00000000ec200000, 0x0000000100000000)
  eden space 14336K, 0% used [0x00000000eab00000,0x00000000eab00000,0x00000000eb900000)
  from space 1024K, 100% used [0x00000000ebd00000,0x00000000ebe00000,0x00000000ebe00000)
  to   space 4096K, 0% used [0x00000000eb900000,0x00000000eb900000,0x00000000ebd00000)
 ParOldGen       total 68608K, used 51869K [0x00000000c0000000, 0x00000000c4300000, 0x00000000eab00000)
  object space 68608K, 75% used [0x00000000c0000000,0x00000000c32a76f8,0x00000000c4300000)
 Metaspace       used 50955K, committed 52096K, reserved 1114112K
  class space    used 5380K, committed 5888K, reserved 1048576K
}
Event: 4.396 GC heap before
{Heap before GC invocations=35 (full 2):
 PSYoungGen      total 15360K, used 15354K [0x00000000eab00000, 0x00000000ec200000, 0x0000000100000000)
  eden space 14336K, 99% used [0x00000000eab00000,0x00000000eb8febf8,0x00000000eb900000)
  from space 1024K, 100% used [0x00000000ebd00000,0x00000000ebe00000,0x00000000ebe00000)
  to   space 4096K, 0% used [0x00000000eb900000,0x00000000eb900000,0x00000000ebd00000)
 ParOldGen       total 68608K, used 51869K [0x00000000c0000000, 0x00000000c4300000, 0x00000000eab00000)
  object space 68608K, 75% used [0x00000000c0000000,0x00000000c32a76f8,0x00000000c4300000)
 Metaspace       used 51291K, committed 52416K, reserved 1114112K
  class space    used 5426K, committed 5952K, reserved 1048576K
}
Event: 4.398 GC heap after
{Heap after GC invocations=35 (full 2):
 PSYoungGen      total 16384K, used 1679K [0x00000000eab00000, 0x00000000ebe00000, 0x0000000100000000)
  eden space 14336K, 0% used [0x00000000eab00000,0x00000000eab00000,0x00000000eb900000)
  from space 2048K, 82% used [0x00000000eb900000,0x00000000ebaa3f50,0x00000000ebb00000)
  to   space 2560K, 0% used [0x00000000ebb80000,0x00000000ebb80000,0x00000000ebe00000)
 ParOldGen       total 68608K, used 52886K [0x00000000c0000000, 0x00000000c4300000, 0x00000000eab00000)
  object space 68608K, 77% used [0x00000000c0000000,0x00000000c33a59c8,0x00000000c4300000)
 Metaspace       used 51291K, committed 52416K, reserved 1114112K
  class space    used 5426K, committed 5952K, reserved 1048576K
}
Event: 4.437 GC heap before
{Heap before GC invocations=36 (full 2):
 PSYoungGen      total 16384K, used 16015K [0x00000000eab00000, 0x00000000ebe00000, 0x0000000100000000)
  eden space 14336K, 100% used [0x00000000eab00000,0x00000000eb900000,0x00000000eb900000)
  from space 2048K, 82% used [0x00000000eb900000,0x00000000ebaa3f50,0x00000000ebb00000)
  to   space 2560K, 0% used [0x00000000ebb80000,0x00000000ebb80000,0x00000000ebe00000)
 ParOldGen       total 68608K, used 52887K [0x00000000c0000000, 0x00000000c4300000, 0x00000000eab00000)
  object space 68608K, 77% used [0x00000000c0000000,0x00000000c33a5e98,0x00000000c4300000)
 Metaspace       used 51603K, committed 52736K, reserved 1114112K
  class space    used 5458K, committed 5952K, reserved 1048576K
}
Event: 4.438 GC heap after
{Heap after GC invocations=36 (full 2):
 PSYoungGen      total 16896K, used 2381K [0x00000000eab00000, 0x00000000ebe00000, 0x0000000100000000)
  eden space 14336K, 0% used [0x00000000eab00000,0x00000000eab00000,0x00000000eb900000)
  from space 2560K, 93% used [0x00000000ebb80000,0x00000000ebdd3418,0x00000000ebe00000)
  to   space 2560K, 0% used [0x00000000eb900000,0x00000000eb900000,0x00000000ebb80000)
 ParOldGen       total 68608K, used 54388K [0x00000000c0000000, 0x00000000c4300000, 0x00000000eab00000)
  object space 68608K, 79% used [0x00000000c0000000,0x00000000c351d360,0x00000000c4300000)
 Metaspace       used 51603K, committed 52736K, reserved 1114112K
  class space    used 5458K, committed 5952K, reserved 1048576K
}
Event: 4.472 GC heap before
{Heap before GC invocations=37 (full 2):
 PSYoungGen      total 16896K, used 16717K [0x00000000eab00000, 0x00000000ebe00000, 0x0000000100000000)
  eden space 14336K, 100% used [0x00000000eab00000,0x00000000eb900000,0x00000000eb900000)
  from space 2560K, 93% used [0x00000000ebb80000,0x00000000ebdd3418,0x00000000ebe00000)
  to   space 2560K, 0% used [0x00000000eb900000,0x00000000eb900000,0x00000000ebb80000)
 ParOldGen       total 68608K, used 54391K [0x00000000c0000000, 0x00000000c4300000, 0x00000000eab00000)
  object space 68608K, 79% used [0x00000000c0000000,0x00000000c351dfb0,0x00000000c4300000)
 Metaspace       used 51790K, committed 52864K, reserved 1114112K
  class space    used 5481K, committed 5952K, reserved 1048576K
}
Event: 4.474 GC heap after
{Heap after GC invocations=37 (full 2):
 PSYoungGen      total 16896K, used 2225K [0x00000000eab00000, 0x00000000ebe00000, 0x0000000100000000)
  eden space 14336K, 0% used [0x00000000eab00000,0x00000000eab00000,0x00000000eb900000)
  from space 2560K, 86% used [0x00000000eb900000,0x00000000ebb2c500,0x00000000ebb80000)
  to   space 2560K, 0% used [0x00000000ebb80000,0x00000000ebb80000,0x00000000ebe00000)
 ParOldGen       total 68608K, used 56611K [0x00000000c0000000, 0x00000000c4300000, 0x00000000eab00000)
  object space 68608K, 82% used [0x00000000c0000000,0x00000000c3748fa8,0x00000000c4300000)
 Metaspace       used 51790K, committed 52864K, reserved 1114112K
  class space    used 5481K, committed 5952K, reserved 1048576K
}
Event: 4.514 GC heap before
{Heap before GC invocations=38 (full 2):
 PSYoungGen      total 16896K, used 16561K [0x00000000eab00000, 0x00000000ebe00000, 0x0000000100000000)
  eden space 14336K, 100% used [0x00000000eab00000,0x00000000eb900000,0x00000000eb900000)
  from space 2560K, 86% used [0x00000000eb900000,0x00000000ebb2c500,0x00000000ebb80000)
  to   space 2560K, 0% used [0x00000000ebb80000,0x00000000ebb80000,0x00000000ebe00000)
 ParOldGen       total 68608K, used 56611K [0x00000000c0000000, 0x00000000c4300000, 0x00000000eab00000)
  object space 68608K, 82% used [0x00000000c0000000,0x00000000c3748fa8,0x00000000c4300000)
 Metaspace       used 52183K, committed 53312K, reserved 1114112K
  class space    used 5515K, committed 6016K, reserved 1048576K
}
Event: 4.517 GC heap after
{Heap after GC invocations=38 (full 2):
 PSYoungGen      total 16896K, used 1950K [0x00000000eab00000, 0x00000000ebe00000, 0x0000000100000000)
  eden space 14336K, 0% used [0x00000000eab00000,0x00000000eab00000,0x00000000eb900000)
  from space 2560K, 76% used [0x00000000ebb80000,0x00000000ebd67b88,0x00000000ebe00000)
  to   space 2560K, 0% used [0x00000000eb900000,0x00000000eb900000,0x00000000ebb80000)
 ParOldGen       total 68608K, used 58557K [0x00000000c0000000, 0x00000000c4300000, 0x00000000eab00000)
  object space 68608K, 85% used [0x00000000c0000000,0x00000000c392f570,0x00000000c4300000)
 Metaspace       used 52183K, committed 53312K, reserved 1114112K
  class space    used 5515K, committed 6016K, reserved 1048576K
}
Event: 4.566 GC heap before
{Heap before GC invocations=39 (full 2):
 PSYoungGen      total 16896K, used 16286K [0x00000000eab00000, 0x00000000ebe00000, 0x0000000100000000)
  eden space 14336K, 100% used [0x00000000eab00000,0x00000000eb900000,0x00000000eb900000)
  from space 2560K, 76% used [0x00000000ebb80000,0x00000000ebd67b88,0x00000000ebe00000)
  to   space 2560K, 0% used [0x00000000eb900000,0x00000000eb900000,0x00000000ebb80000)
 ParOldGen       total 68608K, used 58557K [0x00000000c0000000, 0x00000000c4300000, 0x00000000eab00000)
  object space 68608K, 85% used [0x00000000c0000000,0x00000000c392f570,0x00000000c4300000)
 Metaspace       used 52571K, committed 53760K, reserved 1114112K
  class space    used 5568K, committed 6080K, reserved 1048576K
}
Event: 4.568 GC heap after
{Heap after GC invocations=39 (full 2):
 PSYoungGen      total 16384K, used 1807K [0x00000000eab00000, 0x00000000ebd00000, 0x0000000100000000)
  eden space 14336K, 0% used [0x00000000eab00000,0x00000000eab00000,0x00000000eb900000)
  from space 2048K, 88% used [0x00000000eb900000,0x00000000ebac3cf0,0x00000000ebb00000)
  to   space 2048K, 0% used [0x00000000ebb00000,0x00000000ebb00000,0x00000000ebd00000)
 ParOldGen       total 68608K, used 60416K [0x00000000c0000000, 0x00000000c4300000, 0x00000000eab00000)
  object space 68608K, 88% used [0x00000000c0000000,0x00000000c3b000e0,0x00000000c4300000)
 Metaspace       used 52571K, committed 53760K, reserved 1114112K
  class space    used 5568K, committed 6080K, reserved 1048576K
}
Event: 4.597 GC heap before
{Heap before GC invocations=40 (full 2):
 PSYoungGen      total 16384K, used 16143K [0x00000000eab00000, 0x00000000ebd00000, 0x0000000100000000)
  eden space 14336K, 100% used [0x00000000eab00000,0x00000000eb900000,0x00000000eb900000)
  from space 2048K, 88% used [0x00000000eb900000,0x00000000ebac3cf0,0x00000000ebb00000)
  to   space 2048K, 0% used [0x00000000ebb00000,0x00000000ebb00000,0x00000000ebd00000)
 ParOldGen       total 68608K, used 60429K [0x00000000c0000000, 0x00000000c4300000, 0x00000000eab00000)
  object space 68608K, 88% used [0x00000000c0000000,0x00000000c3b03490,0x00000000c4300000)
 Metaspace       used 52812K, committed 54016K, reserved 1114112K
  class space    used 5606K, committed 6144K, reserved 1048576K
}
Event: 4.599 GC heap after
{Heap after GC invocations=40 (full 2):
 PSYoungGen      total 16384K, used 1995K [0x00000000eab00000, 0x00000000ebd00000, 0x0000000100000000)
  eden space 14336K, 0% used [0x00000000eab00000,0x00000000eab00000,0x00000000eb900000)
  from space 2048K, 97% used [0x00000000ebb00000,0x00000000ebcf2ea0,0x00000000ebd00000)
  to   space 2048K, 0% used [0x00000000eb900000,0x00000000eb900000,0x00000000ebb00000)
 ParOldGen       total 68608K, used 62094K [0x00000000c0000000, 0x00000000c4300000, 0x00000000eab00000)
  object space 68608K, 90% used [0x00000000c0000000,0x00000000c3ca3990,0x00000000c4300000)
 Metaspace       used 52812K, committed 54016K, reserved 1114112K
  class space    used 5606K, committed 6144K, reserved 1048576K
}
Event: 4.636 GC heap before
{Heap before GC invocations=41 (full 2):
 PSYoungGen      total 16384K, used 16331K [0x00000000eab00000, 0x00000000ebd00000, 0x0000000100000000)
  eden space 14336K, 100% used [0x00000000eab00000,0x00000000eb900000,0x00000000eb900000)
  from space 2048K, 97% used [0x00000000ebb00000,0x00000000ebcf2ea0,0x00000000ebd00000)
  to   space 2048K, 0% used [0x00000000eb900000,0x00000000eb900000,0x00000000ebb00000)
 ParOldGen       total 68608K, used 62097K [0x00000000c0000000, 0x00000000c4300000, 0x00000000eab00000)
  object space 68608K, 90% used [0x00000000c0000000,0x00000000c3ca4578,0x00000000c4300000)
 Metaspace       used 53175K, committed 54336K, reserved 1114112K
  class space    used 5652K, committed 6144K, reserved 1048576K
}
Event: 4.638 GC heap after
{Heap after GC invocations=41 (full 2):
 PSYoungGen      total 16384K, used 2045K [0x00000000eab00000, 0x00000000ec200000, 0x0000000100000000)
  eden space 14336K, 0% used [0x00000000eab00000,0x00000000eab00000,0x00000000eb900000)
  from space 2048K, 99% used [0x00000000eb900000,0x00000000ebaff6e8,0x00000000ebb00000)
  to   space 4608K, 0% used [0x00000000ebd80000,0x00000000ebd80000,0x00000000ec200000)
 ParOldGen       total 68608K, used 63978K [0x00000000c0000000, 0x00000000c4300000, 0x00000000eab00000)
  object space 68608K, 93% used [0x00000000c0000000,0x00000000c3e7a950,0x00000000c4300000)
 Metaspace       used 53175K, committed 54336K, reserved 1114112K
  class space    used 5652K, committed 6144K, reserved 1048576K
}

Dll operation events (10 events):
Event: 0.007 Loaded shared library c:\Users\Nicolas Gabriel\.vscode\extensions\redhat.java-1.36.0-win32-x64\jre\17.0.13-win32-x86_64\bin\java.dll
Event: 0.094 Loaded shared library c:\Users\Nicolas Gabriel\.vscode\extensions\redhat.java-1.36.0-win32-x64\jre\17.0.13-win32-x86_64\bin\zip.dll
Event: 0.096 Loaded shared library C:\Users\Nicolas Gabriel\.vscode\extensions\redhat.java-1.36.0-win32-x64\jre\17.0.13-win32-x86_64\bin\instrument.dll
Event: 0.106 Loaded shared library C:\Users\Nicolas Gabriel\.vscode\extensions\redhat.java-1.36.0-win32-x64\jre\17.0.13-win32-x86_64\bin\net.dll
Event: 0.109 Loaded shared library C:\Users\Nicolas Gabriel\.vscode\extensions\redhat.java-1.36.0-win32-x64\jre\17.0.13-win32-x86_64\bin\nio.dll
Event: 0.114 Loaded shared library C:\Users\Nicolas Gabriel\.vscode\extensions\redhat.java-1.36.0-win32-x64\jre\17.0.13-win32-x86_64\bin\zip.dll
Event: 0.130 Loaded shared library C:\Users\Nicolas Gabriel\.vscode\extensions\redhat.java-1.36.0-win32-x64\jre\17.0.13-win32-x86_64\bin\jimage.dll
Event: 0.171 Loaded shared library c:\Users\Nicolas Gabriel\.vscode\extensions\redhat.java-1.36.0-win32-x64\jre\17.0.13-win32-x86_64\bin\verify.dll
Event: 0.853 Loaded shared library C:\Users\Nicolas Gabriel\AppData\Roaming\Code\User\globalStorage\redhat.java\1.36.0\config_win\org.eclipse.equinox.launcher\org.eclipse.equinox.launcher.win32.win32.x86_64_1.2.1100.v20240722-2106\eclipse_11904.dll
Event: 2.111 Loaded shared library C:\Users\Nicolas Gabriel\AppData\Local\Temp\jna--441322147\jna16455681499067074292.dll

Deoptimization events (20 events):
Event: 4.586 Thread 0x000001669f5eb860 DEOPT PACKING pc=0x00000166841af78b sp=0x000000392a7fc3b0
Event: 4.586 Thread 0x000001669f5eb860 DEOPT UNPACKING pc=0x000001668b576e43 sp=0x000000392a7fb8e8 mode 0
Event: 4.593 Thread 0x000001669f5eb860 DEOPT PACKING pc=0x00000166847c3c21 sp=0x000000392a7fc890
Event: 4.593 Thread 0x000001669f5eb860 DEOPT UNPACKING pc=0x000001668b576e43 sp=0x000000392a7fbd40 mode 0
Event: 4.595 Thread 0x000001669c496300 DEOPT PACKING pc=0x00000166841af78b sp=0x00000039293fe220
Event: 4.595 Thread 0x000001669c496300 DEOPT UNPACKING pc=0x000001668b576e43 sp=0x00000039293fd758 mode 0
Event: 4.604 Thread 0x000001669f5eb860 DEOPT PACKING pc=0x00000166847c3c21 sp=0x000000392a7fc890
Event: 4.604 Thread 0x000001669f5eb860 DEOPT UNPACKING pc=0x000001668b576e43 sp=0x000000392a7fbd40 mode 0
Event: 4.607 Thread 0x000001669f5eb860 DEOPT PACKING pc=0x00000166847c3c21 sp=0x000000392a7fc890
Event: 4.607 Thread 0x000001669f5eb860 DEOPT UNPACKING pc=0x000001668b576e43 sp=0x000000392a7fbd40 mode 0
Event: 4.612 Thread 0x000001669f5eb860 DEOPT PACKING pc=0x00000166847c3c21 sp=0x000000392a7fc890
Event: 4.612 Thread 0x000001669f5eb860 DEOPT UNPACKING pc=0x000001668b576e43 sp=0x000000392a7fbd40 mode 0
Event: 4.623 Thread 0x000001669f5eb860 DEOPT PACKING pc=0x00000166847c3c21 sp=0x000000392a7fc890
Event: 4.623 Thread 0x000001669f5eb860 DEOPT UNPACKING pc=0x000001668b576e43 sp=0x000000392a7fbd40 mode 0
Event: 4.629 Thread 0x000001669f5eb860 DEOPT PACKING pc=0x00000166847c3c21 sp=0x000000392a7fc470
Event: 4.629 Thread 0x000001669f5eb860 DEOPT UNPACKING pc=0x000001668b576e43 sp=0x000000392a7fb920 mode 0
Event: 4.643 Thread 0x000001669f5eb860 DEOPT PACKING pc=0x00000166847c3c21 sp=0x000000392a7fc890
Event: 4.643 Thread 0x000001669f5eb860 DEOPT UNPACKING pc=0x000001668b576e43 sp=0x000000392a7fbd40 mode 0
Event: 4.647 Thread 0x000001669f5eb860 DEOPT PACKING pc=0x00000166847c3c21 sp=0x000000392a7fc890
Event: 4.647 Thread 0x000001669f5eb860 DEOPT UNPACKING pc=0x000001668b576e43 sp=0x000000392a7fbd40 mode 0

Classes loaded (20 events):
Event: 3.978 Loading class java/lang/annotation/ElementType
Event: 3.978 Loading class java/lang/annotation/ElementType done
Event: 4.078 Loading class java/util/concurrent/ForkJoinTask$AdaptedCallable
Event: 4.078 Loading class java/util/concurrent/ForkJoinTask
Event: 4.079 Loading class java/util/concurrent/ForkJoinTask done
Event: 4.079 Loading class java/util/concurrent/ForkJoinTask$AdaptedCallable done
Event: 4.079 Loading class java/util/concurrent/ForkJoinTask$Aux
Event: 4.079 Loading class java/util/concurrent/ForkJoinTask$Aux done
Event: 4.079 Loading class java/util/concurrent/ForkJoinPool$DefaultForkJoinWorkerThreadFactory$1
Event: 4.079 Loading class java/util/concurrent/ForkJoinPool$DefaultForkJoinWorkerThreadFactory$1 done
Event: 4.082 Loading class java/util/concurrent/CountedCompleter
Event: 4.082 Loading class java/util/concurrent/CountedCompleter done
Event: 4.083 Loading class java/lang/annotation/IncompleteAnnotationException
Event: 4.083 Loading class java/lang/annotation/IncompleteAnnotationException done
Event: 4.370 Loading class java/util/Vector$1
Event: 4.370 Loading class java/util/Vector$1 done
Event: 4.446 Loading class sun/reflect/annotation/AnnotatedTypeFactory$AnnotatedParameterizedTypeImpl
Event: 4.447 Loading class java/lang/reflect/AnnotatedParameterizedType
Event: 4.447 Loading class java/lang/reflect/AnnotatedParameterizedType done
Event: 4.447 Loading class sun/reflect/annotation/AnnotatedTypeFactory$AnnotatedParameterizedTypeImpl done

Classes unloaded (7 events):
Event: 2.952 Thread 0x000001669a5d4870 Unloading class 0x0000000100250000 'java/lang/invoke/LambdaForm$MH+0x0000000100250000'
Event: 2.952 Thread 0x000001669a5d4870 Unloading class 0x000000010024fc00 'java/lang/invoke/LambdaForm$MH+0x000000010024fc00'
Event: 2.952 Thread 0x000001669a5d4870 Unloading class 0x000000010024f800 'java/lang/invoke/LambdaForm$MH+0x000000010024f800'
Event: 2.952 Thread 0x000001669a5d4870 Unloading class 0x000000010024f400 'java/lang/invoke/LambdaForm$MH+0x000000010024f400'
Event: 2.952 Thread 0x000001669a5d4870 Unloading class 0x000000010024f000 'java/lang/invoke/LambdaForm$BMH+0x000000010024f000'
Event: 2.952 Thread 0x000001669a5d4870 Unloading class 0x000000010024ec00 'java/lang/invoke/LambdaForm$DMH+0x000000010024ec00'
Event: 2.952 Thread 0x000001669a5d4870 Unloading class 0x000000010024c400 'java/lang/invoke/LambdaForm$DMH+0x000000010024c400'

Classes redefined (0 events):
No events

Internal exceptions (20 events):
Event: 3.581 Thread 0x000001669f5eae40 Exception <a 'java/lang/NoSuchMethodError'{0x00000000ead293b0}: 'java.lang.Object java.lang.invoke.DirectMethodHandle$Holder.invokeSpecialIFC(java.lang.Object, java.lang.Object, java.lang.Object, java.lang.Object)'> (0x00000000ead293b0) 
thrown [s\src\hotspot\share\interpreter\linkResolver.cpp, line 759]
Event: 3.698 Thread 0x000001669f5eb860 Exception <a 'java/lang/NoSuchMethodError'{0x00000000eb205448}: 'int java.lang.invoke.DirectMethodHandle$Holder.invokeStatic(java.lang.Object)'> (0x00000000eb205448) 
thrown [s\src\hotspot\share\interpreter\linkResolver.cpp, line 759]
Event: 3.728 Thread 0x000001669f5eb860 Exception <a 'java/io/FileNotFoundException'{0x00000000eb2720a0}> (0x00000000eb2720a0) 
thrown [s\src\hotspot\share\prims\jni.cpp, line 516]
Event: 3.729 Thread 0x000001669f5eb860 Exception <a 'java/io/FileNotFoundException'{0x00000000eb31e8b8}> (0x00000000eb31e8b8) 
thrown [s\src\hotspot\share\prims\jni.cpp, line 516]
Event: 3.730 Thread 0x000001669f5eb860 Exception <a 'java/io/FileNotFoundException'{0x00000000eb3a1620}> (0x00000000eb3a1620) 
thrown [s\src\hotspot\share\prims\jni.cpp, line 516]
Event: 3.731 Thread 0x000001669f5eb860 Exception <a 'java/io/FileNotFoundException'{0x00000000eb40a328}> (0x00000000eb40a328) 
thrown [s\src\hotspot\share\prims\jni.cpp, line 516]
Event: 3.731 Thread 0x000001669f5eb860 Exception <a 'java/io/FileNotFoundException'{0x00000000eb40b3b8}> (0x00000000eb40b3b8) 
thrown [s\src\hotspot\share\prims\jni.cpp, line 516]
Event: 3.810 Thread 0x000001669f5eb860 Exception <a 'java/lang/NoSuchMethodError'{0x00000000eae51f58}: 'java.lang.Object java.lang.invoke.DirectMethodHandle$Holder.invokeVirtual(java.lang.Object, java.lang.Object, java.lang.Object)'> (0x00000000eae51f58) 
thrown [s\src\hotspot\share\interpreter\linkResolver.cpp, line 759]
Event: 3.844 Thread 0x000001669c493060 Exception <a 'java/lang/NoSuchMethodError'{0x00000000eb4911d8}: 'void java.lang.invoke.DirectMethodHandle$Holder.invokeStaticInit(java.lang.Object, java.lang.Object, java.lang.Object, java.lang.Object)'> (0x00000000eb4911d8) 
thrown [s\src\hotspot\share\interpreter\linkResolver.cpp, line 759]
Event: 3.872 Thread 0x000001669f5e94f0 Exception <a 'java/io/FileNotFoundException'{0x00000000eb911558}> (0x00000000eb911558) 
thrown [s\src\hotspot\share\prims\jni.cpp, line 516]
Event: 3.915 Thread 0x000001669f5e94f0 Exception <a 'java/lang/NoSuchMethodError'{0x00000000eaec4ba0}: 'java.lang.Object java.lang.invoke.DirectMethodHandle$Holder.invokeStatic(java.lang.Object, int, java.lang.Object, java.lang.Object)'> (0x00000000eaec4ba0) 
thrown [s\src\hotspot\share\interpreter\linkResolver.cpp, line 759]
Event: 3.915 Thread 0x000001669f5e94f0 Exception <a 'java/lang/NoSuchMethodError'{0x00000000eaec86d8}: 'java.lang.Object java.lang.invoke.DelegatingMethodHandle$Holder.delegate(java.lang.Object, int, java.lang.Object, java.lang.Object)'> (0x00000000eaec86d8) 
thrown [s\src\hotspot\share\interpreter\linkResolver.cpp, line 759]
Event: 3.918 Thread 0x000001669f5e94f0 Exception <a 'java/lang/NoSuchMethodError'{0x00000000eaf7fe78}: 'int java.lang.invoke.Invokers$Holder.linkToTargetMethod(java.lang.Object, java.lang.Object, java.lang.Object)'> (0x00000000eaf7fe78) 
thrown [s\src\hotspot\share\interpreter\linkResolver.cpp, line 759]
Event: 3.924 Thread 0x000001669f5eae40 Exception <a 'java/lang/NoSuchMethodError'{0x00000000eb064a90}: 'int java.lang.invoke.DirectMethodHandle$Holder.invokeStatic(java.lang.Object, java.lang.Object, java.lang.Object, java.lang.Object, java.lang.Object)'> (0x00000000eb064a90) 
thrown [s\src\hotspot\share\interpreter\linkResolver.cpp, line 759]
Event: 4.075 Thread 0x000001669f5eb860 Exception <a 'sun/nio/fs/WindowsException'{0x00000000eb086e30}> (0x00000000eb086e30) 
thrown [s\src\hotspot\share\prims\jni.cpp, line 516]
Event: 4.081 Thread 0x000001669f5e9f10 Exception <a 'sun/nio/fs/WindowsException'{0x00000000eb163288}> (0x00000000eb163288) 
thrown [s\src\hotspot\share\prims\jni.cpp, line 516]
Event: 4.082 Thread 0x000001669f914460 Exception <a 'sun/nio/fs/WindowsException'{0x00000000eb19c8c0}> (0x00000000eb19c8c0) 
thrown [s\src\hotspot\share\prims\jni.cpp, line 516]
Event: 4.083 Thread 0x000001669f5e9f10 Exception <a 'sun/nio/fs/WindowsException'{0x00000000eb1697b0}> (0x00000000eb1697b0) 
thrown [s\src\hotspot\share\prims\jni.cpp, line 516]
Event: 4.083 Thread 0x000001669f5eae40 Exception <a 'java/lang/NoClassDefFoundError'{0x00000000eb197a78}: javax/enterprise/inject/Typed> (0x00000000eb197a78) 
thrown [s\src\hotspot\share\classfile\systemDictionary.cpp, line 245]
Event: 4.105 Thread 0x000001669c496300 Implicit null exception at 0x000001668bd8df2c to 0x000001668bd8e01c

VM Operations (20 events):
Event: 4.396 Executing VM operation: ParallelGCFailedAllocation
Event: 4.398 Executing VM operation: ParallelGCFailedAllocation done
Event: 4.437 Executing VM operation: ParallelGCFailedAllocation
Event: 4.437 Executing VM operation: ParallelGCFailedAllocation done
Event: 4.437 Executing VM operation: ParallelGCSystemGC
Event: 4.438 Executing VM operation: ParallelGCSystemGC done
Event: 4.472 Executing VM operation: ParallelGCFailedAllocation
Event: 4.474 Executing VM operation: ParallelGCFailedAllocation done
Event: 4.507 Executing VM operation: HandshakeAllThreads
Event: 4.507 Executing VM operation: HandshakeAllThreads done
Event: 4.514 Executing VM operation: ParallelGCFailedAllocation
Event: 4.517 Executing VM operation: ParallelGCFailedAllocation done
Event: 4.565 Executing VM operation: ParallelGCFailedAllocation
Event: 4.568 Executing VM operation: ParallelGCFailedAllocation done
Event: 4.597 Executing VM operation: ParallelGCFailedAllocation
Event: 4.597 Executing VM operation: ParallelGCFailedAllocation done
Event: 4.597 Executing VM operation: ParallelGCSystemGC
Event: 4.599 Executing VM operation: ParallelGCSystemGC done
Event: 4.636 Executing VM operation: ParallelGCFailedAllocation
Event: 4.638 Executing VM operation: ParallelGCFailedAllocation done

Memory protections (0 events):
No events

Nmethod flushes (20 events):
Event: 4.098 Thread 0x000001669a655000 flushing  nmethod 0x0000016684a73090
Event: 4.098 Thread 0x000001669a655000 flushing  nmethod 0x0000016684a74810
Event: 4.098 Thread 0x000001669a655000 flushing  nmethod 0x0000016684a78790
Event: 4.098 Thread 0x000001669a655000 flushing  nmethod 0x0000016684a7ac10
Event: 4.098 Thread 0x000001669a655000 flushing  nmethod 0x0000016684a7d190
Event: 4.098 Thread 0x000001669a655000 flushing  nmethod 0x0000016684a7d610
Event: 4.098 Thread 0x000001669a655000 flushing  nmethod 0x0000016684a7f010
Event: 4.098 Thread 0x000001669a655000 flushing  nmethod 0x0000016684a7fe90
Event: 4.098 Thread 0x000001669a655000 flushing  nmethod 0x0000016684a80590
Event: 4.098 Thread 0x000001669a655000 flushing  nmethod 0x0000016684a80910
Event: 4.098 Thread 0x000001669a655000 flushing  nmethod 0x0000016684a80c90
Event: 4.098 Thread 0x000001669a655000 flushing  nmethod 0x0000016684a81090
Event: 4.098 Thread 0x000001669a655000 flushing  nmethod 0x0000016684a81410
Event: 4.098 Thread 0x000001669a655000 flushing  nmethod 0x0000016684a90390
Event: 4.098 Thread 0x000001669a655000 flushing  nmethod 0x0000016684a90f90
Event: 4.098 Thread 0x000001669a655000 flushing  nmethod 0x0000016684a92410
Event: 4.098 Thread 0x000001669a655000 flushing  nmethod 0x0000016684a92f10
Event: 4.098 Thread 0x000001669a655000 flushing  nmethod 0x0000016684a93390
Event: 4.098 Thread 0x000001669a655000 flushing  nmethod 0x0000016684a94110
Event: 4.098 Thread 0x000001669a655000 flushing  nmethod 0x0000016684a95110

Events (20 events):
Event: 3.540 Thread 0x000001669f5e8fe0 Thread added: 0x000001669f5eb860
Event: 3.565 Thread 0x00000166ffc5efb0 Thread added: 0x000001669f5e9a00
Event: 3.565 Thread 0x00000166ffc5efb0 Thread added: 0x000001669f5e94f0
Event: 4.080 Thread 0x000001669f5eb860 Thread added: 0x000001669f5e9f10
Event: 4.082 Thread 0x000001669f5e9f10 Thread added: 0x000001669f914460
Event: 4.083 Thread 0x000001669f914460 Thread added: 0x000001669f912b10
Event: 4.083 Thread 0x000001669f914460 Thread added: 0x000001669f913530
Event: 4.084 Thread 0x000001669f912b10 Thread added: 0x000001669f914970
Event: 4.087 Thread 0x000001669f5e9f10 Thread added: 0x000001669f914e80
Event: 4.089 Thread 0x000001669f5e9f10 Thread added: 0x000001669f912600
Event: 4.108 Thread 0x000001669f5eb860 Thread added: 0x000001669f9158a0
Event: 4.108 Thread 0x000001669f5eb860 Thread added: 0x000001669f9120f0
Event: 4.108 Thread 0x000001669f5eb860 Thread added: 0x000001669f915db0
Event: 4.108 Thread 0x000001669f5eb860 Thread added: 0x000001669f913020
Event: 4.108 Thread 0x000001669f5eb860 Thread added: 0x000001669f9162c0
Event: 4.109 Thread 0x000001669f5eb860 Thread added: 0x000001669f915390
Event: 4.109 Thread 0x000001669f9158a0 Thread added: 0x000001669f9167d0
Event: 4.109 Thread 0x000001669f913020 Thread added: 0x000001669f916ce0
Event: 4.109 Thread 0x000001669f5eb860 Thread added: 0x000001669f913a40
Event: 4.109 Thread 0x000001669f5eb860 Thread added: 0x000001669f9171f0


Dynamic libraries:
0x00007ff74d810000 - 0x00007ff74d81e000 	c:\Users\Nicolas Gabriel\.vscode\extensions\redhat.java-1.36.0-win32-x64\jre\17.0.13-win32-x86_64\bin\java.exe
0x00007ffafa260000 - 0x00007ffafa4c3000 	C:\WINDOWS\SYSTEM32\ntdll.dll
0x00007ffaf93b0000 - 0x00007ffaf9478000 	C:\WINDOWS\System32\KERNEL32.DLL
0x00007ffaf7a60000 - 0x00007ffaf7e11000 	C:\WINDOWS\System32\KERNELBASE.dll
0x00007ffaf1af0000 - 0x00007ffaf1b8c000 	C:\WINDOWS\SYSTEM32\apphelp.dll
0x00007ffaf7650000 - 0x00007ffaf779b000 	C:\WINDOWS\System32\ucrtbase.dll
0x00007ffaf44e0000 - 0x00007ffaf44f7000 	c:\Users\Nicolas Gabriel\.vscode\extensions\redhat.java-1.36.0-win32-x64\jre\17.0.13-win32-x86_64\bin\jli.dll
0x00007ffaf3710000 - 0x00007ffaf372e000 	c:\Users\Nicolas Gabriel\.vscode\extensions\redhat.java-1.36.0-win32-x64\jre\17.0.13-win32-x86_64\bin\VCRUNTIME140.dll
0x00007ffaf9fd0000 - 0x00007ffafa198000 	C:\WINDOWS\System32\USER32.dll
0x00007ffaf7a30000 - 0x00007ffaf7a57000 	C:\WINDOWS\System32\win32u.dll
0x00007ffaf9ce0000 - 0x00007ffaf9d0a000 	C:\WINDOWS\System32\GDI32.dll
0x00007ffacd4a0000 - 0x00007ffacd730000 	C:\WINDOWS\WinSxS\amd64_microsoft.windows.common-controls_6595b64144ccf1df_6.0.26100.2161_none_3e0cadb0e33078e1\COMCTL32.dll
0x00007ffaf7fa0000 - 0x00007ffaf80c5000 	C:\WINDOWS\System32\gdi32full.dll
0x00007ffaf78c0000 - 0x00007ffaf7963000 	C:\WINDOWS\System32\msvcp_win.dll
0x00007ffaf9f20000 - 0x00007ffaf9fc9000 	C:\WINDOWS\System32\msvcrt.dll
0x00007ffaf9d10000 - 0x00007ffaf9d3f000 	C:\WINDOWS\System32\IMM32.DLL
0x00007ffaf74b0000 - 0x00007ffaf74bc000 	c:\Users\Nicolas Gabriel\.vscode\extensions\redhat.java-1.36.0-win32-x64\jre\17.0.13-win32-x86_64\bin\vcruntime140_1.dll
0x00007ffad2700000 - 0x00007ffad278d000 	c:\Users\Nicolas Gabriel\.vscode\extensions\redhat.java-1.36.0-win32-x64\jre\17.0.13-win32-x86_64\bin\msvcp140.dll
0x00007ffa4e590000 - 0x00007ffa4f1fb000 	c:\Users\Nicolas Gabriel\.vscode\extensions\redhat.java-1.36.0-win32-x64\jre\17.0.13-win32-x86_64\bin\server\jvm.dll
0x00007ffaf9e60000 - 0x00007ffaf9f14000 	C:\WINDOWS\System32\ADVAPI32.dll
0x00007ffaf9820000 - 0x00007ffaf98c6000 	C:\WINDOWS\System32\sechost.dll
0x00007ffaf9480000 - 0x00007ffaf9596000 	C:\WINDOWS\System32\RPCRT4.dll
0x00007ffaf9710000 - 0x00007ffaf9784000 	C:\WINDOWS\System32\WS2_32.dll
0x00007ffaf74e0000 - 0x00007ffaf752e000 	C:\WINDOWS\SYSTEM32\POWRPROF.dll
0x00007ffaeaf00000 - 0x00007ffaeaf0b000 	C:\WINDOWS\SYSTEM32\VERSION.dll
0x00007ffaee090000 - 0x00007ffaee0c6000 	C:\WINDOWS\SYSTEM32\WINMM.dll
0x00007ffaf74c0000 - 0x00007ffaf74d4000 	C:\WINDOWS\SYSTEM32\UMPDC.dll
0x00007ffaf64a0000 - 0x00007ffaf64ba000 	C:\WINDOWS\SYSTEM32\kernel.appcore.dll
0x00007ffaf44d0000 - 0x00007ffaf44da000 	c:\Users\Nicolas Gabriel\.vscode\extensions\redhat.java-1.36.0-win32-x64\jre\17.0.13-win32-x86_64\bin\jimage.dll
0x00007ffaf4c20000 - 0x00007ffaf4e61000 	C:\WINDOWS\SYSTEM32\DBGHELP.DLL
0x00007ffaf9960000 - 0x00007ffaf9cdd000 	C:\WINDOWS\System32\combase.dll
0x00007ffaf9120000 - 0x00007ffaf91f6000 	C:\WINDOWS\System32\OLEAUT32.dll
0x00007ffa72060000 - 0x00007ffa72099000 	C:\WINDOWS\SYSTEM32\dbgcore.DLL
0x00007ffaf77a0000 - 0x00007ffaf7839000 	C:\WINDOWS\System32\bcryptPrimitives.dll
0x00007ffaf36a0000 - 0x00007ffaf36ae000 	c:\Users\Nicolas Gabriel\.vscode\extensions\redhat.java-1.36.0-win32-x64\jre\17.0.13-win32-x86_64\bin\instrument.dll
0x00007ffad24f0000 - 0x00007ffad2515000 	c:\Users\Nicolas Gabriel\.vscode\extensions\redhat.java-1.36.0-win32-x64\jre\17.0.13-win32-x86_64\bin\java.dll
0x00007ffaf36f0000 - 0x00007ffaf3708000 	c:\Users\Nicolas Gabriel\.vscode\extensions\redhat.java-1.36.0-win32-x64\jre\17.0.13-win32-x86_64\bin\zip.dll
0x00007ffaf8670000 - 0x00007ffaf8d6f000 	C:\WINDOWS\System32\SHELL32.dll
0x00007ffaf53a0000 - 0x00007ffaf5bcd000 	C:\WINDOWS\SYSTEM32\windows.storage.dll
0x00007ffaf8fa0000 - 0x00007ffaf9073000 	C:\WINDOWS\System32\SHCORE.dll
0x00007ffaf9d50000 - 0x00007ffaf9dad000 	C:\WINDOWS\System32\shlwapi.dll
0x00007ffaf7560000 - 0x00007ffaf758e000 	C:\WINDOWS\SYSTEM32\profapi.dll
0x00007ffaf36d0000 - 0x00007ffaf36e9000 	C:\Users\Nicolas Gabriel\.vscode\extensions\redhat.java-1.36.0-win32-x64\jre\17.0.13-win32-x86_64\bin\net.dll
0x00007ffaeda70000 - 0x00007ffaedb96000 	C:\WINDOWS\SYSTEM32\WINHTTP.dll
0x00007ffaf69a0000 - 0x00007ffaf6a08000 	C:\WINDOWS\system32\mswsock.dll
0x00007ffaf36b0000 - 0x00007ffaf36c6000 	C:\Users\Nicolas Gabriel\.vscode\extensions\redhat.java-1.36.0-win32-x64\jre\17.0.13-win32-x86_64\bin\nio.dll
0x00007ffaf3690000 - 0x00007ffaf36a0000 	c:\Users\Nicolas Gabriel\.vscode\extensions\redhat.java-1.36.0-win32-x64\jre\17.0.13-win32-x86_64\bin\verify.dll
0x00007ffac6130000 - 0x00007ffac6175000 	C:\Users\Nicolas Gabriel\AppData\Roaming\Code\User\globalStorage\redhat.java\1.36.0\config_win\org.eclipse.equinox.launcher\org.eclipse.equinox.launcher.win32.win32.x86_64_1.2.1100.v20240722-2106\eclipse_11904.dll
0x00007ffaf9200000 - 0x00007ffaf9399000 	C:\WINDOWS\System32\ole32.dll
0x00007ffaf6c40000 - 0x00007ffaf6c5c000 	C:\WINDOWS\SYSTEM32\CRYPTSP.dll
0x00007ffaf63e0000 - 0x00007ffaf6418000 	C:\WINDOWS\system32\rsaenh.dll
0x00007ffaf6a40000 - 0x00007ffaf6a6b000 	C:\WINDOWS\SYSTEM32\USERENV.dll
0x00007ffaf6e80000 - 0x00007ffaf6ea6000 	C:\WINDOWS\SYSTEM32\bcrypt.dll
0x00007ffaf6c60000 - 0x00007ffaf6c6c000 	C:\WINDOWS\SYSTEM32\CRYPTBASE.dll
0x00007ffaf5ee0000 - 0x00007ffaf5f11000 	C:\WINDOWS\SYSTEM32\IPHLPAPI.DLL
0x00007ffaf95a0000 - 0x00007ffaf95aa000 	C:\WINDOWS\System32\NSI.dll
0x00007ffaeead0000 - 0x00007ffaeeaee000 	C:\WINDOWS\SYSTEM32\dhcpcsvc6.DLL
0x00007ffaee880000 - 0x00007ffaee8a5000 	C:\WINDOWS\SYSTEM32\dhcpcsvc.DLL
0x00007ffaf5f80000 - 0x00007ffaf60a5000 	C:\WINDOWS\SYSTEM32\DNSAPI.dll
0x00007ffaf0db0000 - 0x00007ffaf0df9000 	C:\Users\Nicolas Gabriel\AppData\Local\Temp\jna--441322147\jna16455681499067074292.dll
0x00007ffaf9110000 - 0x00007ffaf9118000 	C:\WINDOWS\System32\PSAPI.DLL

dbghelp: loaded successfully - version: 4.0.5 - missing functions: none
symbol engine: initialized successfully - sym options: 0x614 - pdb path: .;c:\Users\Nicolas Gabriel\.vscode\extensions\redhat.java-1.36.0-win32-x64\jre\17.0.13-win32-x86_64\bin;C:\WINDOWS\SYSTEM32;C:\WINDOWS\WinSxS\amd64_microsoft.windows.common-controls_6595b64144ccf1df_6.0.26100.2161_none_3e0cadb0e33078e1;c:\Users\Nicolas Gabriel\.vscode\extensions\redhat.java-1.36.0-win32-x64\jre\17.0.13-win32-x86_64\bin\server;C:\Users\Nicolas Gabriel\AppData\Roaming\Code\User\globalStorage\redhat.java\1.36.0\config_win\org.eclipse.equinox.launcher\org.eclipse.equinox.launcher.win32.win32.x86_64_1.2.1100.v20240722-2106;C:\Users\Nicolas Gabriel\AppData\Local\Temp\jna--441322147

VM Arguments:
jvm_args: --add-modules=ALL-SYSTEM --add-opens=java.base/java.util=ALL-UNNAMED --add-opens=java.base/java.lang=ALL-UNNAMED --add-opens=java.base/sun.nio.fs=ALL-UNNAMED -Declipse.application=org.eclipse.jdt.ls.core.id1 -Dosgi.bundles.defaultStartLevel=4 -Declipse.product=org.eclipse.jdt.ls.core.product -Djava.import.generatesMetadataFilesAtProjectRoot=false -DDetectVMInstallationsJob.disabled=true -Dfile.encoding=utf8 -XX:+UseParallelGC -XX:GCTimeRatio=4 -XX:AdaptiveSizePolicyWeight=90 -Dsun.zip.disableMemoryMapping=true -Xmx1G -Xms100m -Xlog:disable -javaagent:c:\Users\Nicolas Gabriel\.vscode\extensions\redhat.java-1.36.0-win32-x64\lombok\lombok-1.18.35.jar -XX:+HeapDumpOnOutOfMemoryError -XX:HeapDumpPath=c:\Users\Nicolas Gabriel\AppData\Roaming\Code\User\workspaceStorage\48242ab983956e0b287b9428e5a3ddac\redhat.java -Daether.dependencyCollector.impl=bf 
java_command: c:\Users\Nicolas Gabriel\.vscode\extensions\redhat.java-1.36.0-win32-x64\server\plugins\org.eclipse.equinox.launcher_1.6.900.v20240613-2009.jar -configuration c:\Users\Nicolas Gabriel\AppData\Roaming\Code\User\globalStorage\redhat.java\1.36.0\config_win -data c:\Users\Nicolas Gabriel\AppData\Roaming\Code\User\workspaceStorage\48242ab983956e0b287b9428e5a3ddac\redhat.java\jdt_ws --pipe=\\.\pipe\lsp-7465c523ac5350ea2ebddb5cac3769af-sock
java_class_path (initial): c:\Users\Nicolas Gabriel\.vscode\extensions\redhat.java-1.36.0-win32-x64\server\plugins\org.eclipse.equinox.launcher_1.6.900.v20240613-2009.jar
Launcher Type: SUN_STANDARD

[Global flags]
    uintx AdaptiveSizePolicyWeight                 = 90                                        {product} {command line}
     intx CICompilerCount                          = 4                                         {product} {ergonomic}
    uintx GCTimeRatio                              = 4                                         {product} {command line}
     bool HeapDumpOnOutOfMemoryError               = true                                   {manageable} {command line}
    ccstr HeapDumpPath                             = c:\Users\Nicolas Gabriel\AppData\Roaming\Code\User\workspaceStorage\48242ab983956e0b287b9428e5a3ddac\redhat.java         {manageable} {command line}
   size_t InitialHeapSize                          = 104857600                                 {product} {command line}
   size_t MaxHeapSize                              = 1073741824                                {product} {command line}
   size_t MaxNewSize                               = 357564416                                 {product} {ergonomic}
   size_t MinHeapDeltaBytes                        = 524288                                    {product} {ergonomic}
   size_t MinHeapSize                              = 104857600                                 {product} {command line}
   size_t NewSize                                  = 34603008                                  {product} {ergonomic}
    uintx NonNMethodCodeHeapSize                   = 5839372                                {pd product} {ergonomic}
    uintx NonProfiledCodeHeapSize                  = 122909434                              {pd product} {ergonomic}
   size_t OldSize                                  = 70254592                                  {product} {ergonomic}
    uintx ProfiledCodeHeapSize                     = 122909434                              {pd product} {ergonomic}
    uintx ReservedCodeCacheSize                    = 251658240                              {pd product} {ergonomic}
     bool SegmentedCodeCache                       = true                                      {product} {ergonomic}
   size_t SoftMaxHeapSize                          = 1073741824                             {manageable} {ergonomic}
     bool UseCompressedClassPointers               = true                           {product lp64_product} {ergonomic}
     bool UseCompressedOops                        = true                           {product lp64_product} {ergonomic}
     bool UseLargePagesIndividualAllocation        = false                                  {pd product} {ergonomic}
     bool UseParallelGC                            = true                                      {product} {command line}

Logging:
Log output configuration:
 #0: stdout all=off uptime,level,tags
 #1: stderr all=off uptime,level,tags

Environment Variables:
JAVA_HOME=C:\Program Files\Eclipse Adoptium\jdk-21.0.4.7-hotspot\
PATH=C:\Program Files\Eclipse Adoptium\jdk-21.0.4.7-hotspot\bin;C:\Program Files (x86)\Common Files\Oracle\Java\java8path;C:\Program Files (x86)\Common Files\Oracle\Java\javapath;C:\WINDOWS\system32;C:\WINDOWS;C:\WINDOWS\System32\Wbem;C:\WINDOWS\System32\WindowsPowerShell\v1.0\;C:\WINDOWS\System32\OpenSSH\;C:\Program Files\dotnet\;C:\Program Files\Git\cmd;C:\Users\Nicolas Gabriel\AppData\Local\Programs\Python\Python312\Scripts\;C:\Users\Nicolas Gabriel\AppData\Local\Programs\Python\Python312\;C:\Users\Nicolas Gabriel\AppData\Local\Microsoft\WindowsApps;C:\Users\Nicolas Gabriel\AppData\Local\Programs\Microsoft VS Code\bin;C:\\Users\\Nicolas Gabriel\\AppData\\Roaming\\jupyter\\runtime\\jpserver-13004-open.html;
USERNAME=Nicolas Gabriel
OS=Windows_NT
PROCESSOR_IDENTIFIER=Intel64 Family 6 Model 154 Stepping 4, GenuineIntel
TMP=C:\Users\NICOLA~1\AppData\Local\Temp
TEMP=C:\Users\NICOLA~1\AppData\Local\Temp



Periodic native trim disabled


---------------  S Y S T E M  ---------------

OS:
 Windows 11 , 64 bit Build 26100 (10.0.26100.2161)
OS uptime: 10 days 5:18 hours
Hyper-V role detected

CPU: total 12 (initial active 12) (6 cores per cpu, 2 threads per core) family 6 model 154 stepping 4 microcode 0x42c, cx8, cmov, fxsr, ht, mmx, 3dnowpref, sse, sse2, sse3, ssse3, sse4.1, sse4.2, popcnt, lzcnt, tsc, tscinvbit, avx, avx2, aes, erms, clmul, bmi1, bmi2, adx, sha, fma, vzeroupper, clflush, clflushopt, clwb, hv
Processor Information for processor 0
  Max Mhz: 1300, Current Mhz: 1300, Mhz Limit: 1300
Processor Information for processor 1
  Max Mhz: 1300, Current Mhz: 1300, Mhz Limit: 1300
Processor Information for processor 2
  Max Mhz: 1300, Current Mhz: 1300, Mhz Limit: 1300
Processor Information for processor 3
  Max Mhz: 1300, Current Mhz: 1300, Mhz Limit: 1300
Processor Information for processor 4
  Max Mhz: 1300, Current Mhz: 900, Mhz Limit: 897
Processor Information for processor 5
  Max Mhz: 1300, Current Mhz: 900, Mhz Limit: 897
Processor Information for processor 6
  Max Mhz: 1300, Current Mhz: 900, Mhz Limit: 897
Processor Information for processor 7
  Max Mhz: 1300, Current Mhz: 900, Mhz Limit: 897
Processor Information for processor 8
  Max Mhz: 1300, Current Mhz: 900, Mhz Limit: 897
Processor Information for processor 9
  Max Mhz: 1300, Current Mhz: 900, Mhz Limit: 897
Processor Information for processor 10
  Max Mhz: 1300, Current Mhz: 900, Mhz Limit: 897
Processor Information for processor 11
  Max Mhz: 1300, Current Mhz: 900, Mhz Limit: 897

Memory: 4k page, system-wide physical 7860M (630M free)
TotalPageFile size 16052M (AvailPageFile size 18M)
current process WorkingSet (physical memory assigned to process): 248M, peak: 259M
current process commit charge ("private bytes"): 293M, peak: 311M

vm_info: OpenJDK 64-Bit Server VM (17.0.13+11) for windows-amd64 JRE (17.0.13+11), built on Oct 16 2024 00:10:08 by "admin" with MS VC++ 17.7 (VS2022)

END.
