#
# There is insufficient memory for the Java Runtime Environment to continue.
# Native memory allocation (malloc) failed to allocate 1094416 bytes. Error detail: Chunk::new
# Possible reasons:
#   The system is out of physical RAM or swap space
#   This process is running with CompressedOops enabled, and the Java Heap may be blocking the growth of the native heap
# Possible solutions:
#   Reduce memory load on the system
#   Increase physical memory or swap space
#   Check if swap backing store is full
#   Decrease Java heap size (-Xmx/-Xms)
#   Decrease number of Java threads
#   Decrease Java thread stack sizes (-Xss)
#   Set larger code cache with -XX:ReservedCodeCacheSize=
#   JVM is running with Unscaled Compressed Oops mode in which the Java heap is
#     placed in the first 4GB address space. The Java Heap base address is the
#     maximum limit for the native heap growth. Please use -XX:HeapBaseMinAddress
#     to set the Java Heap base and to place the Java Heap above 4GB virtual address.
# This output file may be truncated or incomplete.
#
#  Out of Memory Error (arena.cpp:191), pid=3012, tid=11972
#
# JRE version: OpenJDK Runtime Environment Temurin-17.0.13+11 (17.0.13+11) (build 17.0.13+11)
# Java VM: OpenJDK 64-Bit Server VM Temurin-17.0.13+11 (17.0.13+11, mixed mode, tiered, compressed oops, compressed class ptrs, parallel gc, windows-amd64)
# No core dump will be written. Minidumps are not enabled by default on client versions of Windows
#

---------------  S U M M A R Y ------------

Command Line: --add-modules=ALL-SYSTEM --add-opens=java.base/java.util=ALL-UNNAMED --add-opens=java.base/java.lang=ALL-UNNAMED --add-opens=java.base/sun.nio.fs=ALL-UNNAMED -Declipse.application=org.eclipse.jdt.ls.core.id1 -Dosgi.bundles.defaultStartLevel=4 -Declipse.product=org.eclipse.jdt.ls.core.product -Djava.import.generatesMetadataFilesAtProjectRoot=false -DDetectVMInstallationsJob.disabled=true -Dfile.encoding=utf8 -XX:+UseParallelGC -XX:GCTimeRatio=4 -XX:AdaptiveSizePolicyWeight=90 -Dsun.zip.disableMemoryMapping=true -Xmx1G -Xms100m -Xlog:disable -javaagent:c:\Users\Nicolas Gabriel\.vscode\extensions\redhat.java-1.36.0-win32-x64\lombok\lombok-1.18.35.jar -XX:+HeapDumpOnOutOfMemoryError -XX:HeapDumpPath=c:\Users\Nicolas Gabriel\AppData\Roaming\Code\User\workspaceStorage\48242ab983956e0b287b9428e5a3ddac\redhat.java -Daether.dependencyCollector.impl=bf c:\Users\Nicolas Gabriel\.vscode\extensions\redhat.java-1.36.0-win32-x64\server\plugins\org.eclipse.equinox.launcher_1.6.900.v20240613-2009.jar -configuration c:\Users\Nicolas Gabriel\AppData\Roaming\Code\User\globalStorage\redhat.java\1.36.0\config_win -data c:\Users\Nicolas Gabriel\AppData\Roaming\Code\User\workspaceStorage\48242ab983956e0b287b9428e5a3ddac\redhat.java\jdt_ws --pipe=\\.\pipe\lsp-3288b0707e97e47ce6b215eef4e9e162-sock

Host: 12th Gen Intel(R) Core(TM) i5-1235U, 12 cores, 7G,  Windows 11 , 64 bit Build 26100 (10.0.26100.2161)
Time: Mon Nov 11 21:11:50 2024 Hora est. Pacífico, Sudamérica elapsed time: 3.257292 seconds (0d 0h 0m 3s)

---------------  T H R E A D  ---------------

Current thread (0x00000172271d87e0):  JavaThread "C2 CompilerThread0" daemon [_thread_in_native, id=11972, stack(0x000000324e500000,0x000000324e600000)]


Current CompileTask:
C2:   3257 3755       4       java.lang.invoke.MethodType::makeImpl (109 bytes)

Stack: [0x000000324e500000,0x000000324e600000]
Native frames: (J=compiled Java code, j=interpreted, Vv=VM code, C=native code)
V  [jvm.dll+0x682a19]
V  [jvm.dll+0x839538]
V  [jvm.dll+0x83afe3]
V  [jvm.dll+0x83b653]
V  [jvm.dll+0x24704f]
V  [jvm.dll+0xace34]
V  [jvm.dll+0xad4cc]
V  [jvm.dll+0x36592f]
V  [jvm.dll+0x32fbd8]
V  [jvm.dll+0x32f05a]
V  [jvm.dll+0x21804f]
V  [jvm.dll+0x21748f]
V  [jvm.dll+0x1a3070]
V  [jvm.dll+0x22788c]
V  [jvm.dll+0x2259eb]
V  [jvm.dll+0x7eec98]
V  [jvm.dll+0x7e8ffc]
V  [jvm.dll+0x6818f7]
C  [ucrtbase.dll+0x14ea0]
C  [KERNEL32.DLL+0x2dbe7]
C  [ntdll.dll+0xdfbec]


---------------  P R O C E S S  ---------------

Threads class SMR info:
_java_thread_list=0x000001722b10a9a0, length=27, elements={
0x000001720e1ee050, 0x0000017222060bd0, 0x0000017222062bd0, 0x000001722206cc20,
0x00000172271cb450, 0x00000172271cb930, 0x00000172271d48c0, 0x00000172271d87e0,
0x00000172272027f0, 0x00000172272138c0, 0x000001720e257410, 0x000001722735bcd0,
0x0000017228a50cd0, 0x0000017228bd22d0, 0x00000172290bb220, 0x0000017229428790,
0x000001722966e140, 0x0000017229950020, 0x0000017229943f80, 0x0000017229b49420,
0x0000017229b475c0, 0x0000017229b470b0, 0x0000017229b49930, 0x0000017229b47fe0,
0x0000017229b49e40, 0x0000017229b4a350, 0x0000017229b484f0
}

Java Threads: ( => current thread )
  0x000001720e1ee050 JavaThread "main" [_thread_blocked, id=16132, stack(0x000000324dc00000,0x000000324dd00000)]
  0x0000017222060bd0 JavaThread "Reference Handler" daemon [_thread_blocked, id=13504, stack(0x000000324df00000,0x000000324e000000)]
  0x0000017222062bd0 JavaThread "Finalizer" daemon [_thread_blocked, id=6584, stack(0x000000324e000000,0x000000324e100000)]
  0x000001722206cc20 JavaThread "Signal Dispatcher" daemon [_thread_blocked, id=9460, stack(0x000000324e100000,0x000000324e200000)]
  0x00000172271cb450 JavaThread "Attach Listener" daemon [_thread_blocked, id=6432, stack(0x000000324e200000,0x000000324e300000)]
  0x00000172271cb930 JavaThread "Service Thread" daemon [_thread_blocked, id=14368, stack(0x000000324e300000,0x000000324e400000)]
  0x00000172271d48c0 JavaThread "Monitor Deflation Thread" daemon [_thread_blocked, id=13748, stack(0x000000324e400000,0x000000324e500000)]
=>0x00000172271d87e0 JavaThread "C2 CompilerThread0" daemon [_thread_in_native, id=11972, stack(0x000000324e500000,0x000000324e600000)]
  0x00000172272027f0 JavaThread "C1 CompilerThread0" daemon [_thread_blocked, id=8128, stack(0x000000324e600000,0x000000324e700000)]
  0x00000172272138c0 JavaThread "Sweeper thread" daemon [_thread_blocked, id=15948, stack(0x000000324e700000,0x000000324e800000)]
  0x000001720e257410 JavaThread "Common-Cleaner" daemon [_thread_blocked, id=4372, stack(0x000000324e800000,0x000000324e900000)]
  0x000001722735bcd0 JavaThread "C2 CompilerThread1" daemon [_thread_in_native, id=3976, stack(0x000000324e900000,0x000000324ea00000)]
  0x0000017228a50cd0 JavaThread "Notification Thread" daemon [_thread_blocked, id=4044, stack(0x000000324ea00000,0x000000324eb00000)]
  0x0000017228bd22d0 JavaThread "C2 CompilerThread2" daemon [_thread_in_native, id=7824, stack(0x000000324ec00000,0x000000324ed00000)]
  0x00000172290bb220 JavaThread "Active Thread: Equinox Container: 6a060d8f-6e9b-4d3b-a54d-b3e27d75d7da" [_thread_blocked, id=20496, stack(0x000000324f200000,0x000000324f300000)]
  0x0000017229428790 JavaThread "Refresh Thread: Equinox Container: 6a060d8f-6e9b-4d3b-a54d-b3e27d75d7da" daemon [_thread_blocked, id=3540, stack(0x000000324f300000,0x000000324f400000)]
  0x000001722966e140 JavaThread "Framework Event Dispatcher: Equinox Container: 6a060d8f-6e9b-4d3b-a54d-b3e27d75d7da" daemon [_thread_blocked, id=14596, stack(0x000000324f400000,0x000000324f500000)]
  0x0000017229950020 JavaThread "Start Level: Equinox Container: 6a060d8f-6e9b-4d3b-a54d-b3e27d75d7da" daemon [_thread_in_native, id=17948, stack(0x000000324f500000,0x000000324f600000)]
  0x0000017229943f80 JavaThread "Bundle File Closer" daemon [_thread_blocked, id=2196, stack(0x000000324f800000,0x000000324f900000)]
  0x0000017229b49420 JavaThread "SCR Component Actor" daemon [_thread_blocked, id=18480, stack(0x000000324fb00000,0x000000324fc00000)]
  0x0000017229b475c0 JavaThread "SCR Component Registry" daemon [_thread_blocked, id=9784, stack(0x000000324fc00000,0x000000324fd00000)]
  0x0000017229b470b0 JavaThread "Worker-JM" [_thread_blocked, id=15724, stack(0x000000324fd00000,0x000000324fe00000)]
  0x0000017229b49930 JavaThread "JNA Cleaner" daemon [_thread_blocked, id=16672, stack(0x000000324fe00000,0x000000324ff00000)]
  0x0000017229b47fe0 JavaThread "Worker-0: Repository registry initialization" [_thread_in_Java, id=20920, stack(0x000000324ff00000,0x0000003250000000)]
  0x0000017229b49e40 JavaThread "Worker-1: Building" [_thread_blocked, id=15024, stack(0x0000003250000000,0x0000003250100000)]
  0x0000017229b4a350 JavaThread "Worker-2" [_thread_blocked, id=14464, stack(0x0000003250100000,0x0000003250200000)]
  0x0000017229b484f0 JavaThread "Worker-3" [_thread_blocked, id=10964, stack(0x0000003250200000,0x0000003250300000)]

Other Threads:
  0x0000017227194870 VMThread "VM Thread" [stack: 0x000000324de00000,0x000000324df00000] [id=13984]
  0x00000172289790a0 WatcherThread [stack: 0x000000324eb00000,0x000000324ec00000] [id=9188]
  0x000001720e203eb0 GCTaskThread "GC Thread#0" [stack: 0x000000324dd00000,0x000000324de00000] [id=2328]
  0x0000017229169020 GCTaskThread "GC Thread#1" [stack: 0x000000324ed00000,0x000000324ee00000] [id=13224]
  0x0000017228b82030 GCTaskThread "GC Thread#2" [stack: 0x000000324ee00000,0x000000324ef00000] [id=13104]
  0x0000017228b822f0 GCTaskThread "GC Thread#3" [stack: 0x000000324ef00000,0x000000324f000000] [id=16964]
  0x0000017229124290 GCTaskThread "GC Thread#4" [stack: 0x000000324f000000,0x000000324f100000] [id=5364]
  0x000001722916c7d0 GCTaskThread "GC Thread#5" [stack: 0x000000324f100000,0x000000324f200000] [id=2472]
  0x0000017228bbf930 GCTaskThread "GC Thread#6" [stack: 0x000000324f600000,0x000000324f700000] [id=18652]
  0x0000017229950500 GCTaskThread "GC Thread#7" [stack: 0x000000324f700000,0x000000324f800000] [id=13840]
  0x0000017229c05fb0 GCTaskThread "GC Thread#8" [stack: 0x000000324f900000,0x000000324fa00000] [id=20680]
  0x0000017229d27630 GCTaskThread "GC Thread#9" [stack: 0x000000324fa00000,0x000000324fb00000] [id=19644]

Threads with active compile tasks:
C2 CompilerThread0     3277 3755       4       java.lang.invoke.MethodType::makeImpl (109 bytes)
C2 CompilerThread1     3277 3843       4       org.lombokweb.asm.SymbolTable::addConstantMemberReference (29 bytes)
C2 CompilerThread2     3277 3832       4       org.lombokweb.asm.ClassReader::readClass (7 bytes)

VM state: not at safepoint (normal execution)

VM Mutex/Monitor currently owned by a thread: None

Heap address: 0x00000000c0000000, size: 1024 MB, Compressed Oops mode: 32-bit

CDS archive(s) not mapped
Compressed class space mapped at: 0x0000000100000000-0x0000000140000000, reserved size: 1073741824
Narrow klass base: 0x0000000000000000, Narrow klass shift: 3, Narrow klass range: 0x140000000

GC Precious Log:
 CPUs: 12 total, 12 available
 Memory: 7860M
 Large Page Support: Disabled
 NUMA Support: Disabled
 Compressed Oops: Enabled (32-bit)
 Alignments: Space 512K, Generation 512K, Heap 2M
 Heap Min Capacity: 100M
 Heap Initial Capacity: 100M
 Heap Max Capacity: 1G
 Pre-touch: Disabled
 Parallel Workers: 10

Heap:
 PSYoungGen      total 25088K, used 7588K [0x00000000eab00000, 0x00000000ecf80000, 0x0000000100000000)
  eden space 23040K, 24% used [0x00000000eab00000,0x00000000eb06b198,0x00000000ec180000)
  from space 2048K, 99% used [0x00000000ec800000,0x00000000ec9fdf78,0x00000000eca00000)
  to   space 6656K, 0% used [0x00000000ec180000,0x00000000ec180000,0x00000000ec800000)
 ParOldGen       total 68608K, used 14443K [0x00000000c0000000, 0x00000000c4300000, 0x00000000eab00000)
  object space 68608K, 21% used [0x00000000c0000000,0x00000000c0e1ad40,0x00000000c4300000)
 Metaspace       used 30041K, committed 30848K, reserved 1114112K
  class space    used 3091K, committed 3456K, reserved 1048576K

Card table byte_map: [0x000001720db70000,0x000001720dd80000] _byte_map_base: 0x000001720d570000

Marking Bits: (ParMarkBitMap*) 0x00007ffa4f136940
 Begin Bits: [0x000001721fe70000, 0x0000017220e70000)
 End Bits:   [0x0000017220e70000, 0x0000017221e70000)

Polling page: 0x000001720bed0000

Metaspace:

Usage:
  Non-class:     26.32 MB used.
      Class:      3.02 MB used.
       Both:     29.34 MB used.

Virtual space:
  Non-class space:       64.00 MB reserved,      26.75 MB ( 42%) committed,  1 nodes.
      Class space:        1.00 GB reserved,       3.38 MB ( <1%) committed,  1 nodes.
             Both:        1.06 GB reserved,      30.12 MB (  3%) committed. 

Chunk freelists:
   Non-Class:  5.22 MB
       Class:  12.65 MB
        Both:  17.87 MB

MaxMetaspaceSize: unlimited
CompressedClassSpaceSize: 1.00 GB
Initial GC threshold: 21.00 MB
Current GC threshold: 35.00 MB
CDS: off
MetaspaceReclaimPolicy: balanced
 - commit_granule_bytes: 65536.
 - commit_granule_words: 8192.
 - virtual_space_node_default_size: 8388608.
 - enlarge_chunks_in_place: 1.
 - new_chunks_are_fully_committed: 0.
 - uncommit_free_chunks: 1.
 - use_allocation_guard: 0.
 - handle_deallocations: 1.


Internal statistics:

num_allocs_failed_limit: 3.
num_arena_births: 574.
num_arena_deaths: 0.
num_vsnodes_births: 2.
num_vsnodes_deaths: 0.
num_space_committed: 482.
num_space_uncommitted: 0.
num_chunks_returned_to_freelist: 3.
num_chunks_taken_from_freelist: 1489.
num_chunk_merges: 3.
num_chunk_splits: 945.
num_chunks_enlarged: 581.
num_inconsistent_stats: 0.

CodeHeap 'non-profiled nmethods': size=120000Kb used=1863Kb max_used=1863Kb free=118136Kb
 bounds [0x0000017218940000, 0x0000017218bb0000, 0x000001721fe70000]
CodeHeap 'profiled nmethods': size=120000Kb used=7657Kb max_used=7657Kb free=112342Kb
 bounds [0x0000017210e70000, 0x00000172115f0000, 0x00000172183a0000]
CodeHeap 'non-nmethods': size=5760Kb used=1226Kb max_used=1307Kb free=4533Kb
 bounds [0x00000172183a0000, 0x0000017218610000, 0x0000017218940000]
 total_blobs=4382 nmethods=3850 adapters=445
 compilation: enabled
              stopped_count=0, restarted_count=0
 full_count=0

Compilation events (20 events):
Event: 2.243 Thread 0x00000172272027f0 3815       3       org.lombokweb.asm.MethodWriter::visitLabel (332 bytes)
Event: 2.244 Thread 0x00000172272027f0 nmethod 3815 0x00000172115e5490 code [0x00000172115e56c0, 0x00000172115e5fb8]
Event: 2.244 Thread 0x00000172272027f0 3817       3       org.lombokweb.asm.MethodVisitor::<init> (7 bytes)
Event: 2.245 Thread 0x00000172272027f0 nmethod 3817 0x00000172115e6210 code [0x00000172115e63c0, 0x00000172115e6508]
Event: 2.245 Thread 0x00000172272027f0 3827       3       org.lombokweb.asm.MethodWriter::computeMethodInfoSize (571 bytes)
Event: 2.246 Thread 0x000001722735bcd0 nmethod 3833 0x0000017218b07790 code [0x0000017218b07920, 0x0000017218b07c28]
Event: 2.246 Thread 0x000001722735bcd0 3845       4       org.lombokweb.asm.SymbolTable::addConstantUtf8 (98 bytes)
Event: 2.246 Thread 0x00000172272027f0 nmethod 3827 0x00000172115e6590 code [0x00000172115e68c0, 0x00000172115e77e8]
Event: 2.246 Thread 0x00000172272027f0 3828       3       org.lombokweb.asm.MethodWriter::hasFrames (13 bytes)
Event: 2.246 Thread 0x00000172272027f0 nmethod 3828 0x00000172115e7e90 code [0x00000172115e8020, 0x00000172115e8178]
Event: 2.246 Thread 0x00000172272027f0 3818       3       org.lombokweb.asm.ClassVisitor::visitMethod (24 bytes)
Event: 2.246 Thread 0x00000172272027f0 nmethod 3818 0x00000172115e8210 code [0x00000172115e83c0, 0x00000172115e85e8]
Event: 2.246 Thread 0x00000172272027f0 3822       3       lombok.patcher.MethodTarget::matches (29 bytes)
Event: 2.247 Thread 0x00000172272027f0 nmethod 3822 0x00000172115e8710 code [0x00000172115e8900, 0x00000172115e8cd8]
Event: 2.247 Thread 0x00000172272027f0 3834       3       java.util.regex.Pattern$$Lambda$21/0x0000000100088930::is (9 bytes)
Event: 2.247 Thread 0x00000172272027f0 nmethod 3834 0x00000172115e8e90 code [0x00000172115e9020, 0x00000172115e91d8]
Event: 2.247 Thread 0x00000172272027f0 3835       3       java.util.regex.Pattern::lambda$Single$7 (11 bytes)
Event: 2.247 Thread 0x00000172272027f0 nmethod 3835 0x00000172115e9290 code [0x00000172115e9420, 0x00000172115e9558]
Event: 2.247 Thread 0x00000172272027f0 3816       1       lombok.patcher.Hook::getMethodName (5 bytes)
Event: 2.247 Thread 0x00000172272027f0 nmethod 3816 0x0000017218b07e90 code [0x0000017218b08020, 0x0000017218b080f8]

GC Heap History (18 events):
Event: 0.478 GC heap before
{Heap before GC invocations=1 (full 0):
 PSYoungGen      total 29696K, used 25600K [0x00000000eab00000, 0x00000000ecc00000, 0x0000000100000000)
  eden space 25600K, 100% used [0x00000000eab00000,0x00000000ec400000,0x00000000ec400000)
  from space 4096K, 0% used [0x00000000ec800000,0x00000000ec800000,0x00000000ecc00000)
  to   space 4096K, 0% used [0x00000000ec400000,0x00000000ec400000,0x00000000ec800000)
 ParOldGen       total 68608K, used 0K [0x00000000c0000000, 0x00000000c4300000, 0x00000000eab00000)
  object space 68608K, 0% used [0x00000000c0000000,0x00000000c0000000,0x00000000c4300000)
 Metaspace       used 10936K, committed 11072K, reserved 1114112K
  class space    used 1085K, committed 1152K, reserved 1048576K
}
Event: 0.481 GC heap after
{Heap after GC invocations=1 (full 0):
 PSYoungGen      total 29696K, used 3108K [0x00000000eab00000, 0x00000000ecc00000, 0x0000000100000000)
  eden space 25600K, 0% used [0x00000000eab00000,0x00000000eab00000,0x00000000ec400000)
  from space 4096K, 75% used [0x00000000ec400000,0x00000000ec709340,0x00000000ec800000)
  to   space 4096K, 0% used [0x00000000ec800000,0x00000000ec800000,0x00000000ecc00000)
 ParOldGen       total 68608K, used 16K [0x00000000c0000000, 0x00000000c4300000, 0x00000000eab00000)
  object space 68608K, 0% used [0x00000000c0000000,0x00000000c0004000,0x00000000c4300000)
 Metaspace       used 10936K, committed 11072K, reserved 1114112K
  class space    used 1085K, committed 1152K, reserved 1048576K
}
Event: 0.823 GC heap before
{Heap before GC invocations=2 (full 0):
 PSYoungGen      total 29696K, used 28708K [0x00000000eab00000, 0x00000000ecc00000, 0x0000000100000000)
  eden space 25600K, 100% used [0x00000000eab00000,0x00000000ec400000,0x00000000ec400000)
  from space 4096K, 75% used [0x00000000ec400000,0x00000000ec709340,0x00000000ec800000)
  to   space 4096K, 0% used [0x00000000ec800000,0x00000000ec800000,0x00000000ecc00000)
 ParOldGen       total 68608K, used 16K [0x00000000c0000000, 0x00000000c4300000, 0x00000000eab00000)
  object space 68608K, 0% used [0x00000000c0000000,0x00000000c0004000,0x00000000c4300000)
 Metaspace       used 14277K, committed 14464K, reserved 1114112K
  class space    used 1428K, committed 1472K, reserved 1048576K
}
Event: 0.827 GC heap after
{Heap after GC invocations=2 (full 0):
 PSYoungGen      total 29696K, used 4084K [0x00000000eab00000, 0x00000000ecc00000, 0x0000000100000000)
  eden space 25600K, 0% used [0x00000000eab00000,0x00000000eab00000,0x00000000ec400000)
  from space 4096K, 99% used [0x00000000ec800000,0x00000000ecbfd000,0x00000000ecc00000)
  to   space 4096K, 0% used [0x00000000ec400000,0x00000000ec400000,0x00000000ec800000)
 ParOldGen       total 68608K, used 1560K [0x00000000c0000000, 0x00000000c4300000, 0x00000000eab00000)
  object space 68608K, 2% used [0x00000000c0000000,0x00000000c0186360,0x00000000c4300000)
 Metaspace       used 14277K, committed 14464K, reserved 1114112K
  class space    used 1428K, committed 1472K, reserved 1048576K
}
Event: 1.136 GC heap before
{Heap before GC invocations=3 (full 0):
 PSYoungGen      total 29696K, used 29684K [0x00000000eab00000, 0x00000000ecc00000, 0x0000000100000000)
  eden space 25600K, 100% used [0x00000000eab00000,0x00000000ec400000,0x00000000ec400000)
  from space 4096K, 99% used [0x00000000ec800000,0x00000000ecbfd000,0x00000000ecc00000)
  to   space 4096K, 0% used [0x00000000ec400000,0x00000000ec400000,0x00000000ec800000)
 ParOldGen       total 68608K, used 1560K [0x00000000c0000000, 0x00000000c4300000, 0x00000000eab00000)
  object space 68608K, 2% used [0x00000000c0000000,0x00000000c0186360,0x00000000c4300000)
 Metaspace       used 16206K, committed 16448K, reserved 1114112K
  class space    used 1635K, committed 1728K, reserved 1048576K
}
Event: 1.140 GC heap after
{Heap after GC invocations=3 (full 0):
 PSYoungGen      total 29696K, used 4088K [0x00000000eab00000, 0x00000000ecc00000, 0x0000000100000000)
  eden space 25600K, 0% used [0x00000000eab00000,0x00000000eab00000,0x00000000ec400000)
  from space 4096K, 99% used [0x00000000ec400000,0x00000000ec7fe078,0x00000000ec800000)
  to   space 4096K, 0% used [0x00000000ec800000,0x00000000ec800000,0x00000000ecc00000)
 ParOldGen       total 68608K, used 5951K [0x00000000c0000000, 0x00000000c4300000, 0x00000000eab00000)
  object space 68608K, 8% used [0x00000000c0000000,0x00000000c05cff28,0x00000000c4300000)
 Metaspace       used 16206K, committed 16448K, reserved 1114112K
  class space    used 1635K, committed 1728K, reserved 1048576K
}
Event: 1.380 GC heap before
{Heap before GC invocations=4 (full 0):
 PSYoungGen      total 29696K, used 29688K [0x00000000eab00000, 0x00000000ecc00000, 0x0000000100000000)
  eden space 25600K, 100% used [0x00000000eab00000,0x00000000ec400000,0x00000000ec400000)
  from space 4096K, 99% used [0x00000000ec400000,0x00000000ec7fe078,0x00000000ec800000)
  to   space 4096K, 0% used [0x00000000ec800000,0x00000000ec800000,0x00000000ecc00000)
 ParOldGen       total 68608K, used 5951K [0x00000000c0000000, 0x00000000c4300000, 0x00000000eab00000)
  object space 68608K, 8% used [0x00000000c0000000,0x00000000c05cff28,0x00000000c4300000)
 Metaspace       used 19333K, committed 19712K, reserved 1114112K
  class space    used 1956K, committed 2112K, reserved 1048576K
}
Event: 1.384 GC heap after
{Heap after GC invocations=4 (full 0):
 PSYoungGen      total 29696K, used 4079K [0x00000000eab00000, 0x00000000ecc00000, 0x0000000100000000)
  eden space 25600K, 0% used [0x00000000eab00000,0x00000000eab00000,0x00000000ec400000)
  from space 4096K, 99% used [0x00000000ec800000,0x00000000ecbfbe00,0x00000000ecc00000)
  to   space 4096K, 0% used [0x00000000ec400000,0x00000000ec400000,0x00000000ec800000)
 ParOldGen       total 68608K, used 6754K [0x00000000c0000000, 0x00000000c4300000, 0x00000000eab00000)
  object space 68608K, 9% used [0x00000000c0000000,0x00000000c0698b00,0x00000000c4300000)
 Metaspace       used 19333K, committed 19712K, reserved 1114112K
  class space    used 1956K, committed 2112K, reserved 1048576K
}
Event: 1.489 GC heap before
{Heap before GC invocations=5 (full 0):
 PSYoungGen      total 29696K, used 15377K [0x00000000eab00000, 0x00000000ecc00000, 0x0000000100000000)
  eden space 25600K, 44% used [0x00000000eab00000,0x00000000eb608858,0x00000000ec400000)
  from space 4096K, 99% used [0x00000000ec800000,0x00000000ecbfbe00,0x00000000ecc00000)
  to   space 4096K, 0% used [0x00000000ec400000,0x00000000ec400000,0x00000000ec800000)
 ParOldGen       total 68608K, used 6754K [0x00000000c0000000, 0x00000000c4300000, 0x00000000eab00000)
  object space 68608K, 9% used [0x00000000c0000000,0x00000000c0698b00,0x00000000c4300000)
 Metaspace       used 21076K, committed 21504K, reserved 1114112K
  class space    used 2120K, committed 2304K, reserved 1048576K
}
Event: 1.492 GC heap after
{Heap after GC invocations=5 (full 0):
 PSYoungGen      total 29696K, used 4064K [0x00000000eab00000, 0x00000000ece00000, 0x0000000100000000)
  eden space 25600K, 0% used [0x00000000eab00000,0x00000000eab00000,0x00000000ec400000)
  from space 4096K, 99% used [0x00000000ec400000,0x00000000ec7f8100,0x00000000ec800000)
  to   space 5120K, 0% used [0x00000000ec900000,0x00000000ec900000,0x00000000ece00000)
 ParOldGen       total 68608K, used 7311K [0x00000000c0000000, 0x00000000c4300000, 0x00000000eab00000)
  object space 68608K, 10% used [0x00000000c0000000,0x00000000c0723e98,0x00000000c4300000)
 Metaspace       used 21076K, committed 21504K, reserved 1114112K
  class space    used 2120K, committed 2304K, reserved 1048576K
}
Event: 1.492 GC heap before
{Heap before GC invocations=6 (full 1):
 PSYoungGen      total 29696K, used 4064K [0x00000000eab00000, 0x00000000ece00000, 0x0000000100000000)
  eden space 25600K, 0% used [0x00000000eab00000,0x00000000eab00000,0x00000000ec400000)
  from space 4096K, 99% used [0x00000000ec400000,0x00000000ec7f8100,0x00000000ec800000)
  to   space 5120K, 0% used [0x00000000ec900000,0x00000000ec900000,0x00000000ece00000)
 ParOldGen       total 68608K, used 7311K [0x00000000c0000000, 0x00000000c4300000, 0x00000000eab00000)
  object space 68608K, 10% used [0x00000000c0000000,0x00000000c0723e98,0x00000000c4300000)
 Metaspace       used 21076K, committed 21504K, reserved 1114112K
  class space    used 2120K, committed 2304K, reserved 1048576K
}
Event: 1.506 GC heap after
{Heap after GC invocations=6 (full 1):
 PSYoungGen      total 29696K, used 0K [0x00000000eab00000, 0x00000000ece00000, 0x0000000100000000)
  eden space 25600K, 0% used [0x00000000eab00000,0x00000000eab00000,0x00000000ec400000)
  from space 4096K, 0% used [0x00000000ec400000,0x00000000ec400000,0x00000000ec800000)
  to   space 5120K, 0% used [0x00000000ec900000,0x00000000ec900000,0x00000000ece00000)
 ParOldGen       total 68608K, used 10777K [0x00000000c0000000, 0x00000000c4300000, 0x00000000eab00000)
  object space 68608K, 15% used [0x00000000c0000000,0x00000000c0a864c8,0x00000000c4300000)
 Metaspace       used 21076K, committed 21504K, reserved 1114112K
  class space    used 2120K, committed 2304K, reserved 1048576K
}
Event: 1.884 GC heap before
{Heap before GC invocations=7 (full 1):
 PSYoungGen      total 29696K, used 25600K [0x00000000eab00000, 0x00000000ece00000, 0x0000000100000000)
  eden space 25600K, 100% used [0x00000000eab00000,0x00000000ec400000,0x00000000ec400000)
  from space 4096K, 0% used [0x00000000ec400000,0x00000000ec400000,0x00000000ec800000)
  to   space 5120K, 0% used [0x00000000ec900000,0x00000000ec900000,0x00000000ece00000)
 ParOldGen       total 68608K, used 10777K [0x00000000c0000000, 0x00000000c4300000, 0x00000000eab00000)
  object space 68608K, 15% used [0x00000000c0000000,0x00000000c0a864c8,0x00000000c4300000)
 Metaspace       used 24859K, committed 25408K, reserved 1114112K
  class space    used 2525K, committed 2752K, reserved 1048576K
}
Event: 1.886 GC heap after
{Heap after GC invocations=7 (full 1):
 PSYoungGen      total 27136K, used 1684K [0x00000000eab00000, 0x00000000ecb00000, 0x0000000100000000)
  eden space 25088K, 0% used [0x00000000eab00000,0x00000000eab00000,0x00000000ec380000)
  from space 2048K, 82% used [0x00000000ec900000,0x00000000ecaa53c8,0x00000000ecb00000)
  to   space 3072K, 0% used [0x00000000ec500000,0x00000000ec500000,0x00000000ec800000)
 ParOldGen       total 68608K, used 10785K [0x00000000c0000000, 0x00000000c4300000, 0x00000000eab00000)
  object space 68608K, 15% used [0x00000000c0000000,0x00000000c0a884c8,0x00000000c4300000)
 Metaspace       used 24859K, committed 25408K, reserved 1114112K
  class space    used 2525K, committed 2752K, reserved 1048576K
}
Event: 2.067 GC heap before
{Heap before GC invocations=8 (full 1):
 PSYoungGen      total 27136K, used 26772K [0x00000000eab00000, 0x00000000ecb00000, 0x0000000100000000)
  eden space 25088K, 100% used [0x00000000eab00000,0x00000000ec380000,0x00000000ec380000)
  from space 2048K, 82% used [0x00000000ec900000,0x00000000ecaa53c8,0x00000000ecb00000)
  to   space 3072K, 0% used [0x00000000ec500000,0x00000000ec500000,0x00000000ec800000)
 ParOldGen       total 68608K, used 10785K [0x00000000c0000000, 0x00000000c4300000, 0x00000000eab00000)
  object space 68608K, 15% used [0x00000000c0000000,0x00000000c0a884c8,0x00000000c4300000)
 Metaspace       used 27363K, committed 27968K, reserved 1114112K
  class space    used 2819K, committed 3072K, reserved 1048576K
}
Event: 2.068 GC heap after
{Heap after GC invocations=8 (full 1):
 PSYoungGen      total 27648K, used 2938K [0x00000000eab00000, 0x00000000eca00000, 0x0000000100000000)
  eden space 24576K, 0% used [0x00000000eab00000,0x00000000eab00000,0x00000000ec300000)
  from space 3072K, 95% used [0x00000000ec500000,0x00000000ec7de9d0,0x00000000ec800000)
  to   space 2048K, 0% used [0x00000000ec800000,0x00000000ec800000,0x00000000eca00000)
 ParOldGen       total 68608K, used 10793K [0x00000000c0000000, 0x00000000c4300000, 0x00000000eab00000)
  object space 68608K, 15% used [0x00000000c0000000,0x00000000c0a8a4c8,0x00000000c4300000)
 Metaspace       used 27363K, committed 27968K, reserved 1114112K
  class space    used 2819K, committed 3072K, reserved 1048576K
}
Event: 2.235 GC heap before
{Heap before GC invocations=9 (full 1):
 PSYoungGen      total 27648K, used 27514K [0x00000000eab00000, 0x00000000eca00000, 0x0000000100000000)
  eden space 24576K, 100% used [0x00000000eab00000,0x00000000ec300000,0x00000000ec300000)
  from space 3072K, 95% used [0x00000000ec500000,0x00000000ec7de9d0,0x00000000ec800000)
  to   space 2048K, 0% used [0x00000000ec800000,0x00000000ec800000,0x00000000eca00000)
 ParOldGen       total 68608K, used 10793K [0x00000000c0000000, 0x00000000c4300000, 0x00000000eab00000)
  object space 68608K, 15% used [0x00000000c0000000,0x00000000c0a8a4c8,0x00000000c4300000)
 Metaspace       used 29483K, committed 30272K, reserved 1114112K
  class space    used 3042K, committed 3392K, reserved 1048576K
}
Event: 2.238 GC heap after
{Heap after GC invocations=9 (full 1):
 PSYoungGen      total 25088K, used 2039K [0x00000000eab00000, 0x00000000ecf80000, 0x0000000100000000)
  eden space 23040K, 0% used [0x00000000eab00000,0x00000000eab00000,0x00000000ec180000)
  from space 2048K, 99% used [0x00000000ec800000,0x00000000ec9fdf78,0x00000000eca00000)
  to   space 6656K, 0% used [0x00000000ec180000,0x00000000ec180000,0x00000000ec800000)
 ParOldGen       total 68608K, used 14443K [0x00000000c0000000, 0x00000000c4300000, 0x00000000eab00000)
  object space 68608K, 21% used [0x00000000c0000000,0x00000000c0e1ad40,0x00000000c4300000)
 Metaspace       used 29483K, committed 30272K, reserved 1114112K
  class space    used 3042K, committed 3392K, reserved 1048576K
}

Dll operation events (10 events):
Event: 0.015 Loaded shared library c:\Users\Nicolas Gabriel\.vscode\extensions\redhat.java-1.36.0-win32-x64\jre\17.0.13-win32-x86_64\bin\java.dll
Event: 0.103 Loaded shared library c:\Users\Nicolas Gabriel\.vscode\extensions\redhat.java-1.36.0-win32-x64\jre\17.0.13-win32-x86_64\bin\zip.dll
Event: 0.106 Loaded shared library C:\Users\Nicolas Gabriel\.vscode\extensions\redhat.java-1.36.0-win32-x64\jre\17.0.13-win32-x86_64\bin\instrument.dll
Event: 0.115 Loaded shared library C:\Users\Nicolas Gabriel\.vscode\extensions\redhat.java-1.36.0-win32-x64\jre\17.0.13-win32-x86_64\bin\net.dll
Event: 0.116 Loaded shared library C:\Users\Nicolas Gabriel\.vscode\extensions\redhat.java-1.36.0-win32-x64\jre\17.0.13-win32-x86_64\bin\nio.dll
Event: 0.119 Loaded shared library C:\Users\Nicolas Gabriel\.vscode\extensions\redhat.java-1.36.0-win32-x64\jre\17.0.13-win32-x86_64\bin\zip.dll
Event: 0.129 Loaded shared library C:\Users\Nicolas Gabriel\.vscode\extensions\redhat.java-1.36.0-win32-x64\jre\17.0.13-win32-x86_64\bin\jimage.dll
Event: 0.168 Loaded shared library c:\Users\Nicolas Gabriel\.vscode\extensions\redhat.java-1.36.0-win32-x64\jre\17.0.13-win32-x86_64\bin\verify.dll
Event: 0.800 Loaded shared library C:\Users\Nicolas Gabriel\AppData\Roaming\Code\User\globalStorage\redhat.java\1.36.0\config_win\org.eclipse.equinox.launcher\org.eclipse.equinox.launcher.win32.win32.x86_64_1.2.1100.v20240722-2106\eclipse_11904.dll
Event: 1.776 Loaded shared library C:\Users\Nicolas Gabriel\AppData\Local\Temp\jna--441322147\jna10848815652229757431.dll

Deoptimization events (20 events):
Event: 2.066 Thread 0x0000017229950020 DEOPT PACKING pc=0x0000017218a39b24 sp=0x000000324f5f1c80
Event: 2.066 Thread 0x0000017229950020 DEOPT UNPACKING pc=0x00000172183f66a3 sp=0x000000324f5f1c30 mode 2
Event: 2.066 Thread 0x0000017229950020 Uncommon trap: trap_request=0xffffffde fr.pc=0x0000017218a39b24 relative=0x0000000000000504
Event: 2.066 Thread 0x0000017229950020 Uncommon trap: reason=class_check action=maybe_recompile pc=0x0000017218a39b24 method=java.util.ImmutableCollections$MapN.probe(Ljava/lang/Object;)I @ 1 c2
Event: 2.066 Thread 0x0000017229950020 DEOPT PACKING pc=0x0000017218a39b24 sp=0x000000324f5f1c80
Event: 2.066 Thread 0x0000017229950020 DEOPT UNPACKING pc=0x00000172183f66a3 sp=0x000000324f5f1c30 mode 2
Event: 2.066 Thread 0x0000017229950020 Uncommon trap: trap_request=0xffffffde fr.pc=0x0000017218a39b24 relative=0x0000000000000504
Event: 2.066 Thread 0x0000017229950020 Uncommon trap: reason=class_check action=maybe_recompile pc=0x0000017218a39b24 method=java.util.ImmutableCollections$MapN.probe(Ljava/lang/Object;)I @ 1 c2
Event: 2.066 Thread 0x0000017229950020 DEOPT PACKING pc=0x0000017218a39b24 sp=0x000000324f5f1c80
Event: 2.066 Thread 0x0000017229950020 DEOPT UNPACKING pc=0x00000172183f66a3 sp=0x000000324f5f1c30 mode 2
Event: 2.066 Thread 0x0000017229950020 Uncommon trap: trap_request=0xffffffde fr.pc=0x0000017218a39b24 relative=0x0000000000000504
Event: 2.066 Thread 0x0000017229950020 Uncommon trap: reason=class_check action=maybe_recompile pc=0x0000017218a39b24 method=java.util.ImmutableCollections$MapN.probe(Ljava/lang/Object;)I @ 1 c2
Event: 2.066 Thread 0x0000017229950020 DEOPT PACKING pc=0x0000017218a39b24 sp=0x000000324f5f1c80
Event: 2.066 Thread 0x0000017229950020 DEOPT UNPACKING pc=0x00000172183f66a3 sp=0x000000324f5f1c30 mode 2
Event: 2.083 Thread 0x0000017229950020 Uncommon trap: trap_request=0xffffffc6 fr.pc=0x0000017218a8f728 relative=0x0000000000000768
Event: 2.083 Thread 0x0000017229950020 Uncommon trap: reason=bimorphic_or_optimized_type_check action=maybe_recompile pc=0x0000017218a8f728 method=java.io.DataInputStream.readUnsignedShort()I @ 6 c2
Event: 2.083 Thread 0x0000017229950020 DEOPT PACKING pc=0x0000017218a8f728 sp=0x000000324f5f2d40
Event: 2.083 Thread 0x0000017229950020 DEOPT UNPACKING pc=0x00000172183f66a3 sp=0x000000324f5f2d08 mode 2
Event: 2.156 Thread 0x0000017229b49e40 DEOPT PACKING pc=0x0000017211517ce4 sp=0x00000032500fe750
Event: 2.156 Thread 0x0000017229b49e40 DEOPT UNPACKING pc=0x00000172183f6e43 sp=0x00000032500fdcd0 mode 0

Classes loaded (20 events):
Event: 2.172 Loading class java/util/zip/GZIPInputStream
Event: 2.172 Loading class java/util/zip/GZIPInputStream done
Event: 2.189 Loading class java/io/StringReader
Event: 2.189 Loading class java/io/StringReader done
Event: 2.194 Loading class java/net/SocketTimeoutException
Event: 2.194 Loading class java/io/InterruptedIOException
Event: 2.195 Loading class java/io/InterruptedIOException done
Event: 2.195 Loading class java/net/SocketTimeoutException done
Event: 2.195 Loading class java/net/SocketException
Event: 2.195 Loading class java/net/SocketException done
Event: 2.195 Loading class java/net/UnknownHostException
Event: 2.195 Loading class java/net/UnknownHostException done
Event: 2.195 Loading class java/net/ProtocolException
Event: 2.195 Loading class java/net/ProtocolException done
Event: 2.210 Loading class java/lang/ThreadLocal$SuppliedThreadLocal
Event: 2.210 Loading class java/lang/ThreadLocal$SuppliedThreadLocal done
Event: 2.217 Loading class java/io/FileWriter
Event: 2.217 Loading class java/io/FileWriter done
Event: 2.217 Loading class java/lang/NegativeArraySizeException
Event: 2.217 Loading class java/lang/NegativeArraySizeException done

Classes unloaded (0 events):
No events

Classes redefined (0 events):
No events

Internal exceptions (20 events):
Event: 2.074 Thread 0x0000017229950020 Exception <a 'java/lang/NoSuchMethodError'{0x00000000eabb6050}: 'int java.lang.invoke.DirectMethodHandle$Holder.invokeStaticInit(java.lang.Object, double, double)'> (0x00000000eabb6050) 
thrown [s\src\hotspot\share\interpreter\linkResolver.cpp, line 759]
Event: 2.074 Thread 0x0000017229950020 Exception <a 'java/lang/NoSuchMethodError'{0x00000000eabbb648}: 'int java.lang.invoke.DirectMethodHandle$Holder.invokeStatic(java.lang.Object, long)'> (0x00000000eabbb648) 
thrown [s\src\hotspot\share\interpreter\linkResolver.cpp, line 759]
Event: 2.076 Thread 0x0000017229950020 Exception <a 'java/lang/NoSuchMethodError'{0x00000000eabeb090}: 'int java.lang.invoke.Invokers$Holder.linkToTargetMethod(java.lang.Object, java.lang.Object)'> (0x00000000eabeb090) 
thrown [s\src\hotspot\share\interpreter\linkResolver.cpp, line 759]
Event: 2.079 Thread 0x0000017229950020 Exception <a 'java/lang/NoSuchMethodError'{0x00000000eac56770}: 'java.lang.Object java.lang.invoke.DirectMethodHandle$Holder.newInvokeSpecial(java.lang.Object, java.lang.Object, java.lang.Object, java.lang.Object, java.lang.Object)'> (0x00000000eac56770) 
thrown [s\src\hotspot\share\interpreter\linkResolver.cpp, line 759]
Event: 2.081 Thread 0x0000017229950020 Exception <a 'java/lang/NoSuchMethodError'{0x00000000eac799b0}: 'java.lang.Object java.lang.invoke.DirectMethodHandle$Holder.invokeSpecial(java.lang.Object, java.lang.Object, java.lang.Object, java.lang.Object, java.lang.Object, java.lang.Object, java.lang.Object, java.lang.Object, java.lang.Object, java.lang.Object, java.lang.Object)'> (0x00000000eac799b0) 
thrown [s\src\hotspot\share\interpreter\linkResolver.cpp, line 759]
Event: 2.081 Thread 0x0000017229950020 Exception <a 'java/lang/NoSuchMethodError'{0x00000000eac7eec8}: 'java.lang.Object java.lang.invoke.Invokers$Holder.invoke_MT(java.lang.Object, java.lang.Object, java.lang.Object, java.lang.Object, java.lang.Object, java.lang.Object, java.lang.Object, java.lang.Object, java.lang.Object, java.lang.Object, java.lang.Object)'> (0x00000000eac7eec8) 
thrown [s\src\hotspot\share\interpreter\linkResolver.cpp, line 759]
Event: 2.087 Thread 0x0000017229950020 Exception <a 'java/lang/NoSuchMethodError'{0x00000000ead0e8f8}: 'java.lang.Object java.lang.invoke.DirectMethodHandle$Holder.invokeSpecial(java.lang.Object, java.lang.Object, java.lang.Object, java.lang.Object, java.lang.Object, java.lang.Object, java.lang.Object, java.lang.Object, java.lang.Object, java.lang.Object)'> (0x00000000ead0e8f8) 
thrown [s\src\hotspot\share\interpreter\linkResolver.cpp, line 759]
Event: 2.087 Thread 0x0000017229950020 Exception <a 'java/lang/NoSuchMethodError'{0x00000000ead13b48}: 'java.lang.Object java.lang.invoke.Invokers$Holder.invoke_MT(java.lang.Object, java.lang.Object, java.lang.Object, java.lang.Object, java.lang.Object, java.lang.Object, java.lang.Object, java.lang.Object, java.lang.Object, java.lang.Object)'> (0x00000000ead13b48) 
thrown [s\src\hotspot\share\interpreter\linkResolver.cpp, line 759]
Event: 2.095 Thread 0x0000017229950020 Exception <a 'java/lang/NoSuchMethodError'{0x00000000eada1348}: 'java.lang.Object java.lang.invoke.DirectMethodHandle$Holder.newInvokeSpecial(java.lang.Object, java.lang.Object, java.lang.Object, java.lang.Object, java.lang.Object, java.lang.Object, java.lang.Object)'> (0x00000000eada1348) 
thrown [s\src\hotspot\share\interpreter\linkResolver.cpp, line 759]
Event: 2.101 Thread 0x0000017229950020 Exception <a 'java/lang/NoSuchMethodError'{0x00000000eae0ed98}: 'java.lang.Object java.lang.invoke.DirectMethodHandle$Holder.invokeSpecial(java.lang.Object, java.lang.Object, java.lang.Object, java.lang.Object, java.lang.Object, java.lang.Object, java.lang.Object, java.lang.Object, java.lang.Object, java.lang.Object, java.lang.Object, java.lang.Object, java.lang.Object)'> (0x00000000eae0ed98) 
thrown [s\src\hotspot\share\interpreter\linkResolver.cpp, line 759]
Event: 2.101 Thread 0x0000017229950020 Exception <a 'java/lang/NoSuchMethodError'{0x00000000eae14b10}: 'java.lang.Object java.lang.invoke.Invokers$Holder.invoker(java.lang.Object, java.lang.Object, java.lang.Object, java.lang.Object, java.lang.Object, java.lang.Object, java.lang.Object, java.lang.Object, java.lang.Object, java.lang.Object, java.lang.Object, java.lang.Object, java.lang.Object)'> (0x00000000eae14b10) 
thrown [s\src\hotspot\share\interpreter\linkResolver.cpp, line 759]
Event: 2.102 Thread 0x0000017229950020 Exception <a 'java/lang/NoSuchMethodError'{0x00000000eae1b810}: 'java.lang.Object java.lang.invoke.DirectMethodHandle$Holder.invokeSpecial(java.lang.Object, java.lang.Object, java.lang.Object, java.lang.Object, java.lang.Object, java.lang.Object, java.lang.Object, java.lang.Object, java.lang.Object, java.lang.Object, java.lang.Object, java.lang.Object, java.lang.Object, java.lang.Object)'> (0x00000000eae1b810) 
thrown [s\src\hotspot\share\interpreter\linkResolver.cpp, line 759]
Event: 2.107 Thread 0x0000017229950020 Exception <a 'java/lang/NoSuchMethodError'{0x00000000eae9f1a8}: static Lorg/eclipse/m2e/core/internal/lifecyclemapping/model/PluginExecutionMetadata;.<clinit>()V> (0x00000000eae9f1a8) 
thrown [s\src\hotspot\share\prims\jni.cpp, line 1112]
Event: 2.113 Thread 0x0000017229950020 Exception <a 'java/lang/NoSuchMethodError'{0x00000000eaefb380}: static Lorg/eclipse/m2e/core/internal/lifecyclemapping/model/PluginExecutionFilter;.<clinit>()V> (0x00000000eaefb380) 
thrown [s\src\hotspot\share\prims\jni.cpp, line 1112]
Event: 2.118 Thread 0x0000017229950020 Exception <a 'java/lang/NoSuchMethodError'{0x00000000eaf3eb40}: static Lorg/eclipse/m2e/core/internal/project/registry/MavenProjectFacade$MavenProjectConfiguration;.<clinit>()V> (0x00000000eaf3eb40) 
thrown [s\src\hotspot\share\prims\jni.cpp, line 1112]
Event: 2.163 Thread 0x0000017229950020 Exception <a 'java/lang/NoSuchMethodError'{0x00000000eb4067e8}: 'double java.lang.invoke.DirectMethodHandle$Holder.invokeStatic(java.lang.Object, java.lang.Object)'> (0x00000000eb4067e8) 
thrown [s\src\hotspot\share\interpreter\linkResolver.cpp, line 759]
Event: 2.163 Thread 0x0000017229950020 Exception <a 'java/lang/NoSuchMethodError'{0x00000000eb40a100}: 'double java.lang.invoke.DirectMethodHandle$Holder.invokeStaticInit(java.lang.Object, java.lang.Object)'> (0x00000000eb40a100) 
thrown [s\src\hotspot\share\interpreter\linkResolver.cpp, line 759]
Event: 2.248 Thread 0x0000017229950020 Exception <a 'java/io/FileNotFoundException'{0x00000000eae38ea8}> (0x00000000eae38ea8) 
thrown [s\src\hotspot\share\prims\jni.cpp, line 516]
Event: 2.248 Thread 0x0000017229950020 Exception <a 'java/io/FileNotFoundException'{0x00000000eae39d50}> (0x00000000eae39d50) 
thrown [s\src\hotspot\share\prims\jni.cpp, line 516]
Event: 2.248 Thread 0x0000017229950020 Exception <a 'java/io/FileNotFoundException'{0x00000000eae3ad48}> (0x00000000eae3ad48) 
thrown [s\src\hotspot\share\prims\jni.cpp, line 516]

VM Operations (20 events):
Event: 1.784 Executing VM operation: HandshakeAllThreads
Event: 1.784 Executing VM operation: HandshakeAllThreads done
Event: 1.877 Executing VM operation: HandshakeAllThreads
Event: 1.877 Executing VM operation: HandshakeAllThreads done
Event: 1.877 Executing VM operation: HandshakeAllThreads
Event: 1.877 Executing VM operation: HandshakeAllThreads done
Event: 1.884 Executing VM operation: ParallelGCFailedAllocation
Event: 1.886 Executing VM operation: ParallelGCFailedAllocation done
Event: 1.899 Executing VM operation: HandshakeAllThreads
Event: 1.899 Executing VM operation: HandshakeAllThreads done
Event: 1.902 Executing VM operation: HandshakeAllThreads
Event: 1.902 Executing VM operation: HandshakeAllThreads done
Event: 2.065 Executing VM operation: HandshakeAllThreads
Event: 2.065 Executing VM operation: HandshakeAllThreads done
Event: 2.067 Executing VM operation: ParallelGCFailedAllocation
Event: 2.068 Executing VM operation: ParallelGCFailedAllocation done
Event: 2.153 Executing VM operation: HandshakeAllThreads
Event: 2.153 Executing VM operation: HandshakeAllThreads done
Event: 2.235 Executing VM operation: ParallelGCFailedAllocation
Event: 2.238 Executing VM operation: ParallelGCFailedAllocation done

Memory protections (0 events):
No events

Nmethod flushes (0 events):
No events

Events (20 events):
Event: 0.053 Thread 0x000001720e1ee050 Thread added: 0x00000172271d48c0
Event: 0.053 Thread 0x000001720e1ee050 Thread added: 0x00000172271d87e0
Event: 0.053 Thread 0x000001720e1ee050 Thread added: 0x00000172272027f0
Event: 0.053 Thread 0x000001720e1ee050 Thread added: 0x00000172272138c0
Event: 0.083 Thread 0x000001720e1ee050 Thread added: 0x000001720e257410
Event: 0.097 Thread 0x00000172272027f0 Thread added: 0x000001722735bcd0
Event: 0.218 Thread 0x000001720e1ee050 Thread added: 0x0000017228a50cd0
Event: 0.264 Thread 0x00000172272027f0 Thread added: 0x0000017228bd22d0
Event: 0.683 Thread 0x000001720e1ee050 Thread added: 0x00000172290bb220
Event: 0.796 Thread 0x000001720e1ee050 Thread added: 0x0000017229428790
Event: 0.820 Thread 0x0000017229428790 Thread added: 0x000001722966e140
Event: 0.822 Thread 0x000001720e1ee050 Thread added: 0x0000017229950020
Event: 1.051 Thread 0x0000017229950020 Thread added: 0x0000017229943f80
Event: 1.206 Thread 0x0000017229950020 Thread added: 0x0000017229b49420
Event: 1.256 Thread 0x0000017229950020 Thread added: 0x0000017229b475c0
Event: 1.480 Thread 0x0000017229950020 Thread added: 0x0000017229b470b0
Event: 1.803 Thread 0x0000017229950020 Thread added: 0x0000017229b49930
Event: 1.822 Thread 0x0000017229950020 Thread added: 0x0000017229b47fe0
Event: 1.842 Thread 0x0000017229950020 Thread added: 0x0000017229b49e40
Event: 1.843 Thread 0x0000017229950020 Thread added: 0x0000017229b4a350


Dynamic libraries:
0x00007ff74d810000 - 0x00007ff74d81e000 	c:\Users\Nicolas Gabriel\.vscode\extensions\redhat.java-1.36.0-win32-x64\jre\17.0.13-win32-x86_64\bin\java.exe
0x00007ffafa260000 - 0x00007ffafa4c3000 	C:\WINDOWS\SYSTEM32\ntdll.dll
0x00007ffaf93b0000 - 0x00007ffaf9478000 	C:\WINDOWS\System32\KERNEL32.DLL
0x00007ffaf7a60000 - 0x00007ffaf7e11000 	C:\WINDOWS\System32\KERNELBASE.dll
0x00007ffaf1af0000 - 0x00007ffaf1b8c000 	C:\WINDOWS\SYSTEM32\apphelp.dll
0x00007ffaf7650000 - 0x00007ffaf779b000 	C:\WINDOWS\System32\ucrtbase.dll
0x00007ffaf3710000 - 0x00007ffaf372e000 	c:\Users\Nicolas Gabriel\.vscode\extensions\redhat.java-1.36.0-win32-x64\jre\17.0.13-win32-x86_64\bin\VCRUNTIME140.dll
0x00007ffaf44e0000 - 0x00007ffaf44f7000 	c:\Users\Nicolas Gabriel\.vscode\extensions\redhat.java-1.36.0-win32-x64\jre\17.0.13-win32-x86_64\bin\jli.dll
0x00007ffaf9fd0000 - 0x00007ffafa198000 	C:\WINDOWS\System32\USER32.dll
0x00007ffaf7a30000 - 0x00007ffaf7a57000 	C:\WINDOWS\System32\win32u.dll
0x00007ffacd4a0000 - 0x00007ffacd730000 	C:\WINDOWS\WinSxS\amd64_microsoft.windows.common-controls_6595b64144ccf1df_6.0.26100.2161_none_3e0cadb0e33078e1\COMCTL32.dll
0x00007ffaf9f20000 - 0x00007ffaf9fc9000 	C:\WINDOWS\System32\msvcrt.dll
0x00007ffaf9ce0000 - 0x00007ffaf9d0a000 	C:\WINDOWS\System32\GDI32.dll
0x00007ffaf7fa0000 - 0x00007ffaf80c5000 	C:\WINDOWS\System32\gdi32full.dll
0x00007ffaf78c0000 - 0x00007ffaf7963000 	C:\WINDOWS\System32\msvcp_win.dll
0x00007ffaf9d10000 - 0x00007ffaf9d3f000 	C:\WINDOWS\System32\IMM32.DLL
0x00007ffaf74b0000 - 0x00007ffaf74bc000 	c:\Users\Nicolas Gabriel\.vscode\extensions\redhat.java-1.36.0-win32-x64\jre\17.0.13-win32-x86_64\bin\vcruntime140_1.dll
0x00007ffad2700000 - 0x00007ffad278d000 	c:\Users\Nicolas Gabriel\.vscode\extensions\redhat.java-1.36.0-win32-x64\jre\17.0.13-win32-x86_64\bin\msvcp140.dll
0x00007ffa4e590000 - 0x00007ffa4f1fb000 	c:\Users\Nicolas Gabriel\.vscode\extensions\redhat.java-1.36.0-win32-x64\jre\17.0.13-win32-x86_64\bin\server\jvm.dll
0x00007ffaf9e60000 - 0x00007ffaf9f14000 	C:\WINDOWS\System32\ADVAPI32.dll
0x00007ffaf9820000 - 0x00007ffaf98c6000 	C:\WINDOWS\System32\sechost.dll
0x00007ffaf9480000 - 0x00007ffaf9596000 	C:\WINDOWS\System32\RPCRT4.dll
0x00007ffaf9710000 - 0x00007ffaf9784000 	C:\WINDOWS\System32\WS2_32.dll
0x00007ffaee090000 - 0x00007ffaee0c6000 	C:\WINDOWS\SYSTEM32\WINMM.dll
0x00007ffaeaf00000 - 0x00007ffaeaf0b000 	C:\WINDOWS\SYSTEM32\VERSION.dll
0x00007ffaf74e0000 - 0x00007ffaf752e000 	C:\WINDOWS\SYSTEM32\POWRPROF.dll
0x00007ffaf74c0000 - 0x00007ffaf74d4000 	C:\WINDOWS\SYSTEM32\UMPDC.dll
0x00007ffaf64a0000 - 0x00007ffaf64ba000 	C:\WINDOWS\SYSTEM32\kernel.appcore.dll
0x00007ffaf44d0000 - 0x00007ffaf44da000 	c:\Users\Nicolas Gabriel\.vscode\extensions\redhat.java-1.36.0-win32-x64\jre\17.0.13-win32-x86_64\bin\jimage.dll
0x00007ffaf4c20000 - 0x00007ffaf4e61000 	C:\WINDOWS\SYSTEM32\DBGHELP.DLL
0x00007ffaf9960000 - 0x00007ffaf9cdd000 	C:\WINDOWS\System32\combase.dll
0x00007ffaf9120000 - 0x00007ffaf91f6000 	C:\WINDOWS\System32\OLEAUT32.dll
0x00007ffa72060000 - 0x00007ffa72099000 	C:\WINDOWS\SYSTEM32\dbgcore.DLL
0x00007ffaf77a0000 - 0x00007ffaf7839000 	C:\WINDOWS\System32\bcryptPrimitives.dll
0x00007ffaf36a0000 - 0x00007ffaf36ae000 	c:\Users\Nicolas Gabriel\.vscode\extensions\redhat.java-1.36.0-win32-x64\jre\17.0.13-win32-x86_64\bin\instrument.dll
0x00007ffad24f0000 - 0x00007ffad2515000 	c:\Users\Nicolas Gabriel\.vscode\extensions\redhat.java-1.36.0-win32-x64\jre\17.0.13-win32-x86_64\bin\java.dll
0x00007ffaf36f0000 - 0x00007ffaf3708000 	c:\Users\Nicolas Gabriel\.vscode\extensions\redhat.java-1.36.0-win32-x64\jre\17.0.13-win32-x86_64\bin\zip.dll
0x00007ffaf8670000 - 0x00007ffaf8d6f000 	C:\WINDOWS\System32\SHELL32.dll
0x00007ffaf53a0000 - 0x00007ffaf5bcd000 	C:\WINDOWS\SYSTEM32\windows.storage.dll
0x00007ffaf8fa0000 - 0x00007ffaf9073000 	C:\WINDOWS\System32\SHCORE.dll
0x00007ffaf9d50000 - 0x00007ffaf9dad000 	C:\WINDOWS\System32\shlwapi.dll
0x00007ffaf7560000 - 0x00007ffaf758e000 	C:\WINDOWS\SYSTEM32\profapi.dll
0x00007ffaf36d0000 - 0x00007ffaf36e9000 	C:\Users\Nicolas Gabriel\.vscode\extensions\redhat.java-1.36.0-win32-x64\jre\17.0.13-win32-x86_64\bin\net.dll
0x00007ffaeda70000 - 0x00007ffaedb96000 	C:\WINDOWS\SYSTEM32\WINHTTP.dll
0x00007ffaf69a0000 - 0x00007ffaf6a08000 	C:\WINDOWS\system32\mswsock.dll
0x00007ffaf36b0000 - 0x00007ffaf36c6000 	C:\Users\Nicolas Gabriel\.vscode\extensions\redhat.java-1.36.0-win32-x64\jre\17.0.13-win32-x86_64\bin\nio.dll
0x00007ffaf3690000 - 0x00007ffaf36a0000 	c:\Users\Nicolas Gabriel\.vscode\extensions\redhat.java-1.36.0-win32-x64\jre\17.0.13-win32-x86_64\bin\verify.dll
0x00007ffac6130000 - 0x00007ffac6175000 	C:\Users\Nicolas Gabriel\AppData\Roaming\Code\User\globalStorage\redhat.java\1.36.0\config_win\org.eclipse.equinox.launcher\org.eclipse.equinox.launcher.win32.win32.x86_64_1.2.1100.v20240722-2106\eclipse_11904.dll
0x00007ffaf9200000 - 0x00007ffaf9399000 	C:\WINDOWS\System32\ole32.dll
0x00007ffaf6c40000 - 0x00007ffaf6c5c000 	C:\WINDOWS\SYSTEM32\CRYPTSP.dll
0x00007ffaf63e0000 - 0x00007ffaf6418000 	C:\WINDOWS\system32\rsaenh.dll
0x00007ffaf6a40000 - 0x00007ffaf6a6b000 	C:\WINDOWS\SYSTEM32\USERENV.dll
0x00007ffaf6e80000 - 0x00007ffaf6ea6000 	C:\WINDOWS\SYSTEM32\bcrypt.dll
0x00007ffaf6c60000 - 0x00007ffaf6c6c000 	C:\WINDOWS\SYSTEM32\CRYPTBASE.dll
0x00007ffaf5ee0000 - 0x00007ffaf5f11000 	C:\WINDOWS\SYSTEM32\IPHLPAPI.DLL
0x00007ffaf95a0000 - 0x00007ffaf95aa000 	C:\WINDOWS\System32\NSI.dll
0x00007ffaeead0000 - 0x00007ffaeeaee000 	C:\WINDOWS\SYSTEM32\dhcpcsvc6.DLL
0x00007ffaee880000 - 0x00007ffaee8a5000 	C:\WINDOWS\SYSTEM32\dhcpcsvc.DLL
0x00007ffaf5f80000 - 0x00007ffaf60a5000 	C:\WINDOWS\SYSTEM32\DNSAPI.dll
0x00007ffaf0db0000 - 0x00007ffaf0df9000 	C:\Users\Nicolas Gabriel\AppData\Local\Temp\jna--441322147\jna10848815652229757431.dll
0x00007ffaf9110000 - 0x00007ffaf9118000 	C:\WINDOWS\System32\PSAPI.DLL

dbghelp: loaded successfully - version: 4.0.5 - missing functions: none
symbol engine: initialized successfully - sym options: 0x614 - pdb path: .;c:\Users\Nicolas Gabriel\.vscode\extensions\redhat.java-1.36.0-win32-x64\jre\17.0.13-win32-x86_64\bin;C:\WINDOWS\SYSTEM32;C:\WINDOWS\WinSxS\amd64_microsoft.windows.common-controls_6595b64144ccf1df_6.0.26100.2161_none_3e0cadb0e33078e1;c:\Users\Nicolas Gabriel\.vscode\extensions\redhat.java-1.36.0-win32-x64\jre\17.0.13-win32-x86_64\bin\server;C:\Users\Nicolas Gabriel\AppData\Roaming\Code\User\globalStorage\redhat.java\1.36.0\config_win\org.eclipse.equinox.launcher\org.eclipse.equinox.launcher.win32.win32.x86_64_1.2.1100.v20240722-2106;C:\Users\Nicolas Gabriel\AppData\Local\Temp\jna--441322147

VM Arguments:
jvm_args: --add-modules=ALL-SYSTEM --add-opens=java.base/java.util=ALL-UNNAMED --add-opens=java.base/java.lang=ALL-UNNAMED --add-opens=java.base/sun.nio.fs=ALL-UNNAMED -Declipse.application=org.eclipse.jdt.ls.core.id1 -Dosgi.bundles.defaultStartLevel=4 -Declipse.product=org.eclipse.jdt.ls.core.product -Djava.import.generatesMetadataFilesAtProjectRoot=false -DDetectVMInstallationsJob.disabled=true -Dfile.encoding=utf8 -XX:+UseParallelGC -XX:GCTimeRatio=4 -XX:AdaptiveSizePolicyWeight=90 -Dsun.zip.disableMemoryMapping=true -Xmx1G -Xms100m -Xlog:disable -javaagent:c:\Users\Nicolas Gabriel\.vscode\extensions\redhat.java-1.36.0-win32-x64\lombok\lombok-1.18.35.jar -XX:+HeapDumpOnOutOfMemoryError -XX:HeapDumpPath=c:\Users\Nicolas Gabriel\AppData\Roaming\Code\User\workspaceStorage\48242ab983956e0b287b9428e5a3ddac\redhat.java -Daether.dependencyCollector.impl=bf 
java_command: c:\Users\Nicolas Gabriel\.vscode\extensions\redhat.java-1.36.0-win32-x64\server\plugins\org.eclipse.equinox.launcher_1.6.900.v20240613-2009.jar -configuration c:\Users\Nicolas Gabriel\AppData\Roaming\Code\User\globalStorage\redhat.java\1.36.0\config_win -data c:\Users\Nicolas Gabriel\AppData\Roaming\Code\User\workspaceStorage\48242ab983956e0b287b9428e5a3ddac\redhat.java\jdt_ws --pipe=\\.\pipe\lsp-3288b0707e97e47ce6b215eef4e9e162-sock
java_class_path (initial): c:\Users\Nicolas Gabriel\.vscode\extensions\redhat.java-1.36.0-win32-x64\server\plugins\org.eclipse.equinox.launcher_1.6.900.v20240613-2009.jar
Launcher Type: SUN_STANDARD

[Global flags]
    uintx AdaptiveSizePolicyWeight                 = 90                                        {product} {command line}
     intx CICompilerCount                          = 4                                         {product} {ergonomic}
    uintx GCTimeRatio                              = 4                                         {product} {command line}
     bool HeapDumpOnOutOfMemoryError               = true                                   {manageable} {command line}
    ccstr HeapDumpPath                             = c:\Users\Nicolas Gabriel\AppData\Roaming\Code\User\workspaceStorage\48242ab983956e0b287b9428e5a3ddac\redhat.java         {manageable} {command line}
   size_t InitialHeapSize                          = 104857600                                 {product} {command line}
   size_t MaxHeapSize                              = 1073741824                                {product} {command line}
   size_t MaxNewSize                               = 357564416                                 {product} {ergonomic}
   size_t MinHeapDeltaBytes                        = 524288                                    {product} {ergonomic}
   size_t MinHeapSize                              = 104857600                                 {product} {command line}
   size_t NewSize                                  = 34603008                                  {product} {ergonomic}
    uintx NonNMethodCodeHeapSize                   = 5839372                                {pd product} {ergonomic}
    uintx NonProfiledCodeHeapSize                  = 122909434                              {pd product} {ergonomic}
   size_t OldSize                                  = 70254592                                  {product} {ergonomic}
    uintx ProfiledCodeHeapSize                     = 122909434                              {pd product} {ergonomic}
    uintx ReservedCodeCacheSize                    = 251658240                              {pd product} {ergonomic}
     bool SegmentedCodeCache                       = true                                      {product} {ergonomic}
   size_t SoftMaxHeapSize                          = 1073741824                             {manageable} {ergonomic}
     bool UseCompressedClassPointers               = true                           {product lp64_product} {ergonomic}
     bool UseCompressedOops                        = true                           {product lp64_product} {ergonomic}
     bool UseLargePagesIndividualAllocation        = false                                  {pd product} {ergonomic}
     bool UseParallelGC                            = true                                      {product} {command line}

Logging:
Log output configuration:
 #0: stdout all=off uptime,level,tags
 #1: stderr all=off uptime,level,tags

Environment Variables:
JAVA_HOME=C:\Program Files\Eclipse Adoptium\jdk-21.0.4.7-hotspot\
PATH=C:\Program Files\Eclipse Adoptium\jdk-21.0.4.7-hotspot\bin;C:\Program Files (x86)\Common Files\Oracle\Java\java8path;C:\Program Files (x86)\Common Files\Oracle\Java\javapath;C:\WINDOWS\system32;C:\WINDOWS;C:\WINDOWS\System32\Wbem;C:\WINDOWS\System32\WindowsPowerShell\v1.0\;C:\WINDOWS\System32\OpenSSH\;C:\Program Files\dotnet\;C:\Program Files\Git\cmd;C:\Users\Nicolas Gabriel\AppData\Local\Programs\Python\Python312\Scripts\;C:\Users\Nicolas Gabriel\AppData\Local\Programs\Python\Python312\;C:\Users\Nicolas Gabriel\AppData\Local\Microsoft\WindowsApps;C:\Users\Nicolas Gabriel\AppData\Local\Programs\Microsoft VS Code\bin;C:\\Users\\Nicolas Gabriel\\AppData\\Roaming\\jupyter\\runtime\\jpserver-13004-open.html;
USERNAME=Nicolas Gabriel
OS=Windows_NT
PROCESSOR_IDENTIFIER=Intel64 Family 6 Model 154 Stepping 4, GenuineIntel
TMP=C:\Users\NICOLA~1\AppData\Local\Temp
TEMP=C:\Users\NICOLA~1\AppData\Local\Temp



Periodic native trim disabled


---------------  S Y S T E M  ---------------

OS:
 Windows 11 , 64 bit Build 26100 (10.0.26100.2161)
OS uptime: 10 days 5:18 hours
Hyper-V role detected

CPU: total 12 (initial active 12) (6 cores per cpu, 2 threads per core) family 6 model 154 stepping 4 microcode 0x42c, cx8, cmov, fxsr, ht, mmx, 3dnowpref, sse, sse2, sse3, ssse3, sse4.1, sse4.2, popcnt, lzcnt, tsc, tscinvbit, avx, avx2, aes, erms, clmul, bmi1, bmi2, adx, sha, fma, vzeroupper, clflush, clflushopt, clwb, hv
Processor Information for processor 0
  Max Mhz: 1300, Current Mhz: 1300, Mhz Limit: 1300
Processor Information for processor 1
  Max Mhz: 1300, Current Mhz: 1300, Mhz Limit: 1300
Processor Information for processor 2
  Max Mhz: 1300, Current Mhz: 1300, Mhz Limit: 1300
Processor Information for processor 3
  Max Mhz: 1300, Current Mhz: 1300, Mhz Limit: 1300
Processor Information for processor 4
  Max Mhz: 1300, Current Mhz: 900, Mhz Limit: 897
Processor Information for processor 5
  Max Mhz: 1300, Current Mhz: 900, Mhz Limit: 897
Processor Information for processor 6
  Max Mhz: 1300, Current Mhz: 900, Mhz Limit: 897
Processor Information for processor 7
  Max Mhz: 1300, Current Mhz: 900, Mhz Limit: 897
Processor Information for processor 8
  Max Mhz: 1300, Current Mhz: 900, Mhz Limit: 897
Processor Information for processor 9
  Max Mhz: 1300, Current Mhz: 900, Mhz Limit: 897
Processor Information for processor 10
  Max Mhz: 1300, Current Mhz: 900, Mhz Limit: 897
Processor Information for processor 11
  Max Mhz: 1300, Current Mhz: 900, Mhz Limit: 897

Memory: 4k page, system-wide physical 7860M (701M free)
TotalPageFile size 16052M (AvailPageFile size 20M)
current process WorkingSet (physical memory assigned to process): 163M, peak: 167M
current process commit charge ("private bytes"): 269M, peak: 274M

vm_info: OpenJDK 64-Bit Server VM (17.0.13+11) for windows-amd64 JRE (17.0.13+11), built on Oct 16 2024 00:10:08 by "admin" with MS VC++ 17.7 (VS2022)

END.
