#
# There is insufficient memory for the Java Runtime Environment to continue.
# Native memory allocation (malloc) failed to allocate 1727456 bytes. Error detail: Chunk::new
# Possible reasons:
#   The system is out of physical RAM or swap space
#   This process is running with CompressedOops enabled, and the Java Heap may be blocking the growth of the native heap
# Possible solutions:
#   Reduce memory load on the system
#   Increase physical memory or swap space
#   Check if swap backing store is full
#   Decrease Java heap size (-Xmx/-Xms)
#   Decrease number of Java threads
#   Decrease Java thread stack sizes (-Xss)
#   Set larger code cache with -XX:ReservedCodeCacheSize=
#   JVM is running with Unscaled Compressed Oops mode in which the Java heap is
#     placed in the first 4GB address space. The Java Heap base address is the
#     maximum limit for the native heap growth. Please use -XX:HeapBaseMinAddress
#     to set the Java Heap base and to place the Java Heap above 4GB virtual address.
# This output file may be truncated or incomplete.
#
#  Out of Memory Error (arena.cpp:191), pid=21804, tid=6368
#
# JRE version: OpenJDK Runtime Environment Temurin-17.0.13+11 (17.0.13+11) (build 17.0.13+11)
# Java VM: OpenJDK 64-Bit Server VM Temurin-17.0.13+11 (17.0.13+11, mixed mode, tiered, compressed oops, compressed class ptrs, parallel gc, windows-amd64)
# No core dump will be written. Minidumps are not enabled by default on client versions of Windows
#

---------------  S U M M A R Y ------------

Command Line: --add-modules=ALL-SYSTEM --add-opens=java.base/java.util=ALL-UNNAMED --add-opens=java.base/java.lang=ALL-UNNAMED --add-opens=java.base/sun.nio.fs=ALL-UNNAMED -Declipse.application=org.eclipse.jdt.ls.core.id1 -Dosgi.bundles.defaultStartLevel=4 -Declipse.product=org.eclipse.jdt.ls.core.product -Djava.import.generatesMetadataFilesAtProjectRoot=false -DDetectVMInstallationsJob.disabled=true -Dfile.encoding=utf8 -XX:+UseParallelGC -XX:GCTimeRatio=4 -XX:AdaptiveSizePolicyWeight=90 -Dsun.zip.disableMemoryMapping=true -Xmx1G -Xms100m -Xlog:disable -javaagent:c:\Users\Nicolas Gabriel\.vscode\extensions\redhat.java-1.36.0-win32-x64\lombok\lombok-1.18.35.jar -XX:+HeapDumpOnOutOfMemoryError -XX:HeapDumpPath=c:\Users\Nicolas Gabriel\AppData\Roaming\Code\User\workspaceStorage\48242ab983956e0b287b9428e5a3ddac\redhat.java -Daether.dependencyCollector.impl=bf c:\Users\Nicolas Gabriel\.vscode\extensions\redhat.java-1.36.0-win32-x64\server\plugins\org.eclipse.equinox.launcher_1.6.900.v20240613-2009.jar -configuration c:\Users\Nicolas Gabriel\AppData\Roaming\Code\User\globalStorage\redhat.java\1.36.0\config_win -data c:\Users\Nicolas Gabriel\AppData\Roaming\Code\User\workspaceStorage\48242ab983956e0b287b9428e5a3ddac\redhat.java\jdt_ws --pipe=\\.\pipe\lsp-1530133fc1e36e43c88c4c36be418048-sock

Host: 12th Gen Intel(R) Core(TM) i5-1235U, 12 cores, 7G,  Windows 11 , 64 bit Build 26100 (10.0.26100.2161)
Time: Mon Nov 11 19:57:40 2024 Hora est. Pacífico, Sudamérica elapsed time: 582.121482 seconds (0d 0h 9m 42s)

---------------  T H R E A D  ---------------

Current thread (0x0000026cbbb83090):  JavaThread "C2 CompilerThread0" daemon [_thread_in_native, id=6368, stack(0x0000008226700000,0x0000008226800000)]


Current CompileTask:
C2: 582121 16281       4       org.eclipse.jdt.internal.compiler.parser.Parser::consumeRule (7904 bytes)

Stack: [0x0000008226700000,0x0000008226800000]
Native frames: (J=compiled Java code, j=interpreted, Vv=VM code, C=native code)
V  [jvm.dll+0x682a19]
V  [jvm.dll+0x839538]
V  [jvm.dll+0x83afe3]
V  [jvm.dll+0x83b653]
V  [jvm.dll+0x24704f]
V  [jvm.dll+0xace34]
V  [jvm.dll+0xad4cc]
V  [jvm.dll+0x36597e]
V  [jvm.dll+0x32fbd8]
V  [jvm.dll+0x32f05a]
V  [jvm.dll+0x21804f]
V  [jvm.dll+0x21748f]
V  [jvm.dll+0x1a3070]
V  [jvm.dll+0x22788c]
V  [jvm.dll+0x2259eb]
V  [jvm.dll+0x7eec98]
V  [jvm.dll+0x7e8ffc]
V  [jvm.dll+0x6818f7]
C  [ucrtbase.dll+0x14ea0]
C  [KERNEL32.DLL+0x2dbe7]
C  [ntdll.dll+0xdfbec]


---------------  P R O C E S S  ---------------

Threads class SMR info:
_java_thread_list=0x0000026cc094ca20, length=55, elements={
0x0000026ca242d750, 0x0000026cbbb37020, 0x0000026cbbb38b70, 0x0000026cb6a49ff0,
0x0000026cb6a4ab60, 0x0000026cb6a4e7f0, 0x0000026cbbb7c860, 0x0000026cbbb83090,
0x0000026cbbb9b580, 0x0000026cbbbf4210, 0x0000026cbbc9a370, 0x0000026cbbe41d80,
0x0000026cbdaf8600, 0x0000026cbdafae80, 0x0000026cbdafa460, 0x0000026cbdafb390,
0x0000026cbdaf9020, 0x0000026cbdaf80f0, 0x0000026cbdaf9a40, 0x0000026cbdaf9f50,
0x0000026cbe5d1570, 0x0000026cbe5d2ec0, 0x0000026cbe5d3df0, 0x0000026cbe5d1060,
0x0000026cbe5d33d0, 0x0000026cbe5d4300, 0x0000026cbe5d5740, 0x0000026cbe5d5230,
0x0000026cbe5d38e0, 0x0000026cbe5d1f90, 0x0000026cbe5d4810, 0x0000026cbe5d4d20,
0x0000026cbe5d5c50, 0x0000026cbe5d24a0, 0x0000026cbe5d6160, 0x0000026cbe5d29b0,
0x0000026cbe5d75a0, 0x0000026cbe5d7090, 0x0000026cbe5d6670, 0x0000026cbefd8c40,
0x0000026cbefdafb0, 0x0000026cbefd9b70, 0x0000026cbefdbee0, 0x0000026cbefdec70,
0x0000026cbefdd320, 0x0000026cbefd8220, 0x0000026cbefdd830, 0x0000026cbefda080,
0x0000026cbefd9660, 0x0000026cbefd7800, 0x0000026cbefdc3f0, 0x0000026cbefdaaa0,
0x0000026cc1f474a0, 0x0000026cc1f4c090, 0x0000026cc1227bf0
}

Java Threads: ( => current thread )
  0x0000026ca242d750 JavaThread "main" [_thread_blocked, id=12708, stack(0x0000008225e00000,0x0000008225f00000)]
  0x0000026cbbb37020 JavaThread "Reference Handler" daemon [_thread_blocked, id=8872, stack(0x0000008226100000,0x0000008226200000)]
  0x0000026cbbb38b70 JavaThread "Finalizer" daemon [_thread_blocked, id=7388, stack(0x0000008226200000,0x0000008226300000)]
  0x0000026cb6a49ff0 JavaThread "Signal Dispatcher" daemon [_thread_blocked, id=3192, stack(0x0000008226300000,0x0000008226400000)]
  0x0000026cb6a4ab60 JavaThread "Attach Listener" daemon [_thread_blocked, id=9948, stack(0x0000008226400000,0x0000008226500000)]
  0x0000026cb6a4e7f0 JavaThread "Service Thread" daemon [_thread_blocked, id=9728, stack(0x0000008226500000,0x0000008226600000)]
  0x0000026cbbb7c860 JavaThread "Monitor Deflation Thread" daemon [_thread_blocked, id=12456, stack(0x0000008226600000,0x0000008226700000)]
=>0x0000026cbbb83090 JavaThread "C2 CompilerThread0" daemon [_thread_in_native, id=6368, stack(0x0000008226700000,0x0000008226800000)]
  0x0000026cbbb9b580 JavaThread "C1 CompilerThread0" daemon [_thread_blocked, id=8576, stack(0x0000008226800000,0x0000008226900000)]
  0x0000026cbbbf4210 JavaThread "Sweeper thread" daemon [_thread_blocked, id=19188, stack(0x0000008226900000,0x0000008226a00000)]
  0x0000026cbbc9a370 JavaThread "Common-Cleaner" daemon [_thread_blocked, id=3584, stack(0x0000008226a00000,0x0000008226b00000)]
  0x0000026cbbe41d80 JavaThread "Notification Thread" daemon [_thread_blocked, id=11564, stack(0x0000008226c00000,0x0000008226d00000)]
  0x0000026cbdaf8600 JavaThread "Active Thread: Equinox Container: 292f0532-9be3-408e-8721-4edd16adaebf" [_thread_blocked, id=16624, stack(0x0000008227400000,0x0000008227500000)]
  0x0000026cbdafae80 JavaThread "Refresh Thread: Equinox Container: 292f0532-9be3-408e-8721-4edd16adaebf" daemon [_thread_blocked, id=18072, stack(0x0000008227500000,0x0000008227600000)]
  0x0000026cbdafa460 JavaThread "Framework Event Dispatcher: Equinox Container: 292f0532-9be3-408e-8721-4edd16adaebf" daemon [_thread_blocked, id=20412, stack(0x0000008227600000,0x0000008227700000)]
  0x0000026cbdafb390 JavaThread "Start Level: Equinox Container: 292f0532-9be3-408e-8721-4edd16adaebf" daemon [_thread_blocked, id=6676, stack(0x0000008227700000,0x0000008227800000)]
  0x0000026cbdaf9020 JavaThread "Bundle File Closer" daemon [_thread_blocked, id=15696, stack(0x0000008227a00000,0x0000008227b00000)]
  0x0000026cbdaf80f0 JavaThread "SCR Component Actor" daemon [_thread_blocked, id=12344, stack(0x0000008227d00000,0x0000008227e00000)]
  0x0000026cbdaf9a40 JavaThread "Worker-JM" [_thread_blocked, id=7088, stack(0x0000008226e00000,0x0000008226f00000)]
  0x0000026cbdaf9f50 JavaThread "Worker-0" [_thread_blocked, id=10512, stack(0x0000008227f00000,0x0000008228000000)]
  0x0000026cbe5d1570 JavaThread "Worker-1" [_thread_blocked, id=18500, stack(0x0000008228000000,0x0000008228100000)]
  0x0000026cbe5d2ec0 JavaThread "Java indexing" daemon [_thread_blocked, id=10804, stack(0x0000008228100000,0x0000008228200000)]
  0x0000026cbe5d3df0 JavaThread "JNA Cleaner" daemon [_thread_blocked, id=9816, stack(0x0000008228200000,0x0000008228300000)]
  0x0000026cbe5d1060 JavaThread "Thread-2" daemon [_thread_in_native, id=4052, stack(0x0000008228500000,0x0000008228600000)]
  0x0000026cbe5d33d0 JavaThread "Thread-3" daemon [_thread_in_native, id=4988, stack(0x0000008228600000,0x0000008228700000)]
  0x0000026cbe5d4300 JavaThread "Thread-4" daemon [_thread_in_native, id=3180, stack(0x0000008228700000,0x0000008228800000)]
  0x0000026cbe5d5740 JavaThread "Thread-5" daemon [_thread_in_native, id=17880, stack(0x0000008228800000,0x0000008228900000)]
  0x0000026cbe5d5230 JavaThread "Thread-6" daemon [_thread_in_native, id=10640, stack(0x0000008228900000,0x0000008228a00000)]
  0x0000026cbe5d38e0 JavaThread "Thread-7" daemon [_thread_in_native, id=20096, stack(0x0000008228a00000,0x0000008228b00000)]
  0x0000026cbe5d1f90 JavaThread "Thread-8" daemon [_thread_in_native, id=21996, stack(0x0000008228b00000,0x0000008228c00000)]
  0x0000026cbe5d4810 JavaThread "Thread-9" daemon [_thread_in_native, id=21776, stack(0x0000008228c00000,0x0000008228d00000)]
  0x0000026cbe5d4d20 JavaThread "Thread-10" daemon [_thread_in_native, id=3268, stack(0x0000008228d00000,0x0000008228e00000)]
  0x0000026cbe5d5c50 JavaThread "Thread-11" daemon [_thread_in_native, id=4204, stack(0x0000008228e00000,0x0000008228f00000)]
  0x0000026cbe5d24a0 JavaThread "Thread-12" daemon [_thread_in_native, id=8800, stack(0x0000008228f00000,0x0000008229000000)]
  0x0000026cbe5d6160 JavaThread "Thread-13" daemon [_thread_in_native, id=20260, stack(0x0000008229000000,0x0000008229100000)]
  0x0000026cbe5d29b0 JavaThread "Thread-14" daemon [_thread_in_native, id=20816, stack(0x0000008229100000,0x0000008229200000)]
  0x0000026cbe5d75a0 JavaThread "pool-2-thread-1" [_thread_blocked, id=6980, stack(0x0000008229200000,0x0000008229300000)]
  0x0000026cbe5d7090 JavaThread "WorkspaceEventsHandler" [_thread_blocked, id=18056, stack(0x0000008229300000,0x0000008229400000)]
  0x0000026cbe5d6670 JavaThread "pool-1-thread-1" [_thread_blocked, id=8688, stack(0x0000008229400000,0x0000008229500000)]
  0x0000026cbefd8c40 JavaThread "ForkJoinPool.commonPool-worker-1" daemon [_thread_blocked, id=20644, stack(0x0000008227e00000,0x0000008227f00000)]
  0x0000026cbefdafb0 JavaThread "ForkJoinPool.commonPool-worker-2" daemon [_thread_blocked, id=15280, stack(0x0000008229700000,0x0000008229800000)]
  0x0000026cbefd9b70 JavaThread "ForkJoinPool.commonPool-worker-3" daemon [_thread_blocked, id=19364, stack(0x0000008229800000,0x0000008229900000)]
  0x0000026cbefdbee0 JavaThread "ForkJoinPool.commonPool-worker-5" daemon [_thread_blocked, id=8584, stack(0x0000008229d00000,0x0000008229e00000)]
  0x0000026cbefdec70 JavaThread "ForkJoinPool.commonPool-worker-6" daemon [_thread_blocked, id=21556, stack(0x000000822a200000,0x000000822a300000)]
  0x0000026cbefdd320 JavaThread "ForkJoinPool.commonPool-worker-7" daemon [_thread_blocked, id=5508, stack(0x000000822a300000,0x000000822a400000)]
  0x0000026cbefd8220 JavaThread "Cleaner-0" daemon [_thread_blocked, id=19628, stack(0x000000822a400000,0x000000822a500000)]
  0x0000026cbefdd830 JavaThread "ForkJoinPool.commonPool-worker-8" daemon [_thread_blocked, id=21324, stack(0x0000008226b00000,0x0000008226c00000)]
  0x0000026cbefda080 JavaThread "ForkJoinPool.commonPool-worker-10" daemon [_thread_blocked, id=19708, stack(0x0000008225c00000,0x0000008225d00000)]
  0x0000026cbefd9660 JavaThread "ForkJoinPool.commonPool-worker-13" daemon [_thread_blocked, id=14576, stack(0x0000008225d00000,0x0000008225e00000)]
  0x0000026cbefd7800 JavaThread "Worker-4" [_thread_blocked, id=14076, stack(0x0000008229500000,0x0000008229600000)]
  0x0000026cbefdc3f0 JavaThread "ForkJoinPool.commonPool-worker-14" daemon [_thread_blocked, id=10772, stack(0x0000008229600000,0x0000008229700000)]
  0x0000026cbefdaaa0 JavaThread "ForkJoinPool.commonPool-worker-15" daemon [_thread_blocked, id=13660, stack(0x0000008229f00000,0x000000822a000000)]
  0x0000026cc1f474a0 JavaThread "Worker-5" [_thread_blocked, id=15332, stack(0x0000008225b00000,0x0000008225c00000)]
  0x0000026cc1f4c090 JavaThread "Compiler Source File Reader" daemon [_thread_blocked, id=20364, stack(0x0000008228400000,0x0000008228500000)]
  0x0000026cc1227bf0 JavaThread "C2 CompilerThread1" daemon [_thread_blocked, id=2908, stack(0x0000008228300000,0x0000008228400000)]

Other Threads:
  0x0000026cbbb24870 VMThread "VM Thread" [stack: 0x0000008226000000,0x0000008226100000] [id=19204]
  0x0000026cbbe42260 WatcherThread [stack: 0x0000008226d00000,0x0000008226e00000] [id=7748]
  0x0000026ca2445300 GCTaskThread "GC Thread#0" [stack: 0x0000008225f00000,0x0000008226000000] [id=21968]
  0x0000026cbd886050 GCTaskThread "GC Thread#1" [stack: 0x0000008226f00000,0x0000008227000000] [id=19800]
  0x0000026cbd99cfa0 GCTaskThread "GC Thread#2" [stack: 0x0000008227000000,0x0000008227100000] [id=6904]
  0x0000026cbd99d260 GCTaskThread "GC Thread#3" [stack: 0x0000008227100000,0x0000008227200000] [id=7672]
  0x0000026cbdaeb680 GCTaskThread "GC Thread#4" [stack: 0x0000008227200000,0x0000008227300000] [id=19716]
  0x0000026cbdaec150 GCTaskThread "GC Thread#5" [stack: 0x0000008227300000,0x0000008227400000] [id=18920]
  0x0000026cbde36950 GCTaskThread "GC Thread#6" [stack: 0x0000008227800000,0x0000008227900000] [id=15656]
  0x0000026cbdd16ca0 GCTaskThread "GC Thread#7" [stack: 0x0000008227900000,0x0000008227a00000] [id=16132]
  0x0000026cbe2a9d40 GCTaskThread "GC Thread#8" [stack: 0x0000008227b00000,0x0000008227c00000] [id=18552]
  0x0000026cbe2aa000 GCTaskThread "GC Thread#9" [stack: 0x0000008227c00000,0x0000008227d00000] [id=5592]

Threads with active compile tasks:
C2 CompilerThread0   582154 16281       4       org.eclipse.jdt.internal.compiler.parser.Parser::consumeRule (7904 bytes)

VM state: not at safepoint (normal execution)

VM Mutex/Monitor currently owned by a thread: None

Heap address: 0x00000000c0000000, size: 1024 MB, Compressed Oops mode: 32-bit

CDS archive(s) not mapped
Compressed class space mapped at: 0x0000000100000000-0x0000000140000000, reserved size: 1073741824
Narrow klass base: 0x0000000000000000, Narrow klass shift: 3, Narrow klass range: 0x140000000

GC Precious Log:
 CPUs: 12 total, 12 available
 Memory: 7860M
 Large Page Support: Disabled
 NUMA Support: Disabled
 Compressed Oops: Enabled (32-bit)
 Alignments: Space 512K, Generation 512K, Heap 2M
 Heap Min Capacity: 100M
 Heap Initial Capacity: 100M
 Heap Max Capacity: 1G
 Pre-touch: Disabled
 Parallel Workers: 10

Heap:
 PSYoungGen      total 5632K, used 515K [0x00000000eab00000, 0x00000000eb300000, 0x0000000100000000)
  eden space 4608K, 4% used [0x00000000eab00000,0x00000000eab30ff0,0x00000000eaf80000)
  from space 1024K, 31% used [0x00000000eb100000,0x00000000eb150000,0x00000000eb200000)
  to   space 512K, 0% used [0x00000000eb280000,0x00000000eb280000,0x00000000eb300000)
 ParOldGen       total 262656K, used 249614K [0x00000000c0000000, 0x00000000d0080000, 0x00000000eab00000)
  object space 262656K, 95% used [0x00000000c0000000,0x00000000cf3c38d0,0x00000000d0080000)
 Metaspace       used 88688K, committed 90112K, reserved 1179648K
  class space    used 9318K, committed 9920K, reserved 1048576K

Card table byte_map: [0x0000026cb42e0000,0x0000026cb44f0000] _byte_map_base: 0x0000026cb3ce0000

Marking Bits: (ParMarkBitMap*) 0x00007ffa4f136940
 Begin Bits: [0x0000026cb4650000, 0x0000026cb5650000)
 End Bits:   [0x0000026cb5650000, 0x0000026cb6650000)

Polling page: 0x0000026ca09d0000

Metaspace:

Usage:
  Non-class:     77.51 MB used.
      Class:      9.10 MB used.
       Both:     86.61 MB used.

Virtual space:
  Non-class space:      128.00 MB reserved,      78.31 MB ( 61%) committed,  2 nodes.
      Class space:        1.00 GB reserved,       9.69 MB ( <1%) committed,  1 nodes.
             Both:        1.12 GB reserved,      88.00 MB (  8%) committed. 

Chunk freelists:
   Non-Class:  1.70 MB
       Class:  6.19 MB
        Both:  7.89 MB

MaxMetaspaceSize: unlimited
CompressedClassSpaceSize: 1.00 GB
Initial GC threshold: 21.00 MB
Current GC threshold: 142.12 MB
CDS: off
MetaspaceReclaimPolicy: balanced
 - commit_granule_bytes: 65536.
 - commit_granule_words: 8192.
 - virtual_space_node_default_size: 8388608.
 - enlarge_chunks_in_place: 1.
 - new_chunks_are_fully_committed: 0.
 - uncommit_free_chunks: 1.
 - use_allocation_guard: 0.
 - handle_deallocations: 1.


Internal statistics:

num_allocs_failed_limit: 9.
num_arena_births: 1114.
num_arena_deaths: 22.
num_vsnodes_births: 3.
num_vsnodes_deaths: 0.
num_space_committed: 1408.
num_space_uncommitted: 0.
num_chunks_returned_to_freelist: 42.
num_chunks_taken_from_freelist: 4771.
num_chunk_merges: 19.
num_chunk_splits: 2926.
num_chunks_enlarged: 1713.
num_inconsistent_stats: 0.

CodeHeap 'non-profiled nmethods': size=120000Kb used=11603Kb max_used=11603Kb free=108397Kb
 bounds [0x0000026cacbd0000, 0x0000026cad760000, 0x0000026cb4100000]
CodeHeap 'profiled nmethods': size=120000Kb used=26803Kb max_used=27337Kb free=93196Kb
 bounds [0x0000026ca5100000, 0x0000026ca6bc0000, 0x0000026cac630000]
CodeHeap 'non-nmethods': size=5760Kb used=1443Kb max_used=1509Kb free=4316Kb
 bounds [0x0000026cac630000, 0x0000026cac8a0000, 0x0000026cacbd0000]
 total_blobs=13585 nmethods=12784 adapters=713
 compilation: enabled
              stopped_count=0, restarted_count=0
 full_count=0

Compilation events (20 events):
Event: 581.076 Thread 0x0000026cbbb9b580 nmethod 16300 0x0000026cad64c810 code [0x0000026cad64c9a0, 0x0000026cad64ca78]
Event: 581.076 Thread 0x0000026cbbb9b580 16301       1       org.eclipse.jdt.ls.core.internal.preferences.Preferences::getMaxCompletionResults (5 bytes)
Event: 581.076 Thread 0x0000026cbbb9b580 nmethod 16301 0x0000026cad64c510 code [0x0000026cad64c6a0, 0x0000026cad64c778]
Event: 581.076 Thread 0x0000026cbbb9b580 16302       1       org.eclipse.jdt.ls.core.internal.handlers.CompletionResponse::setCompletionItemData (6 bytes)
Event: 581.076 Thread 0x0000026cbbb9b580 nmethod 16302 0x0000026cad64c010 code [0x0000026cad64c1a0, 0x0000026cad64c278]
Event: 581.076 Thread 0x0000026cbbb9b580 16303       1       org.eclipse.jdt.ls.core.internal.contentassist.CompletionProposalRequestor::getContext (5 bytes)
Event: 581.076 Thread 0x0000026cbbb9b580 nmethod 16303 0x0000026cad596f10 code [0x0000026cad5970a0, 0x0000026cad597178]
Event: 581.076 Thread 0x0000026cbbb9b580 16304       1       org.eclipse.jdt.internal.codeassist.InternalCompletionContext::getTokenLocation (5 bytes)
Event: 581.076 Thread 0x0000026cbbb9b580 nmethod 16304 0x0000026cad596c10 code [0x0000026cad596da0, 0x0000026cad596e78]
Event: 581.076 Thread 0x0000026cbbb9b580 16305       1       org.eclipse.jdt.ls.core.internal.preferences.Preferences::isPostfixCompletionEnabled (5 bytes)
Event: 581.076 Thread 0x0000026cbbb9b580 nmethod 16305 0x0000026cad596910 code [0x0000026cad596aa0, 0x0000026cad596b78]
Event: 581.076 Thread 0x0000026cbbb9b580 16306       1       org.eclipse.jdt.ls.core.internal.contentassist.CompletionProposalRequestor::isComplete (5 bytes)
Event: 581.076 Thread 0x0000026cbbb9b580 nmethod 16306 0x0000026cad596610 code [0x0000026cad5967a0, 0x0000026cad596878]
Event: 581.076 Thread 0x0000026cbbb9b580 16307       1       org.eclipse.lsp4j.CompletionList::setIsIncomplete (6 bytes)
Event: 581.076 Thread 0x0000026cbbb9b580 nmethod 16307 0x0000026cad596310 code [0x0000026cad5964a0, 0x0000026cad596578]
Event: 581.076 Thread 0x0000026cbbb9b580 16308       1       org.eclipse.lsp4j.CompletionList::setItemDefaults (6 bytes)
Event: 581.076 Thread 0x0000026cbbb9b580 nmethod 16308 0x0000026cad596010 code [0x0000026cad5961a0, 0x0000026cad596278]
Event: 581.090 Thread 0x0000026cc1227bf0 nmethod 16291 0x0000026cad5fb510 code [0x0000026cad5fc040, 0x0000026cad5fe0d0]
Event: 581.090 Thread 0x0000026cc1227bf0 16282       4       org.eclipse.jdt.internal.codeassist.complete.CompletionParser::recoveryTokenCheck (236 bytes)
Event: 581.161 Thread 0x0000026cbbb9b580 16309       3       org.eclipse.jdt.ls.core.internal.handlers.BaseDocumentLifeCycleHandler::getDocumentLifecycleDelay (22 bytes)

GC Heap History (20 events):
Event: 553.142 GC heap before
{Heap before GC invocations=599 (full 13):
 PSYoungGen      total 5632K, used 5264K [0x00000000eab00000, 0x00000000eb480000, 0x0000000100000000)
  eden space 4608K, 100% used [0x00000000eab00000,0x00000000eaf80000,0x00000000eaf80000)
  from space 1024K, 64% used [0x00000000eb380000,0x00000000eb424010,0x00000000eb480000)
  to   space 2048K, 0% used [0x00000000eb080000,0x00000000eb080000,0x00000000eb280000)
 ParOldGen       total 262656K, used 248597K [0x00000000c0000000, 0x00000000d0080000, 0x00000000eab00000)
  object space 262656K, 94% used [0x00000000c0000000,0x00000000cf2c5450,0x00000000d0080000)
 Metaspace       used 88490K, committed 89920K, reserved 1179648K
  class space    used 9314K, committed 9920K, reserved 1048576K
}
Event: 553.143 GC heap after
{Heap after GC invocations=599 (full 13):
 PSYoungGen      total 6656K, used 384K [0x00000000eab00000, 0x00000000eb400000, 0x0000000100000000)
  eden space 4608K, 0% used [0x00000000eab00000,0x00000000eab00000,0x00000000eaf80000)
  from space 2048K, 18% used [0x00000000eb080000,0x00000000eb0e0020,0x00000000eb280000)
  to   space 1024K, 0% used [0x00000000eb300000,0x00000000eb300000,0x00000000eb400000)
 ParOldGen       total 262656K, used 248650K [0x00000000c0000000, 0x00000000d0080000, 0x00000000eab00000)
  object space 262656K, 94% used [0x00000000c0000000,0x00000000cf2d2b70,0x00000000d0080000)
 Metaspace       used 88490K, committed 89920K, reserved 1179648K
  class space    used 9314K, committed 9920K, reserved 1048576K
}
Event: 553.375 GC heap before
{Heap before GC invocations=600 (full 13):
 PSYoungGen      total 6656K, used 4992K [0x00000000eab00000, 0x00000000eb400000, 0x0000000100000000)
  eden space 4608K, 100% used [0x00000000eab00000,0x00000000eaf80000,0x00000000eaf80000)
  from space 2048K, 18% used [0x00000000eb080000,0x00000000eb0e0020,0x00000000eb280000)
  to   space 1024K, 0% used [0x00000000eb300000,0x00000000eb300000,0x00000000eb400000)
 ParOldGen       total 262656K, used 248650K [0x00000000c0000000, 0x00000000d0080000, 0x00000000eab00000)
  object space 262656K, 94% used [0x00000000c0000000,0x00000000cf2d2b70,0x00000000d0080000)
 Metaspace       used 88525K, committed 89984K, reserved 1179648K
  class space    used 9314K, committed 9920K, reserved 1048576K
}
Event: 553.378 GC heap after
{Heap after GC invocations=600 (full 13):
 PSYoungGen      total 5632K, used 640K [0x00000000eab00000, 0x00000000eb400000, 0x0000000100000000)
  eden space 4608K, 0% used [0x00000000eab00000,0x00000000eab00000,0x00000000eaf80000)
  from space 1024K, 62% used [0x00000000eb300000,0x00000000eb3a0000,0x00000000eb400000)
  to   space 1024K, 0% used [0x00000000eb200000,0x00000000eb200000,0x00000000eb300000)
 ParOldGen       total 262656K, used 248793K [0x00000000c0000000, 0x00000000d0080000, 0x00000000eab00000)
  object space 262656K, 94% used [0x00000000c0000000,0x00000000cf2f65d0,0x00000000d0080000)
 Metaspace       used 88525K, committed 89984K, reserved 1179648K
  class space    used 9314K, committed 9920K, reserved 1048576K
}
Event: 553.704 GC heap before
{Heap before GC invocations=601 (full 13):
 PSYoungGen      total 5632K, used 5248K [0x00000000eab00000, 0x00000000eb400000, 0x0000000100000000)
  eden space 4608K, 100% used [0x00000000eab00000,0x00000000eaf80000,0x00000000eaf80000)
  from space 1024K, 62% used [0x00000000eb300000,0x00000000eb3a0000,0x00000000eb400000)
  to   space 1024K, 0% used [0x00000000eb200000,0x00000000eb200000,0x00000000eb300000)
 ParOldGen       total 262656K, used 248793K [0x00000000c0000000, 0x00000000d0080000, 0x00000000eab00000)
  object space 262656K, 94% used [0x00000000c0000000,0x00000000cf2f65d0,0x00000000d0080000)
 Metaspace       used 88533K, committed 89984K, reserved 1179648K
  class space    used 9314K, committed 9920K, reserved 1048576K
}
Event: 553.707 GC heap after
{Heap after GC invocations=601 (full 13):
 PSYoungGen      total 5632K, used 512K [0x00000000eab00000, 0x00000000eb380000, 0x0000000100000000)
  eden space 4608K, 0% used [0x00000000eab00000,0x00000000eab00000,0x00000000eaf80000)
  from space 1024K, 50% used [0x00000000eb200000,0x00000000eb280020,0x00000000eb300000)
  to   space 512K, 0% used [0x00000000eb300000,0x00000000eb300000,0x00000000eb380000)
 ParOldGen       total 262656K, used 248793K [0x00000000c0000000, 0x00000000d0080000, 0x00000000eab00000)
  object space 262656K, 94% used [0x00000000c0000000,0x00000000cf2f65d0,0x00000000d0080000)
 Metaspace       used 88533K, committed 89984K, reserved 1179648K
  class space    used 9314K, committed 9920K, reserved 1048576K
}
Event: 553.805 GC heap before
{Heap before GC invocations=602 (full 13):
 PSYoungGen      total 5632K, used 5119K [0x00000000eab00000, 0x00000000eb380000, 0x0000000100000000)
  eden space 4608K, 99% used [0x00000000eab00000,0x00000000eaf7ffd0,0x00000000eaf80000)
  from space 1024K, 50% used [0x00000000eb200000,0x00000000eb280020,0x00000000eb300000)
  to   space 512K, 0% used [0x00000000eb300000,0x00000000eb300000,0x00000000eb380000)
 ParOldGen       total 262656K, used 248793K [0x00000000c0000000, 0x00000000d0080000, 0x00000000eab00000)
  object space 262656K, 94% used [0x00000000c0000000,0x00000000cf2f65d0,0x00000000d0080000)
 Metaspace       used 88553K, committed 89984K, reserved 1179648K
  class space    used 9314K, committed 9920K, reserved 1048576K
}
Event: 553.807 GC heap after
{Heap after GC invocations=602 (full 13):
 PSYoungGen      total 5120K, used 480K [0x00000000eab00000, 0x00000000eb380000, 0x0000000100000000)
  eden space 4608K, 0% used [0x00000000eab00000,0x00000000eab00000,0x00000000eaf80000)
  from space 512K, 93% used [0x00000000eb300000,0x00000000eb378020,0x00000000eb380000)
  to   space 1024K, 0% used [0x00000000eb180000,0x00000000eb180000,0x00000000eb280000)
 ParOldGen       total 262656K, used 248973K [0x00000000c0000000, 0x00000000d0080000, 0x00000000eab00000)
  object space 262656K, 94% used [0x00000000c0000000,0x00000000cf3235e0,0x00000000d0080000)
 Metaspace       used 88553K, committed 89984K, reserved 1179648K
  class space    used 9314K, committed 9920K, reserved 1048576K
}
Event: 554.160 GC heap before
{Heap before GC invocations=603 (full 13):
 PSYoungGen      total 5120K, used 5088K [0x00000000eab00000, 0x00000000eb380000, 0x0000000100000000)
  eden space 4608K, 100% used [0x00000000eab00000,0x00000000eaf80000,0x00000000eaf80000)
  from space 512K, 93% used [0x00000000eb300000,0x00000000eb378020,0x00000000eb380000)
  to   space 1024K, 0% used [0x00000000eb180000,0x00000000eb180000,0x00000000eb280000)
 ParOldGen       total 262656K, used 248973K [0x00000000c0000000, 0x00000000d0080000, 0x00000000eab00000)
  object space 262656K, 94% used [0x00000000c0000000,0x00000000cf3235e0,0x00000000d0080000)
 Metaspace       used 88557K, committed 89984K, reserved 1179648K
  class space    used 9314K, committed 9920K, reserved 1048576K
}
Event: 554.163 GC heap after
{Heap after GC invocations=603 (full 13):
 PSYoungGen      total 5632K, used 496K [0x00000000eab00000, 0x00000000eb380000, 0x0000000100000000)
  eden space 4608K, 0% used [0x00000000eab00000,0x00000000eab00000,0x00000000eaf80000)
  from space 1024K, 48% used [0x00000000eb180000,0x00000000eb1fc010,0x00000000eb280000)
  to   space 1024K, 0% used [0x00000000eb280000,0x00000000eb280000,0x00000000eb380000)
 ParOldGen       total 262656K, used 249126K [0x00000000c0000000, 0x00000000d0080000, 0x00000000eab00000)
  object space 262656K, 94% used [0x00000000c0000000,0x00000000cf3498b0,0x00000000d0080000)
 Metaspace       used 88557K, committed 89984K, reserved 1179648K
  class space    used 9314K, committed 9920K, reserved 1048576K
}
Event: 569.084 GC heap before
{Heap before GC invocations=604 (full 13):
 PSYoungGen      total 5632K, used 5104K [0x00000000eab00000, 0x00000000eb380000, 0x0000000100000000)
  eden space 4608K, 100% used [0x00000000eab00000,0x00000000eaf80000,0x00000000eaf80000)
  from space 1024K, 48% used [0x00000000eb180000,0x00000000eb1fc010,0x00000000eb280000)
  to   space 1024K, 0% used [0x00000000eb280000,0x00000000eb280000,0x00000000eb380000)
 ParOldGen       total 262656K, used 249126K [0x00000000c0000000, 0x00000000d0080000, 0x00000000eab00000)
  object space 262656K, 94% used [0x00000000c0000000,0x00000000cf3498b0,0x00000000d0080000)
 Metaspace       used 88577K, committed 89984K, reserved 1179648K
  class space    used 9314K, committed 9920K, reserved 1048576K
}
Event: 569.088 GC heap after
{Heap after GC invocations=604 (full 13):
 PSYoungGen      total 5632K, used 560K [0x00000000eab00000, 0x00000000eb380000, 0x0000000100000000)
  eden space 4608K, 0% used [0x00000000eab00000,0x00000000eab00000,0x00000000eaf80000)
  from space 1024K, 54% used [0x00000000eb280000,0x00000000eb30c010,0x00000000eb380000)
  to   space 1024K, 0% used [0x00000000eb180000,0x00000000eb180000,0x00000000eb280000)
 ParOldGen       total 262656K, used 249126K [0x00000000c0000000, 0x00000000d0080000, 0x00000000eab00000)
  object space 262656K, 94% used [0x00000000c0000000,0x00000000cf3498b0,0x00000000d0080000)
 Metaspace       used 88577K, committed 89984K, reserved 1179648K
  class space    used 9314K, committed 9920K, reserved 1048576K
}
Event: 574.459 GC heap before
{Heap before GC invocations=605 (full 13):
 PSYoungGen      total 5632K, used 5168K [0x00000000eab00000, 0x00000000eb380000, 0x0000000100000000)
  eden space 4608K, 100% used [0x00000000eab00000,0x00000000eaf80000,0x00000000eaf80000)
  from space 1024K, 54% used [0x00000000eb280000,0x00000000eb30c010,0x00000000eb380000)
  to   space 1024K, 0% used [0x00000000eb180000,0x00000000eb180000,0x00000000eb280000)
 ParOldGen       total 262656K, used 249126K [0x00000000c0000000, 0x00000000d0080000, 0x00000000eab00000)
  object space 262656K, 94% used [0x00000000c0000000,0x00000000cf3498b0,0x00000000d0080000)
 Metaspace       used 88660K, committed 90112K, reserved 1179648K
  class space    used 9318K, committed 9920K, reserved 1048576K
}
Event: 574.461 GC heap after
{Heap after GC invocations=605 (full 13):
 PSYoungGen      total 5632K, used 656K [0x00000000eab00000, 0x00000000eb300000, 0x0000000100000000)
  eden space 4608K, 0% used [0x00000000eab00000,0x00000000eab00000,0x00000000eaf80000)
  from space 1024K, 64% used [0x00000000eb180000,0x00000000eb224030,0x00000000eb280000)
  to   space 512K, 0% used [0x00000000eb280000,0x00000000eb280000,0x00000000eb300000)
 ParOldGen       total 262656K, used 249126K [0x00000000c0000000, 0x00000000d0080000, 0x00000000eab00000)
  object space 262656K, 94% used [0x00000000c0000000,0x00000000cf3498b0,0x00000000d0080000)
 Metaspace       used 88660K, committed 90112K, reserved 1179648K
  class space    used 9318K, committed 9920K, reserved 1048576K
}
Event: 576.854 GC heap before
{Heap before GC invocations=606 (full 13):
 PSYoungGen      total 5632K, used 5264K [0x00000000eab00000, 0x00000000eb300000, 0x0000000100000000)
  eden space 4608K, 100% used [0x00000000eab00000,0x00000000eaf80000,0x00000000eaf80000)
  from space 1024K, 64% used [0x00000000eb180000,0x00000000eb224030,0x00000000eb280000)
  to   space 512K, 0% used [0x00000000eb280000,0x00000000eb280000,0x00000000eb300000)
 ParOldGen       total 262656K, used 249126K [0x00000000c0000000, 0x00000000d0080000, 0x00000000eab00000)
  object space 262656K, 94% used [0x00000000c0000000,0x00000000cf3498b0,0x00000000d0080000)
 Metaspace       used 88669K, committed 90112K, reserved 1179648K
  class space    used 9318K, committed 9920K, reserved 1048576K
}
Event: 576.855 GC heap after
{Heap after GC invocations=606 (full 13):
 PSYoungGen      total 5120K, used 480K [0x00000000eab00000, 0x00000000eb300000, 0x0000000100000000)
  eden space 4608K, 0% used [0x00000000eab00000,0x00000000eab00000,0x00000000eaf80000)
  from space 512K, 93% used [0x00000000eb280000,0x00000000eb2f8020,0x00000000eb300000)
  to   space 1024K, 0% used [0x00000000eb100000,0x00000000eb100000,0x00000000eb200000)
 ParOldGen       total 262656K, used 249230K [0x00000000c0000000, 0x00000000d0080000, 0x00000000eab00000)
  object space 262656K, 94% used [0x00000000c0000000,0x00000000cf3638b0,0x00000000d0080000)
 Metaspace       used 88669K, committed 90112K, reserved 1179648K
  class space    used 9318K, committed 9920K, reserved 1048576K
}
Event: 581.042 GC heap before
{Heap before GC invocations=607 (full 13):
 PSYoungGen      total 5120K, used 5087K [0x00000000eab00000, 0x00000000eb300000, 0x0000000100000000)
  eden space 4608K, 99% used [0x00000000eab00000,0x00000000eaf7ffa8,0x00000000eaf80000)
  from space 512K, 93% used [0x00000000eb280000,0x00000000eb2f8020,0x00000000eb300000)
  to   space 1024K, 0% used [0x00000000eb100000,0x00000000eb100000,0x00000000eb200000)
 ParOldGen       total 262656K, used 249230K [0x00000000c0000000, 0x00000000d0080000, 0x00000000eab00000)
  object space 262656K, 94% used [0x00000000c0000000,0x00000000cf3638b0,0x00000000d0080000)
 Metaspace       used 88669K, committed 90112K, reserved 1179648K
  class space    used 9318K, committed 9920K, reserved 1048576K
}
Event: 581.044 GC heap after
{Heap after GC invocations=607 (full 13):
 PSYoungGen      total 5632K, used 320K [0x00000000eab00000, 0x00000000eb300000, 0x0000000100000000)
  eden space 4608K, 0% used [0x00000000eab00000,0x00000000eab00000,0x00000000eaf80000)
  from space 1024K, 31% used [0x00000000eb100000,0x00000000eb150000,0x00000000eb200000)
  to   space 512K, 0% used [0x00000000eb280000,0x00000000eb280000,0x00000000eb300000)
 ParOldGen       total 262656K, used 249606K [0x00000000c0000000, 0x00000000d0080000, 0x00000000eab00000)
  object space 262656K, 95% used [0x00000000c0000000,0x00000000cf3c18d0,0x00000000d0080000)
 Metaspace       used 88669K, committed 90112K, reserved 1179648K
  class space    used 9318K, committed 9920K, reserved 1048576K
}
Event: 581.059 GC heap before
{Heap before GC invocations=608 (full 13):
 PSYoungGen      total 5632K, used 4928K [0x00000000eab00000, 0x00000000eb300000, 0x0000000100000000)
  eden space 4608K, 100% used [0x00000000eab00000,0x00000000eaf80000,0x00000000eaf80000)
  from space 1024K, 31% used [0x00000000eb100000,0x00000000eb150000,0x00000000eb200000)
  to   space 512K, 0% used [0x00000000eb280000,0x00000000eb280000,0x00000000eb300000)
 ParOldGen       total 262656K, used 249606K [0x00000000c0000000, 0x00000000d0080000, 0x00000000eab00000)
  object space 262656K, 95% used [0x00000000c0000000,0x00000000cf3c18d0,0x00000000d0080000)
 Metaspace       used 88671K, committed 90112K, reserved 1179648K
  class space    used 9318K, committed 9920K, reserved 1048576K
}
Event: 581.060 GC heap after
{Heap after GC invocations=608 (full 13):
 PSYoungGen      total 5120K, used 512K [0x00000000eab00000, 0x00000000eb300000, 0x0000000100000000)
  eden space 4608K, 0% used [0x00000000eab00000,0x00000000eab00000,0x00000000eaf80000)
  from space 512K, 100% used [0x00000000eb280000,0x00000000eb300000,0x00000000eb300000)
  to   space 1024K, 0% used [0x00000000eb100000,0x00000000eb100000,0x00000000eb200000)
 ParOldGen       total 262656K, used 249606K [0x00000000c0000000, 0x00000000d0080000, 0x00000000eab00000)
  object space 262656K, 95% used [0x00000000c0000000,0x00000000cf3c18d0,0x00000000d0080000)
 Metaspace       used 88671K, committed 90112K, reserved 1179648K
  class space    used 9318K, committed 9920K, reserved 1048576K
}

Dll operation events (14 events):
Event: 0.011 Loaded shared library c:\Users\Nicolas Gabriel\.vscode\extensions\redhat.java-1.36.0-win32-x64\jre\17.0.13-win32-x86_64\bin\java.dll
Event: 0.139 Loaded shared library c:\Users\Nicolas Gabriel\.vscode\extensions\redhat.java-1.36.0-win32-x64\jre\17.0.13-win32-x86_64\bin\zip.dll
Event: 0.143 Loaded shared library C:\Users\Nicolas Gabriel\.vscode\extensions\redhat.java-1.36.0-win32-x64\jre\17.0.13-win32-x86_64\bin\instrument.dll
Event: 0.155 Loaded shared library C:\Users\Nicolas Gabriel\.vscode\extensions\redhat.java-1.36.0-win32-x64\jre\17.0.13-win32-x86_64\bin\net.dll
Event: 0.157 Loaded shared library C:\Users\Nicolas Gabriel\.vscode\extensions\redhat.java-1.36.0-win32-x64\jre\17.0.13-win32-x86_64\bin\nio.dll
Event: 0.162 Loaded shared library C:\Users\Nicolas Gabriel\.vscode\extensions\redhat.java-1.36.0-win32-x64\jre\17.0.13-win32-x86_64\bin\zip.dll
Event: 0.176 Loaded shared library C:\Users\Nicolas Gabriel\.vscode\extensions\redhat.java-1.36.0-win32-x64\jre\17.0.13-win32-x86_64\bin\jimage.dll
Event: 0.237 Loaded shared library c:\Users\Nicolas Gabriel\.vscode\extensions\redhat.java-1.36.0-win32-x64\jre\17.0.13-win32-x86_64\bin\verify.dll
Event: 1.026 Loaded shared library C:\Users\Nicolas Gabriel\AppData\Roaming\Code\User\globalStorage\redhat.java\1.36.0\config_win\org.eclipse.equinox.launcher\org.eclipse.equinox.launcher.win32.win32.x86_64_1.2.1100.v20240722-2106\eclipse_11904.dll
Event: 1.906 Loaded shared library C:\Users\Nicolas Gabriel\.vscode\extensions\redhat.java-1.36.0-win32-x64\jre\17.0.13-win32-x86_64\bin\management.dll
Event: 1.908 Loaded shared library C:\Users\Nicolas Gabriel\.vscode\extensions\redhat.java-1.36.0-win32-x64\jre\17.0.13-win32-x86_64\bin\management_ext.dll
Event: 2.946 Loaded shared library C:\Users\Nicolas Gabriel\AppData\Local\Temp\jna--441322147\jna6875543533033704369.dll
Event: 4.331 Loaded shared library C:\Users\Nicolas Gabriel\.vscode\extensions\redhat.java-1.36.0-win32-x64\jre\17.0.13-win32-x86_64\bin\sunmscapi.dll
Event: 4.465 Loaded shared library C:\Users\Nicolas Gabriel\.vscode\extensions\redhat.java-1.36.0-win32-x64\jre\17.0.13-win32-x86_64\bin\extnet.dll

Deoptimization events (20 events):
Event: 574.433 Thread 0x0000026cbefd9b70 Uncommon trap: trap_request=0xffffffc6 fr.pc=0x0000026cad0e73c0 relative=0x0000000000000380
Event: 574.433 Thread 0x0000026cbefd9b70 Uncommon trap: reason=bimorphic_or_optimized_type_check action=maybe_recompile pc=0x0000026cad0e73c0 method=org.eclipse.jdt.internal.compiler.parser.Parser.consumeRule(I)V @ 6369 c2
Event: 574.433 Thread 0x0000026cbefd9b70 DEOPT PACKING pc=0x0000026cad0e73c0 sp=0x00000082298fe4d0
Event: 574.433 Thread 0x0000026cbefd9b70 DEOPT UNPACKING pc=0x0000026cac6866a3 sp=0x00000082298fe458 mode 2
Event: 574.433 Thread 0x0000026cbefd9b70 Uncommon trap: trap_request=0xffffffde fr.pc=0x0000026cad4ee8d8 relative=0x0000000000000958
Event: 574.433 Thread 0x0000026cbefd9b70 Uncommon trap: reason=class_check action=maybe_recompile pc=0x0000026cad4ee8d8 method=org.eclipse.jdt.internal.compiler.parser.Parser.consumeToken(I)V @ 1607 c2
Event: 574.433 Thread 0x0000026cbefd9b70 DEOPT PACKING pc=0x0000026cad4ee8d8 sp=0x00000082298fe3c0
Event: 574.433 Thread 0x0000026cbefd9b70 DEOPT UNPACKING pc=0x0000026cac6866a3 sp=0x00000082298fe350 mode 2
Event: 574.433 Thread 0x0000026cbefd9b70 Uncommon trap: trap_request=0xffffffc6 fr.pc=0x0000026cad0e73c0 relative=0x0000000000000380
Event: 574.433 Thread 0x0000026cbefd9b70 Uncommon trap: reason=bimorphic_or_optimized_type_check action=maybe_recompile pc=0x0000026cad0e73c0 method=org.eclipse.jdt.internal.compiler.parser.Parser.consumeRule(I)V @ 6369 c2
Event: 574.433 Thread 0x0000026cbefd9b70 DEOPT PACKING pc=0x0000026cad0e73c0 sp=0x00000082298fe4d0
Event: 574.433 Thread 0x0000026cbefd9b70 DEOPT UNPACKING pc=0x0000026cac6866a3 sp=0x00000082298fe458 mode 2
Event: 581.047 Thread 0x0000026cbe5d6670 Uncommon trap: trap_request=0xffffffde fr.pc=0x0000026cad74c578 relative=0x0000000000000498
Event: 581.047 Thread 0x0000026cbe5d6670 Uncommon trap: reason=class_check action=maybe_recompile pc=0x0000026cad74c578 method=org.eclipse.jdt.internal.compiler.parser.Parser.consumeRule(I)V @ 7893 c2
Event: 581.047 Thread 0x0000026cbe5d6670 DEOPT PACKING pc=0x0000026cad74c578 sp=0x00000082294fe2b0
Event: 581.047 Thread 0x0000026cbe5d6670 DEOPT UNPACKING pc=0x0000026cac6866a3 sp=0x00000082294fe240 mode 2
Event: 581.047 Thread 0x0000026cbe5d6670 Uncommon trap: trap_request=0xffffffde fr.pc=0x0000026cad74c578 relative=0x0000000000000498
Event: 581.047 Thread 0x0000026cbe5d6670 Uncommon trap: reason=class_check action=maybe_recompile pc=0x0000026cad74c578 method=org.eclipse.jdt.internal.compiler.parser.Parser.consumeRule(I)V @ 7893 c2
Event: 581.047 Thread 0x0000026cbe5d6670 DEOPT PACKING pc=0x0000026cad74c578 sp=0x00000082294fe2b0
Event: 581.047 Thread 0x0000026cbe5d6670 DEOPT UNPACKING pc=0x0000026cac6866a3 sp=0x00000082294fe240 mode 2

Classes loaded (20 events):
Event: 377.939 Loading class java/util/regex/Pattern$Bound
Event: 377.939 Loading class java/util/regex/Pattern$Bound done
Event: 481.523 Loading class java/nio/channels/CompletionHandler
Event: 481.524 Loading class java/nio/channels/CompletionHandler done
Event: 482.427 Loading class sun/security/ssl/PreSharedKeyExtension$PskIdentity
Event: 482.428 Loading class sun/security/ssl/PreSharedKeyExtension$PskIdentity done
Event: 482.429 Loading class sun/security/ssl/PreSharedKeyExtension$CHPreSharedKeySpec
Event: 482.430 Loading class sun/security/ssl/PreSharedKeyExtension$CHPreSharedKeySpec done
Event: 482.430 Loading class sun/security/ssl/PreSharedKeyExtension$PartialClientHelloMessage
Event: 482.430 Loading class sun/security/ssl/PreSharedKeyExtension$PartialClientHelloMessage done
Event: 482.430 Loading class sun/security/ssl/SSLEngineOutputRecord
Event: 482.432 Loading class sun/security/ssl/SSLEngineOutputRecord done
Event: 482.432 Loading class sun/security/ssl/SSLEngineOutputRecord$HandshakeFragment
Event: 482.432 Loading class sun/security/ssl/SSLEngineOutputRecord$HandshakeFragment done
Event: 482.432 Loading class sun/security/ssl/SSLEngineOutputRecord$HandshakeMemo
Event: 482.433 Loading class sun/security/ssl/SSLEngineOutputRecord$RecordMemo
Event: 482.433 Loading class sun/security/ssl/SSLEngineOutputRecord$RecordMemo done
Event: 482.433 Loading class sun/security/ssl/SSLEngineOutputRecord$HandshakeMemo done
Event: 482.471 Loading class sun/security/ssl/PreSharedKeyExtension$SHPreSharedKeySpec
Event: 482.472 Loading class sun/security/ssl/PreSharedKeyExtension$SHPreSharedKeySpec done

Classes unloaded (11 events):
Event: 2.964 Thread 0x0000026cbbb24870 Unloading class 0x0000000100258400 'java/lang/invoke/LambdaForm$MH+0x0000000100258400'
Event: 2.964 Thread 0x0000026cbbb24870 Unloading class 0x0000000100258000 'java/lang/invoke/LambdaForm$MH+0x0000000100258000'
Event: 2.964 Thread 0x0000026cbbb24870 Unloading class 0x0000000100257c00 'java/lang/invoke/LambdaForm$MH+0x0000000100257c00'
Event: 2.964 Thread 0x0000026cbbb24870 Unloading class 0x0000000100257800 'java/lang/invoke/LambdaForm$MH+0x0000000100257800'
Event: 2.964 Thread 0x0000026cbbb24870 Unloading class 0x0000000100257400 'java/lang/invoke/LambdaForm$BMH+0x0000000100257400'
Event: 2.964 Thread 0x0000026cbbb24870 Unloading class 0x0000000100257000 'java/lang/invoke/LambdaForm$DMH+0x0000000100257000'
Event: 2.964 Thread 0x0000026cbbb24870 Unloading class 0x0000000100254800 'java/lang/invoke/LambdaForm$DMH+0x0000000100254800'
Event: 10.773 Thread 0x0000026cbbb24870 Unloading class 0x00000001006b1c00 'java/lang/invoke/LambdaForm$DMH+0x00000001006b1c00'
Event: 10.773 Thread 0x0000026cbbb24870 Unloading class 0x00000001006b1400 'java/lang/invoke/LambdaForm$DMH+0x00000001006b1400'
Event: 10.773 Thread 0x0000026cbbb24870 Unloading class 0x00000001006b1000 'java/lang/invoke/LambdaForm$DMH+0x00000001006b1000'
Event: 10.773 Thread 0x0000026cbbb24870 Unloading class 0x00000001006b1800 'java/lang/invoke/LambdaForm$DMH+0x00000001006b1800'

Classes redefined (0 events):
No events

Internal exceptions (20 events):
Event: 531.414 Thread 0x0000026cbefdc3f0 Exception <a 'java/lang/NullPointerException'{0x00000000eac96100}> (0x00000000eac96100) 
thrown [s\src\hotspot\share\runtime\sharedRuntime.cpp, line 631]
Event: 531.414 Thread 0x0000026cbefdc3f0 Implicit null exception at 0x0000026ca61e1e56 to 0x0000026ca61e23a4
Event: 531.414 Thread 0x0000026cbefdc3f0 Exception <a 'java/lang/NullPointerException'{0x00000000eac963d8}> (0x00000000eac963d8) 
thrown [s\src\hotspot\share\runtime\sharedRuntime.cpp, line 631]
Event: 537.997 Thread 0x0000026cbefdc3f0 Implicit null exception at 0x0000026cad4a750b to 0x0000026cad4a83a8
Event: 538.007 Thread 0x0000026cbefdc3f0 Implicit null exception at 0x0000026ca61e1e56 to 0x0000026ca61e23a4
Event: 538.007 Thread 0x0000026cbefdc3f0 Exception <a 'java/lang/NullPointerException'{0x00000000eacc0640}> (0x00000000eacc0640) 
thrown [s\src\hotspot\share\runtime\sharedRuntime.cpp, line 631]
Event: 538.225 Thread 0x0000026cbefdc3f0 Exception <a 'java/lang/ArrayIndexOutOfBoundsException'{0x00000000eab9a758}> (0x00000000eab9a758) 
thrown [s\src\hotspot\share\runtime\sharedRuntime.cpp, line 631]
Event: 539.864 Thread 0x0000026cbefd9b70 Exception <a 'java/lang/ArrayIndexOutOfBoundsException'{0x00000000eac4c478}> (0x00000000eac4c478) 
thrown [s\src\hotspot\share\runtime\sharedRuntime.cpp, line 631]
Event: 550.067 Thread 0x0000026cbe5d6670 Exception <a 'java/lang/ArrayIndexOutOfBoundsException'{0x00000000eab15de8}> (0x00000000eab15de8) 
thrown [s\src\hotspot\share\runtime\sharedRuntime.cpp, line 631]
Event: 550.067 Thread 0x0000026cbe5d6670 Exception <a 'java/lang/ArrayIndexOutOfBoundsException'{0x00000000eab16400}> (0x00000000eab16400) 
thrown [s\src\hotspot\share\runtime\sharedRuntime.cpp, line 631]
Event: 550.067 Thread 0x0000026cbe5d6670 Exception <a 'java/lang/ArrayIndexOutOfBoundsException'{0x00000000eab16770}> (0x00000000eab16770) 
thrown [s\src\hotspot\share\runtime\sharedRuntime.cpp, line 631]
Event: 551.056 Thread 0x0000026cbe5d6670 Exception <a 'java/lang/ArrayIndexOutOfBoundsException'{0x00000000eadc7b58}> (0x00000000eadc7b58) 
thrown [s\src\hotspot\share\runtime\sharedRuntime.cpp, line 631]
Event: 551.056 Thread 0x0000026cbe5d6670 Exception <a 'java/lang/ArrayIndexOutOfBoundsException'{0x00000000eadc8400}> (0x00000000eadc8400) 
thrown [s\src\hotspot\share\runtime\sharedRuntime.cpp, line 631]
Event: 551.056 Thread 0x0000026cbe5d6670 Exception <a 'java/lang/ArrayIndexOutOfBoundsException'{0x00000000eadc8770}> (0x00000000eadc8770) 
thrown [s\src\hotspot\share\runtime\sharedRuntime.cpp, line 631]
Event: 551.187 Thread 0x0000026cbe5d6670 Exception <a 'java/lang/ArrayIndexOutOfBoundsException'{0x00000000eae45c80}> (0x00000000eae45c80) 
thrown [s\src\hotspot\share\runtime\sharedRuntime.cpp, line 631]
Event: 551.187 Thread 0x0000026cbe5d6670 Exception <a 'java/lang/ArrayIndexOutOfBoundsException'{0x00000000eae46298}> (0x00000000eae46298) 
thrown [s\src\hotspot\share\runtime\sharedRuntime.cpp, line 631]
Event: 551.187 Thread 0x0000026cbe5d6670 Exception <a 'java/lang/ArrayIndexOutOfBoundsException'{0x00000000eae46608}> (0x00000000eae46608) 
thrown [s\src\hotspot\share\runtime\sharedRuntime.cpp, line 631]
Event: 551.330 Thread 0x0000026cbe5d6670 Exception <a 'java/lang/ArrayIndexOutOfBoundsException'{0x00000000eadf93d8}> (0x00000000eadf93d8) 
thrown [s\src\hotspot\share\runtime\sharedRuntime.cpp, line 631]
Event: 551.330 Thread 0x0000026cbe5d6670 Exception <a 'java/lang/ArrayIndexOutOfBoundsException'{0x00000000eadf99f0}> (0x00000000eadf99f0) 
thrown [s\src\hotspot\share\runtime\sharedRuntime.cpp, line 631]
Event: 551.330 Thread 0x0000026cbe5d6670 Exception <a 'java/lang/ArrayIndexOutOfBoundsException'{0x00000000eadf9d60}> (0x00000000eadf9d60) 
thrown [s\src\hotspot\share\runtime\sharedRuntime.cpp, line 631]

VM Operations (20 events):
Event: 553.378 Executing VM operation: ParallelGCFailedAllocation done
Event: 553.704 Executing VM operation: ParallelGCFailedAllocation
Event: 553.707 Executing VM operation: ParallelGCFailedAllocation done
Event: 553.804 Executing VM operation: ParallelGCFailedAllocation
Event: 553.807 Executing VM operation: ParallelGCFailedAllocation done
Event: 554.160 Executing VM operation: ParallelGCFailedAllocation
Event: 554.163 Executing VM operation: ParallelGCFailedAllocation done
Event: 569.084 Executing VM operation: ParallelGCFailedAllocation
Event: 569.088 Executing VM operation: ParallelGCFailedAllocation done
Event: 572.103 Executing VM operation: Cleanup
Event: 572.103 Executing VM operation: Cleanup done
Event: 574.459 Executing VM operation: ParallelGCFailedAllocation
Event: 574.461 Executing VM operation: ParallelGCFailedAllocation done
Event: 576.854 Executing VM operation: ParallelGCFailedAllocation
Event: 576.855 Executing VM operation: ParallelGCFailedAllocation done
Event: 581.042 Executing VM operation: ParallelGCFailedAllocation
Event: 581.044 Executing VM operation: ParallelGCFailedAllocation done
Event: 581.059 Executing VM operation: ParallelGCFailedAllocation
Event: 581.060 Executing VM operation: ParallelGCFailedAllocation done
Event: 582.065 Executing VM operation: Cleanup

Memory protections (0 events):
No events

Nmethod flushes (20 events):
Event: 550.052 Thread 0x0000026cbbbf4210 flushing  nmethod 0x0000026ca6604190
Event: 550.052 Thread 0x0000026cbbbf4210 flushing  nmethod 0x0000026ca664cc10
Event: 550.053 Thread 0x0000026cbbbf4210 flushing  nmethod 0x0000026ca6788e90
Event: 550.053 Thread 0x0000026cbbbf4210 flushing  nmethod 0x0000026ca681cc10
Event: 550.053 Thread 0x0000026cbbbf4210 flushing  nmethod 0x0000026ca685bc10
Event: 550.053 Thread 0x0000026cbbbf4210 flushing  nmethod 0x0000026ca685e810
Event: 550.053 Thread 0x0000026cbbbf4210 flushing  nmethod 0x0000026ca68f8290
Event: 550.054 Thread 0x0000026cbbbf4210 flushing  nmethod 0x0000026ca696f890
Event: 550.054 Thread 0x0000026cbbbf4210 flushing  nmethod 0x0000026ca6970690
Event: 550.054 Thread 0x0000026cbbbf4210 flushing  nmethod 0x0000026ca69e3990
Event: 550.054 Thread 0x0000026cbbbf4210 flushing  nmethod 0x0000026ca69edf90
Event: 550.054 Thread 0x0000026cbbbf4210 flushing  nmethod 0x0000026ca6a1d390
Event: 550.054 Thread 0x0000026cbbbf4210 flushing  nmethod 0x0000026ca6a2d390
Event: 550.054 Thread 0x0000026cbbbf4210 flushing  nmethod 0x0000026ca6a68710
Event: 550.054 Thread 0x0000026cbbbf4210 flushing  nmethod 0x0000026ca6a78610
Event: 550.054 Thread 0x0000026cbbbf4210 flushing  nmethod 0x0000026ca6a7eb90
Event: 550.054 Thread 0x0000026cbbbf4210 flushing  nmethod 0x0000026ca6a7ef10
Event: 550.054 Thread 0x0000026cbbbf4210 flushing  nmethod 0x0000026ca6a9c910
Event: 550.054 Thread 0x0000026cbbbf4210 flushing  nmethod 0x0000026ca6a9ea90
Event: 550.055 Thread 0x0000026cbbbf4210 flushing  nmethod 0x0000026ca6b33510

Events (20 events):
Event: 525.037 Thread 0x0000026cbbb9b580 Thread added: 0x0000026cc1228140
Event: 525.045 Thread 0x0000026cbbb9b580 Thread added: 0x0000026cc1225c10
Event: 525.279 Thread 0x0000026cc1225c10 Thread exited: 0x0000026cc1225c10
Event: 525.384 Thread 0x0000026cc1228140 Thread exited: 0x0000026cc1228140
Event: 531.442 Thread 0x0000026cbbb9b580 Thread added: 0x0000026cc1225c10
Event: 531.662 Thread 0x0000026cc1225c10 Thread exited: 0x0000026cc1225c10
Event: 539.935 Thread 0x0000026cbbb9b580 Thread added: 0x0000026cc1224c20
Event: 542.792 Thread 0x0000026cbefd7d10 Thread exited: 0x0000026cbefd7d10
Event: 547.163 Thread 0x0000026cc1224c20 Thread exited: 0x0000026cc1224c20
Event: 550.093 Thread 0x0000026cbbb9b580 Thread added: 0x0000026cc1227bf0
Event: 550.679 Thread 0x0000026cc1227bf0 Thread exited: 0x0000026cc1227bf0
Event: 551.195 Thread 0x0000026cbbb9b580 Thread added: 0x0000026cc1225c10
Event: 551.328 Thread 0x0000026cc1225c10 Thread exited: 0x0000026cc1225c10
Event: 551.466 Thread 0x0000026cbbb9b580 Thread added: 0x0000026cc1227bf0
Event: 551.947 Thread 0x0000026cc1227bf0 Thread exited: 0x0000026cc1227bf0
Event: 556.718 Thread 0x0000026cc1f45130 Thread exited: 0x0000026cc1f45130
Event: 572.336 Thread 0x0000026cc1f4c5a0 Thread exited: 0x0000026cc1f4c5a0
Event: 574.462 Thread 0x0000026cbbb83090 Thread added: 0x0000026cc1227bf0
Event: 575.503 Thread 0x0000026cc1227bf0 Thread exited: 0x0000026cc1227bf0
Event: 581.064 Thread 0x0000026cbbb83090 Thread added: 0x0000026cc1227bf0


Dynamic libraries:
0x00007ff74d810000 - 0x00007ff74d81e000 	c:\Users\Nicolas Gabriel\.vscode\extensions\redhat.java-1.36.0-win32-x64\jre\17.0.13-win32-x86_64\bin\java.exe
0x00007ffafa260000 - 0x00007ffafa4c3000 	C:\WINDOWS\SYSTEM32\ntdll.dll
0x00007ffaf93b0000 - 0x00007ffaf9478000 	C:\WINDOWS\System32\KERNEL32.DLL
0x00007ffaf7a60000 - 0x00007ffaf7e11000 	C:\WINDOWS\System32\KERNELBASE.dll
0x00007ffaf1af0000 - 0x00007ffaf1b8c000 	C:\WINDOWS\SYSTEM32\apphelp.dll
0x00007ffaf7650000 - 0x00007ffaf779b000 	C:\WINDOWS\System32\ucrtbase.dll
0x00007ffaf44e0000 - 0x00007ffaf44f7000 	c:\Users\Nicolas Gabriel\.vscode\extensions\redhat.java-1.36.0-win32-x64\jre\17.0.13-win32-x86_64\bin\jli.dll
0x00007ffaf3710000 - 0x00007ffaf372e000 	c:\Users\Nicolas Gabriel\.vscode\extensions\redhat.java-1.36.0-win32-x64\jre\17.0.13-win32-x86_64\bin\VCRUNTIME140.dll
0x00007ffaf9fd0000 - 0x00007ffafa198000 	C:\WINDOWS\System32\USER32.dll
0x00007ffaf7a30000 - 0x00007ffaf7a57000 	C:\WINDOWS\System32\win32u.dll
0x00007ffacd4a0000 - 0x00007ffacd730000 	C:\WINDOWS\WinSxS\amd64_microsoft.windows.common-controls_6595b64144ccf1df_6.0.26100.2161_none_3e0cadb0e33078e1\COMCTL32.dll
0x00007ffaf9ce0000 - 0x00007ffaf9d0a000 	C:\WINDOWS\System32\GDI32.dll
0x00007ffaf7fa0000 - 0x00007ffaf80c5000 	C:\WINDOWS\System32\gdi32full.dll
0x00007ffaf9f20000 - 0x00007ffaf9fc9000 	C:\WINDOWS\System32\msvcrt.dll
0x00007ffaf78c0000 - 0x00007ffaf7963000 	C:\WINDOWS\System32\msvcp_win.dll
0x00007ffaf9d10000 - 0x00007ffaf9d3f000 	C:\WINDOWS\System32\IMM32.DLL
0x00007ffaf74b0000 - 0x00007ffaf74bc000 	c:\Users\Nicolas Gabriel\.vscode\extensions\redhat.java-1.36.0-win32-x64\jre\17.0.13-win32-x86_64\bin\vcruntime140_1.dll
0x00007ffad2700000 - 0x00007ffad278d000 	c:\Users\Nicolas Gabriel\.vscode\extensions\redhat.java-1.36.0-win32-x64\jre\17.0.13-win32-x86_64\bin\msvcp140.dll
0x00007ffa4e590000 - 0x00007ffa4f1fb000 	c:\Users\Nicolas Gabriel\.vscode\extensions\redhat.java-1.36.0-win32-x64\jre\17.0.13-win32-x86_64\bin\server\jvm.dll
0x00007ffaf9e60000 - 0x00007ffaf9f14000 	C:\WINDOWS\System32\ADVAPI32.dll
0x00007ffaf9820000 - 0x00007ffaf98c6000 	C:\WINDOWS\System32\sechost.dll
0x00007ffaf9480000 - 0x00007ffaf9596000 	C:\WINDOWS\System32\RPCRT4.dll
0x00007ffaf9710000 - 0x00007ffaf9784000 	C:\WINDOWS\System32\WS2_32.dll
0x00007ffaf74e0000 - 0x00007ffaf752e000 	C:\WINDOWS\SYSTEM32\POWRPROF.dll
0x00007ffaee090000 - 0x00007ffaee0c6000 	C:\WINDOWS\SYSTEM32\WINMM.dll
0x00007ffaeaf00000 - 0x00007ffaeaf0b000 	C:\WINDOWS\SYSTEM32\VERSION.dll
0x00007ffaf74c0000 - 0x00007ffaf74d4000 	C:\WINDOWS\SYSTEM32\UMPDC.dll
0x00007ffaf64a0000 - 0x00007ffaf64ba000 	C:\WINDOWS\SYSTEM32\kernel.appcore.dll
0x00007ffaf44d0000 - 0x00007ffaf44da000 	c:\Users\Nicolas Gabriel\.vscode\extensions\redhat.java-1.36.0-win32-x64\jre\17.0.13-win32-x86_64\bin\jimage.dll
0x00007ffaf4c20000 - 0x00007ffaf4e61000 	C:\WINDOWS\SYSTEM32\DBGHELP.DLL
0x00007ffaf9960000 - 0x00007ffaf9cdd000 	C:\WINDOWS\System32\combase.dll
0x00007ffaf9120000 - 0x00007ffaf91f6000 	C:\WINDOWS\System32\OLEAUT32.dll
0x00007ffa72060000 - 0x00007ffa72099000 	C:\WINDOWS\SYSTEM32\dbgcore.DLL
0x00007ffaf77a0000 - 0x00007ffaf7839000 	C:\WINDOWS\System32\bcryptPrimitives.dll
0x00007ffaf36a0000 - 0x00007ffaf36ae000 	c:\Users\Nicolas Gabriel\.vscode\extensions\redhat.java-1.36.0-win32-x64\jre\17.0.13-win32-x86_64\bin\instrument.dll
0x00007ffad24f0000 - 0x00007ffad2515000 	c:\Users\Nicolas Gabriel\.vscode\extensions\redhat.java-1.36.0-win32-x64\jre\17.0.13-win32-x86_64\bin\java.dll
0x00007ffaf36f0000 - 0x00007ffaf3708000 	c:\Users\Nicolas Gabriel\.vscode\extensions\redhat.java-1.36.0-win32-x64\jre\17.0.13-win32-x86_64\bin\zip.dll
0x00007ffaf8670000 - 0x00007ffaf8d6f000 	C:\WINDOWS\System32\SHELL32.dll
0x00007ffaf53a0000 - 0x00007ffaf5bcd000 	C:\WINDOWS\SYSTEM32\windows.storage.dll
0x00007ffaf8fa0000 - 0x00007ffaf9073000 	C:\WINDOWS\System32\SHCORE.dll
0x00007ffaf9d50000 - 0x00007ffaf9dad000 	C:\WINDOWS\System32\shlwapi.dll
0x00007ffaf7560000 - 0x00007ffaf758e000 	C:\WINDOWS\SYSTEM32\profapi.dll
0x00007ffaf36d0000 - 0x00007ffaf36e9000 	C:\Users\Nicolas Gabriel\.vscode\extensions\redhat.java-1.36.0-win32-x64\jre\17.0.13-win32-x86_64\bin\net.dll
0x00007ffaeda70000 - 0x00007ffaedb96000 	C:\WINDOWS\SYSTEM32\WINHTTP.dll
0x00007ffaf69a0000 - 0x00007ffaf6a08000 	C:\WINDOWS\system32\mswsock.dll
0x00007ffaf36b0000 - 0x00007ffaf36c6000 	C:\Users\Nicolas Gabriel\.vscode\extensions\redhat.java-1.36.0-win32-x64\jre\17.0.13-win32-x86_64\bin\nio.dll
0x00007ffaf3690000 - 0x00007ffaf36a0000 	c:\Users\Nicolas Gabriel\.vscode\extensions\redhat.java-1.36.0-win32-x64\jre\17.0.13-win32-x86_64\bin\verify.dll
0x00007ffac6130000 - 0x00007ffac6175000 	C:\Users\Nicolas Gabriel\AppData\Roaming\Code\User\globalStorage\redhat.java\1.36.0\config_win\org.eclipse.equinox.launcher\org.eclipse.equinox.launcher.win32.win32.x86_64_1.2.1100.v20240722-2106\eclipse_11904.dll
0x00007ffaf9200000 - 0x00007ffaf9399000 	C:\WINDOWS\System32\ole32.dll
0x00007ffaf45c0000 - 0x00007ffaf45ca000 	C:\Users\Nicolas Gabriel\.vscode\extensions\redhat.java-1.36.0-win32-x64\jre\17.0.13-win32-x86_64\bin\management.dll
0x00007ffaf4050000 - 0x00007ffaf405b000 	C:\Users\Nicolas Gabriel\.vscode\extensions\redhat.java-1.36.0-win32-x64\jre\17.0.13-win32-x86_64\bin\management_ext.dll
0x00007ffaf9110000 - 0x00007ffaf9118000 	C:\WINDOWS\System32\PSAPI.DLL
0x00007ffaf6c40000 - 0x00007ffaf6c5c000 	C:\WINDOWS\SYSTEM32\CRYPTSP.dll
0x00007ffaf63e0000 - 0x00007ffaf6418000 	C:\WINDOWS\system32\rsaenh.dll
0x00007ffaf6a40000 - 0x00007ffaf6a6b000 	C:\WINDOWS\SYSTEM32\USERENV.dll
0x00007ffaf6e80000 - 0x00007ffaf6ea6000 	C:\WINDOWS\SYSTEM32\bcrypt.dll
0x00007ffaf6c60000 - 0x00007ffaf6c6c000 	C:\WINDOWS\SYSTEM32\CRYPTBASE.dll
0x00007ffaf5ee0000 - 0x00007ffaf5f11000 	C:\WINDOWS\SYSTEM32\IPHLPAPI.DLL
0x00007ffaf95a0000 - 0x00007ffaf95aa000 	C:\WINDOWS\System32\NSI.dll
0x00007ffaeead0000 - 0x00007ffaeeaee000 	C:\WINDOWS\SYSTEM32\dhcpcsvc6.DLL
0x00007ffaee880000 - 0x00007ffaee8a5000 	C:\WINDOWS\SYSTEM32\dhcpcsvc.DLL
0x00007ffaf5f80000 - 0x00007ffaf60a5000 	C:\WINDOWS\SYSTEM32\DNSAPI.dll
0x00007ffac5140000 - 0x00007ffac5189000 	C:\Users\Nicolas Gabriel\AppData\Local\Temp\jna--441322147\jna6875543533033704369.dll
0x00007ffaf4030000 - 0x00007ffaf403e000 	C:\Users\Nicolas Gabriel\.vscode\extensions\redhat.java-1.36.0-win32-x64\jre\17.0.13-win32-x86_64\bin\sunmscapi.dll
0x00007ffaf7e20000 - 0x00007ffaf7f96000 	C:\WINDOWS\System32\CRYPT32.dll
0x00007ffaf6e40000 - 0x00007ffaf6e70000 	C:\WINDOWS\SYSTEM32\ncrypt.dll
0x00007ffaf6df0000 - 0x00007ffaf6e2f000 	C:\WINDOWS\SYSTEM32\NTASN1.dll
0x00007ffaed840000 - 0x00007ffaed84b000 	C:\Windows\System32\rasadhlp.dll
0x00007ffaef2e0000 - 0x00007ffaef366000 	C:\WINDOWS\System32\fwpuclnt.dll
0x00007ffaf0c70000 - 0x00007ffaf0c79000 	C:\Users\Nicolas Gabriel\.vscode\extensions\redhat.java-1.36.0-win32-x64\jre\17.0.13-win32-x86_64\bin\extnet.dll

dbghelp: loaded successfully - version: 4.0.5 - missing functions: none
symbol engine: initialized successfully - sym options: 0x614 - pdb path: .;c:\Users\Nicolas Gabriel\.vscode\extensions\redhat.java-1.36.0-win32-x64\jre\17.0.13-win32-x86_64\bin;C:\WINDOWS\SYSTEM32;C:\WINDOWS\WinSxS\amd64_microsoft.windows.common-controls_6595b64144ccf1df_6.0.26100.2161_none_3e0cadb0e33078e1;c:\Users\Nicolas Gabriel\.vscode\extensions\redhat.java-1.36.0-win32-x64\jre\17.0.13-win32-x86_64\bin\server;C:\Users\Nicolas Gabriel\AppData\Roaming\Code\User\globalStorage\redhat.java\1.36.0\config_win\org.eclipse.equinox.launcher\org.eclipse.equinox.launcher.win32.win32.x86_64_1.2.1100.v20240722-2106;C:\Users\Nicolas Gabriel\AppData\Local\Temp\jna--441322147

VM Arguments:
jvm_args: --add-modules=ALL-SYSTEM --add-opens=java.base/java.util=ALL-UNNAMED --add-opens=java.base/java.lang=ALL-UNNAMED --add-opens=java.base/sun.nio.fs=ALL-UNNAMED -Declipse.application=org.eclipse.jdt.ls.core.id1 -Dosgi.bundles.defaultStartLevel=4 -Declipse.product=org.eclipse.jdt.ls.core.product -Djava.import.generatesMetadataFilesAtProjectRoot=false -DDetectVMInstallationsJob.disabled=true -Dfile.encoding=utf8 -XX:+UseParallelGC -XX:GCTimeRatio=4 -XX:AdaptiveSizePolicyWeight=90 -Dsun.zip.disableMemoryMapping=true -Xmx1G -Xms100m -Xlog:disable -javaagent:c:\Users\Nicolas Gabriel\.vscode\extensions\redhat.java-1.36.0-win32-x64\lombok\lombok-1.18.35.jar -XX:+HeapDumpOnOutOfMemoryError -XX:HeapDumpPath=c:\Users\Nicolas Gabriel\AppData\Roaming\Code\User\workspaceStorage\48242ab983956e0b287b9428e5a3ddac\redhat.java -Daether.dependencyCollector.impl=bf 
java_command: c:\Users\Nicolas Gabriel\.vscode\extensions\redhat.java-1.36.0-win32-x64\server\plugins\org.eclipse.equinox.launcher_1.6.900.v20240613-2009.jar -configuration c:\Users\Nicolas Gabriel\AppData\Roaming\Code\User\globalStorage\redhat.java\1.36.0\config_win -data c:\Users\Nicolas Gabriel\AppData\Roaming\Code\User\workspaceStorage\48242ab983956e0b287b9428e5a3ddac\redhat.java\jdt_ws --pipe=\\.\pipe\lsp-1530133fc1e36e43c88c4c36be418048-sock
java_class_path (initial): c:\Users\Nicolas Gabriel\.vscode\extensions\redhat.java-1.36.0-win32-x64\server\plugins\org.eclipse.equinox.launcher_1.6.900.v20240613-2009.jar
Launcher Type: SUN_STANDARD

[Global flags]
    uintx AdaptiveSizePolicyWeight                 = 90                                        {product} {command line}
     intx CICompilerCount                          = 4                                         {product} {ergonomic}
    uintx GCTimeRatio                              = 4                                         {product} {command line}
     bool HeapDumpOnOutOfMemoryError               = true                                   {manageable} {command line}
    ccstr HeapDumpPath                             = c:\Users\Nicolas Gabriel\AppData\Roaming\Code\User\workspaceStorage\48242ab983956e0b287b9428e5a3ddac\redhat.java         {manageable} {command line}
   size_t InitialHeapSize                          = 104857600                                 {product} {command line}
   size_t MaxHeapSize                              = 1073741824                                {product} {command line}
   size_t MaxNewSize                               = 357564416                                 {product} {ergonomic}
   size_t MinHeapDeltaBytes                        = 524288                                    {product} {ergonomic}
   size_t MinHeapSize                              = 104857600                                 {product} {command line}
   size_t NewSize                                  = 34603008                                  {product} {ergonomic}
    uintx NonNMethodCodeHeapSize                   = 5839372                                {pd product} {ergonomic}
    uintx NonProfiledCodeHeapSize                  = 122909434                              {pd product} {ergonomic}
   size_t OldSize                                  = 70254592                                  {product} {ergonomic}
    uintx ProfiledCodeHeapSize                     = 122909434                              {pd product} {ergonomic}
    uintx ReservedCodeCacheSize                    = 251658240                              {pd product} {ergonomic}
     bool SegmentedCodeCache                       = true                                      {product} {ergonomic}
   size_t SoftMaxHeapSize                          = 1073741824                             {manageable} {ergonomic}
     bool UseCompressedClassPointers               = true                           {product lp64_product} {ergonomic}
     bool UseCompressedOops                        = true                           {product lp64_product} {ergonomic}
     bool UseLargePagesIndividualAllocation        = false                                  {pd product} {ergonomic}
     bool UseParallelGC                            = true                                      {product} {command line}

Logging:
Log output configuration:
 #0: stdout all=off uptime,level,tags
 #1: stderr all=off uptime,level,tags

Environment Variables:
JAVA_HOME=C:\Program Files\Eclipse Adoptium\jdk-21.0.4.7-hotspot\
PATH=C:\Program Files\Eclipse Adoptium\jdk-21.0.4.7-hotspot\bin;C:\Program Files (x86)\Common Files\Oracle\Java\java8path;C:\Program Files (x86)\Common Files\Oracle\Java\javapath;C:\WINDOWS\system32;C:\WINDOWS;C:\WINDOWS\System32\Wbem;C:\WINDOWS\System32\WindowsPowerShell\v1.0\;C:\WINDOWS\System32\OpenSSH\;C:\Program Files\dotnet\;C:\Program Files\Git\cmd;C:\Users\Nicolas Gabriel\AppData\Local\Programs\Python\Python312\Scripts\;C:\Users\Nicolas Gabriel\AppData\Local\Programs\Python\Python312\;C:\Users\Nicolas Gabriel\AppData\Local\Microsoft\WindowsApps;C:\Users\Nicolas Gabriel\AppData\Local\Programs\Microsoft VS Code\bin;C:\\Users\\Nicolas Gabriel\\AppData\\Roaming\\jupyter\\runtime\\jpserver-13004-open.html;
USERNAME=Nicolas Gabriel
OS=Windows_NT
PROCESSOR_IDENTIFIER=Intel64 Family 6 Model 154 Stepping 4, GenuineIntel
TMP=C:\Users\NICOLA~1\AppData\Local\Temp
TEMP=C:\Users\NICOLA~1\AppData\Local\Temp



Periodic native trim disabled


---------------  S Y S T E M  ---------------

OS:
 Windows 11 , 64 bit Build 26100 (10.0.26100.2161)
OS uptime: 10 days 4:04 hours
Hyper-V role detected

CPU: total 12 (initial active 12) (6 cores per cpu, 2 threads per core) family 6 model 154 stepping 4 microcode 0x42c, cx8, cmov, fxsr, ht, mmx, 3dnowpref, sse, sse2, sse3, ssse3, sse4.1, sse4.2, popcnt, lzcnt, tsc, tscinvbit, avx, avx2, aes, erms, clmul, bmi1, bmi2, adx, sha, fma, vzeroupper, clflush, clflushopt, clwb, hv
Processor Information for processor 0
  Max Mhz: 1300, Current Mhz: 1300, Mhz Limit: 1300
Processor Information for processor 1
  Max Mhz: 1300, Current Mhz: 1300, Mhz Limit: 1300
Processor Information for processor 2
  Max Mhz: 1300, Current Mhz: 1300, Mhz Limit: 1300
Processor Information for processor 3
  Max Mhz: 1300, Current Mhz: 1300, Mhz Limit: 1300
Processor Information for processor 4
  Max Mhz: 1300, Current Mhz: 900, Mhz Limit: 897
Processor Information for processor 5
  Max Mhz: 1300, Current Mhz: 900, Mhz Limit: 897
Processor Information for processor 6
  Max Mhz: 1300, Current Mhz: 900, Mhz Limit: 897
Processor Information for processor 7
  Max Mhz: 1300, Current Mhz: 900, Mhz Limit: 897
Processor Information for processor 8
  Max Mhz: 1300, Current Mhz: 900, Mhz Limit: 897
Processor Information for processor 9
  Max Mhz: 1300, Current Mhz: 900, Mhz Limit: 897
Processor Information for processor 10
  Max Mhz: 1300, Current Mhz: 900, Mhz Limit: 897
Processor Information for processor 11
  Max Mhz: 1300, Current Mhz: 900, Mhz Limit: 897

Memory: 4k page, system-wide physical 7860M (711M free)
TotalPageFile size 16052M (AvailPageFile size 34M)
current process WorkingSet (physical memory assigned to process): 157M, peak: 613M
current process commit charge ("private bytes"): 555M, peak: 694M

vm_info: OpenJDK 64-Bit Server VM (17.0.13+11) for windows-amd64 JRE (17.0.13+11), built on Oct 16 2024 00:10:08 by "admin" with MS VC++ 17.7 (VS2022)

END.
